cctdif2d
volumeGrid 22
 (1.0000 2.0000 0.0000)  (3.0000 2.0000 0.0000)  (3.0000 1.1102e-16 0.0000)  (1.0000 0.0000 0.0000) 
 (3.0000 2.0000 0.0000)  (5.3333 2.0000 0.0000)  (5.3333 1.1102e-16 0.0000)  (3.0000 0.0000 0.0000) 
 (5.3333 2.0000 0.0000)  (7.6667 2.0000 0.0000)  (7.6667 1.1102e-16 0.0000)  (5.3333 0.0000 0.0000) 
 (7.6667 2.0000 0.0000)  (10.000 2.0000 0.0000)  (10.000 1.1102e-16 0.0000)  (7.6667 0.0000 0.0000) 
 (4.0667 2.2000 0.0000)  (4.0667 2.0000 0.0000)  (4.2667 2.0000 0.0000)  (4.2667 2.2000 0.0000) 
 (4.0667 2.4000 0.0000)  (4.0667 2.2000 0.0000)  (4.2667 2.2000 0.0000)  (4.2667 2.4000 0.0000) 
 (3.9667 2.6000 0.0000)  (4.0667 2.4000 0.0000)  (4.2667 2.4000 0.0000)  (4.3667 2.6000 0.0000) 
 (3.9667 2.8000 0.0000)  (3.9667 2.6000 0.0000)  (4.3667 2.6000 0.0000)  (4.3667 2.8000 0.0000) 
 (4.0417 3.0000 0.0000)  (3.9667 2.8000 0.0000)  (4.3667 2.8000 0.0000)  (4.2917 3.0000 0.0000) 
 (4.1167 3.2000 0.0000)  (4.0417 3.0000 0.0000)  (4.2917 3.0000 0.0000)  (4.2167 3.2000 0.0000) 
 (8.7333 2.2000 0.0000)  (8.7333 2.0000 0.0000)  (8.9333 2.0000 0.0000)  (8.9333 2.2000 0.0000) 
 (8.7333 2.4000 0.0000)  (8.7333 2.2000 0.0000)  (8.9333 2.2000 0.0000)  (8.9333 2.4000 0.0000) 
 (8.6333 2.6000 0.0000)  (8.7333 2.4000 0.0000)  (8.9333 2.4000 0.0000)  (9.0333 2.6000 0.0000) 
 (8.6333 2.8000 0.0000)  (8.6333 2.6000 0.0000)  (9.0333 2.6000 0.0000)  (9.0333 2.8000 0.0000) 
 (8.7083 3.0000 0.0000)  (8.6333 2.8000 0.0000)  (9.0333 2.8000 0.0000)  (8.9583 3.0000 0.0000) 
 (8.7833 3.2000 0.0000)  (8.7083 3.0000 0.0000)  (8.9583 3.0000 0.0000)  (8.8833 3.2000 0.0000) 
 (8.7333 2.2000 0.0000)  (8.7333 2.0000 0.0000)  (8.9333 2.0000 0.0000)  (8.9333 2.2000 0.0000) 
 (8.7333 2.4000 0.0000)  (8.7333 2.2000 0.0000)  (8.9333 2.2000 0.0000)  (8.9333 2.4000 0.0000) 
 (8.6333 2.6000 0.0000)  (8.7333 2.4000 0.0000)  (8.9333 2.4000 0.0000)  (9.0333 2.6000 0.0000) 
 (8.6333 2.8000 0.0000)  (8.6333 2.6000 0.0000)  (9.0333 2.6000 0.0000)  (9.0333 2.8000 0.0000) 
 (8.7083 3.0000 0.0000)  (8.6333 2.8000 0.0000)  (9.0333 2.8000 0.0000)  (8.9583 3.0000 0.0000) 
 (8.7833 3.2000 0.0000)  (8.7083 3.0000 0.0000)  (8.9583 3.0000 0.0000)  (8.8833 3.2000 0.0000) 
gridConcentrations 22 4 0.0 a b c d 
00 00 120 00 
00 00 00 00 
00 00 00 00 
00 00 00 00 
00 00 00 00 
00 00 00 00 
00 00 1 00 
00 3 2 00 
00 2 1 00 
00 1 1 00 
00 00 1 00 
00 00 00 00 
00 00 1 00 
00 3 2 00 
00 2 1 00 
00 1 00 00 
00 00 1 00 
00 00 1 00 
00 00 1 00 
00 3 2 00 
00 2 1 00 
00 1 00 00 
gridConcentrations 22 4 1.0000000000000007 a b c d 
00 00 120 00 
00 00 00 00 
00 00 00 00 
00 00 00 00 
00 00 00 00 
00 00 00 00 
00 00 1 00 
00 3 2 00 
00 2 1 00 
00 1 1 00 
00 00 1 00 
00 00 00 00 
00 00 1 00 
00 3 2 00 
00 2 1 00 
00 1 00 00 
00 00 1 00 
00 00 1 00 
00 00 1 00 
00 3 2 00 
00 2 1 00 
00 1 00 00 
gridConcentrations 22 4 1.9999999999998905 a b c d 
00 00 120 00 
00 00 00 2 
00 00 00 3 
00 00 00 3 
00 00 00 00 
00 00 00 00 
00 00 1 2 
00 3 2 1 
00 2 1 00 
22 00 2 1 
00 00 1 00 
00 00 00 00 
00 00 1 2 
00 3 2 1 
00 2 1 2 
00 1 00 00 
00 00 1 00 
00 00 1 00 
00 00 1 00 
00 3 2 00 
00 2 1 00 
00 1 00 00 
gridConcentrations 22 4 2.9999999999997806 a b c d 
00 00 120 1 
00 00 00 7 
00 00 00 5 
00 00 00 6 
00 00 00 00 
00 00 00 00 
00 00 1 00 
00 3 2 1 
00 2 1 6 
36 00 2 1 
00 00 1 1 
00 00 00 1 
00 00 1 1 
00 3 2 4 
00 2 1 2 
00 1 00 2 
00 00 1 00 
00 00 1 00 
00 00 1 00 
00 3 2 00 
00 2 1 00 
00 1 00 00 
gridConcentrations 22 4 3.9999999999996705 a b c d 
00 00 120 3 
00 00 00 15 
00 00 00 8 
00 00 00 12 
00 00 00 1 
00 00 00 00 
00 00 1 1 
00 3 2 5 
00 2 1 3 
51 00 2 00 
00 00 1 00 
00 00 00 1 
00 00 1 1 
00 3 2 4 
00 2 1 00 
00 1 00 2 
00 00 1 00 
00 00 1 00 
00 00 1 00 
00 3 2 00 
00 2 1 00 
00 1 00 00 
gridConcentrations 22 4 5.000000000000004 a b c d 
00 00 120 12 
00 00 00 6 
00 00 00 12 
00 00 00 28 
00 00 00 1 
00 00 00 00 
00 00 1 1 
00 3 2 3 
00 2 1 3 
74 00 2 00 
00 00 1 00 
00 00 00 1 
00 00 1 00 
00 3 2 1 
00 2 1 2 
00 1 00 2 
00 00 1 00 
00 00 1 1 
00 00 1 1 
00 3 2 1 
00 2 1 00 
00 1 00 00 
gridConcentrations 22 4 6.000000000000338 a b c d 
00 00 120 18 
00 00 00 19 
00 00 00 25 
00 00 00 18 
00 00 00 00 
00 00 00 00 
00 00 1 2 
00 3 2 2 
00 2 1 00 
93 00 2 1 
00 00 1 1 
00 00 00 2 
00 00 1 3 
00 3 2 2 
00 2 1 3 
00 1 00 1 
00 00 1 00 
00 00 1 00 
00 00 1 00 
00 3 2 1 
00 2 1 00 
00 1 00 00 
gridConcentrations 22 4 7.000000000000672 a b c d 
00 00 120 25 
00 00 00 22 
00 00 00 23 
00 00 00 33 
00 00 00 00 
00 00 00 1 
00 00 1 3 
00 3 2 2 
00 2 1 3 
121 00 2 1 
00 00 1 00 
00 00 00 2 
00 00 1 00 
00 3 2 2 
00 2 1 00 
00 1 00 1 
00 00 1 00 
00 00 1 00 
00 00 1 00 
00 3 2 00 
00 2 1 00 
00 1 00 00 
gridConcentrations 22 4 8.000000000001005 a b c d 
00 00 120 34 
00 00 00 25 
00 00 00 31 
00 00 00 33 
00 00 00 00 
00 00 00 00 
00 00 1 00 
00 3 2 1 
00 2 1 2 
140 00 2 1 
00 00 1 00 
00 00 00 00 
00 00 1 3 
00 3 2 3 
00 2 1 00 
00 1 00 1 
00 00 1 00 
00 00 1 00 
00 00 1 00 
00 3 2 00 
00 2 1 00 
00 1 00 00 
gridConcentrations 22 4 9.000000000000451 a b c d 
00 00 120 28 
00 00 00 35 
00 00 00 35 
00 00 00 41 
00 00 00 00 
00 00 00 00 
00 00 1 00 
00 3 2 3 
00 2 1 2 
154 00 2 00 
00 00 1 00 
00 00 00 2 
00 00 1 1 
00 3 2 3 
00 2 1 1 
00 1 00 00 
00 00 1 00 
00 00 1 00 
00 00 1 00 
00 3 2 00 
00 2 1 1 
00 1 00 00 
gridConcentrations 22 4 9.999999999999897 a b c d 
00 00 120 35 
00 00 00 35 
00 00 00 40 
00 00 00 47 
00 00 00 00 
00 00 00 00 
00 00 1 2 
00 3 2 1 
00 2 1 5 
174 00 2 00 
00 00 1 00 
00 00 00 2 
00 00 1 1 
00 3 2 4 
00 2 1 2 
00 1 00 00 
00 00 1 00 
00 00 1 00 
00 00 1 00 
00 3 2 00 
00 2 1 00 
00 1 00 00 
gridConcentrations 22 4 10.999999999999343 a b c d 
00 00 120 31 
00 00 00 45 
00 00 00 50 
00 00 00 53 
00 00 00 00 
00 00 00 1 
00 00 1 1 
00 3 2 00 
00 2 1 00 
191 00 2 00 
00 00 1 00 
00 00 00 00 
00 00 1 1 
00 3 2 4 
00 2 1 1 
00 1 00 2 
00 00 1 00 
00 00 1 00 
00 00 1 00 
00 3 2 00 
00 2 1 00 
00 1 00 1 
gridConcentrations 22 4 11.999999999998789 a b c d 
00 00 120 30 
00 00 00 38 
00 00 00 60 
00 00 00 53 
00 00 00 00 
00 00 00 00 
00 00 1 00 
00 3 2 00 
00 2 1 00 
191 00 2 00 
00 00 1 1 
00 00 00 00 
00 00 1 3 
00 3 2 1 
00 2 1 00 
00 1 00 1 
00 00 1 00 
00 00 1 00 
00 00 1 1 
00 3 2 1 
00 2 1 1 
00 1 00 00 
gridConcentrations 22 4 12.999999999998234 a b c d 
00 00 120 40 
00 00 00 44 
00 00 00 43 
00 00 00 58 
00 00 00 00 
00 00 00 1 
00 00 1 00 
00 3 2 00 
00 2 1 00 
191 00 2 00 
00 00 1 1 
00 00 00 00 
00 00 1 00 
00 3 2 1 
00 2 1 00 
00 1 00 00 
00 00 1 00 
00 00 1 00 
00 00 1 1 
00 3 2 00 
00 2 1 1 
00 1 00 00 
gridConcentrations 22 4 13.99999999999768 a b c d 
00 00 120 35 
00 00 00 51 
00 00 00 50 
00 00 00 49 
00 00 00 00 
00 00 00 00 
00 00 1 00 
00 3 2 00 
00 2 1 00 
191 00 2 00 
00 00 1 00 
00 00 00 00 
00 00 1 1 
00 3 2 00 
00 2 1 2 
00 1 00 00 
00 00 1 00 
00 00 1 1 
00 00 1 00 
00 3 2 1 
00 2 1 00 
00 1 00 00 
gridConcentrations 22 4 14.999999999997126 a b c d 
00 00 120 32 
00 00 00 55 
00 00 00 46 
00 00 00 53 
00 00 00 00 
00 00 00 1 
00 00 1 00 
00 3 2 00 
00 2 1 00 
191 00 2 00 
00 00 1 1 
00 00 00 00 
00 00 1 00 
00 3 2 00 
00 2 1 1 
00 1 00 00 
00 00 1 00 
00 00 1 00 
00 00 1 00 
00 3 2 00 
00 2 1 1 
00 1 00 00 
gridConcentrations 22 4 15.999999999996572 a b c d 
00 00 120 41 
00 00 00 46 
00 00 00 44 
00 00 00 50 
00 00 00 00 
00 00 00 00 
00 00 1 1 
00 3 2 00 
00 2 1 00 
191 00 2 00 
00 00 1 00 
00 00 00 00 
00 00 1 2 
00 3 2 2 
00 2 1 00 
00 1 00 00 
00 00 1 00 
00 00 1 1 
00 00 1 00 
00 3 2 1 
00 2 1 2 
00 1 00 00 
gridConcentrations 22 4 16.999999999997794 a b c d 
00 00 120 40 
00 00 00 55 
00 00 00 47 
00 00 00 45 
00 00 00 00 
00 00 00 00 
00 00 1 00 
00 3 2 00 
00 2 1 00 
191 00 2 1 
00 00 1 00 
00 00 00 00 
00 00 1 00 
00 3 2 00 
00 2 1 00 
00 1 00 00 
00 00 1 1 
00 00 1 1 
00 00 1 00 
00 3 2 00 
00 2 1 00 
00 1 00 00 
gridConcentrations 22 4 17.999999999999016 a b c d 
00 00 120 43 
00 00 00 53 
00 00 00 43 
00 00 00 50 
00 00 00 00 
00 00 00 00 
00 00 1 00 
00 3 2 00 
00 2 1 00 
191 00 2 00 
00 00 1 00 
00 00 00 00 
00 00 1 00 
00 3 2 00 
00 2 1 00 
00 1 00 00 
00 00 1 00 
00 00 1 00 
00 00 1 00 
00 3 2 00 
00 2 1 00 
00 1 00 1 
gridConcentrations 22 4 19.000000000000238 a b c d 
00 00 120 47 
00 00 00 46 
00 00 00 43 
00 00 00 52 
00 00 00 00 
00 00 00 00 
00 00 1 00 
00 3 2 00 
00 2 1 00 
191 00 2 00 
00 00 1 00 
00 00 00 00 
00 00 1 00 
00 3 2 1 
00 2 1 00 
00 1 00 00 
00 00 1 00 
00 00 1 00 
00 00 1 00 
00 3 2 00 
00 2 1 00 
00 1 00 1 
