cctdif2d
volumeGrid 4
 (1.0000 2.0000 0.0000)  (3.0000 2.0000 0.0000)  (3.0000 1.1102e-16 0.0000)  (1.0000 0.0000 0.0000) 
 (3.0000 2.0000 0.0000)  (5.0000 2.0000 0.0000)  (5.0000 1.1102e-16 0.0000)  (3.0000 0.0000 0.0000) 
 (5.0000 2.0000 0.0000)  (7.5000 2.0000 0.0000)  (7.5000 1.1102e-16 0.0000)  (5.0000 0.0000 0.0000) 
 (7.5000 2.0000 0.0000)  (10.000 2.0000 0.0000)  (10.000 1.1102e-16 0.0000)  (7.5000 0.0000 0.0000) 
gridConcentrations 4 4 0.0 a b c d 
0.0 60.220 0.0 0.0 
0.0 60.220 0.0 0.0 
0.0 75.275 0.0 0.0 
0.0 75.275 0.0 0.0 
gridConcentrations 4 4 1.0000000000000002 a b c d 
4.4188e-15 60.220 2.2094e-17 4.4409e-15 
0.0 60.220 0.0 0.0 
0.0 75.275 0.0 0.0 
0.0 75.275 0.0 0.0 
gridConcentrations 4 4 2.000000000000001 a b c d 
18.996 59.216 1.0039 11.411 
0.0 60.220 0.0 5.8405 
0.0 75.275 0.0 2.8678 
0.0 75.275 0.0 1.0445 
gridConcentrations 4 4 2.9999999999999973 a b c d 
36.290 56.510 3.7101 17.679 
0.0 60.220 0.0 11.375 
0.0 75.275 0.0 8.2389 
0.0 75.275 0.0 5.1255 
gridConcentrations 4 4 3.999999999999994 a b c d 
52.249 52.469 7.7513 22.863 
0.0 60.220 0.0 16.344 
0.0 75.275 0.0 13.989 
0.0 75.275 0.0 10.474 
gridConcentrations 4 4 4.99999999999999 a b c d 
67.269 47.489 12.731 27.724 
0.0 60.220 0.0 21.141 
0.0 75.275 0.0 19.846 
0.0 75.275 0.0 16.209 
gridConcentrations 4 4 5.999999999999987 a b c d 
81.731 41.951 18.269 32.489 
0.0 60.220 0.0 25.886 
0.0 75.275 0.0 25.735 
0.0 75.275 0.0 22.061 
gridConcentrations 4 4 6.999999999999983 a b c d 
95.974 36.194 24.026 37.223 
0.0 60.220 0.0 30.615 
0.0 75.275 0.0 31.633 
0.0 75.275 0.0 27.949 
gridConcentrations 4 4 7.99999999999998 a b c d 
110.28 30.502 29.718 41.949 
0.0 60.220 0.0 35.339 
0.0 75.275 0.0 37.535 
0.0 75.275 0.0 33.847 
gridConcentrations 4 4 8.999999999999993 a b c d 
124.88 25.102 35.118 46.673 
0.0 60.220 0.0 40.062 
0.0 75.275 0.0 43.437 
0.0 75.275 0.0 39.749 
gridConcentrations 4 4 10.000000000000007 a b c d 
139.94 20.160 40.060 51.395 
0.0 60.220 0.0 44.784 
0.0 75.275 0.0 49.340 
0.0 75.275 0.0 45.651 
gridConcentrations 4 4 11.000000000000021 a b c d 
155.57 15.788 44.432 56.118 
0.0 60.220 0.0 49.507 
0.0 75.275 0.0 55.243 
0.0 75.275 0.0 51.554 
gridConcentrations 4 4 12.000000000000036 a b c d 
152.03 12.253 47.967 49.429 
0.0 60.220 0.0 48.388 
0.0 75.275 0.0 58.278 
0.0 75.275 0.0 56.412 
gridConcentrations 4 4 13.00000000000005 a b c d 
149.34 9.5573 50.663 47.883 
0.0 60.220 0.0 47.576 
0.0 75.275 0.0 58.809 
0.0 75.275 0.0 58.234 
gridConcentrations 4 4 14.000000000000064 a b c d 
147.26 7.4835 52.736 47.421 
0.0 60.220 0.0 47.329 
0.0 75.275 0.0 58.962 
0.0 75.275 0.0 58.788 
gridConcentrations 4 4 15.000000000000078 a b c d 
145.66 5.8772 54.343 47.282 
0.0 60.220 0.0 47.254 
0.0 75.275 0.0 59.008 
0.0 75.275 0.0 58.956 
gridConcentrations 4 4 16.000000000000092 a b c d 
144.41 4.6264 55.594 47.240 
0.0 60.220 0.0 47.232 
0.0 75.275 0.0 59.022 
0.0 75.275 0.0 59.006 
gridConcentrations 4 4 17.000000000000107 a b c d 
143.43 3.6484 56.572 47.228 
0.0 60.220 0.0 47.225 
0.0 75.275 0.0 59.026 
0.0 75.275 0.0 59.021 
gridConcentrations 4 4 18.00000000000012 a b c d 
142.66 2.8812 57.339 47.224 
0.0 60.220 0.0 47.223 
0.0 75.275 0.0 59.027 
0.0 75.275 0.0 59.026 
gridConcentrations 4 4 19.000000000000135 a b c d 
142.06 2.2779 57.942 47.223 
0.0 60.220 0.0 47.222 
0.0 75.275 0.0 59.028 
0.0 75.275 0.0 59.027 
