cctdif2d
volumeGrid 22
 (1.0000 2.0000 0.0000)  (3.0000 2.0000 0.0000)  (3.0000 1.1102e-16 0.0000)  (1.0000 0.0000 0.0000) 
 (3.0000 2.0000 0.0000)  (5.3333 2.0000 0.0000)  (5.3333 1.1102e-16 0.0000)  (3.0000 0.0000 0.0000) 
 (5.3333 2.0000 0.0000)  (7.6667 2.0000 0.0000)  (7.6667 1.1102e-16 0.0000)  (5.3333 0.0000 0.0000) 
 (7.6667 2.0000 0.0000)  (10.000 2.0000 0.0000)  (10.000 1.1102e-16 0.0000)  (7.6667 0.0000 0.0000) 
 (4.0667 2.2000 0.0000)  (4.0667 2.0000 0.0000)  (4.2667 2.0000 0.0000)  (4.2667 2.2000 0.0000) 
 (4.0667 2.4000 0.0000)  (4.0667 2.2000 0.0000)  (4.2667 2.2000 0.0000)  (4.2667 2.4000 0.0000) 
 (3.9667 2.6000 0.0000)  (4.0667 2.4000 0.0000)  (4.2667 2.4000 0.0000)  (4.3667 2.6000 0.0000) 
 (3.9667 2.8000 0.0000)  (3.9667 2.6000 0.0000)  (4.3667 2.6000 0.0000)  (4.3667 2.8000 0.0000) 
 (4.0417 3.0000 0.0000)  (3.9667 2.8000 0.0000)  (4.3667 2.8000 0.0000)  (4.2917 3.0000 0.0000) 
 (4.1167 3.2000 0.0000)  (4.0417 3.0000 0.0000)  (4.2917 3.0000 0.0000)  (4.2167 3.2000 0.0000) 
 (8.7333 2.2000 0.0000)  (8.7333 2.0000 0.0000)  (8.9333 2.0000 0.0000)  (8.9333 2.2000 0.0000) 
 (8.7333 2.4000 0.0000)  (8.7333 2.2000 0.0000)  (8.9333 2.2000 0.0000)  (8.9333 2.4000 0.0000) 
 (8.6333 2.6000 0.0000)  (8.7333 2.4000 0.0000)  (8.9333 2.4000 0.0000)  (9.0333 2.6000 0.0000) 
 (8.6333 2.8000 0.0000)  (8.6333 2.6000 0.0000)  (9.0333 2.6000 0.0000)  (9.0333 2.8000 0.0000) 
 (8.7083 3.0000 0.0000)  (8.6333 2.8000 0.0000)  (9.0333 2.8000 0.0000)  (8.9583 3.0000 0.0000) 
 (8.7833 3.2000 0.0000)  (8.7083 3.0000 0.0000)  (8.9583 3.0000 0.0000)  (8.8833 3.2000 0.0000) 
 (8.7333 2.2000 0.0000)  (8.7333 2.0000 0.0000)  (8.9333 2.0000 0.0000)  (8.9333 2.2000 0.0000) 
 (8.7333 2.4000 0.0000)  (8.7333 2.2000 0.0000)  (8.9333 2.2000 0.0000)  (8.9333 2.4000 0.0000) 
 (8.6333 2.6000 0.0000)  (8.7333 2.4000 0.0000)  (8.9333 2.4000 0.0000)  (9.0333 2.6000 0.0000) 
 (8.6333 2.8000 0.0000)  (8.6333 2.6000 0.0000)  (9.0333 2.6000 0.0000)  (9.0333 2.8000 0.0000) 
 (8.7083 3.0000 0.0000)  (8.6333 2.8000 0.0000)  (9.0333 2.8000 0.0000)  (8.9583 3.0000 0.0000) 
 (8.7833 3.2000 0.0000)  (8.7083 3.0000 0.0000)  (8.9583 3.0000 0.0000)  (8.8833 3.2000 0.0000) 
gridConcentrations 22 4 0.0 a b c d 
0.0 0.0 120.44 0.0 
0.0 0.0 0.0 0.0 
0.0 0.0 0.0 0.0 
0.0 0.0 0.0 0.0 
0.0 0.0 0.37837 0.0 
0.0 0.0 0.37837 0.0 
0.0 0.0 0.88287 0.0 
0.0 3.0270 1.5135 0.0 
0.0 2.0338 1.0169 0.0 
0.0 0.61486 0.30743 0.0 
0.0 0.0 0.37837 0.0 
0.0 0.0 0.37837 0.0 
0.0 0.0 0.88287 0.0 
0.0 3.0270 1.5135 0.0 
0.0 2.0338 1.0169 0.0 
0.0 0.61486 0.30743 0.0 
0.0 0.0 0.37837 0.0 
0.0 0.0 0.37837 0.0 
0.0 0.0 0.88287 0.0 
0.0 3.0270 1.5135 0.0 
0.0 2.0338 1.0169 0.0 
0.0 0.61486 0.30743 0.0 
gridConcentrations 22 4 0.9999999999999551 a b c d 
0.0 0.0 120.44 0.0 
0.0 0.0 0.0 0.0 
0.0 0.0 0.0 0.0 
0.0 0.0 0.0 0.0 
0.0 0.0 0.37837 0.0 
0.0 0.0 0.37837 0.0 
0.0 0.0 0.88287 0.0 
0.0 3.0270 1.5135 0.0 
0.0 2.0338 1.0169 0.0 
0.0 0.61486 0.30743 0.0 
0.0 0.0 0.37837 0.0 
0.0 0.0 0.37837 0.0 
0.0 0.0 0.88287 0.0 
0.0 3.0270 1.5135 0.0 
0.0 2.0338 1.0169 0.0 
0.0 0.61486 0.30743 0.0 
0.0 0.0 0.37837 0.0 
0.0 0.0 0.37837 0.0 
0.0 0.0 0.88287 0.0 
0.0 3.0270 1.5135 0.0 
0.0 2.0338 1.0169 0.0 
0.0 0.61486 0.30743 0.0 
gridConcentrations 22 4 1.999999999999845 a b c d 
0.0 0.0 120.44 1.9382 
0.0 0.0 0.0 4.0492 
0.0 0.0 0.0 3.1418 
0.0 0.0 0.0 5.1178 
0.0 0.0 0.37837 0.23556 
0.0 0.0 0.37837 0.27661 
0.0 0.0 0.88287 0.74176 
0.0 3.0270 1.5135 1.3135 
0.0 2.0338 1.0169 0.91133 
19.411 0.026353 0.89593 0.29821 
0.0 0.0 0.37837 0.23755 
0.0 0.0 0.37837 0.27846 
0.0 0.0 0.88287 0.74575 
0.0 3.0270 1.5135 1.3202 
0.0 2.0338 1.0169 0.91583 
0.0 0.61486 0.30743 0.29956 
0.0 0.0 0.37837 0.0097917 
0.0 0.0 0.37837 0.0091294 
0.0 0.0 0.88287 0.019901 
0.0 3.0270 1.5135 0.033659 
0.0 2.0338 1.0169 0.022471 
0.0 0.61486 0.30743 0.0067680 
gridConcentrations 22 4 2.999999999999735 a b c d 
0.0 0.0 120.44 6.0199 
0.0 0.0 0.0 9.2558 
0.0 0.0 0.0 8.7155 
0.0 0.0 0.0 11.245 
0.0 0.0 0.37837 0.26170 
0.0 0.0 0.37837 0.30481 
0.0 0.0 0.88287 0.81199 
0.0 3.0270 1.5135 1.4353 
0.0 2.0338 1.0169 0.99365 
39.385 1.8915e-06 0.92228 0.32318 
0.0 0.0 0.37837 0.26651 
0.0 0.0 0.37837 0.30954 
0.0 0.0 0.88287 0.82282 
0.0 3.0270 1.5135 1.4538 
0.0 2.0338 1.0169 1.0061 
0.0 0.61486 0.30743 0.32693 
0.0 0.0 0.37837 0.026071 
0.0 0.0 0.37837 0.025370 
0.0 0.0 0.88287 0.057711 
0.0 3.0270 1.5135 0.098448 
0.0 2.0338 1.0169 0.065992 
0.0 0.61486 0.30743 0.019924 
gridConcentrations 22 4 3.9999999999996247 a b c d 
0.0 0.0 120.44 10.574 
0.0 0.0 0.0 14.685 
0.0 0.0 0.0 14.327 
0.0 0.0 0.0 17.009 
0.0 0.0 0.37837 0.27684 
0.0 0.0 0.37837 0.32005 
0.0 0.0 0.88287 0.84773 
0.0 3.0270 1.5135 1.4967 
0.0 2.0338 1.0169 1.0349 
59.385 2.1008e-13 0.92229 0.33565 
0.0 0.0 0.37837 0.28290 
0.0 0.0 0.37837 0.32607 
0.0 0.0 0.88287 0.86171 
0.0 3.0270 1.5135 1.5206 
0.0 2.0338 1.0169 1.0510 
0.0 0.61486 0.30743 0.34051 
0.0 0.0 0.37837 0.041785 
0.0 0.0 0.37837 0.041116 
0.0 0.0 0.88287 0.094519 
0.0 3.0270 1.5135 0.16157 
0.0 2.0338 1.0169 0.10841 
0.0 0.61486 0.30743 0.032749 
gridConcentrations 22 4 4.999999999999515 a b c d 
0.0 0.0 120.44 15.263 
0.0 0.0 0.0 20.192 
0.0 0.0 0.0 19.897 
0.0 0.0 0.0 22.629 
0.0 0.0 0.37837 0.29166 
0.0 0.0 0.37837 0.33486 
0.0 0.0 0.88287 0.88229 
0.0 3.0270 1.5135 1.5559 
0.0 2.0338 1.0169 1.0747 
79.385 3.6667e-23 0.92229 0.34768 
0.0 0.0 0.37837 0.29815 
0.0 0.0 0.37837 0.34135 
0.0 0.0 0.88287 0.89739 
0.0 3.0270 1.5135 1.5818 
0.0 2.0338 1.0169 1.0921 
0.0 0.61486 0.30743 0.35294 
0.0 0.0 0.37837 0.057002 
0.0 0.0 0.37837 0.056347 
0.0 0.0 0.88287 0.13009 
0.0 3.0270 1.5135 0.22256 
0.0 2.0338 1.0169 0.14939 
0.0 0.61486 0.30743 0.045139 
gridConcentrations 22 4 5.999999999999405 a b c d 
0.0 0.0 120.44 19.996 
0.0 0.0 0.0 25.726 
0.0 0.0 0.0 25.451 
0.0 0.0 0.0 28.199 
0.0 0.0 0.37837 0.30655 
0.0 0.0 0.37837 0.34975 
0.0 0.0 0.88287 0.91702 
0.0 3.0270 1.5135 1.6154 
0.0 2.0338 1.0169 1.1147 
99.385 1.0226e-35 0.92229 0.35977 
0.0 0.0 0.37837 0.31319 
0.0 0.0 0.37837 0.35638 
0.0 0.0 0.88287 0.93249 
0.0 3.0270 1.5135 1.6420 
0.0 2.0338 1.0169 1.1325 
0.0 0.61486 0.30743 0.36516 
0.0 0.0 0.37837 0.072032 
0.0 0.0 0.37837 0.071383 
0.0 0.0 0.88287 0.16518 
0.0 3.0270 1.5135 0.28272 
0.0 2.0338 1.0169 0.18981 
0.0 0.61486 0.30743 0.057360 
gridConcentrations 22 4 6.999999999999295 a b c d 
0.0 0.0 120.44 24.742 
0.0 0.0 0.0 31.268 
0.0 0.0 0.0 31.000 
0.0 0.0 0.0 33.754 
0.0 0.0 0.37837 0.32147 
0.0 0.0 0.37837 0.36467 
0.0 0.0 0.88287 0.95182 
0.0 3.0270 1.5135 1.6751 
0.0 2.0338 1.0169 1.1548 
119.39 4.6330e-51 0.92229 0.37189 
0.0 0.0 0.37837 0.32815 
0.0 0.0 0.37837 0.37135 
0.0 0.0 0.88287 0.96742 
0.0 3.0270 1.5135 1.7018 
0.0 2.0338 1.0169 1.1727 
0.0 0.61486 0.30743 0.37732 
0.0 0.0 0.37837 0.086999 
0.0 0.0 0.37837 0.086351 
0.0 0.0 0.88287 0.20011 
0.0 3.0270 1.5135 0.34260 
0.0 2.0338 1.0169 0.23004 
0.0 0.61486 0.30743 0.069523 
gridConcentrations 22 4 7.999999999999185 a b c d 
0.0 0.0 120.44 29.494 
0.0 0.0 0.0 36.813 
0.0 0.0 0.0 36.548 
0.0 0.0 0.0 39.303 
0.0 0.0 0.37837 0.33640 
0.0 0.0 0.37837 0.37959 
0.0 0.0 0.88287 0.98666 
0.0 3.0270 1.5135 1.7348 
0.0 2.0338 1.0169 1.1949 
139.39 3.4665e-69 0.92229 0.38402 
0.0 0.0 0.37837 0.34310 
0.0 0.0 0.37837 0.38630 
0.0 0.0 0.88287 1.0023 
0.0 3.0270 1.5135 1.7616 
0.0 2.0338 1.0169 1.2129 
0.0 0.61486 0.30743 0.38947 
0.0 0.0 0.37837 0.10194 
0.0 0.0 0.37837 0.10130 
0.0 0.0 0.88287 0.23499 
0.0 3.0270 1.5135 0.40239 
0.0 2.0338 1.0169 0.27021 
0.0 0.61486 0.30743 0.081667 
gridConcentrations 22 4 9.000000000001295 a b c d 
0.0 0.0 120.44 34.247 
0.0 0.0 0.0 42.358 
0.0 0.0 0.0 42.094 
0.0 0.0 0.0 44.850 
0.0 0.0 0.37837 0.35133 
0.0 0.0 0.37837 0.39453 
0.0 0.0 0.88287 1.0215 
0.0 3.0270 1.5135 1.7945 
0.0 2.0338 1.0169 1.2350 
159.39 4.3542e-90 0.92229 0.39616 
0.0 0.0 0.37837 0.35804 
0.0 0.0 0.37837 0.40124 
0.0 0.0 0.88287 1.0372 
0.0 3.0270 1.5135 1.8214 
0.0 2.0338 1.0169 1.2531 
0.0 0.61486 0.30743 0.40161 
0.0 0.0 0.37837 0.11688 
0.0 0.0 0.37837 0.11624 
0.0 0.0 0.88287 0.26984 
0.0 3.0270 1.5135 0.46214 
0.0 2.0338 1.0169 0.31036 
0.0 0.61486 0.30743 0.093805 
gridConcentrations 22 4 10.000000000003405 a b c d 
0.0 0.0 120.44 39.001 
0.0 0.0 0.0 47.905 
0.0 0.0 0.0 47.641 
0.0 0.0 0.0 50.396 
0.0 0.0 0.37837 0.36626 
0.0 0.0 0.37837 0.40946 
0.0 0.0 0.88287 1.0563 
0.0 3.0270 1.5135 1.8543 
0.0 2.0338 1.0169 1.2752 
179.39 9.3322e-114 0.92229 0.40829 
0.0 0.0 0.37837 0.37297 
0.0 0.0 0.37837 0.41617 
0.0 0.0 0.88287 1.0720 
0.0 3.0270 1.5135 1.8811 
0.0 2.0338 1.0169 1.2932 
0.0 0.61486 0.30743 0.41374 
0.0 0.0 0.37837 0.13182 
0.0 0.0 0.37837 0.13117 
0.0 0.0 0.88287 0.30470 
0.0 3.0270 1.5135 0.52189 
0.0 2.0338 1.0169 0.35050 
0.0 0.61486 0.30743 0.10594 
gridConcentrations 22 4 11.000000000005516 a b c d 
0.0 0.0 120.44 43.755 
0.0 0.0 0.0 53.451 
0.0 0.0 0.0 53.187 
0.0 0.0 0.0 55.943 
0.0 0.0 0.37837 0.38120 
0.0 0.0 0.37837 0.42440 
0.0 0.0 0.88287 1.0912 
0.0 3.0270 1.5135 1.9140 
0.0 2.0338 1.0169 1.3153 
199.39 3.4686e-140 0.92229 0.42042 
0.0 0.0 0.37837 0.38791 
0.0 0.0 0.37837 0.43111 
0.0 0.0 0.88287 1.1069 
0.0 3.0270 1.5135 1.9409 
0.0 2.0338 1.0169 1.3333 
0.0 0.61486 0.30743 0.42588 
0.0 0.0 0.37837 0.14675 
0.0 0.0 0.37837 0.14611 
0.0 0.0 0.88287 0.33955 
0.0 3.0270 1.5135 0.58163 
0.0 2.0338 1.0169 0.39064 
0.0 0.61486 0.30743 0.11808 
gridConcentrations 22 4 12.000000000007626 a b c d 
0.0 0.0 120.44 46.571 
0.0 0.0 0.0 54.948 
0.0 0.0 0.0 55.591 
0.0 0.0 0.0 56.371 
0.0 0.0 0.37837 0.16057 
0.0 0.0 0.37837 0.16272 
0.0 0.0 0.88287 0.38428 
0.0 3.0270 1.5135 0.66029 
0.0 2.0338 1.0169 0.44411 
199.39 5.4050e-168 0.92229 0.13435 
0.0 0.0 0.37837 0.16529 
0.0 0.0 0.37837 0.16759 
0.0 0.0 0.88287 0.39595 
0.0 3.0270 1.5135 0.68039 
0.0 2.0338 1.0169 0.45765 
0.0 0.61486 0.30743 0.13845 
0.0 0.0 0.37837 0.15190 
0.0 0.0 0.37837 0.15191 
0.0 0.0 0.88287 0.35449 
0.0 3.0270 1.5135 0.60771 
0.0 2.0338 1.0169 0.40831 
0.0 0.61486 0.30743 0.12344 
gridConcentrations 22 4 13.000000000009736 a b c d 
0.0 0.0 120.44 47.243 
0.0 0.0 0.0 55.288 
0.0 0.0 0.0 55.564 
0.0 0.0 0.0 55.790 
0.0 0.0 0.37837 0.14937 
0.0 0.0 0.37837 0.14945 
0.0 0.0 0.88287 0.34891 
0.0 3.0270 1.5135 0.59818 
0.0 2.0338 1.0169 0.40192 
199.39 8.4224e-196 0.92229 0.12152 
0.0 0.0 0.37837 0.15126 
0.0 0.0 0.37837 0.15144 
0.0 0.0 0.88287 0.35373 
0.0 3.0270 1.5135 0.60652 
0.0 2.0338 1.0169 0.40755 
0.0 0.61486 0.30743 0.12322 
0.0 0.0 0.37837 0.15055 
0.0 0.0 0.37837 0.15061 
0.0 0.0 0.88287 0.35153 
0.0 3.0270 1.5135 0.60266 
0.0 2.0338 1.0169 0.40493 
0.0 0.61486 0.30743 0.12242 
gridConcentrations 22 4 14.000000000011847 a b c d 
0.0 0.0 120.44 47.443 
0.0 0.0 0.0 55.405 
0.0 0.0 0.0 55.499 
0.0 0.0 0.0 55.572 
0.0 0.0 0.37837 0.14916 
0.0 0.0 0.37837 0.14915 
0.0 0.0 0.88287 0.34801 
0.0 3.0270 1.5135 0.59659 
0.0 2.0338 1.0169 0.40083 
199.39 1.3124e-223 0.92229 0.12118 
0.0 0.0 0.37837 0.14981 
0.0 0.0 0.37837 0.14984 
0.0 0.0 0.88287 0.34969 
0.0 3.0270 1.5135 0.59949 
0.0 2.0338 1.0169 0.40279 
0.0 0.61486 0.30743 0.12177 
0.0 0.0 0.37837 0.14978 
0.0 0.0 0.37837 0.14980 
0.0 0.0 0.88287 0.34957 
0.0 3.0270 1.5135 0.59928 
0.0 2.0338 1.0169 0.40265 
0.0 0.61486 0.30743 0.12173 
gridConcentrations 22 4 15.000000000013957 a b c d 
0.0 0.0 120.44 47.508 
0.0 0.0 0.0 55.444 
0.0 0.0 0.0 55.475 
0.0 0.0 0.0 55.499 
0.0 0.0 0.37837 0.14928 
0.0 0.0 0.37837 0.14927 
0.0 0.0 0.88287 0.34830 
0.0 3.0270 1.5135 0.59708 
0.0 2.0338 1.0169 0.40116 
199.39 2.0451e-251 0.92229 0.12128 
0.0 0.0 0.37837 0.14949 
0.0 0.0 0.37837 0.14950 
0.0 0.0 0.88287 0.34886 
0.0 3.0270 1.5135 0.59804 
0.0 2.0338 1.0169 0.40181 
0.0 0.61486 0.30743 0.12148 
0.0 0.0 0.37837 0.14949 
0.0 0.0 0.37837 0.14950 
0.0 0.0 0.88287 0.34885 
0.0 3.0270 1.5135 0.59803 
0.0 2.0338 1.0169 0.40180 
0.0 0.61486 0.30743 0.12148 
gridConcentrations 22 4 16.000000000016065 a b c d 
0.0 0.0 120.44 47.529 
0.0 0.0 0.0 55.457 
0.0 0.0 0.0 55.467 
0.0 0.0 0.0 55.475 
0.0 0.0 0.37837 0.14933 
0.0 0.0 0.37837 0.14932 
0.0 0.0 0.88287 0.34842 
0.0 3.0270 1.5135 0.59729 
0.0 2.0338 1.0169 0.40130 
199.39 3.1868e-279 0.92229 0.12132 
0.0 0.0 0.37837 0.14940 
0.0 0.0 0.37837 0.14940 
0.0 0.0 0.88287 0.34861 
0.0 3.0270 1.5135 0.59761 
0.0 2.0338 1.0169 0.40152 
0.0 0.61486 0.30743 0.12139 
0.0 0.0 0.37837 0.14940 
0.0 0.0 0.37837 0.14940 
0.0 0.0 0.88287 0.34861 
0.0 3.0270 1.5135 0.59761 
0.0 2.0338 1.0169 0.40152 
0.0 0.61486 0.30743 0.12139 
gridConcentrations 22 4 17.000000000013735 a b c d 
0.0 0.0 120.44 47.536 
0.0 0.0 0.0 55.461 
0.0 0.0 0.0 55.464 
0.0 0.0 0.0 55.467 
0.0 0.0 0.37837 0.14934 
0.0 0.0 0.37837 0.14934 
0.0 0.0 0.88287 0.34846 
0.0 3.0270 1.5135 0.59737 
0.0 2.0338 1.0169 0.40135 
199.39 4.9658e-307 0.92229 0.12134 
0.0 0.0 0.37837 0.14937 
0.0 0.0 0.37837 0.14937 
0.0 0.0 0.88287 0.34852 
0.0 3.0270 1.5135 0.59747 
0.0 2.0338 1.0169 0.40143 
0.0 0.61486 0.30743 0.12136 
0.0 0.0 0.37837 0.14937 
0.0 0.0 0.37837 0.14937 
0.0 0.0 0.88287 0.34852 
0.0 3.0270 1.5135 0.59747 
0.0 2.0338 1.0169 0.40143 
0.0 0.61486 0.30743 0.12136 
gridConcentrations 22 4 18.000000000011404 a b c d 
0.0 0.0 120.44 47.539 
0.0 0.0 0.0 55.462 
0.0 0.0 0.0 55.463 
0.0 0.0 0.0 55.464 
0.0 0.0 0.37837 0.14935 
0.0 0.0 0.37837 0.14935 
0.0 0.0 0.88287 0.34848 
0.0 3.0270 1.5135 0.59739 
0.0 2.0338 1.0169 0.40137 
199.39 0.0 0.92229 0.12134 
0.0 0.0 0.37837 0.14936 
0.0 0.0 0.37837 0.14936 
0.0 0.0 0.88287 0.34850 
0.0 3.0270 1.5135 0.59742 
0.0 2.0338 1.0169 0.40139 
0.0 0.61486 0.30743 0.12135 
0.0 0.0 0.37837 0.14936 
0.0 0.0 0.37837 0.14936 
0.0 0.0 0.88287 0.34850 
0.0 3.0270 1.5135 0.59742 
0.0 2.0338 1.0169 0.40139 
0.0 0.61486 0.30743 0.12135 
gridConcentrations 22 4 19.000000000009074 a b c d 
0.0 0.0 120.44 47.539 
0.0 0.0 0.0 55.463 
0.0 0.0 0.0 55.463 
0.0 0.0 0.0 55.463 
0.0 0.0 0.37837 0.14935 
0.0 0.0 0.37837 0.14935 
0.0 0.0 0.88287 0.34848 
0.0 3.0270 1.5135 0.59740 
0.0 2.0338 1.0169 0.40138 
199.39 0.0 0.92229 0.12135 
0.0 0.0 0.37837 0.14935 
0.0 0.0 0.37837 0.14935 
0.0 0.0 0.88287 0.34849 
0.0 3.0270 1.5135 0.59741 
0.0 2.0338 1.0169 0.40138 
0.0 0.61486 0.30743 0.12135 
0.0 0.0 0.37837 0.14935 
0.0 0.0 0.37837 0.14935 
0.0 0.0 0.88287 0.34849 
0.0 3.0270 1.5135 0.59741 
0.0 2.0338 1.0169 0.40138 
0.0 0.61486 0.30743 0.12135 
