cctdif2d
volumeGrid 113
 (1.0000 1.5000 0.0000)  (1.2000 1.5000 0.0000)  (1.2000 1.3000 0.0000)  (1.0000 1.3000 0.0000) 
 (1.0000 1.3000 0.0000)  (1.2000 1.3000 0.0000)  (1.2000 1.1000 0.0000)  (1.0000 1.1000 0.0000) 
 (1.0000 1.1000 0.0000)  (1.2000 1.1000 0.0000)  (1.2000 0.90000 0.0000)  (1.0000 0.90000 0.0000) 
 (1.0000 0.90000 0.0000)  (1.2000 0.90000 0.0000)  (1.2000 0.70000 0.0000)  (1.0000 0.70000 0.0000) 
 (1.0000 0.70000 0.0000)  (1.2000 0.70000 0.0000)  (1.2000 0.50000 0.0000)  (1.0000 0.50000 0.0000) 
 (1.2000 1.7000 0.0000)  (1.4000 1.7000 0.0000)  (1.4000 1.5000 0.0000)  (1.2000 1.5000 0.0000) 
 (1.2000 1.5000 0.0000)  (1.4000 1.5000 0.0000)  (1.4000 1.3000 0.0000)  (1.2000 1.3000 0.0000) 
 (1.2000 1.3000 0.0000)  (1.4000 1.3000 0.0000)  (1.4000 1.1000 0.0000)  (1.2000 1.1000 0.0000) 
 (1.2000 1.1000 0.0000)  (1.4000 1.1000 0.0000)  (1.4000 0.90000 0.0000)  (1.2000 0.90000 0.0000) 
 (1.2000 0.90000 0.0000)  (1.4000 0.90000 0.0000)  (1.4000 0.70000 0.0000)  (1.2000 0.70000 0.0000) 
 (1.2000 0.70000 0.0000)  (1.4000 0.70000 0.0000)  (1.4000 0.50000 0.0000)  (1.2000 0.50000 0.0000) 
 (1.2000 0.50000 0.0000)  (1.4000 0.50000 0.0000)  (1.4000 0.30000 0.0000)  (1.2000 0.30000 0.0000) 
 (1.4000 1.7000 0.0000)  (1.6000 1.7000 0.0000)  (1.6000 1.5000 0.0000)  (1.4000 1.5000 0.0000) 
 (1.4000 1.5000 0.0000)  (1.6000 1.5000 0.0000)  (1.6000 1.3000 0.0000)  (1.4000 1.3000 0.0000) 
 (1.4000 1.3000 0.0000)  (1.6000 1.3000 0.0000)  (1.6000 1.1000 0.0000)  (1.4000 1.1000 0.0000) 
 (1.4000 1.1000 0.0000)  (1.6000 1.1000 0.0000)  (1.6000 0.90000 0.0000)  (1.4000 0.90000 0.0000) 
 (1.4000 0.90000 0.0000)  (1.6000 0.90000 0.0000)  (1.6000 0.70000 0.0000)  (1.4000 0.70000 0.0000) 
 (1.4000 0.70000 0.0000)  (1.6000 0.70000 0.0000)  (1.6000 0.50000 0.0000)  (1.4000 0.50000 0.0000) 
 (1.4000 0.50000 0.0000)  (1.6000 0.50000 0.0000)  (1.6000 0.30000 0.0000)  (1.4000 0.30000 0.0000) 
 (1.6000 1.5000 0.0000)  (1.8000 1.5000 0.0000)  (1.8000 1.3000 0.0000)  (1.6000 1.3000 0.0000) 
 (1.6000 1.3000 0.0000)  (1.8000 1.3000 0.0000)  (1.8000 1.1000 0.0000)  (1.6000 1.1000 0.0000) 
 (1.6000 1.1000 0.0000)  (1.8000 1.1000 0.0000)  (1.8000 0.90000 0.0000)  (1.6000 0.90000 0.0000) 
 (1.6000 0.90000 0.0000)  (1.8000 0.90000 0.0000)  (1.8000 0.70000 0.0000)  (1.6000 0.70000 0.0000) 
 (1.6000 0.70000 0.0000)  (1.8000 0.70000 0.0000)  (1.8000 0.50000 0.0000)  (1.6000 0.50000 0.0000) 
 (1.8000 1.5000 0.0000)  (2.0000 1.5000 0.0000)  (2.0000 1.3000 0.0000)  (1.8000 1.3000 0.0000) 
 (1.8000 1.3000 0.0000)  (2.0000 1.3000 0.0000)  (2.0000 1.1000 0.0000)  (1.8000 1.1000 0.0000) 
 (1.8000 1.1000 0.0000)  (2.0000 1.1000 0.0000)  (2.0000 0.90000 0.0000)  (1.8000 0.90000 0.0000) 
 (1.8000 0.90000 0.0000)  (2.0000 0.90000 0.0000)  (2.0000 0.70000 0.0000)  (1.8000 0.70000 0.0000) 
 (1.8000 0.70000 0.0000)  (2.0000 0.70000 0.0000)  (2.0000 0.50000 0.0000)  (1.8000 0.50000 0.0000) 
 (2.0000 1.5000 0.0000)  (2.2000 1.5000 0.0000)  (2.2000 1.3000 0.0000)  (2.0000 1.3000 0.0000) 
 (2.0000 1.3000 0.0000)  (2.2000 1.3000 0.0000)  (2.2000 1.1000 0.0000)  (2.0000 1.1000 0.0000) 
 (2.0000 1.1000 0.0000)  (2.2000 1.1000 0.0000)  (2.2000 0.90000 0.0000)  (2.0000 0.90000 0.0000) 
 (2.0000 0.90000 0.0000)  (2.2000 0.90000 0.0000)  (2.2000 0.70000 0.0000)  (2.0000 0.70000 0.0000) 
 (2.0000 0.70000 0.0000)  (2.2000 0.70000 0.0000)  (2.2000 0.50000 0.0000)  (2.0000 0.50000 0.0000) 
 (2.2000 1.5000 0.0000)  (2.4000 1.5000 0.0000)  (2.4000 1.3000 0.0000)  (2.2000 1.3000 0.0000) 
 (2.2000 1.3000 0.0000)  (2.4000 1.3000 0.0000)  (2.4000 1.1000 0.0000)  (2.2000 1.1000 0.0000) 
 (2.2000 1.1000 0.0000)  (2.4000 1.1000 0.0000)  (2.4000 0.90000 0.0000)  (2.2000 0.90000 0.0000) 
 (2.2000 0.90000 0.0000)  (2.4000 0.90000 0.0000)  (2.4000 0.70000 0.0000)  (2.2000 0.70000 0.0000) 
 (2.2000 0.70000 0.0000)  (2.4000 0.70000 0.0000)  (2.4000 0.50000 0.0000)  (2.2000 0.50000 0.0000) 
 (2.4000 1.5000 0.0000)  (2.6000 1.5000 0.0000)  (2.6000 1.3000 0.0000)  (2.4000 1.3000 0.0000) 
 (2.4000 1.3000 0.0000)  (2.6000 1.3000 0.0000)  (2.6000 1.1000 0.0000)  (2.4000 1.1000 0.0000) 
 (2.4000 1.1000 0.0000)  (2.6000 1.1000 0.0000)  (2.6000 0.90000 0.0000)  (2.4000 0.90000 0.0000) 
 (2.4000 0.90000 0.0000)  (2.6000 0.90000 0.0000)  (2.6000 0.70000 0.0000)  (2.4000 0.70000 0.0000) 
 (2.4000 0.70000 0.0000)  (2.6000 0.70000 0.0000)  (2.6000 0.50000 0.0000)  (2.4000 0.50000 0.0000) 
 (2.6000 1.7000 0.0000)  (2.8000 1.7000 0.0000)  (2.8000 1.5000 0.0000)  (2.6000 1.5000 0.0000) 
 (2.6000 1.5000 0.0000)  (2.8000 1.5000 0.0000)  (2.8000 1.3000 0.0000)  (2.6000 1.3000 0.0000) 
 (2.6000 1.3000 0.0000)  (2.8000 1.3000 0.0000)  (2.8000 1.1000 0.0000)  (2.6000 1.1000 0.0000) 
 (2.6000 1.1000 0.0000)  (2.8000 1.1000 0.0000)  (2.8000 0.90000 0.0000)  (2.6000 0.90000 0.0000) 
 (2.6000 0.90000 0.0000)  (2.8000 0.90000 0.0000)  (2.8000 0.70000 0.0000)  (2.6000 0.70000 0.0000) 
 (2.6000 0.70000 0.0000)  (2.8000 0.70000 0.0000)  (2.8000 0.50000 0.0000)  (2.6000 0.50000 0.0000) 
 (2.6000 0.50000 0.0000)  (2.8000 0.50000 0.0000)  (2.8000 0.30000 0.0000)  (2.6000 0.30000 0.0000) 
 (2.8000 1.7000 0.0000)  (3.0000 1.7000 0.0000)  (3.0000 1.5000 0.0000)  (2.8000 1.5000 0.0000) 
 (2.8000 1.5000 0.0000)  (3.0000 1.5000 0.0000)  (3.0000 1.3000 0.0000)  (2.8000 1.3000 0.0000) 
 (2.8000 1.3000 0.0000)  (3.0000 1.3000 0.0000)  (3.0000 1.1000 0.0000)  (2.8000 1.1000 0.0000) 
 (2.8000 1.1000 0.0000)  (3.0000 1.1000 0.0000)  (3.0000 0.90000 0.0000)  (2.8000 0.90000 0.0000) 
 (2.8000 0.90000 0.0000)  (3.0000 0.90000 0.0000)  (3.0000 0.70000 0.0000)  (2.8000 0.70000 0.0000) 
 (2.8000 0.70000 0.0000)  (3.0000 0.70000 0.0000)  (3.0000 0.50000 0.0000)  (2.8000 0.50000 0.0000) 
 (2.8000 0.50000 0.0000)  (3.0000 0.50000 0.0000)  (3.0000 0.30000 0.0000)  (2.8000 0.30000 0.0000) 
 (3.0000 1.5000 0.0000)  (3.2000 1.5000 0.0000)  (3.2000 1.3000 0.0000)  (3.0000 1.3000 0.0000) 
 (3.0000 1.3000 0.0000)  (3.2000 1.3000 0.0000)  (3.2000 1.1000 0.0000)  (3.0000 1.1000 0.0000) 
 (3.0000 1.1000 0.0000)  (3.2000 1.1000 0.0000)  (3.2000 0.90000 0.0000)  (3.0000 0.90000 0.0000) 
 (3.0000 0.90000 0.0000)  (3.2000 0.90000 0.0000)  (3.2000 0.70000 0.0000)  (3.0000 0.70000 0.0000) 
 (3.0000 0.70000 0.0000)  (3.2000 0.70000 0.0000)  (3.2000 0.50000 0.0000)  (3.0000 0.50000 0.0000) 
 (3.2000 1.5000 0.0000)  (3.4000 1.5000 0.0000)  (3.4000 1.3000 0.0000)  (3.2000 1.3000 0.0000) 
 (3.2000 1.3000 0.0000)  (3.4000 1.3000 0.0000)  (3.4000 1.1000 0.0000)  (3.2000 1.1000 0.0000) 
 (3.2000 1.1000 0.0000)  (3.4000 1.1000 0.0000)  (3.4000 0.90000 0.0000)  (3.2000 0.90000 0.0000) 
 (3.2000 0.90000 0.0000)  (3.4000 0.90000 0.0000)  (3.4000 0.70000 0.0000)  (3.2000 0.70000 0.0000) 
 (3.2000 0.70000 0.0000)  (3.4000 0.70000 0.0000)  (3.4000 0.50000 0.0000)  (3.2000 0.50000 0.0000) 
 (3.4000 1.5000 0.0000)  (3.6000 1.5000 0.0000)  (3.6000 1.3000 0.0000)  (3.4000 1.3000 0.0000) 
 (3.4000 1.3000 0.0000)  (3.6000 1.3000 0.0000)  (3.6000 1.1000 0.0000)  (3.4000 1.1000 0.0000) 
 (3.4000 1.1000 0.0000)  (3.6000 1.1000 0.0000)  (3.6000 0.90000 0.0000)  (3.4000 0.90000 0.0000) 
 (3.4000 0.90000 0.0000)  (3.6000 0.90000 0.0000)  (3.6000 0.70000 0.0000)  (3.4000 0.70000 0.0000) 
 (3.4000 0.70000 0.0000)  (3.6000 0.70000 0.0000)  (3.6000 0.50000 0.0000)  (3.4000 0.50000 0.0000) 
 (3.6000 1.5000 0.0000)  (3.8000 1.5000 0.0000)  (3.8000 1.3000 0.0000)  (3.6000 1.3000 0.0000) 
 (3.6000 1.3000 0.0000)  (3.8000 1.3000 0.0000)  (3.8000 1.1000 0.0000)  (3.6000 1.1000 0.0000) 
 (3.6000 1.1000 0.0000)  (3.8000 1.1000 0.0000)  (3.8000 0.90000 0.0000)  (3.6000 0.90000 0.0000) 
 (3.6000 0.90000 0.0000)  (3.8000 0.90000 0.0000)  (3.8000 0.70000 0.0000)  (3.6000 0.70000 0.0000) 
 (3.6000 0.70000 0.0000)  (3.8000 0.70000 0.0000)  (3.8000 0.50000 0.0000)  (3.6000 0.50000 0.0000) 
 (3.8000 1.5000 0.0000)  (4.0000 1.5000 0.0000)  (4.0000 1.3000 0.0000)  (3.8000 1.3000 0.0000) 
 (3.8000 1.3000 0.0000)  (4.0000 1.3000 0.0000)  (4.0000 1.1000 0.0000)  (3.8000 1.1000 0.0000) 
 (3.8000 1.1000 0.0000)  (4.0000 1.1000 0.0000)  (4.0000 0.90000 0.0000)  (3.8000 0.90000 0.0000) 
 (3.8000 0.90000 0.0000)  (4.0000 0.90000 0.0000)  (4.0000 0.70000 0.0000)  (3.8000 0.70000 0.0000) 
 (3.8000 0.70000 0.0000)  (4.0000 0.70000 0.0000)  (4.0000 0.50000 0.0000)  (3.8000 0.50000 0.0000) 
 (4.0000 1.5000 0.0000)  (4.2000 1.5000 0.0000)  (4.2000 1.3000 0.0000)  (4.0000 1.3000 0.0000) 
 (4.0000 1.3000 0.0000)  (4.2000 1.3000 0.0000)  (4.2000 1.1000 0.0000)  (4.0000 1.1000 0.0000) 
 (4.0000 1.1000 0.0000)  (4.2000 1.1000 0.0000)  (4.2000 0.90000 0.0000)  (4.0000 0.90000 0.0000) 
 (4.0000 0.90000 0.0000)  (4.2000 0.90000 0.0000)  (4.2000 0.70000 0.0000)  (4.0000 0.70000 0.0000) 
 (4.0000 0.70000 0.0000)  (4.2000 0.70000 0.0000)  (4.2000 0.50000 0.0000)  (4.0000 0.50000 0.0000) 
 (4.2000 1.5000 0.0000)  (4.4000 1.5000 0.0000)  (4.4000 1.3000 0.0000)  (4.2000 1.3000 0.0000) 
 (4.2000 1.3000 0.0000)  (4.4000 1.3000 0.0000)  (4.4000 1.1000 0.0000)  (4.2000 1.1000 0.0000) 
 (4.2000 1.1000 0.0000)  (4.4000 1.1000 0.0000)  (4.4000 0.90000 0.0000)  (4.2000 0.90000 0.0000) 
 (4.2000 0.90000 0.0000)  (4.4000 0.90000 0.0000)  (4.4000 0.70000 0.0000)  (4.2000 0.70000 0.0000) 
 (4.2000 0.70000 0.0000)  (4.4000 0.70000 0.0000)  (4.4000 0.50000 0.0000)  (4.2000 0.50000 0.0000) 
 (4.4000 1.5000 0.0000)  (4.6000 1.5000 0.0000)  (4.6000 1.3000 0.0000)  (4.4000 1.3000 0.0000) 
 (4.4000 1.3000 0.0000)  (4.6000 1.3000 0.0000)  (4.6000 1.1000 0.0000)  (4.4000 1.1000 0.0000) 
 (4.4000 1.1000 0.0000)  (4.6000 1.1000 0.0000)  (4.6000 0.90000 0.0000)  (4.4000 0.90000 0.0000) 
 (4.4000 0.90000 0.0000)  (4.6000 0.90000 0.0000)  (4.6000 0.70000 0.0000)  (4.4000 0.70000 0.0000) 
 (4.4000 0.70000 0.0000)  (4.6000 0.70000 0.0000)  (4.6000 0.50000 0.0000)  (4.4000 0.50000 0.0000) 
 (4.6000 1.5000 0.0000)  (4.8000 1.5000 0.0000)  (4.8000 1.3000 0.0000)  (4.6000 1.3000 0.0000) 
 (4.6000 1.3000 0.0000)  (4.8000 1.3000 0.0000)  (4.8000 1.1000 0.0000)  (4.6000 1.1000 0.0000) 
 (4.6000 1.1000 0.0000)  (4.8000 1.1000 0.0000)  (4.8000 0.90000 0.0000)  (4.6000 0.90000 0.0000) 
 (4.6000 0.90000 0.0000)  (4.8000 0.90000 0.0000)  (4.8000 0.70000 0.0000)  (4.6000 0.70000 0.0000) 
 (4.6000 0.70000 0.0000)  (4.8000 0.70000 0.0000)  (4.8000 0.50000 0.0000)  (4.6000 0.50000 0.0000) 
 (4.8000 1.5000 0.0000)  (5.0000 1.5000 0.0000)  (5.0000 1.3000 0.0000)  (4.8000 1.3000 0.0000) 
 (4.8000 1.3000 0.0000)  (5.0000 1.3000 0.0000)  (5.0000 1.1000 0.0000)  (4.8000 1.1000 0.0000) 
 (4.8000 1.1000 0.0000)  (5.0000 1.1000 0.0000)  (5.0000 0.90000 0.0000)  (4.8000 0.90000 0.0000) 
 (4.8000 0.90000 0.0000)  (5.0000 0.90000 0.0000)  (5.0000 0.70000 0.0000)  (4.8000 0.70000 0.0000) 
 (4.8000 0.70000 0.0000)  (5.0000 0.70000 0.0000)  (5.0000 0.50000 0.0000)  (4.8000 0.50000 0.0000) 
 (1.3250 0.28000 0.0000)  (1.3250 0.30000 0.0000)  (1.2750 0.30000 0.0000)  (1.2750 0.28000 0.0000) 
 (2.4750 1.5200 0.0000)  (2.4750 1.5000 0.0000)  (2.5250 1.5000 0.0000)  (2.5250 1.5200 0.0000) 
 (3.1250 0.48000 0.0000)  (3.1250 0.50000 0.0000)  (3.0750 0.50000 0.0000)  (3.0750 0.48000 0.0000) 
 (3.5250 0.48000 0.0000)  (3.5250 0.50000 0.0000)  (3.4750 0.50000 0.0000)  (3.4750 0.48000 0.0000) 
 (4.5250 0.48000 0.0000)  (4.5250 0.50000 0.0000)  (4.4750 0.50000 0.0000)  (4.4750 0.48000 0.0000) 
gridConcentrations 113 10 0.0 Ca CaOut CaOutLeak Leak Calbin CalbinC pmca ncx pmcaCa ncxCa 
00 19416 00 40 1442 109 3 145 1 8 
00 19416 00 00 1441 110 00 00 00 00 
00 19416 00 00 1441 109 00 00 00 00 
1 19416 00 00 1441 109 00 00 00 00 
00 19416 00 40 1442 109 3 145 1 8 
1 19416 00 40 1441 110 3 144 1 7 
1 19416 00 00 1441 109 00 00 00 00 
1 19416 00 00 1442 109 00 00 00 00 
1 19416 00 00 1442 110 00 00 00 00 
00 19416 00 00 1441 109 00 00 00 00 
1 19416 00 00 1441 109 00 00 00 00 
00 19416 00 40 1441 110 3 145 1 7 
00 19416 00 41 1441 109 3 144 1 8 
1 19416 00 00 1441 109 00 00 00 00 
00 19416 00 00 1441 109 00 00 00 00 
00 19416 00 00 1441 110 00 00 00 00 
1 19416 00 00 1442 110 00 00 00 00 
00 19416 00 00 1442 110 00 00 00 00 
00 19416 00 40 1442 109 3 145 1 8 
1 19415 00 41 1441 110 3 144 1 8 
00 19416 00 00 1442 110 00 00 00 00 
1 19416 00 00 1442 109 00 00 00 00 
1 19416 00 00 1442 109 00 00 00 00 
1 19416 00 41 1442 109 3 144 1 8 
1 19416 00 41 1441 110 4 145 1 8 
1 19416 00 00 1441 110 00 00 00 00 
1 19416 00 00 1442 109 00 00 00 00 
1 19416 00 00 1441 109 00 00 00 00 
00 19415 00 40 1441 109 4 144 1 8 
00 19416 00 40 1441 109 4 145 1 8 
00 19416 00 00 1441 110 00 00 00 00 
00 19416 00 00 1442 109 00 00 00 00 
00 19415 00 00 1441 109 00 00 00 00 
1 19416 00 41 1441 109 3 144 1 7 
1 19416 00 40 1441 109 3 144 1 8 
1 19416 00 00 1441 109 00 00 00 00 
00 19416 00 00 1441 109 00 00 00 00 
00 19415 00 00 1442 109 00 00 00 00 
1 19416 00 40 1441 109 3 144 00 8 
1 19416 00 40 1441 109 3 144 1 7 
00 19415 00 00 1441 110 00 00 00 00 
1 19416 00 00 1442 109 00 00 00 00 
1 19416 00 00 1441 109 00 00 00 00 
1 19416 00 40 1442 109 4 144 1 8 
1 19416 00 40 1442 110 3 144 1 8 
1 19416 00 00 1441 109 00 00 00 00 
1 19416 00 00 1442 109 00 00 00 00 
1 19416 00 00 1441 110 00 00 00 00 
1 19416 00 00 1441 109 00 00 00 00 
00 19416 00 00 1441 110 00 00 00 00 
00 19416 00 41 1441 109 3 145 1 8 
1 19416 00 41 1441 109 3 144 1 8 
00 19416 00 00 1441 109 00 00 00 00 
00 19416 00 00 1442 109 00 00 00 00 
00 19415 00 00 1441 110 00 00 00 00 
00 19416 00 00 1441 110 00 00 00 00 
00 19416 00 00 1441 109 00 00 00 00 
1 19416 00 41 1441 109 3 144 1 7 
1 19416 00 40 1441 109 3 144 1 7 
00 19416 00 00 1441 109 00 00 00 00 
00 19415 00 00 1442 109 00 00 00 00 
00 19416 00 00 1442 109 00 00 00 00 
1 19416 00 40 1441 110 3 145 1 7 
1 19416 00 41 1442 109 3 145 1 8 
00 19416 00 00 1441 109 00 00 00 00 
1 19416 00 00 1441 109 00 00 00 00 
1 19416 00 00 1441 109 00 00 00 00 
1 19416 00 40 1442 109 3 145 1 7 
00 19416 00 40 1441 110 4 145 1 8 
00 19416 00 00 1441 109 00 00 00 00 
00 19415 00 00 1441 109 00 00 00 00 
1 19415 00 00 1441 110 00 00 00 00 
00 19416 00 40 1441 109 3 144 1 7 
00 19416 00 40 1441 110 3 144 1 7 
00 19416 00 00 1442 109 00 00 00 00 
1 19416 00 00 1442 109 00 00 00 00 
1 19416 00 00 1442 110 00 00 00 00 
00 19416 00 40 1442 109 4 145 1 7 
1 19416 00 40 1441 110 3 144 1 8 
00 19416 00 00 1441 110 00 00 00 00 
1 19416 00 00 1442 109 00 00 00 00 
1 19416 00 00 1441 109 00 00 00 00 
1 19416 00 40 1442 109 3 144 1 7 
1 19416 00 41 1442 109 3 144 1 7 
00 19416 00 00 1441 109 00 00 00 00 
00 19415 00 00 1441 109 00 00 00 00 
1 19416 00 00 1442 109 00 00 00 00 
00 19416 00 40 1441 109 4 144 1 8 
00 19415 00 41 1441 109 3 145 1 7 
1 19416 00 00 1441 110 00 00 00 00 
1 19416 00 00 1442 109 00 00 00 00 
00 19415 00 00 1441 109 00 00 00 00 
00 19415 00 41 1441 109 3 144 1 7 
1 19416 00 41 1441 109 3 145 1 7 
00 19416 00 00 1441 110 00 00 00 00 
00 19416 00 00 1441 109 00 00 00 00 
1 19415 00 00 1441 109 00 00 00 00 
00 19416 00 40 1442 110 3 144 1 8 
00 19415 00 40 1441 110 3 144 1 7 
00 19415 00 00 1441 109 00 00 00 00 
00 19416 00 00 1441 110 00 00 00 00 
1 19416 00 00 1442 110 00 00 00 00 
1 19416 00 40 1442 109 3 144 1 8 
00 19416 00 41 1442 109 3 144 1 8 
1 19415 00 00 1441 109 00 00 00 00 
00 19415 00 00 1441 110 00 00 00 00 
00 19416 00 00 1442 109 00 00 00 00 
1 19416 00 40 1441 109 3 145 1 7 
00 47 00 00 3 00 00 00 00 00 
00 48 00 00 4 1 00 00 00 00 
00 48 00 00 3 00 00 00 00 00 
00 47 00 00 3 1 00 00 00 00 
00 48 00 00 3 00 00 00 00 00 
