cctdif2d
volumeGrid 95
 (1.0000 1.5250 0.0000)  (1.4000 1.5250 0.0000)  (1.4000 1.1750 0.0000)  (1.0000 1.1750 0.0000) 
 (1.0000 1.1750 0.0000)  (1.4000 1.1750 0.0000)  (1.4000 0.82500 0.0000)  (1.0000 0.82500 0.0000) 
 (1.0000 0.82500 0.0000)  (1.4000 0.82500 0.0000)  (1.4000 0.47500 0.0000)  (1.0000 0.47500 0.0000) 
 (1.4000 1.5250 0.0000)  (1.8000 1.5250 0.0000)  (1.8000 1.1750 0.0000)  (1.4000 1.1750 0.0000) 
 (1.4000 1.1750 0.0000)  (1.8000 1.1750 0.0000)  (1.8000 0.82500 0.0000)  (1.4000 0.82500 0.0000) 
 (1.4000 0.82500 0.0000)  (1.8000 0.82500 0.0000)  (1.8000 0.47500 0.0000)  (1.4000 0.47500 0.0000) 
 (1.8000 1.5250 0.0000)  (2.2000 1.5250 0.0000)  (2.2000 1.1750 0.0000)  (1.8000 1.1750 0.0000) 
 (1.8000 1.1750 0.0000)  (2.2000 1.1750 0.0000)  (2.2000 0.82500 0.0000)  (1.8000 0.82500 0.0000) 
 (1.8000 0.82500 0.0000)  (2.2000 0.82500 0.0000)  (2.2000 0.47500 0.0000)  (1.8000 0.47500 0.0000) 
 (2.2000 1.5250 0.0000)  (2.6000 1.5250 0.0000)  (2.6000 1.1750 0.0000)  (2.2000 1.1750 0.0000) 
 (2.2000 1.1750 0.0000)  (2.6000 1.1750 0.0000)  (2.6000 0.82500 0.0000)  (2.2000 0.82500 0.0000) 
 (2.2000 0.82500 0.0000)  (2.6000 0.82500 0.0000)  (2.6000 0.47500 0.0000)  (2.2000 0.47500 0.0000) 
 (2.6000 1.5250 0.0000)  (3.0000 1.5250 0.0000)  (3.0000 1.1750 0.0000)  (2.6000 1.1750 0.0000) 
 (2.6000 1.1750 0.0000)  (3.0000 1.1750 0.0000)  (3.0000 0.82500 0.0000)  (2.6000 0.82500 0.0000) 
 (2.6000 0.82500 0.0000)  (3.0000 0.82500 0.0000)  (3.0000 0.47500 0.0000)  (2.6000 0.47500 0.0000) 
 (3.0133 0.89956 0.0000)  (3.1497 0.89047 0.0000)  (3.1408 0.75743 0.0000)  (3.0044 0.76652 0.0000) 
 (3.0044 0.76652 0.0000)  (3.1408 0.75743 0.0000)  (3.1319 0.62439 0.0000)  (2.9956 0.63348 0.0000) 
 (2.9956 0.63348 0.0000)  (3.1319 0.62439 0.0000)  (3.1231 0.49135 0.0000)  (2.9867 0.50044 0.0000) 
 (3.1497 0.89047 0.0000)  (3.2860 0.88138 0.0000)  (3.2772 0.74834 0.0000)  (3.1408 0.75743 0.0000) 
 (3.1408 0.75743 0.0000)  (3.2772 0.74834 0.0000)  (3.2683 0.61530 0.0000)  (3.1319 0.62439 0.0000) 
 (3.1319 0.62439 0.0000)  (3.2683 0.61530 0.0000)  (3.2594 0.48226 0.0000)  (3.1231 0.49135 0.0000) 
 (3.2860 0.88138 0.0000)  (3.4224 0.87228 0.0000)  (3.4135 0.73925 0.0000)  (3.2772 0.74834 0.0000) 
 (3.2772 0.74834 0.0000)  (3.4135 0.73925 0.0000)  (3.4047 0.60621 0.0000)  (3.2683 0.61530 0.0000) 
 (3.2683 0.61530 0.0000)  (3.4047 0.60621 0.0000)  (3.3958 0.47317 0.0000)  (3.2594 0.48226 0.0000) 
 (3.4224 0.87228 0.0000)  (3.5588 0.86319 0.0000)  (3.5499 0.73016 0.0000)  (3.4135 0.73925 0.0000) 
 (3.4135 0.73925 0.0000)  (3.5499 0.73016 0.0000)  (3.5410 0.59712 0.0000)  (3.4047 0.60621 0.0000) 
 (3.4047 0.60621 0.0000)  (3.5410 0.59712 0.0000)  (3.5322 0.46408 0.0000)  (3.3958 0.47317 0.0000) 
 (3.5588 0.86319 0.0000)  (3.6951 0.85410 0.0000)  (3.6863 0.72106 0.0000)  (3.5499 0.73016 0.0000) 
 (3.5499 0.73016 0.0000)  (3.6863 0.72106 0.0000)  (3.6774 0.58803 0.0000)  (3.5410 0.59712 0.0000) 
 (3.5410 0.59712 0.0000)  (3.6774 0.58803 0.0000)  (3.6685 0.45499 0.0000)  (3.5322 0.46408 0.0000) 
 (3.6951 0.85410 0.0000)  (3.8315 0.84501 0.0000)  (3.8226 0.71197 0.0000)  (3.6863 0.72106 0.0000) 
 (3.6863 0.72106 0.0000)  (3.8226 0.71197 0.0000)  (3.8137 0.57894 0.0000)  (3.6774 0.58803 0.0000) 
 (3.6774 0.58803 0.0000)  (3.8137 0.57894 0.0000)  (3.8049 0.44590 0.0000)  (3.6685 0.45499 0.0000) 
 (3.8315 0.84501 0.0000)  (3.9678 0.83592 0.0000)  (3.9590 0.70288 0.0000)  (3.8226 0.71197 0.0000) 
 (3.8226 0.71197 0.0000)  (3.9590 0.70288 0.0000)  (3.9501 0.56984 0.0000)  (3.8137 0.57894 0.0000) 
 (3.8137 0.57894 0.0000)  (3.9501 0.56984 0.0000)  (3.9412 0.43681 0.0000)  (3.8049 0.44590 0.0000) 
 (3.9678 0.83592 0.0000)  (4.1042 0.82683 0.0000)  (4.0953 0.69379 0.0000)  (3.9590 0.70288 0.0000) 
 (3.9590 0.70288 0.0000)  (4.0953 0.69379 0.0000)  (4.0865 0.56075 0.0000)  (3.9501 0.56984 0.0000) 
 (3.9501 0.56984 0.0000)  (4.0865 0.56075 0.0000)  (4.0776 0.42772 0.0000)  (3.9412 0.43681 0.0000) 
 (4.1042 0.82683 0.0000)  (4.2406 0.81774 0.0000)  (4.2317 0.68470 0.0000)  (4.0953 0.69379 0.0000) 
 (4.0953 0.69379 0.0000)  (4.2317 0.68470 0.0000)  (4.2228 0.55166 0.0000)  (4.0865 0.56075 0.0000) 
 (4.0865 0.56075 0.0000)  (4.2228 0.55166 0.0000)  (4.2140 0.41862 0.0000)  (4.0776 0.42772 0.0000) 
 (4.2406 0.81774 0.0000)  (4.3769 0.80865 0.0000)  (4.3681 0.67561 0.0000)  (4.2317 0.68470 0.0000) 
 (4.2317 0.68470 0.0000)  (4.3681 0.67561 0.0000)  (4.3592 0.54257 0.0000)  (4.2228 0.55166 0.0000) 
 (4.2228 0.55166 0.0000)  (4.3592 0.54257 0.0000)  (4.3503 0.40953 0.0000)  (4.2140 0.41862 0.0000) 
 (4.3769 0.80865 0.0000)  (4.5133 0.79956 0.0000)  (4.5044 0.66652 0.0000)  (4.3681 0.67561 0.0000) 
 (4.3681 0.67561 0.0000)  (4.5044 0.66652 0.0000)  (4.4956 0.53348 0.0000)  (4.3592 0.54257 0.0000) 
 (4.3592 0.54257 0.0000)  (4.4956 0.53348 0.0000)  (4.4867 0.40044 0.0000)  (4.3503 0.40953 0.0000) 
 (4.5133 0.79956 0.0000)  (4.6497 0.79047 0.0000)  (4.6408 0.65743 0.0000)  (4.5044 0.66652 0.0000) 
 (4.5044 0.66652 0.0000)  (4.6408 0.65743 0.0000)  (4.6319 0.52439 0.0000)  (4.4956 0.53348 0.0000) 
 (4.4956 0.53348 0.0000)  (4.6319 0.52439 0.0000)  (4.6231 0.39135 0.0000)  (4.4867 0.40044 0.0000) 
 (4.6497 0.79047 0.0000)  (4.7860 0.78138 0.0000)  (4.7772 0.64834 0.0000)  (4.6408 0.65743 0.0000) 
 (4.6408 0.65743 0.0000)  (4.7772 0.64834 0.0000)  (4.7683 0.51530 0.0000)  (4.6319 0.52439 0.0000) 
 (4.6319 0.52439 0.0000)  (4.7683 0.51530 0.0000)  (4.7594 0.38226 0.0000)  (4.6231 0.39135 0.0000) 
 (4.7860 0.78138 0.0000)  (4.9224 0.77228 0.0000)  (4.9135 0.63925 0.0000)  (4.7772 0.64834 0.0000) 
 (4.7772 0.64834 0.0000)  (4.9135 0.63925 0.0000)  (4.9047 0.50621 0.0000)  (4.7683 0.51530 0.0000) 
 (4.7683 0.51530 0.0000)  (4.9047 0.50621 0.0000)  (4.8958 0.37317 0.0000)  (4.7594 0.38226 0.0000) 
 (4.9224 0.77228 0.0000)  (5.0588 0.76319 0.0000)  (5.0499 0.63016 0.0000)  (4.9135 0.63925 0.0000) 
 (4.9135 0.63925 0.0000)  (5.0499 0.63016 0.0000)  (5.0410 0.49712 0.0000)  (4.9047 0.50621 0.0000) 
 (4.9047 0.50621 0.0000)  (5.0410 0.49712 0.0000)  (5.0322 0.36408 0.0000)  (4.8958 0.37317 0.0000) 
 (5.0499 0.63016 0.0000)  (5.1863 0.62106 0.0000)  (5.1774 0.48803 0.0000)  (5.0410 0.49712 0.0000) 
 (5.1863 0.62106 0.0000)  (5.3226 0.61197 0.0000)  (5.3137 0.47894 0.0000)  (5.1774 0.48803 0.0000) 
 (5.3226 0.61197 0.0000)  (5.4590 0.60288 0.0000)  (5.4501 0.46984 0.0000)  (5.3137 0.47894 0.0000) 
 (5.4590 0.60288 0.0000)  (5.5953 0.59379 0.0000)  (5.5865 0.46075 0.0000)  (5.4501 0.46984 0.0000) 
 (5.5953 0.59379 0.0000)  (5.7317 0.58470 0.0000)  (5.7228 0.45166 0.0000)  (5.5865 0.46075 0.0000) 
 (5.7317 0.58470 0.0000)  (5.8681 0.57561 0.0000)  (5.8592 0.44257 0.0000)  (5.7228 0.45166 0.0000) 
 (5.8681 0.57561 0.0000)  (6.0044 0.56652 0.0000)  (5.9956 0.43348 0.0000)  (5.8592 0.44257 0.0000) 
 (2.9042 1.5193 0.0000)  (3.0471 1.5621 0.0000)  (3.0854 1.4344 0.0000)  (2.9425 1.3916 0.0000) 
 (2.9425 1.3916 0.0000)  (3.0854 1.4344 0.0000)  (3.1237 1.3067 0.0000)  (2.9808 1.2639 0.0000) 
 (2.9808 1.2639 0.0000)  (3.1237 1.3067 0.0000)  (3.1620 1.1790 0.0000)  (3.0192 1.1361 0.0000) 
 (3.0192 1.1361 0.0000)  (3.1620 1.1790 0.0000)  (3.2003 1.0513 0.0000)  (3.0575 1.0084 0.0000) 
 (3.0575 1.0084 0.0000)  (3.2003 1.0513 0.0000)  (3.2386 0.92358 0.0000)  (3.0958 0.88072 0.0000) 
 (3.0854 1.4344 0.0000)  (3.2282 1.4773 0.0000)  (3.2666 1.3496 0.0000)  (3.1237 1.3067 0.0000) 
 (3.1237 1.3067 0.0000)  (3.2666 1.3496 0.0000)  (3.3049 1.2219 0.0000)  (3.1620 1.1790 0.0000) 
 (3.1620 1.1790 0.0000)  (3.3049 1.2219 0.0000)  (3.3432 1.0941 0.0000)  (3.2003 1.0513 0.0000) 
 (3.2282 1.4773 0.0000)  (3.3711 1.5201 0.0000)  (3.4094 1.3924 0.0000)  (3.2666 1.3496 0.0000) 
 (3.2666 1.3496 0.0000)  (3.4094 1.3924 0.0000)  (3.4477 1.2647 0.0000)  (3.3049 1.2219 0.0000) 
 (3.3049 1.2219 0.0000)  (3.4477 1.2647 0.0000)  (3.4860 1.1370 0.0000)  (3.3432 1.0941 0.0000) 
 (3.3711 1.5201 0.0000)  (3.5140 1.5630 0.0000)  (3.5523 1.4353 0.0000)  (3.4094 1.3924 0.0000) 
 (3.4094 1.3924 0.0000)  (3.5523 1.4353 0.0000)  (3.5906 1.3076 0.0000)  (3.4477 1.2647 0.0000) 
 (3.4477 1.2647 0.0000)  (3.5906 1.3076 0.0000)  (3.6289 1.1799 0.0000)  (3.4860 1.1370 0.0000) 
 (3.5140 1.5630 0.0000)  (3.6568 1.6059 0.0000)  (3.6951 1.4781 0.0000)  (3.5523 1.4353 0.0000) 
 (3.5523 1.4353 0.0000)  (3.6951 1.4781 0.0000)  (3.7334 1.3504 0.0000)  (3.5906 1.3076 0.0000) 
 (3.5906 1.3076 0.0000)  (3.7334 1.3504 0.0000)  (3.7718 1.2227 0.0000)  (3.6289 1.1799 0.0000) 
 (3.6568 1.6059 0.0000)  (3.7997 1.6487 0.0000)  (3.8380 1.5210 0.0000)  (3.6951 1.4781 0.0000) 
 (3.6951 1.4781 0.0000)  (3.8380 1.5210 0.0000)  (3.8763 1.3933 0.0000)  (3.7334 1.3504 0.0000) 
 (3.7334 1.3504 0.0000)  (3.8763 1.3933 0.0000)  (3.9146 1.2656 0.0000)  (3.7718 1.2227 0.0000) 
 (3.8380 1.5210 0.0000)  (3.9808 1.5639 0.0000)  (4.0192 1.4361 0.0000)  (3.8763 1.3933 0.0000) 
 (4.0000 1.5667 0.0000)  (4.1429 1.5667 0.0000)  (4.1429 1.4333 0.0000)  (4.0000 1.4333 0.0000) 
 (4.1429 1.5667 0.0000)  (4.2857 1.5667 0.0000)  (4.2857 1.4333 0.0000)  (4.1429 1.4333 0.0000) 
 (4.2857 1.5667 0.0000)  (4.4286 1.5667 0.0000)  (4.4286 1.4333 0.0000)  (4.2857 1.4333 0.0000) 
 (4.4286 1.5667 0.0000)  (4.5714 1.5667 0.0000)  (4.5714 1.4333 0.0000)  (4.4286 1.4333 0.0000) 
 (4.5714 1.5667 0.0000)  (4.7143 1.5667 0.0000)  (4.7143 1.4333 0.0000)  (4.5714 1.4333 0.0000) 
 (4.7143 1.5667 0.0000)  (4.8571 1.5667 0.0000)  (4.8571 1.4333 0.0000)  (4.7143 1.4333 0.0000) 
 (4.8571 1.5667 0.0000)  (5.0000 1.5667 0.0000)  (5.0000 1.4333 0.0000)  (4.8571 1.4333 0.0000) 
gridConcentrations 95 1 0.0 cAMP 
0.0 
0.0 
0.0 
0.0 
0.0 
0.0 
0.0 
0.0 
0.0 
0.0 
0.0 
0.0 
0.0 
0.0 
0.0 
0.0 
0.0 
0.0 
0.0 
0.0 
0.0 
0.0 
0.0 
0.0 
0.0 
0.0 
0.0 
0.0 
0.0 
0.0 
0.0 
0.0 
0.0 
0.0 
0.0 
0.0 
0.0 
0.0 
0.0 
0.0 
0.0 
0.0 
0.0 
0.0 
0.0 
0.0 
0.0 
0.0 
0.0 
0.0 
0.0 
0.0 
0.0 
0.0 
0.0 
0.0 
0.0 
0.0 
0.0 
0.0 
0.0 
0.0 
0.0 
0.0 
0.0 
0.0 
0.0 
0.0 
0.0 
0.0 
0.0 
0.0 
0.0 
0.0 
0.0 
0.0 
0.0 
0.0 
0.0 
0.0 
0.0 
0.0 
0.0 
0.0 
0.0 
0.0 
0.0 
0.0 
19834 
19834 
20051 
20051 
20051 
20051 
19834 
gridConcentrations 95 1 1.0000000000000007 cAMP 
0.0 
0.0 
0.0 
0.0 
0.0 
0.0 
0.0 
29.653 
29.653 
88.960 
29.653 
59.306 
296.53 
148.27 
29.653 
227.82 
0.0 
0.0 
0.0 
0.0 
0.0 
0.0 
0.0 
0.0 
0.0 
0.0 
0.0 
0.0 
0.0 
0.0 
0.0 
0.0 
0.0 
0.0 
0.0 
0.0 
0.0 
0.0 
0.0 
0.0 
0.0 
0.0 
0.0 
0.0 
0.0 
0.0 
0.0 
0.0 
0.0 
0.0 
0.0 
0.0 
0.0 
0.0 
0.0 
0.0 
0.0 
0.0 
0.0 
0.0 
0.0 
0.0 
0.0 
0.0 
0.0 
0.0 
0.0 
626.28 
417.52 
1043.8 
208.76 
626.28 
626.28 
1461.3 
626.28 
2713.9 
1670.1 
1461.3 
1461.3 
2296.3 
2505.1 
1878.8 
2505.1 
4175.2 
4175.2 
4801.5 
4383.9 
5636.5 
5666.7 
12205 
8500.1 
12859 
14603 
16346 
16782 
gridConcentrations 95 1 1.9999999999998905 cAMP 
88.960 
0.0 
0.0 
29.653 
59.306 
29.653 
59.306 
148.27 
0.0 
296.53 
148.27 
207.57 
859.94 
385.49 
88.960 
0.0 
0.0 
683.47 
0.0 
0.0 
227.82 
227.82 
0.0 
0.0 
0.0 
227.82 
0.0 
0.0 
227.82 
0.0 
0.0 
0.0 
227.82 
227.82 
0.0 
0.0 
0.0 
227.82 
0.0 
0.0 
0.0 
0.0 
0.0 
0.0 
227.82 
0.0 
0.0 
0.0 
0.0 
0.0 
0.0 
0.0 
0.0 
0.0 
0.0 
0.0 
0.0 
0.0 
0.0 
0.0 
0.0 
0.0 
0.0 
0.0 
0.0 
0.0 
0.0 
626.28 
1043.8 
626.28 
1670.1 
626.28 
1043.8 
1461.3 
1043.8 
2087.6 
2713.9 
2505.1 
3966.4 
3548.9 
1670.1 
2922.6 
2922.6 
4175.2 
3757.7 
2922.6 
4383.9 
6889.0 
5884.7 
8500.1 
8936.0 
8064.2 
9807.8 
10244 
13295 
gridConcentrations 95 1 2.9999999999997806 cAMP 
148.27 
88.960 
29.653 
118.61 
88.960 
88.960 
237.23 
148.27 
237.23 
355.84 
415.14 
326.18 
978.55 
800.64 
296.53 
455.65 
0.0 
0.0 
1139.1 
0.0 
227.82 
455.65 
455.65 
227.82 
455.65 
0.0 
0.0 
455.65 
683.47 
0.0 
0.0 
227.82 
0.0 
227.82 
0.0 
227.82 
0.0 
0.0 
0.0 
0.0 
0.0 
227.82 
0.0 
0.0 
0.0 
0.0 
0.0 
0.0 
0.0 
0.0 
0.0 
0.0 
227.82 
0.0 
0.0 
0.0 
227.82 
0.0 
0.0 
0.0 
0.0 
0.0 
0.0 
0.0 
0.0 
0.0 
0.0 
1043.8 
1461.3 
835.04 
626.28 
626.28 
2713.9 
1878.8 
3966.4 
1670.1 
3340.1 
2087.6 
2087.6 
2087.6 
2713.9 
4592.7 
1878.8 
3131.4 
3966.4 
3757.7 
3131.4 
2505.1 
5230.8 
5666.7 
5230.8 
8064.2 
9153.9 
6756.5 
9589.8 
gridConcentrations 95 1 3.9999999999996705 cAMP 
148.27 
88.960 
148.27 
296.53 
326.18 
385.49 
415.14 
296.53 
326.18 
622.72 
444.80 
444.80 
1126.8 
919.25 
474.45 
227.82 
455.65 
227.82 
0.0 
683.47 
227.82 
0.0 
227.82 
227.82 
227.82 
683.47 
227.82 
227.82 
0.0 
227.82 
0.0 
0.0 
227.82 
0.0 
0.0 
455.65 
455.65 
455.65 
455.65 
0.0 
227.82 
227.82 
0.0 
227.82 
0.0 
0.0 
0.0 
0.0 
0.0 
227.82 
0.0 
0.0 
0.0 
0.0 
0.0 
0.0 
0.0 
0.0 
0.0 
0.0 
227.82 
0.0 
0.0 
0.0 
0.0 
0.0 
0.0 
835.04 
1878.8 
1670.1 
1043.8 
1461.3 
1461.3 
1461.3 
1461.3 
2296.3 
2505.1 
1043.8 
1461.3 
835.04 
3131.4 
3966.4 
3548.9 
2505.1 
2296.3 
2713.9 
4175.2 
2713.9 
3705.2 
4141.1 
6756.5 
6102.6 
5230.8 
5012.9 
8064.2 
gridConcentrations 95 1 5.000000000000004 cAMP 
296.53 
148.27 
237.23 
355.84 
326.18 
593.06 
474.45 
474.45 
474.45 
622.72 
770.98 
474.45 
889.60 
859.94 
563.41 
455.65 
911.29 
0.0 
911.29 
683.47 
227.82 
1139.1 
683.47 
227.82 
455.65 
227.82 
227.82 
227.82 
455.65 
683.47 
455.65 
911.29 
455.65 
227.82 
0.0 
227.82 
683.47 
0.0 
0.0 
227.82 
683.47 
911.29 
0.0 
0.0 
0.0 
0.0 
0.0 
0.0 
0.0 
455.65 
227.82 
0.0 
0.0 
227.82 
0.0 
0.0 
0.0 
0.0 
0.0 
0.0 
455.65 
0.0 
0.0 
0.0 
0.0 
0.0 
0.0 
1043.8 
835.04 
1878.8 
1043.8 
626.28 
1670.1 
2505.1 
1670.1 
1670.1 
835.04 
1670.1 
2087.6 
2087.6 
1461.3 
2922.6 
2087.6 
1878.8 
2505.1 
2087.6 
2296.3 
3548.9 
3487.2 
5012.9 
4141.1 
3705.2 
4359.0 
5012.9 
5230.8 
gridConcentrations 95 1 6.000000000000338 cAMP 
385.49 
385.49 
326.18 
385.49 
504.10 
444.80 
682.02 
444.80 
682.02 
741.33 
682.02 
770.98 
889.60 
1156.5 
622.72 
227.82 
683.47 
227.82 
227.82 
455.65 
227.82 
455.65 
0.0 
227.82 
0.0 
683.47 
683.47 
227.82 
227.82 
455.65 
455.65 
911.29 
455.65 
227.82 
455.65 
683.47 
455.65 
455.65 
455.65 
455.65 
683.47 
455.65 
227.82 
227.82 
227.82 
227.82 
455.65 
0.0 
0.0 
227.82 
0.0 
227.82 
227.82 
455.65 
0.0 
0.0 
227.82 
227.82 
0.0 
227.82 
455.65 
0.0 
0.0 
0.0 
0.0 
0.0 
0.0 
1461.3 
835.04 
626.28 
835.04 
626.28 
2296.3 
1461.3 
2505.1 
1043.8 
1878.8 
626.28 
1878.8 
3340.1 
1670.1 
1878.8 
1252.6 
1878.8 
1252.6 
2505.1 
1670.1 
2296.3 
2397.5 
2615.4 
1961.6 
4141.1 
2833.4 
3923.1 
5448.8 
gridConcentrations 95 1 7.000000000000672 cAMP 
800.64 
296.53 
355.84 
326.18 
533.76 
919.25 
622.72 
652.37 
533.76 
741.33 
355.84 
622.72 
1067.5 
474.45 
948.90 
227.82 
227.82 
683.47 
455.65 
911.29 
227.82 
911.29 
683.47 
683.47 
227.82 
455.65 
911.29 
0.0 
455.65 
1366.9 
911.29 
227.82 
227.82 
227.82 
227.82 
455.65 
0.0 
683.47 
455.65 
227.82 
455.65 
455.65 
911.29 
227.82 
227.82 
455.65 
683.47 
227.82 
455.65 
0.0 
0.0 
0.0 
455.65 
227.82 
455.65 
0.0 
227.82 
455.65 
455.65 
0.0 
0.0 
227.82 
0.0 
0.0 
227.82 
227.82 
227.82 
1252.6 
1252.6 
835.04 
1043.8 
1670.1 
1461.3 
1461.3 
1670.1 
1670.1 
1043.8 
1670.1 
1878.8 
1461.3 
2087.6 
1878.8 
1252.6 
1252.6 
1252.6 
2087.6 
2087.6 
1670.1 
2615.4 
2179.5 
3051.3 
2615.4 
2397.5 
1961.6 
5012.9 
gridConcentrations 95 1 8.000000000001005 cAMP 
593.06 
533.76 
504.10 
593.06 
622.72 
504.10 
504.10 
474.45 
593.06 
859.94 
919.25 
889.60 
859.94 
948.90 
770.98 
683.47 
0.0 
911.29 
683.47 
455.65 
455.65 
683.47 
227.82 
455.65 
911.29 
455.65 
455.65 
683.47 
227.82 
683.47 
227.82 
683.47 
683.47 
683.47 
683.47 
227.82 
227.82 
0.0 
455.65 
911.29 
0.0 
227.82 
455.65 
455.65 
455.65 
0.0 
227.82 
227.82 
911.29 
0.0 
455.65 
227.82 
227.82 
227.82 
683.47 
0.0 
0.0 
683.47 
0.0 
455.65 
455.65 
455.65 
0.0 
455.65 
227.82 
227.82 
0.0 
626.28 
1878.8 
1043.8 
1043.8 
1252.6 
1043.8 
1043.8 
835.04 
1461.3 
1252.6 
2296.3 
835.04 
1252.6 
1878.8 
1461.3 
1461.3 
626.28 
1461.3 
1043.8 
1670.1 
2296.3 
1307.7 
1525.7 
2397.5 
2397.5 
2397.5 
1961.6 
4359.0 
gridConcentrations 95 1 9.000000000000451 cAMP 
563.41 
622.72 
682.02 
415.14 
563.41 
770.98 
711.68 
948.90 
652.37 
652.37 
978.55 
444.80 
800.64 
889.60 
622.72 
683.47 
227.82 
2050.4 
227.82 
455.65 
227.82 
683.47 
683.47 
227.82 
227.82 
455.65 
227.82 
455.65 
227.82 
455.65 
683.47 
911.29 
1139.1 
455.65 
911.29 
227.82 
227.82 
227.82 
1139.1 
0.0 
227.82 
455.65 
0.0 
227.82 
455.65 
227.82 
683.47 
227.82 
227.82 
683.47 
0.0 
683.47 
455.65 
0.0 
227.82 
227.82 
0.0 
227.82 
227.82 
683.47 
683.47 
227.82 
227.82 
455.65 
455.65 
0.0 
227.82 
417.52 
1252.6 
835.04 
1461.3 
835.04 
835.04 
2087.6 
1461.3 
2087.6 
626.28 
1461.3 
1461.3 
1043.8 
417.52 
2087.6 
1252.6 
835.04 
1043.8 
1461.3 
208.76 
1252.6 
2179.5 
1743.6 
3705.2 
3051.3 
1961.6 
1961.6 
2833.4 
gridConcentrations 95 1 9.999999999999897 cAMP 
415.14 
593.06 
474.45 
770.98 
711.68 
682.02 
622.72 
830.29 
1008.2 
682.02 
919.25 
889.60 
830.29 
652.37 
622.72 
911.29 
911.29 
683.47 
911.29 
683.47 
227.82 
455.65 
455.65 
683.47 
227.82 
683.47 
2278.2 
455.65 
455.65 
911.29 
227.82 
455.65 
455.65 
455.65 
0.0 
911.29 
455.65 
227.82 
683.47 
227.82 
0.0 
455.65 
455.65 
911.29 
683.47 
911.29 
0.0 
455.65 
0.0 
227.82 
455.65 
227.82 
227.82 
911.29 
227.82 
0.0 
227.82 
0.0 
227.82 
0.0 
227.82 
227.82 
227.82 
455.65 
227.82 
227.82 
683.47 
208.76 
417.52 
835.04 
1043.8 
1043.8 
1043.8 
626.28 
1461.3 
835.04 
835.04 
1670.1 
835.04 
2087.6 
417.52 
2505.1 
1252.6 
1043.8 
2296.3 
626.28 
1252.6 
1043.8 
1307.7 
871.80 
1743.6 
3487.2 
2833.4 
1961.6 
1525.7 
gridConcentrations 95 1 10.999999999999343 cAMP 
563.41 
652.37 
563.41 
800.64 
770.98 
770.98 
652.37 
711.68 
563.41 
711.68 
859.94 
741.33 
711.68 
800.64 
948.90 
683.47 
683.47 
911.29 
683.47 
455.65 
683.47 
911.29 
0.0 
455.65 
911.29 
455.65 
683.47 
683.47 
683.47 
227.82 
455.65 
455.65 
455.65 
683.47 
455.65 
911.29 
455.65 
683.47 
683.47 
227.82 
1139.1 
455.65 
455.65 
0.0 
683.47 
227.82 
455.65 
0.0 
227.82 
227.82 
911.29 
0.0 
0.0 
683.47 
227.82 
0.0 
455.65 
911.29 
0.0 
683.47 
455.65 
227.82 
455.65 
911.29 
0.0 
455.65 
683.47 
1252.6 
1043.8 
1461.3 
208.76 
835.04 
1043.8 
208.76 
1043.8 
835.04 
1043.8 
1043.8 
1043.8 
2087.6 
417.52 
1878.8 
1461.3 
1461.3 
1252.6 
1252.6 
1878.8 
1670.1 
435.90 
1525.7 
1743.6 
1307.7 
1743.6 
1743.6 
1743.6 
gridConcentrations 95 1 11.999999999998789 cAMP 
711.68 
563.41 
474.45 
800.64 
682.02 
711.68 
711.68 
652.37 
770.98 
889.60 
830.29 
741.33 
711.68 
1008.2 
711.68 
455.65 
1366.9 
227.82 
455.65 
455.65 
0.0 
683.47 
911.29 
455.65 
911.29 
2050.4 
683.47 
227.82 
227.82 
455.65 
683.47 
911.29 
911.29 
227.82 
911.29 
0.0 
227.82 
227.82 
0.0 
455.65 
455.65 
0.0 
1139.1 
683.47 
0.0 
227.82 
227.82 
0.0 
227.82 
683.47 
227.82 
683.47 
227.82 
911.29 
455.65 
1139.1 
227.82 
1139.1 
455.65 
0.0 
455.65 
227.82 
911.29 
227.82 
455.65 
0.0 
0.0 
835.04 
1043.8 
1461.3 
626.28 
1252.6 
1252.6 
2087.6 
2296.3 
626.28 
1043.8 
1043.8 
1878.8 
417.52 
835.04 
1461.3 
1252.6 
1043.8 
208.76 
1878.8 
835.04 
1043.8 
435.90 
1961.6 
653.85 
2179.5 
1307.7 
1307.7 
1307.7 
gridConcentrations 95 1 12.999999999998234 cAMP 
770.98 
770.98 
622.72 
711.68 
474.45 
711.68 
978.55 
682.02 
770.98 
593.06 
889.60 
652.37 
1008.2 
859.94 
859.94 
455.65 
1366.9 
455.65 
1139.1 
911.29 
911.29 
1139.1 
683.47 
683.47 
911.29 
455.65 
455.65 
455.65 
227.82 
0.0 
683.47 
455.65 
455.65 
0.0 
455.65 
911.29 
455.65 
227.82 
455.65 
455.65 
227.82 
1139.1 
683.47 
455.65 
227.82 
455.65 
227.82 
455.65 
683.47 
455.65 
455.65 
227.82 
455.65 
455.65 
455.65 
455.65 
0.0 
911.29 
455.65 
455.65 
455.65 
455.65 
0.0 
455.65 
0.0 
0.0 
455.65 
1043.8 
835.04 
835.04 
626.28 
1461.3 
835.04 
626.28 
835.04 
208.76 
1878.8 
1043.8 
835.04 
1043.8 
1461.3 
835.04 
1252.6 
835.04 
1043.8 
626.28 
1043.8 
1043.8 
1743.6 
1307.7 
871.80 
1089.8 
1307.7 
1307.7 
2615.4 
gridConcentrations 95 1 13.99999999999768 cAMP 
563.41 
830.29 
444.80 
770.98 
563.41 
889.60 
652.37 
741.33 
682.02 
1008.2 
1097.2 
711.68 
919.25 
682.02 
830.29 
911.29 
1366.9 
455.65 
455.65 
1139.1 
683.47 
911.29 
227.82 
227.82 
0.0 
1366.9 
683.47 
683.47 
455.65 
455.65 
683.47 
455.65 
683.47 
683.47 
455.65 
1139.1 
911.29 
227.82 
683.47 
683.47 
683.47 
455.65 
1139.1 
455.65 
683.47 
911.29 
0.0 
0.0 
455.65 
683.47 
227.82 
0.0 
227.82 
683.47 
683.47 
683.47 
227.82 
0.0 
227.82 
683.47 
227.82 
227.82 
0.0 
227.82 
455.65 
227.82 
683.47 
208.76 
1043.8 
835.04 
417.52 
1043.8 
835.04 
1670.1 
1043.8 
626.28 
835.04 
1043.8 
835.04 
626.28 
835.04 
1252.6 
835.04 
417.52 
626.28 
1461.3 
2087.6 
835.04 
1525.7 
871.80 
1525.7 
871.80 
1307.7 
1743.6 
1307.7 
gridConcentrations 95 1 14.999999999997126 cAMP 
711.68 
830.29 
741.33 
474.45 
711.68 
652.37 
889.60 
652.37 
741.33 
682.02 
770.98 
859.94 
889.60 
741.33 
770.98 
1139.1 
911.29 
0.0 
683.47 
911.29 
1139.1 
455.65 
683.47 
455.65 
911.29 
911.29 
683.47 
455.65 
683.47 
1366.9 
911.29 
455.65 
0.0 
683.47 
227.82 
455.65 
455.65 
455.65 
1139.1 
683.47 
455.65 
1366.9 
683.47 
455.65 
1139.1 
911.29 
1139.1 
0.0 
227.82 
227.82 
683.47 
227.82 
0.0 
227.82 
0.0 
455.65 
455.65 
455.65 
227.82 
0.0 
455.65 
683.47 
227.82 
227.82 
683.47 
455.65 
911.29 
835.04 
1878.8 
835.04 
1461.3 
1043.8 
1043.8 
1252.6 
417.52 
1043.8 
0.0 
835.04 
1043.8 
1252.6 
1252.6 
208.76 
1043.8 
1461.3 
626.28 
835.04 
626.28 
1043.8 
435.90 
1307.7 
2179.5 
1961.6 
871.80 
871.80 
871.80 
gridConcentrations 95 1 15.999999999996572 cAMP 
770.98 
622.72 
622.72 
741.33 
800.64 
1156.5 
652.37 
682.02 
830.29 
682.02 
919.25 
741.33 
859.94 
533.76 
711.68 
683.47 
1139.1 
455.65 
455.65 
911.29 
911.29 
1139.1 
1139.1 
683.47 
227.82 
1139.1 
455.65 
455.65 
455.65 
1366.9 
455.65 
911.29 
1139.1 
683.47 
455.65 
911.29 
0.0 
683.47 
911.29 
0.0 
0.0 
683.47 
911.29 
911.29 
227.82 
683.47 
0.0 
683.47 
911.29 
227.82 
227.82 
227.82 
683.47 
227.82 
911.29 
227.82 
455.65 
227.82 
911.29 
683.47 
911.29 
227.82 
227.82 
455.65 
227.82 
683.47 
227.82 
835.04 
417.52 
835.04 
1461.3 
1252.6 
208.76 
835.04 
1043.8 
208.76 
208.76 
626.28 
626.28 
1043.8 
1252.6 
835.04 
208.76 
1043.8 
1461.3 
1252.6 
1252.6 
1043.8 
1307.7 
871.80 
1089.8 
1743.6 
871.80 
435.90 
1961.6 
gridConcentrations 95 1 16.999999999997794 cAMP 
652.37 
889.60 
741.33 
859.94 
741.33 
563.41 
978.55 
533.76 
800.64 
563.41 
859.94 
800.64 
800.64 
682.02 
948.90 
455.65 
455.65 
227.82 
683.47 
683.47 
1366.9 
0.0 
911.29 
455.65 
911.29 
227.82 
227.82 
683.47 
1366.9 
683.47 
911.29 
683.47 
911.29 
683.47 
227.82 
911.29 
911.29 
455.65 
911.29 
1139.1 
227.82 
0.0 
0.0 
227.82 
227.82 
227.82 
1366.9 
683.47 
455.65 
683.47 
911.29 
683.47 
683.47 
227.82 
1139.1 
227.82 
227.82 
683.47 
911.29 
683.47 
455.65 
455.65 
455.65 
455.65 
0.0 
455.65 
0.0 
1043.8 
835.04 
1252.6 
2087.6 
208.76 
208.76 
1043.8 
835.04 
417.52 
417.52 
1461.3 
1252.6 
626.28 
835.04 
626.28 
208.76 
1461.3 
835.04 
1252.6 
1043.8 
208.76 
217.95 
653.85 
2615.4 
871.80 
1307.7 
1307.7 
1307.7 
gridConcentrations 95 1 17.999999999999016 cAMP 
948.90 
978.55 
770.98 
859.94 
355.84 
830.29 
741.33 
830.29 
830.29 
593.06 
948.90 
474.45 
652.37 
711.68 
830.29 
683.47 
227.82 
227.82 
1139.1 
1139.1 
911.29 
1139.1 
683.47 
455.65 
0.0 
1139.1 
1139.1 
683.47 
1139.1 
227.82 
683.47 
911.29 
0.0 
683.47 
227.82 
911.29 
0.0 
455.65 
227.82 
683.47 
455.65 
1139.1 
683.47 
911.29 
683.47 
455.65 
0.0 
1139.1 
1139.1 
455.65 
683.47 
683.47 
1139.1 
1139.1 
227.82 
683.47 
0.0 
683.47 
683.47 
227.82 
227.82 
683.47 
227.82 
227.82 
455.65 
227.82 
455.65 
626.28 
835.04 
208.76 
1043.8 
835.04 
626.28 
417.52 
626.28 
1252.6 
626.28 
835.04 
1461.3 
626.28 
1043.8 
1043.8 
1043.8 
208.76 
1252.6 
1670.1 
626.28 
1043.8 
1089.8 
1307.7 
871.80 
1307.7 
1307.7 
217.95 
1307.7 
gridConcentrations 95 1 19.000000000000238 cAMP 
830.29 
978.55 
682.02 
800.64 
770.98 
800.64 
533.76 
889.60 
800.64 
711.68 
622.72 
622.72 
593.06 
711.68 
770.98 
455.65 
455.65 
455.65 
683.47 
1366.9 
1139.1 
455.65 
911.29 
455.65 
911.29 
683.47 
455.65 
911.29 
1366.9 
683.47 
911.29 
227.82 
683.47 
455.65 
683.47 
683.47 
683.47 
455.65 
0.0 
455.65 
455.65 
683.47 
683.47 
227.82 
0.0 
911.29 
683.47 
1139.1 
911.29 
911.29 
683.47 
455.65 
455.65 
1366.9 
683.47 
455.65 
0.0 
227.82 
683.47 
911.29 
0.0 
227.82 
455.65 
1139.1 
0.0 
0.0 
1366.9 
1043.8 
835.04 
1252.6 
835.04 
417.52 
1252.6 
1252.6 
1252.6 
626.28 
1252.6 
626.28 
835.04 
626.28 
835.04 
1043.8 
1043.8 
835.04 
417.52 
835.04 
1043.8 
1043.8 
653.85 
871.80 
1089.8 
1525.7 
435.90 
1525.7 
871.80 
