cctdif2d
volumeGrid 1120
 (2.1833 1.0000 0.0000) 
 (2.0167 1.0000 0.0000) 
 (2.2250 0.78349 0.0000) 
 (2.3500 1.0000 0.0000) 
 (2.2250 1.2165 0.0000) 
 (1.9750 1.2165 0.0000) 
 (1.8500 1.0000 0.0000) 
 (1.9750 0.78349 0.0000) 
 (2.2078 0.59753 0.0000) 
 (2.3946 0.70537 0.0000) 
 (2.5025 0.89216 0.0000) 
 (2.5025 1.1078 0.0000) 
 (2.3946 1.2946 0.0000) 
 (2.2078 1.4025 0.0000) 
 (1.9922 1.4025 0.0000) 
 (1.8054 1.2946 0.0000) 
 (1.6975 1.1078 0.0000) 
 (1.6975 0.89216 0.0000) 
 (1.8054 0.70537 0.0000) 
 (1.9922 0.59753 0.0000) 
 (2.3833 1.0000 0.0000) 
 (2.2167 1.0000 0.0000) 
 (2.4250 0.78349 0.0000) 
 (2.5500 1.0000 0.0000) 
 (2.4250 1.2165 0.0000) 
 (2.1750 1.2165 0.0000) 
 (2.0500 1.0000 0.0000) 
 (2.1750 0.78349 0.0000) 
 (2.4078 0.59753 0.0000) 
 (2.5946 0.70537 0.0000) 
 (2.7025 0.89216 0.0000) 
 (2.7025 1.1078 0.0000) 
 (2.5946 1.2946 0.0000) 
 (2.4078 1.4025 0.0000) 
 (2.1922 1.4025 0.0000) 
 (2.0054 1.2946 0.0000) 
 (1.8975 1.1078 0.0000) 
 (1.8975 0.89216 0.0000) 
 (2.0054 0.70537 0.0000) 
 (2.1922 0.59753 0.0000) 
 (2.5833 1.0000 0.0000) 
 (2.4167 1.0000 0.0000) 
 (2.6250 0.78349 0.0000) 
 (2.7500 1.0000 0.0000) 
 (2.6250 1.2165 0.0000) 
 (2.3750 1.2165 0.0000) 
 (2.2500 1.0000 0.0000) 
 (2.3750 0.78349 0.0000) 
 (2.6078 0.59753 0.0000) 
 (2.7946 0.70537 0.0000) 
 (2.9025 0.89216 0.0000) 
 (2.9025 1.1078 0.0000) 
 (2.7946 1.2946 0.0000) 
 (2.6078 1.4025 0.0000) 
 (2.3922 1.4025 0.0000) 
 (2.2054 1.2946 0.0000) 
 (2.0975 1.1078 0.0000) 
 (2.0975 0.89216 0.0000) 
 (2.2054 0.70537 0.0000) 
 (2.3922 0.59753 0.0000) 
 (2.7833 1.0000 0.0000) 
 (2.6167 1.0000 0.0000) 
 (2.8250 0.78349 0.0000) 
 (2.9500 1.0000 0.0000) 
 (2.8250 1.2165 0.0000) 
 (2.5750 1.2165 0.0000) 
 (2.4500 1.0000 0.0000) 
 (2.5750 0.78349 0.0000) 
 (2.8078 0.59753 0.0000) 
 (2.9946 0.70537 0.0000) 
 (3.1025 0.89216 0.0000) 
 (3.1025 1.1078 0.0000) 
 (2.9946 1.2946 0.0000) 
 (2.8078 1.4025 0.0000) 
 (2.5922 1.4025 0.0000) 
 (2.4054 1.2946 0.0000) 
 (2.2975 1.1078 0.0000) 
 (2.2975 0.89216 0.0000) 
 (2.4054 0.70537 0.0000) 
 (2.5922 0.59753 0.0000) 
 (2.9833 1.0000 0.0000) 
 (2.8167 1.0000 0.0000) 
 (3.0250 0.78349 0.0000) 
 (3.1500 1.0000 0.0000) 
 (3.0250 1.2165 0.0000) 
 (2.7750 1.2165 0.0000) 
 (2.6500 1.0000 0.0000) 
 (2.7750 0.78349 0.0000) 
 (3.0078 0.59753 0.0000) 
 (3.1946 0.70537 0.0000) 
 (3.3025 0.89216 0.0000) 
 (3.3025 1.1078 0.0000) 
 (3.1946 1.2946 0.0000) 
 (3.0078 1.4025 0.0000) 
 (2.7922 1.4025 0.0000) 
 (2.6054 1.2946 0.0000) 
 (2.4975 1.1078 0.0000) 
 (2.4975 0.89216 0.0000) 
 (2.6054 0.70537 0.0000) 
 (2.7922 0.59753 0.0000) 
 (3.0664 0.69557 0.0000) 
 (3.0003 0.69998 0.0000) 
 (3.0772 0.60854 0.0000) 
 (3.1326 0.69116 0.0000) 
 (3.0887 0.78040 0.0000) 
 (2.9894 0.78702 0.0000) 
 (2.9341 0.70439 0.0000) 
 (2.9780 0.61515 0.0000) 
 (3.0655 0.53519 0.0000) 
 (3.1425 0.57305 0.0000) 
 (3.1902 0.64433 0.0000) 
 (3.1959 0.72993 0.0000) 
 (3.1581 0.80692 0.0000) 
 (3.0868 0.85466 0.0000) 
 (3.0012 0.86037 0.0000) 
 (2.9242 0.82251 0.0000) 
 (2.8764 0.75123 0.0000) 
 (2.8707 0.66563 0.0000) 
 (2.9086 0.58864 0.0000) 
 (2.9799 0.54089 0.0000) 
 (3.1327 0.69115 0.0000) 
 (3.0673 0.69551 0.0000) 
 (3.1434 0.60509 0.0000) 
 (3.1981 0.68679 0.0000) 
 (3.1547 0.77503 0.0000) 
 (3.0566 0.78157 0.0000) 
 (3.0019 0.69987 0.0000) 
 (3.0453 0.61163 0.0000) 
 (3.1318 0.53256 0.0000) 
 (3.2079 0.56999 0.0000) 
 (3.2551 0.64048 0.0000) 
 (3.2608 0.72513 0.0000) 
 (3.2233 0.80125 0.0000) 
 (3.1529 0.84847 0.0000) 
 (3.0682 0.85411 0.0000) 
 (2.9921 0.81667 0.0000) 
 (2.9449 0.74619 0.0000) 
 (2.9392 0.66154 0.0000) 
 (2.9767 0.58541 0.0000) 
 (3.0471 0.53820 0.0000) 
 (3.1990 0.68673 0.0000) 
 (3.1343 0.69104 0.0000) 
 (3.2096 0.60164 0.0000) 
 (3.2637 0.68242 0.0000) 
 (3.2208 0.76967 0.0000) 
 (3.1238 0.77613 0.0000) 
 (3.0697 0.69536 0.0000) 
 (3.1126 0.60811 0.0000) 
 (3.1981 0.52993 0.0000) 
 (3.2734 0.56694 0.0000) 
 (3.3200 0.63663 0.0000) 
 (3.3256 0.72032 0.0000) 
 (3.2886 0.79559 0.0000) 
 (3.2189 0.84227 0.0000) 
 (3.1352 0.84785 0.0000) 
 (3.0600 0.81083 0.0000) 
 (3.0133 0.74115 0.0000) 
 (3.0077 0.65745 0.0000) 
 (3.0447 0.58219 0.0000) 
 (3.1144 0.53551 0.0000) 
 (3.2653 0.68231 0.0000) 
 (3.2014 0.68658 0.0000) 
 (3.2757 0.59820 0.0000) 
 (3.3292 0.67805 0.0000) 
 (3.2868 0.76430 0.0000) 
 (3.1909 0.77069 0.0000) 
 (3.1374 0.69084 0.0000) 
 (3.1798 0.60459 0.0000) 
 (3.2644 0.52730 0.0000) 
 (3.3388 0.56389 0.0000) 
 (3.3850 0.63279 0.0000) 
 (3.3905 0.71552 0.0000) 
 (3.3539 0.78993 0.0000) 
 (3.2850 0.83607 0.0000) 
 (3.2023 0.84159 0.0000) 
 (3.1279 0.80500 0.0000) 
 (3.0817 0.73610 0.0000) 
 (3.0762 0.65337 0.0000) 
 (3.1128 0.57896 0.0000) 
 (3.1817 0.53282 0.0000) 
 (3.3316 0.67789 0.0000) 
 (3.2684 0.68211 0.0000) 
 (3.3419 0.59475 0.0000) 
 (3.3948 0.67368 0.0000) 
 (3.3529 0.75893 0.0000) 
 (3.2581 0.76525 0.0000) 
 (3.2052 0.68632 0.0000) 
 (3.2471 0.60107 0.0000) 
 (3.3307 0.52467 0.0000) 
 (3.4043 0.56084 0.0000) 
 (3.4499 0.62894 0.0000) 
 (3.4553 0.71072 0.0000) 
 (3.4192 0.78426 0.0000) 
 (3.3511 0.82987 0.0000) 
 (3.2693 0.83533 0.0000) 
 (3.1957 0.79916 0.0000) 
 (3.1501 0.73106 0.0000) 
 (3.1447 0.64928 0.0000) 
 (3.1808 0.57574 0.0000) 
 (3.2489 0.53013 0.0000) 
 (3.3979 0.67347 0.0000) 
 (3.3354 0.67764 0.0000) 
 (3.4081 0.59130 0.0000) 
 (3.4603 0.66931 0.0000) 
 (3.4189 0.75356 0.0000) 
 (3.3252 0.75981 0.0000) 
 (3.2730 0.68180 0.0000) 
 (3.3144 0.59755 0.0000) 
 (3.3970 0.52205 0.0000) 
 (3.4697 0.55779 0.0000) 
 (3.5148 0.62509 0.0000) 
 (3.5202 0.70591 0.0000) 
 (3.4844 0.77860 0.0000) 
 (3.4171 0.82368 0.0000) 
 (3.3363 0.82906 0.0000) 
 (3.2636 0.79332 0.0000) 
 (3.2185 0.72602 0.0000) 
 (3.2132 0.64520 0.0000) 
 (3.2489 0.57251 0.0000) 
 (3.3162 0.52743 0.0000) 
 (3.4642 0.66905 0.0000) 
 (3.4025 0.67317 0.0000) 
 (3.4743 0.58786 0.0000) 
 (3.5259 0.66494 0.0000) 
 (3.4850 0.74820 0.0000) 
 (3.3924 0.75437 0.0000) 
 (3.3408 0.67728 0.0000) 
 (3.3817 0.59403 0.0000) 
 (3.4633 0.51942 0.0000) 
 (3.5352 0.55474 0.0000) 
 (3.5797 0.62124 0.0000) 
 (3.5850 0.70111 0.0000) 
 (3.5497 0.77294 0.0000) 
 (3.4832 0.81748 0.0000) 
 (3.4033 0.82280 0.0000) 
 (3.3315 0.78748 0.0000) 
 (3.2870 0.72098 0.0000) 
 (3.2816 0.64111 0.0000) 
 (3.3170 0.56929 0.0000) 
 (3.3835 0.52474 0.0000) 
 (3.5305 0.66463 0.0000) 
 (3.4695 0.66870 0.0000) 
 (3.5405 0.58441 0.0000) 
 (3.5915 0.66057 0.0000) 
 (3.5510 0.74283 0.0000) 
 (3.4595 0.74893 0.0000) 
 (3.4085 0.67276 0.0000) 
 (3.4490 0.59051 0.0000) 
 (3.5296 0.51679 0.0000) 
 (3.6006 0.55169 0.0000) 
 (3.6446 0.61740 0.0000) 
 (3.6499 0.69630 0.0000) 
 (3.6150 0.76727 0.0000) 
 (3.5493 0.81128 0.0000) 
 (3.4704 0.81654 0.0000) 
 (3.3994 0.78164 0.0000) 
 (3.3554 0.71594 0.0000) 
 (3.3501 0.63703 0.0000) 
 (3.3850 0.56606 0.0000) 
 (3.4507 0.52205 0.0000) 
 (3.5968 0.66021 0.0000) 
 (3.5365 0.66423 0.0000) 
 (3.6066 0.58096 0.0000) 
 (3.6570 0.65620 0.0000) 
 (3.6171 0.73746 0.0000) 
 (3.5267 0.74348 0.0000) 
 (3.4763 0.66825 0.0000) 
 (3.5163 0.58698 0.0000) 
 (3.5959 0.51416 0.0000) 
 (3.6661 0.54864 0.0000) 
 (3.7095 0.61355 0.0000) 
 (3.7147 0.69150 0.0000) 
 (3.6803 0.76161 0.0000) 
 (3.6153 0.80508 0.0000) 
 (3.5374 0.81028 0.0000) 
 (3.4673 0.77581 0.0000) 
 (3.4238 0.71090 0.0000) 
 (3.4186 0.63294 0.0000) 
 (3.4531 0.56284 0.0000) 
 (3.5180 0.51936 0.0000) 
 (3.6631 0.65579 0.0000) 
 (3.6036 0.65976 0.0000) 
 (3.6728 0.57751 0.0000) 
 (3.7226 0.65183 0.0000) 
 (3.6831 0.73209 0.0000) 
 (3.5939 0.73804 0.0000) 
 (3.5441 0.66373 0.0000) 
 (3.5836 0.58346 0.0000) 
 (3.6623 0.51154 0.0000) 
 (3.7315 0.54559 0.0000) 
 (3.7744 0.60970 0.0000) 
 (3.7796 0.68670 0.0000) 
 (3.7455 0.75594 0.0000) 
 (3.6814 0.79889 0.0000) 
 (3.6044 0.80402 0.0000) 
 (3.5352 0.76997 0.0000) 
 (3.4922 0.70585 0.0000) 
 (3.4871 0.62886 0.0000) 
 (3.5211 0.55961 0.0000) 
 (3.5853 0.51667 0.0000) 
 (3.7294 0.65137 0.0000) 
 (3.6706 0.65529 0.0000) 
 (3.7390 0.57407 0.0000) 
 (3.7881 0.64746 0.0000) 
 (3.7492 0.72672 0.0000) 
 (3.6610 0.73260 0.0000) 
 (3.6119 0.65921 0.0000) 
 (3.6508 0.57994 0.0000) 
 (3.7286 0.50891 0.0000) 
 (3.7969 0.54254 0.0000) 
 (3.8394 0.60585 0.0000) 
 (3.8444 0.68189 0.0000) 
 (3.8108 0.75028 0.0000) 
 (3.7475 0.79269 0.0000) 
 (3.6714 0.79776 0.0000) 
 (3.6031 0.76413 0.0000) 
 (3.5606 0.70081 0.0000) 
 (3.5556 0.62477 0.0000) 
 (3.5892 0.55639 0.0000) 
 (3.6525 0.51398 0.0000) 
 (3.7957 0.64695 0.0000) 
 (3.7377 0.65082 0.0000) 
 (3.8052 0.57062 0.0000) 
 (3.8537 0.64309 0.0000) 
 (3.8152 0.72136 0.0000) 
 (3.7282 0.72716 0.0000) 
 (3.6796 0.65469 0.0000) 
 (3.7181 0.57642 0.0000) 
 (3.7949 0.50628 0.0000) 
 (3.8624 0.53949 0.0000) 
 (3.9043 0.60201 0.0000) 
 (3.9093 0.67709 0.0000) 
 (3.8761 0.74462 0.0000) 
 (3.8135 0.78649 0.0000) 
 (3.7385 0.79150 0.0000) 
 (3.6709 0.75829 0.0000) 
 (3.6291 0.69577 0.0000) 
 (3.6241 0.62069 0.0000) 
 (3.6573 0.55316 0.0000) 
 (3.7198 0.51129 0.0000) 
 (3.8620 0.64254 0.0000) 
 (3.8047 0.64635 0.0000) 
 (3.8713 0.56717 0.0000) 
 (3.9193 0.63872 0.0000) 
 (3.8813 0.71599 0.0000) 
 (3.7953 0.72172 0.0000) 
 (3.7474 0.65017 0.0000) 
 (3.7854 0.57290 0.0000) 
 (3.8612 0.50365 0.0000) 
 (3.9278 0.53644 0.0000) 
 (3.9692 0.59816 0.0000) 
 (3.9741 0.67229 0.0000) 
 (3.9413 0.73895 0.0000) 
 (3.8796 0.78029 0.0000) 
 (3.8055 0.78524 0.0000) 
 (3.7388 0.75245 0.0000) 
 (3.6975 0.69073 0.0000) 
 (3.6925 0.61660 0.0000) 
 (3.7253 0.54994 0.0000) 
 (3.7870 0.50859 0.0000) 
 (3.9283 0.63812 0.0000) 
 (3.8717 0.64188 0.0000) 
 (3.9375 0.56372 0.0000) 
 (3.9848 0.63435 0.0000) 
 (3.9473 0.71062 0.0000) 
 (3.8625 0.71628 0.0000) 
 (3.8152 0.64565 0.0000) 
 (3.8527 0.56938 0.0000) 
 (3.9275 0.50102 0.0000) 
 (3.9933 0.53338 0.0000) 
 (4.0341 0.59431 0.0000) 
 (4.0390 0.66748 0.0000) 
 (4.0066 0.73329 0.0000) 
 (3.9457 0.77410 0.0000) 
 (3.8725 0.77898 0.0000) 
 (3.8067 0.74662 0.0000) 
 (3.7659 0.68569 0.0000) 
 (3.7610 0.61252 0.0000) 
 (3.7934 0.54671 0.0000) 
 (3.8543 0.50590 0.0000) 
 (3.9946 0.63370 0.0000) 
 (3.9388 0.63742 0.0000) 
 (4.0037 0.56028 0.0000) 
 (4.0504 0.62998 0.0000) 
 (4.0134 0.70525 0.0000) 
 (3.9296 0.71083 0.0000) 
 (3.8830 0.64114 0.0000) 
 (3.9200 0.56586 0.0000) 
 (3.9938 0.49840 0.0000) 
 (4.0587 0.53033 0.0000) 
 (4.0990 0.59047 0.0000) 
 (4.1038 0.66268 0.0000) 
 (4.0719 0.72762 0.0000) 
 (4.0118 0.76790 0.0000) 
 (3.9395 0.77271 0.0000) 
 (3.8746 0.74078 0.0000) 
 (3.8343 0.68065 0.0000) 
 (3.8295 0.60843 0.0000) 
 (3.8614 0.54349 0.0000) 
 (3.9216 0.50321 0.0000) 
 (4.0609 0.62928 0.0000) 
 (4.0058 0.63295 0.0000) 
 (4.0699 0.55683 0.0000) 
 (4.1159 0.62560 0.0000) 
 (4.0794 0.69989 0.0000) 
 (3.9968 0.70539 0.0000) 
 (3.9507 0.63662 0.0000) 
 (3.9873 0.56234 0.0000) 
 (4.0601 0.49577 0.0000) 
 (4.1242 0.52728 0.0000) 
 (4.1639 0.58662 0.0000) 
 (4.1687 0.65788 0.0000) 
 (4.1372 0.72196 0.0000) 
 (4.0778 0.76170 0.0000) 
 (4.0066 0.76645 0.0000) 
 (3.9425 0.73494 0.0000) 
 (3.9027 0.67560 0.0000) 
 (3.8980 0.60435 0.0000) 
 (3.9295 0.54026 0.0000) 
 (3.9888 0.50052 0.0000) 
 (4.1407 0.62395 0.0000) 
 (4.0593 0.62938 0.0000) 
 (4.1541 0.51674 0.0000) 
 (4.2222 0.61852 0.0000) 
 (4.1682 0.72845 0.0000) 
 (4.0459 0.73659 0.0000) 
 (3.9778 0.63482 0.0000) 
 (4.0318 0.52489 0.0000) 
 (4.2069 0.61954 0.0000) 
 (4.1265 0.62490 0.0000) 
 (4.2200 0.51379 0.0000) 
 (4.2872 0.61418 0.0000) 
 (4.2339 0.72262 0.0000) 
 (4.1133 0.73065 0.0000) 
 (4.0461 0.63026 0.0000) 
 (4.0994 0.52183 0.0000) 
 (4.2730 0.61514 0.0000) 
 (4.1937 0.62042 0.0000) 
 (4.2859 0.51084 0.0000) 
 (4.3522 0.60985 0.0000) 
 (4.2996 0.71679 0.0000) 
 (4.1807 0.72471 0.0000) 
 (4.1144 0.62570 0.0000) 
 (4.1670 0.51877 0.0000) 
 (4.3391 0.61073 0.0000) 
 (4.2609 0.61594 0.0000) 
 (4.3519 0.50789 0.0000) 
 (4.4172 0.60552 0.0000) 
 (4.3654 0.71096 0.0000) 
 (4.2481 0.71877 0.0000) 
 (4.1828 0.62115 0.0000) 
 (4.2346 0.51571 0.0000) 
 (4.4052 0.60632 0.0000) 
 (4.3281 0.61146 0.0000) 
 (4.4178 0.50494 0.0000) 
 (4.4822 0.60118 0.0000) 
 (4.4311 0.70513 0.0000) 
 (4.3156 0.71283 0.0000) 
 (4.2511 0.61659 0.0000) 
 (4.3022 0.51265 0.0000) 
 (4.4713 0.60191 0.0000) 
 (4.3954 0.60698 0.0000) 
 (4.4837 0.50200 0.0000) 
 (4.5472 0.59685 0.0000) 
 (4.4969 0.69930 0.0000) 
 (4.3830 0.70689 0.0000) 
 (4.3194 0.61204 0.0000) 
 (4.3698 0.50959 0.0000) 
 (4.5374 0.59751 0.0000) 
 (4.4626 0.60249 0.0000) 
 (4.5496 0.49905 0.0000) 
 (4.6123 0.59252 0.0000) 
 (4.5626 0.69347 0.0000) 
 (4.4504 0.70095 0.0000) 
 (4.3877 0.60748 0.0000) 
 (4.4374 0.50653 0.0000) 
 (4.6035 0.59310 0.0000) 
 (4.5298 0.59801 0.0000) 
 (4.6156 0.49610 0.0000) 
 (4.6773 0.58818 0.0000) 
 (4.6283 0.68764 0.0000) 
 (4.5178 0.69501 0.0000) 
 (4.4561 0.60293 0.0000) 
 (4.5050 0.50347 0.0000) 
 (4.6696 0.58869 0.0000) 
 (4.5970 0.59353 0.0000) 
 (4.6815 0.49315 0.0000) 
 (4.7423 0.58385 0.0000) 
 (4.6941 0.68181 0.0000) 
 (4.5852 0.68907 0.0000) 
 (4.5244 0.59837 0.0000) 
 (4.5726 0.50041 0.0000) 
 (4.7358 0.58428 0.0000) 
 (4.6642 0.58905 0.0000) 
 (4.7474 0.49020 0.0000) 
 (4.8073 0.57952 0.0000) 
 (4.7598 0.67598 0.0000) 
 (4.6526 0.68313 0.0000) 
 (4.5927 0.59382 0.0000) 
 (4.6402 0.49735 0.0000) 
 (4.8019 0.57988 0.0000) 
 (4.7315 0.58457 0.0000) 
 (4.8134 0.48725 0.0000) 
 (4.8723 0.57518 0.0000) 
 (4.8256 0.67015 0.0000) 
 (4.7200 0.67719 0.0000) 
 (4.6611 0.58926 0.0000) 
 (4.7078 0.49429 0.0000) 
 (4.8680 0.57547 0.0000) 
 (4.7987 0.58009 0.0000) 
 (4.8793 0.48430 0.0000) 
 (4.9373 0.57085 0.0000) 
 (4.8913 0.66432 0.0000) 
 (4.7874 0.67125 0.0000) 
 (4.7294 0.58471 0.0000) 
 (4.7754 0.49123 0.0000) 
 (4.9341 0.57106 0.0000) 
 (4.8659 0.57561 0.0000) 
 (4.9452 0.48135 0.0000) 
 (5.0023 0.56652 0.0000) 
 (4.9570 0.65850 0.0000) 
 (4.8548 0.66531 0.0000) 
 (4.7977 0.58015 0.0000) 
 (4.8430 0.48817 0.0000) 
 (5.0002 0.56665 0.0000) 
 (4.9331 0.57112 0.0000) 
 (5.0112 0.47840 0.0000) 
 (5.0673 0.56218 0.0000) 
 (5.0228 0.65267 0.0000) 
 (4.9222 0.65937 0.0000) 
 (4.8661 0.57560 0.0000) 
 (4.9106 0.48511 0.0000) 
 (5.0663 0.56225 0.0000) 
 (5.0004 0.56664 0.0000) 
 (5.0771 0.47546 0.0000) 
 (5.1323 0.55785 0.0000) 
 (5.0885 0.64684 0.0000) 
 (4.9896 0.65343 0.0000) 
 (4.9344 0.57104 0.0000) 
 (4.9781 0.48205 0.0000) 
 (5.1324 0.55784 0.0000) 
 (5.0676 0.56216 0.0000) 
 (5.1430 0.47251 0.0000) 
 (5.1973 0.55351 0.0000) 
 (5.1543 0.64101 0.0000) 
 (5.0570 0.64749 0.0000) 
 (5.0027 0.56649 0.0000) 
 (5.0457 0.47899 0.0000) 
 (5.1985 0.55343 0.0000) 
 (5.1348 0.55768 0.0000) 
 (5.2090 0.46956 0.0000) 
 (5.2623 0.54918 0.0000) 
 (5.2200 0.63518 0.0000) 
 (5.1244 0.64155 0.0000) 
 (5.0710 0.56193 0.0000) 
 (5.1133 0.47593 0.0000) 
 (5.2647 0.54902 0.0000) 
 (5.2020 0.55320 0.0000) 
 (5.2749 0.46661 0.0000) 
 (5.3273 0.54485 0.0000) 
 (5.2857 0.62935 0.0000) 
 (5.1918 0.63561 0.0000) 
 (5.1394 0.55737 0.0000) 
 (5.1809 0.47287 0.0000) 
 (5.3308 0.54462 0.0000) 
 (5.2692 0.54872 0.0000) 
 (5.3408 0.46366 0.0000) 
 (5.3923 0.54051 0.0000) 
 (5.3515 0.62352 0.0000) 
 (5.2592 0.62967 0.0000) 
 (5.2077 0.55282 0.0000) 
 (5.2485 0.46981 0.0000) 
 (5.3969 0.54021 0.0000) 
 (5.3365 0.54424 0.0000) 
 (5.4068 0.46071 0.0000) 
 (5.4573 0.53618 0.0000) 
 (5.4172 0.61769 0.0000) 
 (5.3266 0.62373 0.0000) 
 (5.2760 0.54826 0.0000) 
 (5.3161 0.46675 0.0000) 
 (5.4630 0.53580 0.0000) 
 (5.4037 0.53975 0.0000) 
 (5.4727 0.45776 0.0000) 
 (5.5223 0.53185 0.0000) 
 (5.4830 0.61186 0.0000) 
 (5.3940 0.61779 0.0000) 
 (5.3444 0.54371 0.0000) 
 (5.3837 0.46369 0.0000) 
 (5.5291 0.53139 0.0000) 
 (5.4709 0.53527 0.0000) 
 (5.5386 0.45481 0.0000) 
 (5.5873 0.52751 0.0000) 
 (5.5487 0.60603 0.0000) 
 (5.4614 0.61185 0.0000) 
 (5.4127 0.53915 0.0000) 
 (5.4513 0.46063 0.0000) 
 (5.5952 0.52699 0.0000) 
 (5.5381 0.53079 0.0000) 
 (5.6045 0.45186 0.0000) 
 (5.6523 0.52318 0.0000) 
 (5.6144 0.60020 0.0000) 
 (5.5288 0.60591 0.0000) 
 (5.4810 0.53460 0.0000) 
 (5.5189 0.45757 0.0000) 
 (5.6613 0.52258 0.0000) 
 (5.6053 0.52631 0.0000) 
 (5.6705 0.44892 0.0000) 
 (5.7173 0.51885 0.0000) 
 (5.6802 0.59437 0.0000) 
 (5.5962 0.59997 0.0000) 
 (5.5494 0.53004 0.0000) 
 (5.5865 0.45451 0.0000) 
 (5.7274 0.51817 0.0000) 
 (5.6726 0.52183 0.0000) 
 (5.7364 0.44597 0.0000) 
 (5.7823 0.51451 0.0000) 
 (5.7459 0.58854 0.0000) 
 (5.6636 0.59403 0.0000) 
 (5.6177 0.52549 0.0000) 
 (5.6541 0.45146 0.0000) 
 (5.7936 0.51376 0.0000) 
 (5.7398 0.51735 0.0000) 
 (5.8023 0.44302 0.0000) 
 (5.8473 0.51018 0.0000) 
 (5.8117 0.58272 0.0000) 
 (5.7310 0.58809 0.0000) 
 (5.6860 0.52093 0.0000) 
 (5.7217 0.44840 0.0000) 
 (5.8597 0.50936 0.0000) 
 (5.8070 0.51287 0.0000) 
 (5.8683 0.44007 0.0000) 
 (5.9123 0.50585 0.0000) 
 (5.8774 0.57689 0.0000) 
 (5.7984 0.58215 0.0000) 
 (5.7543 0.51638 0.0000) 
 (5.7893 0.44534 0.0000) 
 (5.9258 0.50495 0.0000) 
 (5.8742 0.50839 0.0000) 
 (5.9342 0.43712 0.0000) 
 (5.9773 0.50151 0.0000) 
 (5.9431 0.57106 0.0000) 
 (5.8658 0.57621 0.0000) 
 (5.8227 0.51182 0.0000) 
 (5.8569 0.44228 0.0000) 
 (5.9919 0.50054 0.0000) 
 (5.9414 0.50390 0.0000) 
 (6.0001 0.43417 0.0000) 
 (6.0423 0.49718 0.0000) 
 (6.0089 0.56523 0.0000) 
 (5.9332 0.57027 0.0000) 
 (5.8910 0.50727 0.0000) 
 (5.9245 0.43922 0.0000) 
 (3.0614 1.2184 0.0000) 
 (3.0052 1.2016 0.0000) 
 (3.0974 1.1496 0.0000) 
 (3.1176 1.2353 0.0000) 
 (3.0536 1.2956 0.0000) 
 (2.9693 1.2704 0.0000) 
 (2.9490 1.1847 0.0000) 
 (3.0131 1.1244 0.0000) 
 (3.1104 1.0852 0.0000) 
 (3.1625 1.1405 0.0000) 
 (3.1799 1.2143 0.0000) 
 (3.1581 1.2871 0.0000) 
 (3.1029 1.3391 0.0000) 
 (3.0290 1.3566 0.0000) 
 (2.9563 1.3348 0.0000) 
 (2.9042 1.2795 0.0000) 
 (2.8867 1.2057 0.0000) 
 (2.9085 1.1329 0.0000) 
 (2.9638 1.0809 0.0000) 
 (3.0377 1.0634 0.0000) 
 (3.1412 1.0353 0.0000) 
 (3.2141 1.1127 0.0000) 
 (3.2386 1.2161 0.0000) 
 (3.2080 1.3179 0.0000) 
 (3.1307 1.3908 0.0000) 
 (3.0272 1.4152 0.0000) 
 (2.9254 1.3847 0.0000) 
 (2.8525 1.3073 0.0000) 
 (2.8281 1.2039 0.0000) 
 (2.8586 1.1021 0.0000) 
 (2.9360 1.0292 0.0000) 
 (3.0394 1.0048 0.0000) 
 (3.1415 0.96920 0.0000) 
 (3.2002 1.0054 0.0000) 
 (3.2475 1.0556 0.0000) 
 (3.2801 1.1162 0.0000) 
 (3.2960 1.1833 0.0000) 
 (3.2939 1.2522 0.0000) 
 (3.2741 1.3182 0.0000) 
 (3.2379 1.3769 0.0000) 
 (3.1878 1.4241 0.0000) 
 (3.1271 1.4568 0.0000) 
 (3.0600 1.4726 0.0000) 
 (2.9911 1.4706 0.0000) 
 (2.9251 1.4508 0.0000) 
 (2.8665 1.4146 0.0000) 
 (2.8192 1.3644 0.0000) 
 (2.7865 1.3038 0.0000) 
 (2.7707 1.2367 0.0000) 
 (2.7727 1.1678 0.0000) 
 (2.7925 1.1018 0.0000) 
 (2.8287 1.0431 0.0000) 
 (2.8789 0.99588 0.0000) 
 (2.9396 0.96321 0.0000) 
 (3.0067 0.94735 0.0000) 
 (3.0755 0.94940 0.0000) 
 (3.1335 1.2401 0.0000) 
 (3.0665 1.2199 0.0000) 
 (3.1764 1.1580 0.0000) 
 (3.2006 1.2602 0.0000) 
 (3.1242 1.3322 0.0000) 
 (3.0236 1.3020 0.0000) 
 (2.9994 1.1998 0.0000) 
 (3.0758 1.1278 0.0000) 
 (3.1920 1.0811 0.0000) 
 (3.2541 1.1470 0.0000) 
 (3.2749 1.2352 0.0000) 
 (3.2489 1.3220 0.0000) 
 (3.1830 1.3841 0.0000) 
 (3.0948 1.4049 0.0000) 
 (3.0080 1.3789 0.0000) 
 (2.9459 1.3130 0.0000) 
 (2.9251 1.2248 0.0000) 
 (2.9511 1.1380 0.0000) 
 (3.0170 1.0759 0.0000) 
 (3.1052 1.0551 0.0000) 
 (3.2287 1.0215 0.0000) 
 (3.3157 1.1138 0.0000) 
 (3.3449 1.2373 0.0000) 
 (3.3085 1.3587 0.0000) 
 (3.2162 1.4457 0.0000) 
 (3.0927 1.4749 0.0000) 
 (2.9713 1.4385 0.0000) 
 (2.8843 1.3462 0.0000) 
 (2.8551 1.2227 0.0000) 
 (2.8915 1.1013 0.0000) 
 (2.9838 1.0143 0.0000) 
 (3.1073 0.98511 0.0000) 
 (3.1986 1.2596 0.0000) 
 (3.1347 1.2404 0.0000) 
 (3.2394 1.1814 0.0000) 
 (3.2624 1.2787 0.0000) 
 (3.1897 1.3473 0.0000) 
 (3.0939 1.3186 0.0000) 
 (3.0709 1.2213 0.0000) 
 (3.1437 1.1527 0.0000) 
 (3.2542 1.1082 0.0000) 
 (3.3134 1.1710 0.0000) 
 (3.3333 1.2549 0.0000) 
 (3.3085 1.3376 0.0000) 
 (3.2457 1.3967 0.0000) 
 (3.1617 1.4166 0.0000) 
 (3.0791 1.3918 0.0000) 
 (3.0199 1.3290 0.0000) 
 (3.0001 1.2451 0.0000) 
 (3.0249 1.1624 0.0000) 
 (3.0877 1.1033 0.0000) 
 (3.1716 1.0834 0.0000) 
 (3.2893 1.0515 0.0000) 
 (3.3721 1.1394 0.0000) 
 (3.3999 1.2569 0.0000) 
 (3.3652 1.3726 0.0000) 
 (3.2773 1.4554 0.0000) 
 (3.1597 1.4832 0.0000) 
 (3.0441 1.4485 0.0000) 
 (2.9612 1.3606 0.0000) 
 (2.9334 1.2431 0.0000) 
 (2.9681 1.1274 0.0000) 
 (3.0560 1.0446 0.0000) 
 (3.1736 1.0168 0.0000) 
 (3.2637 1.2791 0.0000) 
 (3.2030 1.2609 0.0000) 
 (3.3025 1.2048 0.0000) 
 (3.3243 1.2973 0.0000) 
 (3.2552 1.3625 0.0000) 
 (3.1642 1.3352 0.0000) 
 (3.1423 1.2427 0.0000) 
 (3.2115 1.1775 0.0000) 
 (3.3165 1.1353 0.0000) 
 (3.3727 1.1949 0.0000) 
 (3.3916 1.2747 0.0000) 
 (3.3680 1.3532 0.0000) 
 (3.3084 1.4094 0.0000) 
 (3.2286 1.4283 0.0000) 
 (3.1501 1.4047 0.0000) 
 (3.0939 1.3451 0.0000) 
 (3.0751 1.2653 0.0000) 
 (3.0986 1.1868 0.0000) 
 (3.1583 1.1306 0.0000) 
 (3.2380 1.1117 0.0000) 
 (3.3498 1.0814 0.0000) 
 (3.4285 1.1649 0.0000) 
 (3.4549 1.2766 0.0000) 
 (3.4219 1.3865 0.0000) 
 (3.3384 1.4652 0.0000) 
 (3.2268 1.4916 0.0000) 
 (3.1169 1.4586 0.0000) 
 (3.0382 1.3751 0.0000) 
 (3.0118 1.2634 0.0000) 
 (3.0447 1.1535 0.0000) 
 (3.1282 1.0748 0.0000) 
 (3.2399 1.0484 0.0000) 
 (3.3287 1.2986 0.0000) 
 (3.2713 1.2814 0.0000) 
 (3.3655 1.2283 0.0000) 
 (3.3862 1.3159 0.0000) 
 (3.3207 1.3776 0.0000) 
 (3.2345 1.3517 0.0000) 
 (3.2138 1.2641 0.0000) 
 (3.2793 1.2024 0.0000) 
 (3.3788 1.1624 0.0000) 
 (3.4321 1.2189 0.0000) 
 (3.4499 1.2944 0.0000) 
 (3.4276 1.3688 0.0000) 
 (3.3711 1.4221 0.0000) 
 (3.2956 1.4399 0.0000) 
 (3.2212 1.4176 0.0000) 
 (3.1679 1.3611 0.0000) 
 (3.1501 1.2856 0.0000) 
 (3.1724 1.2112 0.0000) 
 (3.2289 1.1579 0.0000) 
 (3.3044 1.1401 0.0000) 
 (3.4103 1.1113 0.0000) 
 (3.4849 1.1904 0.0000) 
 (3.5099 1.2962 0.0000) 
 (3.4787 1.4003 0.0000) 
 (3.3996 1.4749 0.0000) 
 (3.2938 1.4999 0.0000) 
 (3.1897 1.4687 0.0000) 
 (3.1151 1.3896 0.0000) 
 (3.0901 1.2838 0.0000) 
 (3.1213 1.1797 0.0000) 
 (3.2004 1.1051 0.0000) 
 (3.3062 1.0801 0.0000) 
 (3.3938 1.3181 0.0000) 
 (3.3395 1.3019 0.0000) 
 (3.4285 1.2517 0.0000) 
 (3.4481 1.3344 0.0000) 
 (3.3862 1.3927 0.0000) 
 (3.3048 1.3683 0.0000) 
 (3.2853 1.2856 0.0000) 
 (3.3471 1.2273 0.0000) 
 (3.4411 1.1895 0.0000) 
 (3.4914 1.2428 0.0000) 
 (3.5083 1.3142 0.0000) 
 (3.4872 1.3844 0.0000) 
 (3.4338 1.4347 0.0000) 
 (3.3625 1.4516 0.0000) 
 (3.2922 1.4305 0.0000) 
 (3.2419 1.3772 0.0000) 
 (3.2251 1.3058 0.0000) 
 (3.2461 1.2356 0.0000) 
 (3.2995 1.1853 0.0000) 
 (3.3709 1.1684 0.0000) 
 (3.4709 1.1413 0.0000) 
 (3.5413 1.2160 0.0000) 
 (3.5649 1.3159 0.0000) 
 (3.5354 1.4142 0.0000) 
 (3.4607 1.4846 0.0000) 
 (3.3608 1.5082 0.0000) 
 (3.2625 1.4787 0.0000) 
 (3.1920 1.4040 0.0000) 
 (3.1684 1.3041 0.0000) 
 (3.1979 1.2058 0.0000) 
 (3.2726 1.1354 0.0000) 
 (3.3725 1.1118 0.0000) 
 (3.4674 1.3402 0.0000) 
 (3.3993 1.3198 0.0000) 
 (3.5110 1.2568 0.0000) 
 (3.5355 1.3607 0.0000) 
 (3.4579 1.4338 0.0000) 
 (3.3557 1.4032 0.0000) 
 (3.3312 1.2993 0.0000) 
 (3.4088 1.2262 0.0000) 
 (3.5267 1.1787 0.0000) 
 (3.5899 1.2457 0.0000) 
 (3.6110 1.3353 0.0000) 
 (3.5846 1.4234 0.0000) 
 (3.5176 1.4865 0.0000) 
 (3.4281 1.5077 0.0000) 
 (3.3399 1.4813 0.0000) 
 (3.2768 1.4143 0.0000) 
 (3.2556 1.3247 0.0000) 
 (3.2821 1.2366 0.0000) 
 (3.3490 1.1735 0.0000) 
 (3.4386 1.1523 0.0000) 
 (3.5319 1.3596 0.0000) 
 (3.4681 1.3404 0.0000) 
 (3.5728 1.2814 0.0000) 
 (3.5958 1.3787 0.0000) 
 (3.5230 1.4473 0.0000) 
 (3.4272 1.4186 0.0000) 
 (3.4042 1.3213 0.0000) 
 (3.4770 1.2527 0.0000) 
 (3.5876 1.2082 0.0000) 
 (3.6467 1.2710 0.0000) 
 (3.6666 1.3549 0.0000) 
 (3.6418 1.4376 0.0000) 
 (3.5790 1.4967 0.0000) 
 (3.4951 1.5166 0.0000) 
 (3.4124 1.4918 0.0000) 
 (3.3533 1.4290 0.0000) 
 (3.3334 1.3451 0.0000) 
 (3.3582 1.2624 0.0000) 
 (3.4210 1.2033 0.0000) 
 (3.5049 1.1834 0.0000) 
 (3.5965 1.3789 0.0000) 
 (3.5369 1.3611 0.0000) 
 (3.6346 1.3060 0.0000) 
 (3.6561 1.3968 0.0000) 
 (3.5881 1.4608 0.0000) 
 (3.4987 1.4340 0.0000) 
 (3.4773 1.3432 0.0000) 
 (3.5452 1.2792 0.0000) 
 (3.6484 1.2377 0.0000) 
 (3.7036 1.2963 0.0000) 
 (3.7222 1.3746 0.0000) 
 (3.6990 1.4517 0.0000) 
 (3.6404 1.5070 0.0000) 
 (3.5621 1.5255 0.0000) 
 (3.4849 1.5023 0.0000) 
 (3.4297 1.4437 0.0000) 
 (3.4112 1.3654 0.0000) 
 (3.4343 1.2883 0.0000) 
 (3.4929 1.2330 0.0000) 
 (3.5713 1.2145 0.0000) 
 (3.6610 1.3983 0.0000) 
 (3.6057 1.3817 0.0000) 
 (3.6964 1.3306 0.0000) 
 (3.7163 1.4149 0.0000) 
 (3.6533 1.4743 0.0000) 
 (3.5703 1.4494 0.0000) 
 (3.5503 1.3651 0.0000) 
 (3.6134 1.3057 0.0000) 
 (3.7092 1.2671 0.0000) 
 (3.7605 1.3215 0.0000) 
 (3.7777 1.3943 0.0000) 
 (3.7562 1.4659 0.0000) 
 (3.7018 1.5172 0.0000) 
 (3.6291 1.5344 0.0000) 
 (3.5574 1.5129 0.0000) 
 (3.5062 1.4585 0.0000) 
 (3.4890 1.3857 0.0000) 
 (3.5104 1.3141 0.0000) 
 (3.5649 1.2628 0.0000) 
 (3.6376 1.2456 0.0000) 
 (3.7255 1.4177 0.0000) 
 (3.6745 1.4023 0.0000) 
 (3.7582 1.3551 0.0000) 
 (3.7766 1.4330 0.0000) 
 (3.7184 1.4879 0.0000) 
 (3.6418 1.4649 0.0000) 
 (3.6234 1.3870 0.0000) 
 (3.6816 1.3321 0.0000) 
 (3.7701 1.2966 0.0000) 
 (3.8174 1.3468 0.0000) 
 (3.8333 1.4140 0.0000) 
 (3.8134 1.4801 0.0000) 
 (3.7632 1.5274 0.0000) 
 (3.6960 1.5433 0.0000) 
 (3.6299 1.5234 0.0000) 
 (3.5826 1.4732 0.0000) 
 (3.5667 1.4060 0.0000) 
 (3.5866 1.3399 0.0000) 
 (3.6368 1.2926 0.0000) 
 (3.7040 1.2767 0.0000) 
 (3.8018 1.4405 0.0000) 
 (3.7315 1.4195 0.0000) 
 (3.8467 1.3546 0.0000) 
 (3.8720 1.4616 0.0000) 
 (3.7920 1.5370 0.0000) 
 (3.6866 1.5054 0.0000) 
 (3.6613 1.3984 0.0000) 
 (3.7414 1.3230 0.0000) 
 (3.8653 1.4596 0.0000) 
 (3.8014 1.4404 0.0000) 
 (3.9061 1.3814 0.0000) 
 (3.9291 1.4787 0.0000) 
 (3.8563 1.5473 0.0000) 
 (3.7606 1.5186 0.0000) 
 (3.7376 1.4213 0.0000) 
 (3.8103 1.3527 0.0000) 
 (3.9287 1.4786 0.0000) 
 (3.8713 1.4614 0.0000) 
 (3.9655 1.4083 0.0000) 
 (3.9862 1.4959 0.0000) 
 (3.9207 1.5576 0.0000) 
 (3.8345 1.5317 0.0000) 
 (3.8138 1.4441 0.0000) 
 (3.8793 1.3824 0.0000) 
 (3.9922 1.4977 0.0000) 
 (3.9411 1.4823 0.0000) 
 (4.0249 1.4351 0.0000) 
 (4.0433 1.5130 0.0000) 
 (3.9851 1.5679 0.0000) 
 (3.9084 1.5449 0.0000) 
 (3.8900 1.4670 0.0000) 
 (3.9483 1.4121 0.0000) 
 (4.0583 1.5000 0.0000) 
 (4.0083 1.5000 0.0000) 
 (4.0708 1.4350 0.0000) 
 (4.1083 1.5000 0.0000) 
 (4.0708 1.5650 0.0000) 
 (3.9958 1.5650 0.0000) 
 (3.9583 1.5000 0.0000) 
 (3.9958 1.4350 0.0000) 
 (4.1250 1.5000 0.0000) 
 (4.0750 1.5000 0.0000) 
 (4.1375 1.4350 0.0000) 
 (4.1750 1.5000 0.0000) 
 (4.1375 1.5650 0.0000) 
 (4.0625 1.5650 0.0000) 
 (4.0250 1.5000 0.0000) 
 (4.0625 1.4350 0.0000) 
 (4.1917 1.5000 0.0000) 
 (4.1417 1.5000 0.0000) 
 (4.2042 1.4350 0.0000) 
 (4.2417 1.5000 0.0000) 
 (4.2042 1.5650 0.0000) 
 (4.1292 1.5650 0.0000) 
 (4.0917 1.5000 0.0000) 
 (4.1292 1.4350 0.0000) 
 (4.2583 1.5000 0.0000) 
 (4.2083 1.5000 0.0000) 
 (4.2708 1.4350 0.0000) 
 (4.3083 1.5000 0.0000) 
 (4.2708 1.5650 0.0000) 
 (4.1958 1.5650 0.0000) 
 (4.1583 1.5000 0.0000) 
 (4.1958 1.4350 0.0000) 
 (4.3250 1.5000 0.0000) 
 (4.2750 1.5000 0.0000) 
 (4.3375 1.4350 0.0000) 
 (4.3750 1.5000 0.0000) 
 (4.3375 1.5650 0.0000) 
 (4.2625 1.5650 0.0000) 
 (4.2250 1.5000 0.0000) 
 (4.2625 1.4350 0.0000) 
 (4.3917 1.5000 0.0000) 
 (4.3417 1.5000 0.0000) 
 (4.4042 1.4350 0.0000) 
 (4.4417 1.5000 0.0000) 
 (4.4042 1.5650 0.0000) 
 (4.3292 1.5650 0.0000) 
 (4.2917 1.5000 0.0000) 
 (4.3292 1.4350 0.0000) 
 (4.4583 1.5000 0.0000) 
 (4.4083 1.5000 0.0000) 
 (4.4708 1.4350 0.0000) 
 (4.5083 1.5000 0.0000) 
 (4.4708 1.5650 0.0000) 
 (4.3958 1.5650 0.0000) 
 (4.3583 1.5000 0.0000) 
 (4.3958 1.4350 0.0000) 
 (4.5250 1.5000 0.0000) 
 (4.4750 1.5000 0.0000) 
 (4.5375 1.4350 0.0000) 
 (4.5750 1.5000 0.0000) 
 (4.5375 1.5650 0.0000) 
 (4.4625 1.5650 0.0000) 
 (4.4250 1.5000 0.0000) 
 (4.4625 1.4350 0.0000) 
 (4.5917 1.5000 0.0000) 
 (4.5417 1.5000 0.0000) 
 (4.6042 1.4350 0.0000) 
 (4.6417 1.5000 0.0000) 
 (4.6042 1.5650 0.0000) 
 (4.5292 1.5650 0.0000) 
 (4.4917 1.5000 0.0000) 
 (4.5292 1.4350 0.0000) 
 (4.6583 1.5000 0.0000) 
 (4.6083 1.5000 0.0000) 
 (4.6708 1.4350 0.0000) 
 (4.7083 1.5000 0.0000) 
 (4.6708 1.5650 0.0000) 
 (4.5958 1.5650 0.0000) 
 (4.5583 1.5000 0.0000) 
 (4.5958 1.4350 0.0000) 
 (4.7250 1.5000 0.0000) 
 (4.6750 1.5000 0.0000) 
 (4.7375 1.4350 0.0000) 
 (4.7750 1.5000 0.0000) 
 (4.7375 1.5650 0.0000) 
 (4.6625 1.5650 0.0000) 
 (4.6250 1.5000 0.0000) 
 (4.6625 1.4350 0.0000) 
 (4.7917 1.5000 0.0000) 
 (4.7417 1.5000 0.0000) 
 (4.8042 1.4350 0.0000) 
 (4.8417 1.5000 0.0000) 
 (4.8042 1.5650 0.0000) 
 (4.7292 1.5650 0.0000) 
 (4.6917 1.5000 0.0000) 
 (4.7292 1.4350 0.0000) 
 (4.8583 1.5000 0.0000) 
 (4.8083 1.5000 0.0000) 
 (4.8708 1.4350 0.0000) 
 (4.9083 1.5000 0.0000) 
 (4.8708 1.5650 0.0000) 
 (4.7958 1.5650 0.0000) 
 (4.7583 1.5000 0.0000) 
 (4.7958 1.4350 0.0000) 
 (4.9250 1.5000 0.0000) 
 (4.8750 1.5000 0.0000) 
 (4.9375 1.4350 0.0000) 
 (4.9750 1.5000 0.0000) 
 (4.9375 1.5650 0.0000) 
 (4.8625 1.5650 0.0000) 
 (4.8250 1.5000 0.0000) 
 (4.8625 1.4350 0.0000) 
 (4.9917 1.5000 0.0000) 
 (4.9417 1.5000 0.0000) 
 (5.0042 1.4350 0.0000) 
 (5.0417 1.5000 0.0000) 
 (5.0042 1.5650 0.0000) 
 (4.9292 1.5650 0.0000) 
 (4.8917 1.5000 0.0000) 
 (4.9292 1.4350 0.0000) 
