cctdif2d
volumeGrid 18
 (1.0000 2.0000 0.0000)  (1.6667 2.0000 0.0000)  (1.6667 1.3333 0.0000)  (1.0000 1.3333 0.0000) 
 (1.0000 1.3333 0.0000)  (1.6667 1.3333 0.0000)  (1.6667 0.66667 0.0000)  (1.0000 0.66667 0.0000) 
 (1.0000 0.66667 0.0000)  (1.6667 0.66667 0.0000)  (1.6667 2.2204e-16 0.0000)  (1.0000 2.2204e-16 0.0000) 
 (1.6667 2.0000 0.0000)  (2.3333 2.0000 0.0000)  (2.3333 1.3333 0.0000)  (1.6667 1.3333 0.0000) 
 (1.6667 1.3333 0.0000)  (2.3333 1.3333 0.0000)  (2.3333 0.66667 0.0000)  (1.6667 0.66667 0.0000) 
 (1.6667 0.66667 0.0000)  (2.3333 0.66667 0.0000)  (2.3333 2.2204e-16 0.0000)  (1.6667 2.2204e-16 0.0000) 
 (2.3333 2.0000 0.0000)  (3.0000 2.0000 0.0000)  (3.0000 1.3333 0.0000)  (2.3333 1.3333 0.0000) 
 (2.3333 1.3333 0.0000)  (3.0000 1.3333 0.0000)  (3.0000 0.66667 0.0000)  (2.3333 0.66667 0.0000) 
 (2.3333 0.66667 0.0000)  (3.0000 0.66667 0.0000)  (3.0000 2.2204e-16 0.0000)  (2.3333 2.2204e-16 0.0000) 
 (3.0000 2.0000 0.0000)  (3.6667 2.0000 0.0000)  (3.6667 1.3333 0.0000)  (3.0000 1.3333 0.0000) 
 (3.0000 1.3333 0.0000)  (3.6667 1.3333 0.0000)  (3.6667 0.66667 0.0000)  (3.0000 0.66667 0.0000) 
 (3.0000 0.66667 0.0000)  (3.6667 0.66667 0.0000)  (3.6667 2.2204e-16 0.0000)  (3.0000 2.2204e-16 0.0000) 
 (3.6667 2.0000 0.0000)  (4.3333 2.0000 0.0000)  (4.3333 1.3333 0.0000)  (3.6667 1.3333 0.0000) 
 (3.6667 1.3333 0.0000)  (4.3333 1.3333 0.0000)  (4.3333 0.66667 0.0000)  (3.6667 0.66667 0.0000) 
 (3.6667 0.66667 0.0000)  (4.3333 0.66667 0.0000)  (4.3333 2.2204e-16 0.0000)  (3.6667 2.2204e-16 0.0000) 
 (4.3333 2.0000 0.0000)  (5.0000 2.0000 0.0000)  (5.0000 1.3333 0.0000)  (4.3333 1.3333 0.0000) 
 (4.3333 1.3333 0.0000)  (5.0000 1.3333 0.0000)  (5.0000 0.66667 0.0000)  (4.3333 0.66667 0.0000) 
 (4.3333 0.66667 0.0000)  (5.0000 0.66667 0.0000)  (5.0000 2.2204e-16 0.0000)  (4.3333 2.2204e-16 0.0000) 
gridConcentrations 18 4 0.0 a b c d 
00 201 20 00 
00 27 00 00 
00 201 20 00 
00 201 20 00 
00 27 00 00 
00 201 21 00 
00 201 20 00 
00 26 00 00 
00 201 20 00 
00 201 20 00 
00 26 00 00 
00 201 20 00 
00 201 20 00 
00 27 00 00 
00 201 20 00 
00 201 20 00 
00 27 00 00 
00 200 20 00 
gridConcentrations 18 4 1.0000000000000007 a b c d 
00 201 20 00 
00 27 00 00 
00 201 20 00 
00 201 20 00 
00 27 00 00 
00 201 21 00 
00 201 20 00 
00 26 00 00 
00 201 20 00 
00 201 20 00 
00 26 00 00 
00 201 20 00 
00 201 20 00 
00 27 00 00 
00 201 20 00 
00 201 20 00 
00 27 00 00 
00 200 20 00 
gridConcentrations 18 4 1.9999999999999793 a b c d 
00 201 20 5 
22 26 1 00 
00 201 20 1 
00 201 20 2 
00 27 00 2 
00 201 21 00 
00 201 20 00 
00 26 00 00 
00 201 20 2 
00 201 20 1 
00 26 00 00 
00 201 20 00 
00 201 20 1 
00 27 00 2 
00 201 20 00 
00 201 20 00 
00 27 00 00 
00 200 20 00 
gridConcentrations 18 4 2.9999999999999583 a b c d 
00 201 20 5 
38 24 3 3 
00 201 20 1 
00 201 20 4 
00 27 00 2 
00 201 21 4 
00 201 20 5 
00 26 00 2 
00 201 20 2 
00 201 20 00 
00 26 00 2 
00 201 20 3 
00 201 20 2 
00 27 00 1 
00 201 20 2 
00 201 20 2 
00 27 00 00 
00 200 20 1 
gridConcentrations 18 4 3.999999999999937 a b c d 
00 201 20 1 
50 21 6 4 
00 201 20 9 
00 201 20 7 
00 27 00 4 
00 201 21 7 
00 201 20 5 
00 26 00 3 
00 201 20 2 
00 201 20 4 
00 26 00 3 
00 201 20 3 
00 201 20 3 
00 27 00 2 
00 201 20 1 
00 201 20 4 
00 27 00 4 
00 200 20 00 
gridConcentrations 18 4 4.999999999999916 a b c d 
00 201 20 5 
69 12 15 4 
00 201 20 6 
00 201 20 8 
00 27 00 7 
00 201 21 3 
00 201 20 8 
00 26 00 6 
00 201 20 5 
00 201 20 2 
00 26 00 6 
00 201 20 4 
00 201 20 5 
00 27 00 4 
00 201 20 4 
00 201 20 6 
00 27 00 2 
00 200 20 3 
gridConcentrations 18 4 5.999999999999894 a b c d 
00 201 20 10 
80 10 17 7 
00 201 20 9 
00 201 20 5 
00 27 00 3 
00 201 21 6 
00 201 20 5 
00 26 00 8 
00 201 20 6 
00 201 20 5 
00 26 00 6 
00 201 20 5 
00 201 20 4 
00 27 00 6 
00 201 20 6 
00 201 20 4 
00 27 00 8 
00 200 20 6 
gridConcentrations 18 4 6.999999999999873 a b c d 
00 201 20 11 
96 6 21 6 
00 201 20 13 
00 201 20 4 
00 27 00 8 
00 201 21 8 
00 201 20 8 
00 26 00 6 
00 201 20 8 
00 201 20 5 
00 26 00 4 
00 201 20 5 
00 201 20 9 
00 27 00 5 
00 201 20 4 
00 201 20 7 
00 27 00 5 
00 200 20 6 
gridConcentrations 18 4 7.999999999999852 a b c d 
00 201 20 11 
117 4 23 10 
00 201 20 14 
00 201 20 3 
00 27 00 10 
00 201 21 7 
00 201 20 12 
00 26 00 9 
00 201 20 5 
00 201 20 11 
00 26 00 7 
00 201 20 6 
00 201 20 4 
00 27 00 3 
00 201 20 6 
00 201 20 8 
00 27 00 10 
00 200 20 10 
gridConcentrations 18 4 9.000000000000007 a b c d 
00 201 20 8 
138 3 24 5 
00 201 20 14 
00 201 20 17 
00 27 00 7 
00 201 21 10 
00 201 20 8 
00 26 00 8 
00 201 20 13 
00 201 20 5 
00 26 00 13 
00 201 20 10 
00 201 20 9 
00 27 00 12 
00 201 20 9 
00 201 20 8 
00 27 00 13 
00 200 20 10 
gridConcentrations 18 4 10.000000000000163 a b c d 
00 201 20 13 
154 3 24 8 
00 201 20 11 
00 201 20 10 
00 27 00 12 
00 201 21 10 
00 201 20 11 
00 26 00 10 
00 201 20 12 
00 201 20 12 
00 26 00 10 
00 201 20 15 
00 201 20 13 
00 27 00 12 
00 201 20 9 
00 201 20 11 
00 27 00 12 
00 200 20 9 
gridConcentrations 18 4 11.00000000000032 a b c d 
00 201 20 14 
175 3 24 15 
00 201 20 12 
00 201 20 13 
00 27 00 13 
00 201 21 17 
00 201 20 13 
00 26 00 12 
00 201 20 14 
00 201 20 10 
00 26 00 16 
00 201 20 11 
00 201 20 6 
00 27 00 13 
00 201 20 7 
00 201 20 12 
00 27 00 7 
00 200 20 21 
gridConcentrations 18 4 12.000000000000476 a b c d 
00 201 20 18 
175 3 24 14 
00 201 20 12 
00 201 20 10 
00 27 00 8 
00 201 21 15 
00 201 20 22 
00 26 00 9 
00 201 20 10 
00 201 20 15 
00 26 00 12 
00 201 20 14 
00 201 20 9 
00 27 00 14 
00 201 20 11 
00 201 20 9 
00 27 00 13 
00 200 20 11 
gridConcentrations 18 4 13.000000000000632 a b c d 
00 201 20 10 
173 1 26 19 
00 201 20 13 
00 201 20 9 
00 27 00 20 
00 201 21 8 
00 201 20 8 
00 26 00 13 
00 201 20 18 
00 201 20 7 
00 26 00 21 
00 201 20 8 
00 201 20 8 
00 27 00 14 
00 201 20 7 
00 201 20 13 
00 27 00 14 
00 200 20 16 
gridConcentrations 18 4 14.000000000000789 a b c d 
00 201 20 16 
172 00 27 14 
00 201 20 14 
00 201 20 14 
00 27 00 13 
00 201 21 15 
00 201 20 8 
00 26 00 11 
00 201 20 15 
00 201 20 12 
00 26 00 9 
00 201 20 15 
00 201 20 15 
00 27 00 7 
00 201 20 10 
00 201 20 12 
00 27 00 10 
00 200 20 16 
gridConcentrations 18 4 15.000000000000945 a b c d 
00 201 20 15 
172 00 27 10 
00 201 20 11 
00 201 20 19 
00 27 00 14 
00 201 21 10 
00 201 20 18 
00 26 00 7 
00 201 20 8 
00 201 20 10 
00 26 00 12 
00 201 20 13 
00 201 20 6 
00 27 00 9 
00 201 20 12 
00 201 20 14 
00 27 00 20 
00 200 20 18 
gridConcentrations 18 4 16.0000000000011 a b c d 
00 201 20 17 
172 00 27 7 
00 201 20 15 
00 201 20 9 
00 27 00 10 
00 201 21 13 
00 201 20 14 
00 26 00 16 
00 201 20 7 
00 201 20 11 
00 26 00 15 
00 201 20 17 
00 201 20 12 
00 27 00 13 
00 201 20 16 
00 201 20 15 
00 27 00 11 
00 200 20 8 
gridConcentrations 18 4 17.000000000000902 a b c d 
00 201 20 12 
172 00 27 13 
00 201 20 10 
00 201 20 13 
00 27 00 14 
00 201 21 10 
00 201 20 18 
00 26 00 19 
00 201 20 17 
00 201 20 8 
00 26 00 13 
00 201 20 8 
00 201 20 10 
00 27 00 9 
00 201 20 11 
00 201 20 13 
00 27 00 17 
00 200 20 11 
gridConcentrations 18 4 18.000000000000703 a b c d 
00 201 20 13 
172 00 27 12 
00 201 20 13 
00 201 20 15 
00 27 00 21 
00 201 21 13 
00 201 20 10 
00 26 00 15 
00 201 20 13 
00 201 20 10 
00 26 00 15 
00 201 20 12 
00 201 20 12 
00 27 00 11 
00 201 20 8 
00 201 20 9 
00 27 00 15 
00 200 20 9 
gridConcentrations 18 4 19.000000000000504 a b c d 
00 201 20 12 
172 00 27 14 
00 201 20 10 
00 201 20 10 
00 27 00 16 
00 201 21 12 
00 201 20 15 
00 26 00 17 
00 201 20 5 
00 201 20 16 
00 26 00 9 
00 201 20 15 
00 201 20 5 
00 27 00 8 
00 201 20 19 
00 201 20 14 
00 27 00 6 
00 200 20 23 
