cctdif2d
volumeGrid 18
 (1.0000 2.0000 0.0000)  (1.6667 2.0000 0.0000)  (1.6667 1.3333 0.0000)  (1.0000 1.3333 0.0000) 
 (1.0000 1.3333 0.0000)  (1.6667 1.3333 0.0000)  (1.6667 0.66667 0.0000)  (1.0000 0.66667 0.0000) 
 (1.0000 0.66667 0.0000)  (1.6667 0.66667 0.0000)  (1.6667 2.2204e-16 0.0000)  (1.0000 2.2204e-16 0.0000) 
 (1.6667 2.0000 0.0000)  (2.3333 2.0000 0.0000)  (2.3333 1.3333 0.0000)  (1.6667 1.3333 0.0000) 
 (1.6667 1.3333 0.0000)  (2.3333 1.3333 0.0000)  (2.3333 0.66667 0.0000)  (1.6667 0.66667 0.0000) 
 (1.6667 0.66667 0.0000)  (2.3333 0.66667 0.0000)  (2.3333 2.2204e-16 0.0000)  (1.6667 2.2204e-16 0.0000) 
 (2.3333 2.0000 0.0000)  (3.0000 2.0000 0.0000)  (3.0000 1.3333 0.0000)  (2.3333 1.3333 0.0000) 
 (2.3333 1.3333 0.0000)  (3.0000 1.3333 0.0000)  (3.0000 0.66667 0.0000)  (2.3333 0.66667 0.0000) 
 (2.3333 0.66667 0.0000)  (3.0000 0.66667 0.0000)  (3.0000 2.2204e-16 0.0000)  (2.3333 2.2204e-16 0.0000) 
 (3.0000 2.0000 0.0000)  (3.6667 2.0000 0.0000)  (3.6667 1.3333 0.0000)  (3.0000 1.3333 0.0000) 
 (3.0000 1.3333 0.0000)  (3.6667 1.3333 0.0000)  (3.6667 0.66667 0.0000)  (3.0000 0.66667 0.0000) 
 (3.0000 0.66667 0.0000)  (3.6667 0.66667 0.0000)  (3.6667 2.2204e-16 0.0000)  (3.0000 2.2204e-16 0.0000) 
 (3.6667 2.0000 0.0000)  (4.3333 2.0000 0.0000)  (4.3333 1.3333 0.0000)  (3.6667 1.3333 0.0000) 
 (3.6667 1.3333 0.0000)  (4.3333 1.3333 0.0000)  (4.3333 0.66667 0.0000)  (3.6667 0.66667 0.0000) 
 (3.6667 0.66667 0.0000)  (4.3333 0.66667 0.0000)  (4.3333 2.2204e-16 0.0000)  (3.6667 2.2204e-16 0.0000) 
 (4.3333 2.0000 0.0000)  (5.0000 2.0000 0.0000)  (5.0000 1.3333 0.0000)  (4.3333 1.3333 0.0000) 
 (4.3333 1.3333 0.0000)  (5.0000 1.3333 0.0000)  (5.0000 0.66667 0.0000)  (4.3333 0.66667 0.0000) 
 (4.3333 0.66667 0.0000)  (5.0000 0.66667 0.0000)  (5.0000 2.2204e-16 0.0000)  (4.3333 2.2204e-16 0.0000) 
gridConcentrations 18 4 0.0 a b c d 
0.0 200.73 20.073 0.0 
0.0 26.764 0.0 0.0 
0.0 200.73 20.073 0.0 
0.0 200.73 20.073 0.0 
0.0 26.764 0.0 0.0 
0.0 200.73 20.073 0.0 
0.0 200.73 20.073 0.0 
0.0 26.764 0.0 0.0 
0.0 200.73 20.073 0.0 
0.0 200.73 20.073 0.0 
0.0 26.764 0.0 0.0 
0.0 200.73 20.073 0.0 
0.0 200.73 20.073 0.0 
0.0 26.764 0.0 0.0 
0.0 200.73 20.073 0.0 
0.0 200.73 20.073 0.0 
0.0 26.764 0.0 0.0 
0.0 200.73 20.073 0.0 
gridConcentrations 18 4 1.0000000000000007 a b c d 
0.0 200.73 20.073 0.0 
1.3316e-14 26.764 6.6580e-18 1.3323e-14 
0.0 200.73 20.073 0.0 
0.0 200.73 20.073 0.0 
0.0 26.764 0.0 0.0 
0.0 200.73 20.073 0.0 
0.0 200.73 20.073 0.0 
0.0 26.764 0.0 0.0 
0.0 200.73 20.073 0.0 
0.0 200.73 20.073 0.0 
0.0 26.764 0.0 0.0 
0.0 200.73 20.073 0.0 
0.0 200.73 20.073 0.0 
0.0 26.764 0.0 0.0 
0.0 200.73 20.073 0.0 
0.0 200.73 20.073 0.0 
0.0 26.764 0.0 0.0 
0.0 200.73 20.073 0.0 
gridConcentrations 18 4 1.9999999999999793 a b c d 
0.0 200.73 20.073 1.7344 
19.045 25.810 0.95480 2.0084 
0.0 200.73 20.073 1.7344 
0.0 200.73 20.073 1.5183 
0.0 26.764 0.0 1.5755 
0.0 200.73 20.073 1.5183 
0.0 200.73 20.073 1.3029 
0.0 26.764 0.0 1.3149 
0.0 200.73 20.073 1.3029 
0.0 200.73 20.073 1.1334 
0.0 26.764 0.0 1.1359 
0.0 200.73 20.073 1.1334 
0.0 200.73 20.073 1.0190 
0.0 26.764 0.0 1.0195 
0.0 200.73 20.073 1.0190 
0.0 200.73 20.073 0.96166 
0.0 26.764 0.0 0.96179 
0.0 200.73 20.073 0.96166 
gridConcentrations 18 4 2.9999999999999583 a b c d 
0.0 200.73 20.073 3.0338 
36.489 23.253 3.5110 3.3079 
0.0 200.73 20.073 3.0338 
0.0 200.73 20.073 2.8175 
0.0 26.764 0.0 2.8747 
0.0 200.73 20.073 2.8175 
0.0 200.73 20.073 2.6018 
0.0 26.764 0.0 2.6137 
0.0 200.73 20.073 2.6018 
0.0 200.73 20.073 2.4318 
0.0 26.764 0.0 2.4343 
0.0 200.73 20.073 2.4318 
0.0 200.73 20.073 2.3170 
0.0 26.764 0.0 2.3175 
0.0 200.73 20.073 2.3170 
0.0 200.73 20.073 2.2594 
0.0 26.764 0.0 2.2595 
0.0 200.73 20.073 2.2594 
gridConcentrations 18 4 3.999999999999937 a b c d 
0.0 200.73 20.073 4.3325 
52.906 19.671 7.0935 4.6065 
0.0 200.73 20.073 4.3325 
0.0 200.73 20.073 4.1162 
0.0 26.764 0.0 4.1733 
0.0 200.73 20.073 4.1162 
0.0 200.73 20.073 3.9004 
0.0 26.764 0.0 3.9123 
0.0 200.73 20.073 3.9004 
0.0 200.73 20.073 3.7304 
0.0 26.764 0.0 3.7329 
0.0 200.73 20.073 3.7304 
0.0 200.73 20.073 3.6156 
0.0 26.764 0.0 3.6161 
0.0 200.73 20.073 3.6156 
0.0 200.73 20.073 3.5580 
0.0 26.764 0.0 3.5581 
0.0 200.73 20.073 3.5580 
gridConcentrations 18 4 4.999999999999916 a b c d 
0.0 200.73 20.073 5.6311 
68.902 15.666 11.098 5.9051 
0.0 200.73 20.073 5.6311 
0.0 200.73 20.073 5.4148 
0.0 26.764 0.0 5.4720 
0.0 200.73 20.073 5.4148 
0.0 200.73 20.073 5.1990 
0.0 26.764 0.0 5.2109 
0.0 200.73 20.073 5.1990 
0.0 200.73 20.073 5.0290 
0.0 26.764 0.0 5.0315 
0.0 200.73 20.073 5.0290 
0.0 200.73 20.073 4.9142 
0.0 26.764 0.0 4.9147 
0.0 200.73 20.073 4.9142 
0.0 200.73 20.073 4.8566 
0.0 26.764 0.0 4.8568 
0.0 200.73 20.073 4.8566 
gridConcentrations 18 4 5.999999999999894 a b c d 
0.0 200.73 20.073 6.9297 
84.989 11.754 15.011 7.2037 
0.0 200.73 20.073 6.9297 
0.0 200.73 20.073 6.7134 
0.0 26.764 0.0 6.7706 
0.0 200.73 20.073 6.7134 
0.0 200.73 20.073 6.4976 
0.0 26.764 0.0 6.5095 
0.0 200.73 20.073 6.4976 
0.0 200.73 20.073 6.3276 
0.0 26.764 0.0 6.3301 
0.0 200.73 20.073 6.3276 
0.0 200.73 20.073 6.2128 
0.0 26.764 0.0 6.2133 
0.0 200.73 20.073 6.2128 
0.0 200.73 20.073 6.1552 
0.0 26.764 0.0 6.1554 
0.0 200.73 20.073 6.1552 
gridConcentrations 18 4 6.999999999999873 a b c d 
0.0 200.73 20.073 8.2283 
101.53 8.2984 18.466 8.5023 
0.0 200.73 20.073 8.2283 
0.0 200.73 20.073 8.0120 
0.0 26.764 0.0 8.0692 
0.0 200.73 20.073 8.0120 
0.0 200.73 20.073 7.7962 
0.0 26.764 0.0 7.8081 
0.0 200.73 20.073 7.7962 
0.0 200.73 20.073 7.6262 
0.0 26.764 0.0 7.6287 
0.0 200.73 20.073 7.6262 
0.0 200.73 20.073 7.5114 
0.0 26.764 0.0 7.5120 
0.0 200.73 20.073 7.5114 
0.0 200.73 20.073 7.4539 
0.0 26.764 0.0 7.4540 
0.0 200.73 20.073 7.4539 
gridConcentrations 18 4 7.999999999999852 a b c d 
0.0 200.73 20.073 9.5269 
118.74 5.5016 21.263 9.8009 
0.0 200.73 20.073 9.5269 
0.0 200.73 20.073 9.3106 
0.0 26.764 0.0 9.3678 
0.0 200.73 20.073 9.3106 
0.0 200.73 20.073 9.0948 
0.0 26.764 0.0 9.1068 
0.0 200.73 20.073 9.0948 
0.0 200.73 20.073 8.9248 
0.0 26.764 0.0 8.9273 
0.0 200.73 20.073 8.9248 
0.0 200.73 20.073 8.8100 
0.0 26.764 0.0 8.8106 
0.0 200.73 20.073 8.8100 
0.0 200.73 20.073 8.7525 
0.0 26.764 0.0 8.7526 
0.0 200.73 20.073 8.7525 
gridConcentrations 18 4 9.000000000000007 a b c d 
0.0 200.73 20.073 10.826 
136.65 3.4163 23.348 11.100 
0.0 200.73 20.073 10.826 
0.0 200.73 20.073 10.609 
0.0 26.764 0.0 10.666 
0.0 200.73 20.073 10.609 
0.0 200.73 20.073 10.393 
0.0 26.764 0.0 10.405 
0.0 200.73 20.073 10.393 
0.0 200.73 20.073 10.223 
0.0 26.764 0.0 10.226 
0.0 200.73 20.073 10.223 
0.0 200.73 20.073 10.109 
0.0 26.764 0.0 10.109 
0.0 200.73 20.073 10.109 
0.0 200.73 20.073 10.051 
0.0 26.764 0.0 10.051 
0.0 200.73 20.073 10.051 
gridConcentrations 18 4 10.000000000000163 a b c d 
0.0 200.73 20.073 12.124 
155.22 1.9819 24.783 12.398 
0.0 200.73 20.073 12.124 
0.0 200.73 20.073 11.908 
0.0 26.764 0.0 11.965 
0.0 200.73 20.073 11.908 
0.0 200.73 20.073 11.692 
0.0 26.764 0.0 11.704 
0.0 200.73 20.073 11.692 
0.0 200.73 20.073 11.522 
0.0 26.764 0.0 11.525 
0.0 200.73 20.073 11.522 
0.0 200.73 20.073 11.407 
0.0 26.764 0.0 11.408 
0.0 200.73 20.073 11.407 
0.0 200.73 20.073 11.350 
0.0 26.764 0.0 11.350 
0.0 200.73 20.073 11.350 
gridConcentrations 18 4 11.00000000000032 a b c d 
0.0 200.73 20.073 13.423 
174.31 1.0718 25.693 13.697 
0.0 200.73 20.073 13.423 
0.0 200.73 20.073 13.206 
0.0 26.764 0.0 13.264 
0.0 200.73 20.073 13.206 
0.0 200.73 20.073 12.991 
0.0 26.764 0.0 13.003 
0.0 200.73 20.073 12.991 
0.0 200.73 20.073 12.821 
0.0 26.764 0.0 12.823 
0.0 200.73 20.073 12.821 
0.0 200.73 20.073 12.706 
0.0 26.764 0.0 12.706 
0.0 200.73 20.073 12.706 
0.0 200.73 20.073 12.648 
0.0 26.764 0.0 12.648 
0.0 200.73 20.073 12.648 
gridConcentrations 18 4 12.000000000000476 a b c d 
0.0 200.73 20.073 12.987 
173.80 0.56002 26.204 12.987 
0.0 200.73 20.073 12.987 
0.0 200.73 20.073 12.987 
0.0 26.764 0.0 12.987 
0.0 200.73 20.073 12.987 
0.0 200.73 20.073 12.986 
0.0 26.764 0.0 12.986 
0.0 200.73 20.073 12.986 
0.0 200.73 20.073 12.986 
0.0 26.764 0.0 12.986 
0.0 200.73 20.073 12.986 
0.0 200.73 20.073 12.985 
0.0 26.764 0.0 12.985 
0.0 200.73 20.073 12.985 
0.0 200.73 20.073 12.985 
0.0 26.764 0.0 12.985 
0.0 200.73 20.073 12.985 
gridConcentrations 18 4 13.000000000000632 a b c d 
0.0 200.73 20.073 12.986 
173.53 0.29301 26.471 12.986 
0.0 200.73 20.073 12.986 
0.0 200.73 20.073 12.986 
0.0 26.764 0.0 12.986 
0.0 200.73 20.073 12.986 
0.0 200.73 20.073 12.986 
0.0 26.764 0.0 12.986 
0.0 200.73 20.073 12.986 
0.0 200.73 20.073 12.986 
0.0 26.764 0.0 12.986 
0.0 200.73 20.073 12.986 
0.0 200.73 20.073 12.986 
0.0 26.764 0.0 12.986 
0.0 200.73 20.073 12.986 
0.0 200.73 20.073 12.986 
0.0 26.764 0.0 12.986 
0.0 200.73 20.073 12.986 
gridConcentrations 18 4 14.000000000000789 a b c d 
0.0 200.73 20.073 12.986 
173.39 0.15342 26.611 12.986 
0.0 200.73 20.073 12.986 
0.0 200.73 20.073 12.986 
0.0 26.764 0.0 12.986 
0.0 200.73 20.073 12.986 
0.0 200.73 20.073 12.986 
0.0 26.764 0.0 12.986 
0.0 200.73 20.073 12.986 
0.0 200.73 20.073 12.986 
0.0 26.764 0.0 12.986 
0.0 200.73 20.073 12.986 
0.0 200.73 20.073 12.986 
0.0 26.764 0.0 12.986 
0.0 200.73 20.073 12.986 
0.0 200.73 20.073 12.986 
0.0 26.764 0.0 12.986 
0.0 200.73 20.073 12.986 
gridConcentrations 18 4 15.000000000000945 a b c d 
0.0 200.73 20.073 12.986 
173.32 0.080364 26.684 12.986 
0.0 200.73 20.073 12.986 
0.0 200.73 20.073 12.986 
0.0 26.764 0.0 12.986 
0.0 200.73 20.073 12.986 
0.0 200.73 20.073 12.986 
0.0 26.764 0.0 12.986 
0.0 200.73 20.073 12.986 
0.0 200.73 20.073 12.986 
0.0 26.764 0.0 12.986 
0.0 200.73 20.073 12.986 
0.0 200.73 20.073 12.986 
0.0 26.764 0.0 12.986 
0.0 200.73 20.073 12.986 
0.0 200.73 20.073 12.986 
0.0 26.764 0.0 12.986 
0.0 200.73 20.073 12.986 
gridConcentrations 18 4 16.0000000000011 a b c d 
0.0 200.73 20.073 12.986 
173.28 0.042104 26.722 12.986 
0.0 200.73 20.073 12.986 
0.0 200.73 20.073 12.986 
0.0 26.764 0.0 12.986 
0.0 200.73 20.073 12.986 
0.0 200.73 20.073 12.986 
0.0 26.764 0.0 12.986 
0.0 200.73 20.073 12.986 
0.0 200.73 20.073 12.986 
0.0 26.764 0.0 12.986 
0.0 200.73 20.073 12.986 
0.0 200.73 20.073 12.986 
0.0 26.764 0.0 12.986 
0.0 200.73 20.073 12.986 
0.0 200.73 20.073 12.986 
0.0 26.764 0.0 12.986 
0.0 200.73 20.073 12.986 
gridConcentrations 18 4 17.000000000000902 a b c d 
0.0 200.73 20.073 12.986 
173.26 0.022061 26.742 12.986 
0.0 200.73 20.073 12.986 
0.0 200.73 20.073 12.986 
0.0 26.764 0.0 12.986 
0.0 200.73 20.073 12.986 
0.0 200.73 20.073 12.986 
0.0 26.764 0.0 12.986 
0.0 200.73 20.073 12.986 
0.0 200.73 20.073 12.986 
0.0 26.764 0.0 12.986 
0.0 200.73 20.073 12.986 
0.0 200.73 20.073 12.986 
0.0 26.764 0.0 12.986 
0.0 200.73 20.073 12.986 
0.0 200.73 20.073 12.986 
0.0 26.764 0.0 12.986 
0.0 200.73 20.073 12.986 
gridConcentrations 18 4 18.000000000000703 a b c d 
0.0 200.73 20.073 12.986 
173.25 0.011560 26.753 12.986 
0.0 200.73 20.073 12.986 
0.0 200.73 20.073 12.986 
0.0 26.764 0.0 12.986 
0.0 200.73 20.073 12.986 
0.0 200.73 20.073 12.986 
0.0 26.764 0.0 12.986 
0.0 200.73 20.073 12.986 
0.0 200.73 20.073 12.986 
0.0 26.764 0.0 12.986 
0.0 200.73 20.073 12.986 
0.0 200.73 20.073 12.986 
0.0 26.764 0.0 12.986 
0.0 200.73 20.073 12.986 
0.0 200.73 20.073 12.986 
0.0 26.764 0.0 12.986 
0.0 200.73 20.073 12.986 
gridConcentrations 18 4 19.000000000000504 a b c d 
0.0 200.73 20.073 12.986 
173.24 0.0060574 26.758 12.986 
0.0 200.73 20.073 12.986 
0.0 200.73 20.073 12.986 
0.0 26.764 0.0 12.986 
0.0 200.73 20.073 12.986 
0.0 200.73 20.073 12.986 
0.0 26.764 0.0 12.986 
0.0 200.73 20.073 12.986 
0.0 200.73 20.073 12.986 
0.0 26.764 0.0 12.986 
0.0 200.73 20.073 12.986 
0.0 200.73 20.073 12.986 
0.0 26.764 0.0 12.986 
0.0 200.73 20.073 12.986 
0.0 200.73 20.073 12.986 
0.0 26.764 0.0 12.986 
0.0 200.73 20.073 12.986 
