cctdif2d
volumeGrid 4
 (1.0000 2.0000 0.0000)  (3.0000 2.0000 0.0000)  (3.0000 1.1102e-16 0.0000)  (1.0000 0.0000 0.0000) 
 (3.0000 2.0000 0.0000)  (5.0000 2.0000 0.0000)  (5.0000 1.1102e-16 0.0000)  (3.0000 0.0000 0.0000) 
 (5.0000 2.0000 0.0000)  (7.5000 2.0000 0.0000)  (7.5000 1.1102e-16 0.0000)  (5.0000 0.0000 0.0000) 
 (7.5000 2.0000 0.0000)  (10.000 2.0000 0.0000)  (10.000 1.1102e-16 0.0000)  (7.5000 0.0000 0.0000) 
gridConcentrations 4 4 0.0 a b c d 
00 60 00 00 
00 60 00 00 
00 75 00 00 
00 76 00 00 
gridConcentrations 4 4 1.0000000000000002 a b c d 
00 60 00 00 
00 60 00 00 
00 75 00 00 
00 76 00 00 
gridConcentrations 4 4 2.000000000000001 a b c d 
19 59 1 8 
00 60 00 8 
00 75 00 3 
00 76 00 1 
gridConcentrations 4 4 2.9999999999999973 a b c d 
37 57 3 21 
00 60 00 8 
00 75 00 3 
00 76 00 8 
gridConcentrations 4 4 3.999999999999994 a b c d 
52 52 8 35 
00 60 00 11 
00 75 00 5 
00 76 00 9 
gridConcentrations 4 4 4.99999999999999 a b c d 
68 48 12 32 
00 60 00 20 
00 75 00 15 
00 76 00 13 
gridConcentrations 4 4 5.999999999999987 a b c d 
80 40 20 28 
00 60 00 34 
00 75 00 23 
00 76 00 15 
gridConcentrations 4 4 6.999999999999983 a b c d 
94 34 26 41 
00 60 00 30 
00 75 00 29 
00 76 00 20 
gridConcentrations 4 4 7.99999999999998 a b c d 
110 30 30 36 
00 60 00 46 
00 75 00 31 
00 76 00 27 
gridConcentrations 4 4 8.999999999999993 a b c d 
126 26 34 57 
00 60 00 36 
00 75 00 37 
00 76 00 30 
gridConcentrations 4 4 10.000000000000007 a b c d 
144 24 36 50 
00 60 00 53 
00 75 00 37 
00 76 00 40 
gridConcentrations 4 4 11.000000000000021 a b c d 
161 21 39 54 
00 60 00 58 
00 75 00 46 
00 76 00 42 
gridConcentrations 4 4 12.000000000000036 a b c d 
157 17 43 43 
00 60 00 53 
00 75 00 54 
00 76 00 50 
gridConcentrations 4 4 13.00000000000005 a b c d 
154 14 46 47 
00 60 00 40 
00 75 00 60 
00 76 00 53 
gridConcentrations 4 4 14.000000000000064 a b c d 
152 12 48 38 
00 60 00 42 
00 75 00 56 
00 76 00 64 
gridConcentrations 4 4 15.000000000000078 a b c d 
149 9 51 35 
00 60 00 45 
00 75 00 56 
00 76 00 64 
gridConcentrations 4 4 16.000000000000092 a b c d 
145 5 55 40 
00 60 00 38 
00 75 00 59 
00 76 00 63 
gridConcentrations 4 4 17.000000000000107 a b c d 
143 3 57 37 
00 60 00 46 
00 75 00 53 
00 76 00 64 
gridConcentrations 4 4 18.00000000000012 a b c d 
143 3 57 48 
00 60 00 49 
00 75 00 50 
00 76 00 53 
gridConcentrations 4 4 19.000000000000135 a b c d 
143 3 57 50 
00 60 00 44 
00 75 00 57 
00 76 00 49 
