cctdif2d
volumeGrid 60
 (-6.0000 1.0000 0.0000)  (-6.0000 1.9333 0.0000)  (-5.0666 1.9333 0.0000)  (-5.0666 1.0000 0.0000) 
 (-5.0666 1.0000 0.0000)  (-5.0666 1.9333 0.0000)  (-4.1333 1.9333 0.0000)  (-4.1333 1.0000 0.0000) 
 (-4.1333 1.0000 0.0000)  (-4.1333 1.9333 0.0000)  (-3.2000 1.9333 0.0000)  (-3.2000 1.0000 0.0000) 
 (-3.2000 1.0000 0.0000)  (-3.2000 1.9333 0.0000)  (-2.2667 1.9333 0.0000)  (-2.2667 1.0000 0.0000) 
 (-2.2667 1.0000 0.0000)  (-2.2667 1.9333 0.0000)  (-1.3333 1.9333 0.0000)  (-1.3333 1.0000 0.0000) 
 (-1.3333 1.0000 0.0000)  (-1.3333 1.9333 0.0000)  (-0.40000 1.9333 0.0000)  (-0.40000 1.0000 0.0000) 
 (-0.39999 1.0000 0.0000)  (-0.39999 1.9333 0.0000)  (0.53334 1.9333 0.0000)  (0.53334 1.0000 0.0000) 
 (0.53334 1.0000 0.0000)  (0.53334 1.9333 0.0000)  (1.4667 1.9333 0.0000)  (1.4667 1.0000 0.0000) 
 (1.4667 1.0000 0.0000)  (1.4667 1.9333 0.0000)  (2.4000 1.9333 0.0000)  (2.4000 1.0000 0.0000) 
 (2.4000 1.0000 0.0000)  (2.4000 1.9333 0.0000)  (3.3333 1.9333 0.0000)  (3.3333 1.0000 0.0000) 
 (3.3333 1.0000 0.0000)  (3.3333 1.9333 0.0000)  (4.2667 1.9333 0.0000)  (4.2667 1.0000 0.0000) 
 (4.2667 1.0000 0.0000)  (4.2667 1.9333 0.0000)  (5.2000 1.9333 0.0000)  (5.2000 1.0000 0.0000) 
 (5.2000 1.0000 0.0000)  (5.2000 1.9333 0.0000)  (6.1333 1.9333 0.0000)  (6.1333 1.0000 0.0000) 
 (6.1333 1.0000 0.0000)  (6.1333 1.9333 0.0000)  (7.0666 1.9333 0.0000)  (7.0666 1.0000 0.0000) 
 (7.0666 1.0000 0.0000)  (7.0666 1.9333 0.0000)  (8.0000 1.9333 0.0000)  (8.0000 1.0000 0.0000) 
 (-6.0000 1.9333 0.0000)  (-6.0000 2.8667 0.0000)  (-5.0666 2.8667 0.0000)  (-5.0666 1.9333 0.0000) 
 (-5.0666 1.9333 0.0000)  (-5.0666 2.8667 0.0000)  (-4.1333 2.8667 0.0000)  (-4.1333 1.9333 0.0000) 
 (-4.1333 1.9333 0.0000)  (-4.1333 2.8667 0.0000)  (-3.2000 2.8667 0.0000)  (-3.2000 1.9333 0.0000) 
 (-3.2000 1.9333 0.0000)  (-3.2000 2.8667 0.0000)  (-2.2667 2.8667 0.0000)  (-2.2667 1.9333 0.0000) 
 (-2.2667 1.9333 0.0000)  (-2.2667 2.8667 0.0000)  (-1.3333 2.8667 0.0000)  (-1.3333 1.9333 0.0000) 
 (-1.3333 1.9333 0.0000)  (-1.3333 2.8667 0.0000)  (-0.40000 2.8667 0.0000)  (-0.40000 1.9333 0.0000) 
 (-0.39999 1.9333 0.0000)  (-0.39999 2.8667 0.0000)  (0.53334 2.8667 0.0000)  (0.53334 1.9333 0.0000) 
 (0.53334 1.9333 0.0000)  (0.53334 2.8667 0.0000)  (1.4667 2.8667 0.0000)  (1.4667 1.9333 0.0000) 
 (1.4667 1.9333 0.0000)  (1.4667 2.8667 0.0000)  (2.4000 2.8667 0.0000)  (2.4000 1.9333 0.0000) 
 (2.4000 1.9333 0.0000)  (2.4000 2.8667 0.0000)  (3.3333 2.8667 0.0000)  (3.3333 1.9333 0.0000) 
 (3.3333 1.9333 0.0000)  (3.3333 2.8667 0.0000)  (4.2667 2.8667 0.0000)  (4.2667 1.9333 0.0000) 
 (4.2667 1.9333 0.0000)  (4.2667 2.8667 0.0000)  (5.2000 2.8667 0.0000)  (5.2000 1.9333 0.0000) 
 (5.2000 1.9333 0.0000)  (5.2000 2.8667 0.0000)  (6.1333 2.8667 0.0000)  (6.1333 1.9333 0.0000) 
 (6.1333 1.9333 0.0000)  (6.1333 2.8667 0.0000)  (7.0666 2.8667 0.0000)  (7.0666 1.9333 0.0000) 
 (7.0666 1.9333 0.0000)  (7.0666 2.8667 0.0000)  (8.0000 2.8667 0.0000)  (8.0000 1.9333 0.0000) 
 (-6.0000 2.8667 0.0000)  (-6.0000 3.8000 0.0000)  (-5.0666 3.8000 0.0000)  (-5.0666 2.8667 0.0000) 
 (-5.0666 2.8667 0.0000)  (-5.0666 3.8000 0.0000)  (-4.1333 3.8000 0.0000)  (-4.1333 2.8667 0.0000) 
 (-4.1333 2.8667 0.0000)  (-4.1333 3.8000 0.0000)  (-3.2000 3.8000 0.0000)  (-3.2000 2.8667 0.0000) 
 (-3.2000 2.8667 0.0000)  (-3.2000 3.8000 0.0000)  (-2.2667 3.8000 0.0000)  (-2.2667 2.8667 0.0000) 
 (-2.2667 2.8667 0.0000)  (-2.2667 3.8000 0.0000)  (-1.3333 3.8000 0.0000)  (-1.3333 2.8667 0.0000) 
 (-1.3333 2.8667 0.0000)  (-1.3333 3.8000 0.0000)  (-0.40000 3.8000 0.0000)  (-0.40000 2.8667 0.0000) 
 (-0.39999 2.8667 0.0000)  (-0.39999 3.8000 0.0000)  (0.53334 3.8000 0.0000)  (0.53334 2.8667 0.0000) 
 (0.53334 2.8667 0.0000)  (0.53334 3.8000 0.0000)  (1.4667 3.8000 0.0000)  (1.4667 2.8667 0.0000) 
 (1.4667 2.8667 0.0000)  (1.4667 3.8000 0.0000)  (2.4000 3.8000 0.0000)  (2.4000 2.8667 0.0000) 
 (2.4000 2.8667 0.0000)  (2.4000 3.8000 0.0000)  (3.3333 3.8000 0.0000)  (3.3333 2.8667 0.0000) 
 (3.3333 2.8667 0.0000)  (3.3333 3.8000 0.0000)  (4.2667 3.8000 0.0000)  (4.2667 2.8667 0.0000) 
 (4.2667 2.8667 0.0000)  (4.2667 3.8000 0.0000)  (5.2000 3.8000 0.0000)  (5.2000 2.8667 0.0000) 
 (5.2000 2.8667 0.0000)  (5.2000 3.8000 0.0000)  (6.1333 3.8000 0.0000)  (6.1333 2.8667 0.0000) 
 (6.1333 2.8667 0.0000)  (6.1333 3.8000 0.0000)  (7.0666 3.8000 0.0000)  (7.0666 2.8667 0.0000) 
 (7.0666 2.8667 0.0000)  (7.0666 3.8000 0.0000)  (8.0000 3.8000 0.0000)  (8.0000 2.8667 0.0000) 
 (-6.0000 3.8000 0.0000)  (-6.0000 4.7333 0.0000)  (-5.0666 4.7333 0.0000)  (-5.0666 3.8000 0.0000) 
 (-5.0666 3.8000 0.0000)  (-5.0666 4.7333 0.0000)  (-4.1333 4.7333 0.0000)  (-4.1333 3.8000 0.0000) 
 (-4.1333 3.8000 0.0000)  (-4.1333 4.7333 0.0000)  (-3.2000 4.7333 0.0000)  (-3.2000 3.8000 0.0000) 
 (-3.2000 3.8000 0.0000)  (-3.2000 4.7333 0.0000)  (-2.2667 4.7333 0.0000)  (-2.2667 3.8000 0.0000) 
 (-2.2667 3.8000 0.0000)  (-2.2667 4.7333 0.0000)  (-1.3333 4.7333 0.0000)  (-1.3333 3.8000 0.0000) 
 (-1.3333 3.8000 0.0000)  (-1.3333 4.7333 0.0000)  (-0.40000 4.7333 0.0000)  (-0.40000 3.8000 0.0000) 
 (-0.39999 3.8000 0.0000)  (-0.39999 4.7333 0.0000)  (0.53334 4.7333 0.0000)  (0.53334 3.8000 0.0000) 
 (0.53334 3.8000 0.0000)  (0.53334 4.7333 0.0000)  (1.4667 4.7333 0.0000)  (1.4667 3.8000 0.0000) 
 (1.4667 3.8000 0.0000)  (1.4667 4.7333 0.0000)  (2.4000 4.7333 0.0000)  (2.4000 3.8000 0.0000) 
 (2.4000 3.8000 0.0000)  (2.4000 4.7333 0.0000)  (3.3333 4.7333 0.0000)  (3.3333 3.8000 0.0000) 
 (3.3333 3.8000 0.0000)  (3.3333 4.7333 0.0000)  (4.2667 4.7333 0.0000)  (4.2667 3.8000 0.0000) 
 (4.2667 3.8000 0.0000)  (4.2667 4.7333 0.0000)  (5.2000 4.7333 0.0000)  (5.2000 3.8000 0.0000) 
 (5.2000 3.8000 0.0000)  (5.2000 4.7333 0.0000)  (6.1333 4.7333 0.0000)  (6.1333 3.8000 0.0000) 
 (6.1333 3.8000 0.0000)  (6.1333 4.7333 0.0000)  (7.0666 4.7333 0.0000)  (7.0666 3.8000 0.0000) 
 (7.0666 3.8000 0.0000)  (7.0666 4.7333 0.0000)  (8.0000 4.7333 0.0000)  (8.0000 3.8000 0.0000) 
gridConcentrations 60 1 0.0 cAMP 
1239.1 
541.38 
541.38 
541.38 
541.38 
541.38 
541.38 
541.38 
541.38 
541.38 
541.38 
545.20 
541.38 
541.38 
1235.3 
1239.1 
541.38 
541.38 
541.38 
541.38 
541.38 
545.20 
541.38 
541.38 
541.38 
541.38 
545.20 
541.38 
541.38 
1239.1 
1239.1 
541.38 
545.20 
541.38 
541.38 
541.38 
541.38 
541.38 
541.38 
541.38 
541.38 
541.38 
541.38 
541.38 
1235.3 
1235.3 
541.38 
541.38 
541.38 
541.38 
541.38 
541.38 
541.38 
541.38 
541.38 
541.38 
541.38 
541.38 
541.38 
1235.3 
