cctdif2d
volumeGrid 46
 (1.0000 2.0000 0.0000)  (1.6667 2.0000 0.0000)  (1.6667 1.3333 0.0000)  (1.0000 1.3333 0.0000) 
 (1.0000 1.3333 0.0000)  (1.6667 1.3333 0.0000)  (1.6667 0.66667 0.0000)  (1.0000 0.66667 0.0000) 
 (1.0000 0.66667 0.0000)  (1.6667 0.66667 0.0000)  (1.6667 2.2204e-16 0.0000)  (1.0000 2.2204e-16 0.0000) 
 (1.6667 2.0000 0.0000)  (2.3333 2.0000 0.0000)  (2.3333 1.3333 0.0000)  (1.6667 1.3333 0.0000) 
 (1.6667 1.3333 0.0000)  (2.3333 1.3333 0.0000)  (2.3333 0.66667 0.0000)  (1.6667 0.66667 0.0000) 
 (1.6667 0.66667 0.0000)  (2.3333 0.66667 0.0000)  (2.3333 2.2204e-16 0.0000)  (1.6667 2.2204e-16 0.0000) 
 (2.3333 2.0000 0.0000)  (3.0000 2.0000 0.0000)  (3.0000 1.3333 0.0000)  (2.3333 1.3333 0.0000) 
 (2.3333 1.3333 0.0000)  (3.0000 1.3333 0.0000)  (3.0000 0.66667 0.0000)  (2.3333 0.66667 0.0000) 
 (2.3333 0.66667 0.0000)  (3.0000 0.66667 0.0000)  (3.0000 2.2204e-16 0.0000)  (2.3333 2.2204e-16 0.0000) 
 (3.0000 2.0000 0.0000)  (3.6667 2.0000 0.0000)  (3.6667 1.3333 0.0000)  (3.0000 1.3333 0.0000) 
 (3.0000 1.3333 0.0000)  (3.6667 1.3333 0.0000)  (3.6667 0.66667 0.0000)  (3.0000 0.66667 0.0000) 
 (3.0000 0.66667 0.0000)  (3.6667 0.66667 0.0000)  (3.6667 2.2204e-16 0.0000)  (3.0000 2.2204e-16 0.0000) 
 (3.6667 2.0000 0.0000)  (4.3333 2.0000 0.0000)  (4.3333 1.3333 0.0000)  (3.6667 1.3333 0.0000) 
 (3.6667 1.3333 0.0000)  (4.3333 1.3333 0.0000)  (4.3333 0.66667 0.0000)  (3.6667 0.66667 0.0000) 
 (3.6667 0.66667 0.0000)  (4.3333 0.66667 0.0000)  (4.3333 2.2204e-16 0.0000)  (3.6667 2.2204e-16 0.0000) 
 (4.3333 2.0000 0.0000)  (5.0000 2.0000 0.0000)  (5.0000 1.3333 0.0000)  (4.3333 1.3333 0.0000) 
 (4.3333 1.3333 0.0000)  (5.0000 1.3333 0.0000)  (5.0000 0.66667 0.0000)  (4.3333 0.66667 0.0000) 
 (4.3333 0.66667 0.0000)  (5.0000 0.66667 0.0000)  (5.0000 2.2204e-16 0.0000)  (4.3333 2.2204e-16 0.0000) 
 (1.4333 -0.18571 0.0000)  (1.4333 2.2817e-16 0.0000)  (1.2333 2.1592e-16 0.0000)  (1.2333 -0.18571 0.0000) 
 (1.4333 -0.37143 0.0000)  (1.4333 -0.18571 0.0000)  (1.2333 -0.18571 0.0000)  (1.2333 -0.37143 0.0000) 
 (1.4333 -0.55714 0.0000)  (1.4333 -0.37143 0.0000)  (1.2333 -0.37143 0.0000)  (1.2333 -0.55714 0.0000) 
 (1.4690 -0.74286 0.0000)  (1.4333 -0.55714 0.0000)  (1.2333 -0.55714 0.0000)  (1.1976 -0.74286 0.0000) 
 (1.5155 -0.92857 0.0000)  (1.4690 -0.74286 0.0000)  (1.1976 -0.74286 0.0000)  (1.1512 -0.92857 0.0000) 
 (1.5333 -1.1143 0.0000)  (1.5155 -0.92857 0.0000)  (1.1512 -0.92857 0.0000)  (1.1333 -1.1143 0.0000) 
 (1.3833 -1.3000 0.0000)  (1.5333 -1.1143 0.0000)  (1.1333 -1.1143 0.0000)  (1.2833 -1.3000 0.0000) 
 (1.9000 2.1857 0.0000)  (1.9000 2.0000 0.0000)  (2.1000 2.0000 0.0000)  (2.1000 2.1857 0.0000) 
 (1.9000 2.3714 0.0000)  (1.9000 2.1857 0.0000)  (2.1000 2.1857 0.0000)  (2.1000 2.3714 0.0000) 
 (1.9000 2.5571 0.0000)  (1.9000 2.3714 0.0000)  (2.1000 2.3714 0.0000)  (2.1000 2.5571 0.0000) 
 (1.8643 2.7429 0.0000)  (1.9000 2.5571 0.0000)  (2.1000 2.5571 0.0000)  (2.1357 2.7429 0.0000) 
 (1.8179 2.9286 0.0000)  (1.8643 2.7429 0.0000)  (2.1357 2.7429 0.0000)  (2.1821 2.9286 0.0000) 
 (1.8000 3.1143 0.0000)  (1.8179 2.9286 0.0000)  (2.1821 2.9286 0.0000)  (2.2000 3.1143 0.0000) 
 (1.9500 3.3000 0.0000)  (1.8000 3.1143 0.0000)  (2.2000 3.1143 0.0000)  (2.0500 3.3000 0.0000) 
 (2.5667 2.1857 0.0000)  (2.5667 2.0000 0.0000)  (2.7667 2.0000 0.0000)  (2.7667 2.1857 0.0000) 
 (2.5667 2.3714 0.0000)  (2.5667 2.1857 0.0000)  (2.7667 2.1857 0.0000)  (2.7667 2.3714 0.0000) 
 (2.5667 2.5571 0.0000)  (2.5667 2.3714 0.0000)  (2.7667 2.3714 0.0000)  (2.7667 2.5571 0.0000) 
 (2.5310 2.7429 0.0000)  (2.5667 2.5571 0.0000)  (2.7667 2.5571 0.0000)  (2.8024 2.7429 0.0000) 
 (2.4845 2.9286 0.0000)  (2.5310 2.7429 0.0000)  (2.8024 2.7429 0.0000)  (2.8488 2.9286 0.0000) 
 (2.4667 3.1143 0.0000)  (2.4845 2.9286 0.0000)  (2.8488 2.9286 0.0000)  (2.8667 3.1143 0.0000) 
 (2.6167 3.3000 0.0000)  (2.4667 3.1143 0.0000)  (2.8667 3.1143 0.0000)  (2.7167 3.3000 0.0000) 
 (3.4333 -0.18571 0.0000)  (3.4333 2.2817e-16 0.0000)  (3.2333 2.1592e-16 0.0000)  (3.2333 -0.18571 0.0000) 
 (3.4333 -0.37143 0.0000)  (3.4333 -0.18571 0.0000)  (3.2333 -0.18571 0.0000)  (3.2333 -0.37143 0.0000) 
 (3.4333 -0.55714 0.0000)  (3.4333 -0.37143 0.0000)  (3.2333 -0.37143 0.0000)  (3.2333 -0.55714 0.0000) 
 (3.4690 -0.74286 0.0000)  (3.4333 -0.55714 0.0000)  (3.2333 -0.55714 0.0000)  (3.1976 -0.74286 0.0000) 
 (3.5155 -0.92857 0.0000)  (3.4690 -0.74286 0.0000)  (3.1976 -0.74286 0.0000)  (3.1512 -0.92857 0.0000) 
 (3.5333 -1.1143 0.0000)  (3.5155 -0.92857 0.0000)  (3.1512 -0.92857 0.0000)  (3.1333 -1.1143 0.0000) 
 (3.3833 -1.3000 0.0000)  (3.5333 -1.1143 0.0000)  (3.1333 -1.1143 0.0000)  (3.2833 -1.3000 0.0000) 
gridConcentrations 46 4 0.0 a b c d 
00 13 13 00 
00 14 14 00 
00 14 13 00 
00 14 13 00 
00 14 14 00 
00 13 14 00 
00 13 14 00 
00 13 13 00 
00 13 14 00 
00 14 14 00 
00 13 13 00 
00 14 13 00 
00 13 13 00 
00 13 13 00 
00 13 13 00 
00 13 13 00 
00 14 13 00 
00 13 13 00 
1 00 00 00 
1 00 1 00 
1 00 00 00 
1 00 00 00 
2 00 1 00 
00 00 1 2 
00 00 1 1 
00 00 00 00 
1 00 00 00 
00 00 00 00 
1 00 00 00 
2 00 1 00 
00 00 1 2 
00 00 00 1 
1 00 1 00 
1 00 1 00 
1 00 00 00 
1 00 00 00 
2 00 1 00 
00 00 1 3 
00 00 1 1 
1 00 00 00 
1 00 1 00 
1 00 1 00 
1 00 1 00 
1 00 1 00 
00 00 1 3 
00 00 00 1 
gridConcentrations 46 4 1.0000000000000002 a b c d 
00 11 13 00 
00 14 14 00 
00 14 13 00 
00 12 13 00 
00 15 14 00 
00 14 14 00 
1 18 13 00 
00 11 13 00 
00 13 14 00 
00 14 14 00 
00 13 13 00 
00 13 13 00 
00 16 13 00 
00 13 13 00 
00 16 13 00 
00 12 13 00 
00 11 13 00 
00 12 13 00 
00 00 00 00 
1 00 1 00 
00 00 00 00 
4 00 00 00 
1 00 1 00 
00 00 1 2 
00 00 1 1 
00 00 00 00 
1 00 00 00 
00 00 00 00 
1 00 00 00 
2 00 1 00 
00 00 1 2 
00 00 00 1 
1 00 1 00 
1 00 1 00 
1 00 00 00 
1 00 00 00 
1 00 1 00 
1 00 1 3 
00 00 1 1 
1 00 00 00 
00 00 1 00 
1 00 1 00 
1 00 1 00 
1 00 1 00 
1 00 1 3 
00 00 00 1 
gridConcentrations 46 4 2.000000000000001 a b c d 
00 9 13 00 
00 16 14 00 
00 14 13 00 
00 13 13 00 
00 15 14 00 
00 15 14 00 
2 13 13 00 
00 11 13 00 
00 15 14 00 
00 16 14 00 
00 10 13 00 
1 13 13 00 
00 17 12 00 
00 16 13 00 
00 14 13 00 
1 14 13 00 
00 10 13 00 
00 12 13 00 
1 00 00 00 
00 00 1 00 
00 00 00 00 
4 00 00 00 
1 00 1 00 
00 00 1 2 
00 00 1 1 
00 00 00 00 
00 00 00 00 
1 00 00 00 
00 00 00 00 
2 00 1 00 
1 00 1 2 
00 00 00 1 
00 00 1 00 
1 00 1 00 
2 00 00 00 
00 00 00 00 
2 00 1 00 
00 00 1 3 
00 00 1 1 
00 00 00 00 
1 00 1 00 
00 00 1 00 
00 00 1 00 
2 00 1 00 
00 00 1 3 
1 00 00 1 
gridConcentrations 46 4 2.9999999999999973 a b c d 
00 10 13 00 
00 14 14 00 
00 13 13 00 
00 14 13 00 
00 13 14 00 
00 12 14 00 
1 17 13 00 
1 14 13 00 
00 17 14 00 
00 13 14 00 
00 10 13 00 
1 11 13 00 
00 17 12 00 
00 14 13 00 
00 16 13 00 
2 15 12 00 
00 12 13 00 
00 11 13 00 
00 00 00 00 
00 00 2 00 
00 00 00 00 
3 00 00 00 
00 00 1 00 
1 00 1 2 
1 00 1 1 
00 00 00 00 
1 00 00 00 
00 00 00 00 
2 00 00 00 
00 00 1 00 
1 00 1 2 
00 00 00 1 
00 00 1 00 
00 00 1 00 
1 00 00 00 
2 00 00 00 
1 00 1 00 
00 00 1 3 
1 00 1 1 
1 00 00 00 
00 00 1 00 
00 00 1 00 
00 00 1 00 
1 00 1 00 
1 00 1 3 
1 00 00 1 
gridConcentrations 46 4 3.999999999999994 a b c d 
00 8 13 00 
00 16 14 00 
00 11 13 00 
00 14 13 00 
00 13 14 00 
00 16 14 00 
1 18 13 00 
1 11 13 00 
00 15 14 00 
00 13 14 00 
00 10 13 00 
1 12 13 00 
00 17 12 00 
00 13 13 00 
1 17 12 00 
2 15 12 00 
00 14 13 00 
00 11 13 00 
00 00 00 00 
00 00 2 00 
00 00 00 00 
2 00 00 00 
3 00 1 00 
00 00 1 2 
00 00 1 1 
00 00 00 00 
00 00 00 00 
1 00 00 00 
1 00 00 00 
1 00 1 00 
1 00 1 2 
00 00 00 1 
1 00 1 00 
00 00 1 00 
00 00 00 00 
1 00 00 00 
1 00 1 00 
2 00 1 3 
00 00 1 1 
00 00 00 00 
1 00 1 00 
00 00 1 00 
00 00 1 00 
00 00 1 00 
1 00 1 3 
2 00 00 1 
gridConcentrations 46 4 4.99999999999999 a b c d 
00 7 13 00 
1 18 13 00 
00 13 13 00 
00 13 13 00 
00 11 14 00 
00 14 14 00 
1 17 13 00 
1 12 13 00 
00 17 14 00 
00 15 14 00 
00 10 13 00 
1 8 13 00 
00 18 12 00 
00 11 13 00 
1 22 12 00 
2 15 12 00 
00 15 13 00 
00 9 13 00 
00 00 00 00 
00 00 2 00 
00 00 00 00 
2 00 00 00 
1 00 1 00 
1 00 1 2 
1 00 1 1 
00 00 00 00 
1 00 00 00 
00 00 00 00 
1 00 00 00 
00 00 1 00 
2 00 1 2 
00 00 00 1 
1 00 1 00 
00 00 1 00 
00 00 00 00 
1 00 00 00 
2 00 1 00 
00 00 1 3 
1 00 1 1 
00 00 00 00 
00 00 1 00 
1 00 1 00 
00 00 1 00 
1 00 1 00 
1 00 1 3 
1 00 00 1 
gridConcentrations 46 4 5.999999999999987 a b c d 
00 5 13 00 
1 19 13 00 
00 15 13 00 
00 14 13 00 
00 9 14 00 
00 13 14 00 
00 16 14 00 
1 12 13 00 
00 17 14 00 
00 15 14 00 
00 10 13 00 
00 10 14 00 
00 17 12 00 
00 10 13 00 
1 20 12 00 
2 16 12 00 
00 14 13 00 
00 11 13 00 
00 00 00 00 
00 00 2 00 
00 00 00 00 
1 00 00 00 
3 00 1 00 
00 00 1 2 
1 00 1 1 
1 00 00 00 
00 00 00 00 
00 00 00 00 
1 00 00 00 
1 00 1 00 
1 00 1 2 
00 00 00 1 
00 00 1 00 
1 00 1 00 
1 00 00 00 
00 00 00 00 
2 00 1 00 
1 00 1 3 
00 00 1 1 
00 00 00 00 
00 00 1 00 
1 00 1 00 
1 00 1 00 
1 00 1 00 
1 00 1 3 
00 00 00 1 
gridConcentrations 46 4 6.999999999999983 a b c d 
00 6 13 00 
1 19 13 00 
00 13 13 00 
00 13 13 00 
00 10 14 00 
00 15 14 00 
00 12 14 00 
00 12 13 00 
1 18 14 00 
00 18 14 00 
00 10 13 00 
00 12 14 00 
00 20 12 00 
00 11 13 00 
1 18 12 00 
2 13 12 00 
00 13 13 00 
00 10 13 00 
00 00 00 00 
00 00 2 00 
00 00 00 00 
00 00 00 00 
00 00 1 00 
3 00 1 2 
2 00 1 1 
00 00 00 00 
1 00 00 00 
00 00 00 00 
1 00 00 00 
1 00 1 00 
1 00 1 2 
00 00 00 1 
00 00 1 00 
1 1 00 00 
2 00 00 00 
1 00 00 00 
00 00 1 00 
2 00 1 3 
00 00 1 1 
00 00 00 00 
00 00 1 00 
1 00 1 00 
1 00 1 00 
00 00 1 00 
1 00 1 3 
1 00 00 1 
gridConcentrations 46 4 7.99999999999998 a b c d 
00 8 13 00 
1 18 13 00 
00 12 13 00 
00 14 13 00 
00 10 14 00 
00 16 14 00 
00 12 14 00 
00 7 13 00 
00 20 14 00 
00 19 14 00 
00 10 13 00 
1 14 14 00 
00 17 12 00 
00 14 13 00 
1 16 12 00 
00 13 14 00 
00 13 13 00 
00 8 13 00 
00 00 00 00 
00 00 2 00 
00 00 00 00 
00 00 00 00 
1 00 1 00 
3 00 1 2 
1 00 1 1 
00 00 00 00 
1 00 00 00 
00 00 00 00 
00 00 00 00 
1 00 1 00 
2 00 1 2 
00 00 00 1 
00 00 1 00 
2 00 00 00 
00 00 00 00 
2 00 00 00 
00 1 1 00 
1 00 1 3 
1 00 1 1 
00 00 00 00 
00 00 1 00 
1 00 1 00 
1 00 1 00 
00 00 1 00 
1 00 1 3 
1 00 00 1 
gridConcentrations 46 4 8.999999999999993 a b c d 
1 10 12 00 
2 18 12 00 
00 13 13 00 
00 13 13 00 
00 11 14 00 
00 14 14 00 
00 12 14 00 
00 7 13 00 
00 21 14 00 
00 17 14 00 
00 12 13 00 
1 14 14 00 
00 16 12 00 
00 13 13 00 
1 15 12 00 
00 14 14 00 
00 15 13 00 
00 8 13 00 
00 00 00 00 
00 00 2 00 
00 00 00 00 
1 00 00 00 
00 00 1 00 
4 00 1 2 
00 00 1 1 
00 00 00 00 
00 00 00 00 
1 00 00 00 
00 00 00 00 
1 00 1 00 
2 00 1 2 
00 00 00 1 
1 00 1 00 
1 00 00 00 
00 00 00 00 
1 00 00 00 
1 1 1 00 
1 00 1 3 
1 00 1 1 
00 00 00 00 
00 00 1 00 
1 00 1 00 
00 00 1 00 
1 00 1 00 
00 00 1 3 
2 00 00 1 
gridConcentrations 46 4 10.000000000000007 a b c d 
00 8 13 00 
1 20 13 00 
00 13 13 00 
00 12 13 00 
00 11 14 00 
00 12 14 00 
00 14 14 00 
00 7 12 00 
1 19 14 00 
00 17 14 00 
00 13 13 00 
1 15 14 00 
00 19 12 00 
00 9 13 00 
1 14 12 00 
00 11 14 00 
00 20 13 00 
00 8 13 00 
00 00 00 00 
00 00 2 00 
00 00 00 00 
00 00 00 00 
2 00 1 00 
2 00 1 2 
1 00 1 1 
00 00 00 00 
1 00 00 00 
00 00 00 00 
00 00 00 00 
1 00 1 00 
00 00 1 2 
2 00 00 1 
1 00 1 00 
1 00 00 00 
00 00 00 00 
2 00 00 00 
1 1 1 00 
00 00 1 3 
1 00 1 1 
00 00 00 00 
1 00 1 00 
00 00 1 00 
00 00 1 00 
1 00 1 00 
1 00 1 3 
1 00 00 1 
gridConcentrations 46 4 11.000000000000021 a b c d 
00 10 13 00 
1 17 13 00 
00 15 13 00 
00 10 13 00 
00 14 14 00 
00 8 14 00 
00 16 14 00 
00 6 12 00 
1 21 14 00 
00 14 14 00 
1 17 13 00 
00 13 14 00 
00 19 12 00 
00 9 13 00 
00 12 13 00 
00 10 14 00 
00 20 13 00 
00 10 13 00 
00 00 00 00 
00 00 2 00 
00 00 00 00 
00 00 00 00 
3 00 1 00 
1 00 1 2 
1 00 1 1 
1 00 00 00 
00 00 00 00 
00 00 00 00 
00 00 00 00 
00 00 1 00 
2 00 1 2 
1 00 00 1 
2 00 1 00 
00 00 00 00 
00 00 00 00 
1 00 00 00 
2 00 1 00 
1 1 1 3 
00 00 1 1 
1 00 00 00 
00 00 1 00 
00 00 1 00 
00 00 1 00 
1 00 1 00 
00 00 1 3 
2 00 00 1 
gridConcentrations 46 4 12.000000000000036 a b c d 
1 12 12 00 
00 15 13 00 
1 18 13 00 
00 11 13 00 
00 13 14 00 
00 6 14 00 
1 14 14 00 
00 8 12 00 
1 19 14 00 
00 17 14 00 
1 17 13 00 
00 13 14 00 
00 18 12 00 
00 9 13 00 
00 11 13 00 
00 10 14 00 
00 21 13 00 
00 10 13 00 
00 00 00 00 
00 00 2 00 
00 00 00 00 
00 00 00 00 
1 00 1 00 
1 00 1 2 
3 00 1 1 
00 00 00 00 
00 00 00 00 
1 00 00 00 
00 00 00 00 
1 00 1 00 
2 00 1 2 
00 00 00 1 
1 00 1 00 
00 00 00 00 
00 00 00 00 
2 00 00 00 
00 00 1 00 
2 1 1 3 
00 00 1 1 
00 00 00 00 
1 00 1 00 
00 00 1 00 
00 00 1 00 
00 00 1 00 
3 00 1 3 
00 00 00 1 
gridConcentrations 46 4 13.00000000000005 a b c d 
1 14 12 00 
00 13 13 00 
1 19 13 00 
00 11 13 00 
00 11 14 00 
00 6 14 00 
1 12 14 00 
00 12 12 00 
1 21 14 00 
1 16 14 00 
1 19 13 00 
00 10 14 00 
00 17 12 00 
00 7 13 00 
00 12 13 00 
00 12 14 00 
1 22 12 00 
00 9 13 00 
00 00 00 00 
00 00 2 00 
00 00 00 00 
00 00 00 00 
00 00 1 00 
2 00 1 2 
3 00 1 1 
00 00 00 00 
00 00 00 00 
2 00 00 00 
00 00 00 00 
00 00 1 00 
00 00 1 2 
2 00 00 1 
00 00 1 00 
00 00 00 00 
1 00 00 00 
00 00 00 00 
2 00 1 00 
1 1 1 3 
00 00 1 1 
00 00 00 00 
1 00 1 00 
00 00 1 00 
00 00 1 00 
00 00 1 00 
2 00 1 3 
1 00 00 1 
gridConcentrations 46 4 14.000000000000064 a b c d 
1 14 12 00 
00 13 13 00 
1 17 13 00 
00 11 13 00 
00 12 14 00 
00 8 14 00 
1 11 14 00 
00 11 12 00 
1 20 14 00 
00 17 15 00 
1 15 13 00 
00 12 14 00 
00 15 12 00 
1 8 13 00 
00 12 13 00 
00 14 14 00 
00 21 12 00 
00 11 13 00 
00 00 00 00 
00 00 2 00 
00 00 00 00 
00 00 00 00 
2 00 1 00 
1 00 1 2 
2 00 1 1 
1 00 00 00 
00 00 00 00 
00 00 00 00 
00 00 00 00 
1 00 1 00 
1 00 1 2 
1 00 00 1 
00 00 1 00 
00 00 00 00 
1 00 00 00 
00 00 00 00 
2 00 1 00 
1 1 1 3 
00 00 1 1 
00 00 00 00 
00 00 1 00 
00 00 1 00 
1 00 1 00 
1 00 1 00 
1 00 1 3 
1 00 00 1 
gridConcentrations 46 4 15.000000000000078 a b c d 
00 13 13 00 
00 10 13 00 
1 16 13 00 
00 8 13 00 
00 13 14 00 
00 12 14 00 
1 13 14 00 
00 16 12 00 
1 17 14 00 
00 15 15 00 
1 9 13 00 
00 15 14 00 
00 17 12 00 
1 10 13 00 
00 12 13 00 
00 16 14 00 
00 19 12 00 
00 9 13 00 
00 00 00 00 
00 00 2 00 
00 00 00 00 
00 00 00 00 
1 00 1 00 
1 00 1 2 
3 00 1 1 
00 1 00 00 
1 00 00 00 
00 00 00 00 
00 00 00 00 
00 00 1 00 
2 00 1 2 
1 00 00 1 
00 00 1 00 
00 00 00 00 
00 00 00 00 
2 00 00 00 
1 00 1 00 
1 1 1 3 
00 00 1 1 
00 00 00 00 
00 00 1 00 
00 00 1 00 
00 00 1 00 
2 00 1 00 
1 00 1 3 
1 00 00 1 
gridConcentrations 46 4 16.000000000000092 a b c d 
00 13 13 00 
00 10 13 00 
1 15 13 00 
00 6 13 00 
00 15 14 00 
00 12 14 00 
1 18 14 00 
00 14 12 00 
2 18 13 00 
00 12 15 00 
1 10 13 00 
00 14 14 00 
00 20 12 00 
1 10 13 00 
00 11 13 00 
00 13 14 00 
00 21 12 00 
00 9 13 00 
00 00 00 00 
00 00 2 00 
00 00 00 00 
00 00 00 00 
1 00 1 00 
4 00 1 2 
00 00 1 1 
1 1 00 00 
00 00 00 00 
00 00 00 00 
00 00 00 00 
00 00 1 00 
2 00 1 2 
1 00 00 1 
00 00 1 00 
00 00 00 00 
00 00 00 00 
2 00 00 00 
00 00 1 00 
1 1 1 3 
1 00 1 1 
00 00 00 00 
00 00 1 00 
00 00 1 00 
00 00 1 00 
2 00 1 00 
2 00 1 3 
00 00 00 1 
gridConcentrations 46 4 17.000000000000107 a b c d 
00 10 13 00 
00 11 13 00 
00 14 14 00 
00 8 13 00 
00 15 14 00 
00 16 14 00 
1 17 14 00 
00 13 12 00 
2 16 13 00 
00 12 15 00 
1 11 13 00 
00 15 14 00 
00 15 12 00 
1 10 13 00 
00 13 13 00 
00 15 14 00 
00 19 12 00 
00 10 13 00 
00 00 00 00 
00 00 2 00 
00 00 00 00 
1 00 00 00 
3 00 1 00 
1 00 1 2 
00 00 1 1 
00 00 1 00 
00 00 00 00 
00 00 00 00 
1 00 00 00 
1 00 1 00 
1 00 1 2 
00 00 00 1 
00 00 1 00 
00 00 00 00 
1 00 00 00 
2 00 00 00 
00 00 1 00 
1 1 1 3 
00 00 1 1 
00 00 00 00 
00 00 1 00 
00 00 1 00 
00 00 1 00 
3 00 1 00 
1 00 1 3 
00 00 00 1 
gridConcentrations 46 4 18.00000000000012 a b c d 
00 11 13 00 
00 12 13 00 
00 12 14 00 
00 9 13 00 
00 13 14 00 
00 18 14 00 
00 15 14 00 
00 14 12 00 
2 17 13 00 
1 13 15 00 
1 13 13 00 
00 12 14 00 
00 14 12 00 
1 9 13 00 
00 14 13 00 
00 16 14 00 
00 18 12 00 
00 10 13 00 
00 00 00 00 
00 00 2 00 
00 00 00 00 
2 00 00 00 
1 00 1 00 
1 00 1 2 
1 00 1 1 
00 00 1 00 
1 00 00 00 
00 00 00 00 
1 00 00 00 
00 00 1 00 
00 00 1 2 
1 00 00 1 
00 00 1 00 
1 00 00 00 
00 00 00 00 
2 00 00 00 
1 00 1 00 
00 00 1 3 
00 1 1 1 
00 00 00 00 
00 00 1 00 
00 00 1 00 
00 00 1 00 
1 00 1 00 
2 00 1 3 
1 00 00 1 
gridConcentrations 46 4 19.000000000000135 a b c d 
00 10 13 00 
00 13 13 00 
00 13 14 00 
00 12 13 00 
00 11 14 00 
00 13 14 00 
00 11 14 00 
00 13 12 00 
1 18 14 00 
1 15 15 00 
1 13 13 00 
00 15 14 00 
00 14 12 00 
1 10 13 00 
00 14 13 00 
00 17 14 00 
00 18 12 00 
00 8 13 00 
00 00 00 00 
1 00 2 00 
00 00 00 00 
1 00 00 00 
1 00 1 00 
1 00 1 2 
1 00 1 1 
00 00 1 00 
00 00 00 00 
1 00 00 00 
1 00 00 00 
1 00 1 00 
00 00 1 2 
00 00 00 1 
00 1 1 00 
1 00 00 00 
00 00 00 00 
1 00 00 00 
2 00 1 00 
00 1 1 3 
00 00 1 1 
00 00 00 00 
00 00 1 00 
00 00 1 00 
00 00 1 00 
1 00 1 00 
2 00 1 3 
1 00 00 1 
