cctdif2d
volumeGrid 103
 (1.0000 2.0000 0.0000)  (1.6667 2.0000 0.0000)  (1.6667 1.3333 0.0000)  (1.0000 1.3333 0.0000) 
 (1.0000 1.3333 0.0000)  (1.6667 1.3333 0.0000)  (1.6667 0.66667 0.0000)  (1.0000 0.66667 0.0000) 
 (1.0000 0.66667 0.0000)  (1.6667 0.66667 0.0000)  (1.6667 2.2204e-16 0.0000)  (1.0000 2.2204e-16 0.0000) 
 (1.6667 2.0000 0.0000)  (2.3333 2.0000 0.0000)  (2.3333 1.3333 0.0000)  (1.6667 1.3333 0.0000) 
 (1.6667 1.3333 0.0000)  (2.3333 1.3333 0.0000)  (2.3333 0.66667 0.0000)  (1.6667 0.66667 0.0000) 
 (1.6667 0.66667 0.0000)  (2.3333 0.66667 0.0000)  (2.3333 2.2204e-16 0.0000)  (1.6667 2.2204e-16 0.0000) 
 (2.3333 2.0000 0.0000)  (3.0000 2.0000 0.0000)  (3.0000 1.3333 0.0000)  (2.3333 1.3333 0.0000) 
 (2.3333 1.3333 0.0000)  (3.0000 1.3333 0.0000)  (3.0000 0.66667 0.0000)  (2.3333 0.66667 0.0000) 
 (2.3333 0.66667 0.0000)  (3.0000 0.66667 0.0000)  (3.0000 2.2204e-16 0.0000)  (2.3333 2.2204e-16 0.0000) 
 (3.0000 2.0000 0.0000)  (3.6667 2.0000 0.0000)  (3.6667 1.3333 0.0000)  (3.0000 1.3333 0.0000) 
 (3.0000 1.3333 0.0000)  (3.6667 1.3333 0.0000)  (3.6667 0.66667 0.0000)  (3.0000 0.66667 0.0000) 
 (3.0000 0.66667 0.0000)  (3.6667 0.66667 0.0000)  (3.6667 2.2204e-16 0.0000)  (3.0000 2.2204e-16 0.0000) 
 (3.6667 2.0000 0.0000)  (4.3333 2.0000 0.0000)  (4.3333 1.3333 0.0000)  (3.6667 1.3333 0.0000) 
 (3.6667 1.3333 0.0000)  (4.3333 1.3333 0.0000)  (4.3333 0.66667 0.0000)  (3.6667 0.66667 0.0000) 
 (3.6667 0.66667 0.0000)  (4.3333 0.66667 0.0000)  (4.3333 2.2204e-16 0.0000)  (3.6667 2.2204e-16 0.0000) 
 (4.3333 2.0000 0.0000)  (5.0000 2.0000 0.0000)  (5.0000 1.3333 0.0000)  (4.3333 1.3333 0.0000) 
 (4.3333 1.3333 0.0000)  (5.0000 1.3333 0.0000)  (5.0000 0.66667 0.0000)  (4.3333 0.66667 0.0000) 
 (4.3333 0.66667 0.0000)  (5.0000 0.66667 0.0000)  (5.0000 2.2204e-16 0.0000)  (4.3333 2.2204e-16 0.0000) 
 (5.0000 2.0000 0.0000)  (5.7143 2.0000 0.0000)  (5.7143 1.3333 0.0000)  (5.0000 1.3333 0.0000) 
 (5.0000 1.3333 0.0000)  (5.7143 1.3333 0.0000)  (5.7143 0.66667 0.0000)  (5.0000 0.66667 0.0000) 
 (5.0000 0.66667 0.0000)  (5.7143 0.66667 0.0000)  (5.7143 2.2204e-16 0.0000)  (5.0000 2.2204e-16 0.0000) 
 (5.7143 2.0000 0.0000)  (6.4286 2.0000 0.0000)  (6.4286 1.3333 0.0000)  (5.7143 1.3333 0.0000) 
 (5.7143 1.3333 0.0000)  (6.4286 1.3333 0.0000)  (6.4286 0.66667 0.0000)  (5.7143 0.66667 0.0000) 
 (5.7143 0.66667 0.0000)  (6.4286 0.66667 0.0000)  (6.4286 2.2204e-16 0.0000)  (5.7143 2.2204e-16 0.0000) 
 (6.4286 2.0000 0.0000)  (7.1429 2.0000 0.0000)  (7.1429 1.3333 0.0000)  (6.4286 1.3333 0.0000) 
 (6.4286 1.3333 0.0000)  (7.1429 1.3333 0.0000)  (7.1429 0.66667 0.0000)  (6.4286 0.66667 0.0000) 
 (6.4286 0.66667 0.0000)  (7.1429 0.66667 0.0000)  (7.1429 2.2204e-16 0.0000)  (6.4286 2.2204e-16 0.0000) 
 (7.1429 2.0000 0.0000)  (7.8571 2.0000 0.0000)  (7.8571 1.3333 0.0000)  (7.1429 1.3333 0.0000) 
 (7.1429 1.3333 0.0000)  (7.8571 1.3333 0.0000)  (7.8571 0.66667 0.0000)  (7.1429 0.66667 0.0000) 
 (7.1429 0.66667 0.0000)  (7.8571 0.66667 0.0000)  (7.8571 2.2204e-16 0.0000)  (7.1429 2.2204e-16 0.0000) 
 (7.8571 2.0000 0.0000)  (8.5714 2.0000 0.0000)  (8.5714 1.3333 0.0000)  (7.8571 1.3333 0.0000) 
 (7.8571 1.3333 0.0000)  (8.5714 1.3333 0.0000)  (8.5714 0.66667 0.0000)  (7.8571 0.66667 0.0000) 
 (7.8571 0.66667 0.0000)  (8.5714 0.66667 0.0000)  (8.5714 2.2204e-16 0.0000)  (7.8571 2.2204e-16 0.0000) 
 (8.5714 2.0000 0.0000)  (9.2857 2.0000 0.0000)  (9.2857 1.3333 0.0000)  (8.5714 1.3333 0.0000) 
 (8.5714 1.3333 0.0000)  (9.2857 1.3333 0.0000)  (9.2857 0.66667 0.0000)  (8.5714 0.66667 0.0000) 
 (8.5714 0.66667 0.0000)  (9.2857 0.66667 0.0000)  (9.2857 2.2204e-16 0.0000)  (8.5714 2.2204e-16 0.0000) 
 (9.2857 2.0000 0.0000)  (10.000 2.0000 0.0000)  (10.000 1.3333 0.0000)  (9.2857 1.3333 0.0000) 
 (9.2857 1.3333 0.0000)  (10.000 1.3333 0.0000)  (10.000 0.66667 0.0000)  (9.2857 0.66667 0.0000) 
 (9.2857 0.66667 0.0000)  (10.000 0.66667 0.0000)  (10.000 2.2204e-16 0.0000)  (9.2857 2.2204e-16 0.0000) 
 (8.1143 2.1857 0.0000)  (8.1143 2.0000 0.0000)  (8.3143 2.0000 0.0000)  (8.3143 2.1857 0.0000) 
 (8.1143 2.3714 0.0000)  (8.1143 2.1857 0.0000)  (8.3143 2.1857 0.0000)  (8.3143 2.3714 0.0000) 
 (8.1143 2.5571 0.0000)  (8.1143 2.3714 0.0000)  (8.3143 2.3714 0.0000)  (8.3143 2.5571 0.0000) 
 (8.0786 2.7429 0.0000)  (8.1143 2.5571 0.0000)  (8.3143 2.5571 0.0000)  (8.3500 2.7429 0.0000) 
 (8.0321 2.9286 0.0000)  (8.0786 2.7429 0.0000)  (8.3500 2.7429 0.0000)  (8.3964 2.9286 0.0000) 
 (8.0143 3.1143 0.0000)  (8.0321 2.9286 0.0000)  (8.3964 2.9286 0.0000)  (8.4143 3.1143 0.0000) 
 (8.1643 3.3000 0.0000)  (8.0143 3.1143 0.0000)  (8.4143 3.1143 0.0000)  (8.2643 3.3000 0.0000) 
 (6.1714 -0.18571 0.0000)  (6.1714 2.2817e-16 0.0000)  (5.9714 2.1592e-16 0.0000)  (5.9714 -0.18571 0.0000) 
 (6.1714 -0.37143 0.0000)  (6.1714 -0.18571 0.0000)  (5.9714 -0.18571 0.0000)  (5.9714 -0.37143 0.0000) 
 (6.1714 -0.55714 0.0000)  (6.1714 -0.37143 0.0000)  (5.9714 -0.37143 0.0000)  (5.9714 -0.55714 0.0000) 
 (6.2071 -0.74286 0.0000)  (6.1714 -0.55714 0.0000)  (5.9714 -0.55714 0.0000)  (5.9357 -0.74286 0.0000) 
 (6.2536 -0.92857 0.0000)  (6.2071 -0.74286 0.0000)  (5.9357 -0.74286 0.0000)  (5.8893 -0.92857 0.0000) 
 (6.2714 -1.1143 0.0000)  (6.2536 -0.92857 0.0000)  (5.8893 -0.92857 0.0000)  (5.8714 -1.1143 0.0000) 
 (6.1214 -1.3000 0.0000)  (6.2714 -1.1143 0.0000)  (5.8714 -1.1143 0.0000)  (6.0214 -1.3000 0.0000) 
 (6.6857 2.1857 0.0000)  (6.6857 2.0000 0.0000)  (6.8857 2.0000 0.0000)  (6.8857 2.1857 0.0000) 
 (6.6857 2.3714 0.0000)  (6.6857 2.1857 0.0000)  (6.8857 2.1857 0.0000)  (6.8857 2.3714 0.0000) 
 (6.6857 2.5571 0.0000)  (6.6857 2.3714 0.0000)  (6.8857 2.3714 0.0000)  (6.8857 2.5571 0.0000) 
 (6.6500 2.7429 0.0000)  (6.6857 2.5571 0.0000)  (6.8857 2.5571 0.0000)  (6.9214 2.7429 0.0000) 
 (6.6036 2.9286 0.0000)  (6.6500 2.7429 0.0000)  (6.9214 2.7429 0.0000)  (6.9679 2.9286 0.0000) 
 (6.5857 3.1143 0.0000)  (6.6036 2.9286 0.0000)  (6.9679 2.9286 0.0000)  (6.9857 3.1143 0.0000) 
 (6.7357 3.3000 0.0000)  (6.5857 3.1143 0.0000)  (6.9857 3.1143 0.0000)  (6.8357 3.3000 0.0000) 
 (5.9714 2.1857 0.0000)  (5.9714 2.0000 0.0000)  (6.1714 2.0000 0.0000)  (6.1714 2.1857 0.0000) 
 (5.9714 2.3714 0.0000)  (5.9714 2.1857 0.0000)  (6.1714 2.1857 0.0000)  (6.1714 2.3714 0.0000) 
 (5.9714 2.5571 0.0000)  (5.9714 2.3714 0.0000)  (6.1714 2.3714 0.0000)  (6.1714 2.5571 0.0000) 
 (5.9357 2.7429 0.0000)  (5.9714 2.5571 0.0000)  (6.1714 2.5571 0.0000)  (6.2071 2.7429 0.0000) 
 (5.8893 2.9286 0.0000)  (5.9357 2.7429 0.0000)  (6.2071 2.7429 0.0000)  (6.2536 2.9286 0.0000) 
 (5.8714 3.1143 0.0000)  (5.8893 2.9286 0.0000)  (6.2536 2.9286 0.0000)  (6.2714 3.1143 0.0000) 
 (6.0214 3.3000 0.0000)  (5.8714 3.1143 0.0000)  (6.2714 3.1143 0.0000)  (6.1214 3.3000 0.0000) 
 (7.4000 2.1857 0.0000)  (7.4000 2.0000 0.0000)  (7.6000 2.0000 0.0000)  (7.6000 2.1857 0.0000) 
 (7.4000 2.3714 0.0000)  (7.4000 2.1857 0.0000)  (7.6000 2.1857 0.0000)  (7.6000 2.3714 0.0000) 
 (7.4000 2.5571 0.0000)  (7.4000 2.3714 0.0000)  (7.6000 2.3714 0.0000)  (7.6000 2.5571 0.0000) 
 (7.3643 2.7429 0.0000)  (7.4000 2.5571 0.0000)  (7.6000 2.5571 0.0000)  (7.6357 2.7429 0.0000) 
 (7.3179 2.9286 0.0000)  (7.3643 2.7429 0.0000)  (7.6357 2.7429 0.0000)  (7.6821 2.9286 0.0000) 
 (7.3000 3.1143 0.0000)  (7.3179 2.9286 0.0000)  (7.6821 2.9286 0.0000)  (7.7000 3.1143 0.0000) 
 (7.4500 3.3000 0.0000)  (7.3000 3.1143 0.0000)  (7.7000 3.1143 0.0000)  (7.5500 3.3000 0.0000) 
 (8.3143 -0.18571 0.0000)  (8.3143 2.2817e-16 0.0000)  (8.1143 2.1592e-16 0.0000)  (8.1143 -0.18571 0.0000) 
 (8.3143 -0.37143 0.0000)  (8.3143 -0.18571 0.0000)  (8.1143 -0.18571 0.0000)  (8.1143 -0.37143 0.0000) 
 (8.3143 -0.55714 0.0000)  (8.3143 -0.37143 0.0000)  (8.1143 -0.37143 0.0000)  (8.1143 -0.55714 0.0000) 
 (8.3500 -0.74286 0.0000)  (8.3143 -0.55714 0.0000)  (8.1143 -0.55714 0.0000)  (8.0786 -0.74286 0.0000) 
 (8.3964 -0.92857 0.0000)  (8.3500 -0.74286 0.0000)  (8.0786 -0.74286 0.0000)  (8.0321 -0.92857 0.0000) 
 (8.4143 -1.1143 0.0000)  (8.3964 -0.92857 0.0000)  (8.0321 -0.92857 0.0000)  (8.0143 -1.1143 0.0000) 
 (8.2643 -1.3000 0.0000)  (8.4143 -1.1143 0.0000)  (8.0143 -1.1143 0.0000)  (8.1643 -1.3000 0.0000) 
 (6.8857 -0.18571 0.0000)  (6.8857 2.2817e-16 0.0000)  (6.6857 2.1592e-16 0.0000)  (6.6857 -0.18571 0.0000) 
 (6.8857 -0.37143 0.0000)  (6.8857 -0.18571 0.0000)  (6.6857 -0.18571 0.0000)  (6.6857 -0.37143 0.0000) 
 (6.8857 -0.55714 0.0000)  (6.8857 -0.37143 0.0000)  (6.6857 -0.37143 0.0000)  (6.6857 -0.55714 0.0000) 
 (6.9214 -0.74286 0.0000)  (6.8857 -0.55714 0.0000)  (6.6857 -0.55714 0.0000)  (6.6500 -0.74286 0.0000) 
 (6.9679 -0.92857 0.0000)  (6.9214 -0.74286 0.0000)  (6.6500 -0.74286 0.0000)  (6.6036 -0.92857 0.0000) 
 (6.9857 -1.1143 0.0000)  (6.9679 -0.92857 0.0000)  (6.6036 -0.92857 0.0000)  (6.5857 -1.1143 0.0000) 
 (6.8357 -1.3000 0.0000)  (6.9857 -1.1143 0.0000)  (6.5857 -1.1143 0.0000)  (6.7357 -1.3000 0.0000) 
 (3.4462 -0.18000 0.0000)  (3.4333 2.2817e-16 0.0000)  (3.2333 2.1592e-16 0.0000)  (3.2205 -0.18000 0.0000) 
 (3.4590 -0.36000 0.0000)  (3.4462 -0.18000 0.0000)  (3.2205 -0.18000 0.0000)  (3.2076 -0.36000 0.0000) 
 (3.4719 -0.54000 0.0000)  (3.4590 -0.36000 0.0000)  (3.2076 -0.36000 0.0000)  (3.1948 -0.54000 0.0000) 
 (3.4733 -0.72000 0.0000)  (3.4719 -0.54000 0.0000)  (3.1948 -0.54000 0.0000)  (3.1933 -0.72000 0.0000) 
 (3.3833 -0.90000 0.0000)  (3.4733 -0.72000 0.0000)  (3.1933 -0.72000 0.0000)  (3.2833 -0.90000 0.0000) 
 (1.8871 2.1800 0.0000)  (1.9000 2.0000 0.0000)  (2.1000 2.0000 0.0000)  (2.1129 2.1800 0.0000) 
 (1.8743 2.3600 0.0000)  (1.8871 2.1800 0.0000)  (2.1129 2.1800 0.0000)  (2.1257 2.3600 0.0000) 
 (1.8614 2.5400 0.0000)  (1.8743 2.3600 0.0000)  (2.1257 2.3600 0.0000)  (2.1386 2.5400 0.0000) 
 (1.8600 2.7200 0.0000)  (1.8614 2.5400 0.0000)  (2.1386 2.5400 0.0000)  (2.1400 2.7200 0.0000) 
 (1.9500 2.9000 0.0000)  (1.8600 2.7200 0.0000)  (2.1400 2.7200 0.0000)  (2.0500 2.9000 0.0000) 
 (2.5538 2.1800 0.0000)  (2.5667 2.0000 0.0000)  (2.7667 2.0000 0.0000)  (2.7795 2.1800 0.0000) 
 (2.5410 2.3600 0.0000)  (2.5538 2.1800 0.0000)  (2.7795 2.1800 0.0000)  (2.7924 2.3600 0.0000) 
 (2.5281 2.5400 0.0000)  (2.5410 2.3600 0.0000)  (2.7924 2.3600 0.0000)  (2.8052 2.5400 0.0000) 
 (2.5267 2.7200 0.0000)  (2.5281 2.5400 0.0000)  (2.8052 2.5400 0.0000)  (2.8067 2.7200 0.0000) 
 (2.6167 2.9000 0.0000)  (2.5267 2.7200 0.0000)  (2.8067 2.7200 0.0000)  (2.7167 2.9000 0.0000) 
gridConcentrations 103 1 0.0 a 
0.0 
0.0 
0.0 
0.0 
0.0 
0.0 
0.0 
0.0 
0.0 
0.0 
0.0 
0.0 
0.0 
0.0 
0.0 
0.0 
0.0 
0.0 
0.0 
0.0 
0.0 
0.0 
0.0 
0.0 
0.0 
0.0 
0.0 
0.0 
0.0 
0.0 
0.0 
0.0 
0.0 
0.0 
0.0 
0.0 
0.0 
0.0 
0.0 
0.0 
0.0 
0.0 
813.40 
0.0 
0.0 
0.0 
0.0 
0.0 
0.0 
813.40 
0.0 
0.0 
0.0 
0.0 
0.0 
0.0 
813.40 
0.0 
0.0 
0.0 
0.0 
0.0 
0.0 
813.40 
0.0 
0.0 
0.0 
0.0 
0.0 
0.0 
813.40 
0.0 
0.0 
0.0 
0.0 
0.0 
0.0 
813.40 
0.0 
0.0 
0.0 
0.0 
0.0 
0.0 
813.40 
0.0 
0.0 
0.0 
0.0 
0.0 
0.0 
0.0 
0.0 
0.0 
0.0 
0.0 
0.0 
0.0 
0.0 
0.0 
0.0 
0.0 
0.0 
gridConcentrations 103 1 4.99999999999999 a 
0.0 
0.0 
0.0 
0.0 
0.0 
0.0 
0.0 
0.0 
0.0 
0.0 
0.0 
0.0 
0.0 
0.0 
0.0 
0.0 
0.0 
0.0 
0.0 
0.0 
0.0 
0.0 
0.0 
0.0 
0.0 
0.0 
0.0 
0.0 
0.0 
0.0 
0.0 
0.0 
0.0 
0.0 
0.0 
0.0 
0.0 
0.0 
0.0 
0.0 
0.0 
284.62 
0.0 
0.0 
155.81 
162.64 
0.0 
0.0 
0.0 
0.0 
223.78 
155.81 
0.0 
284.62 
0.0 
0.0 
0.0 
0.0 
77.903 
325.28 
0.0 
0.0 
0.0 
203.35 
111.89 
155.81 
0.0 
284.62 
0.0 
0.0 
0.0 
111.89 
77.903 
162.64 
0.0 
0.0 
284.62 
203.35 
0.0 
77.903 
162.64 
284.62 
0.0 
569.24 
0.0 
0.0 
77.903 
0.0 
0.0 
0.0 
0.0 
0.0 
0.0 
0.0 
0.0 
0.0 
0.0 
0.0 
0.0 
0.0 
0.0 
0.0 
0.0 
gridConcentrations 103 1 10.000000000000007 a 
0.0 
0.0 
0.0 
0.0 
0.0 
0.0 
0.0 
0.0 
0.0 
0.0 
0.0 
0.0 
0.0 
0.0 
0.0 
0.0 
0.0 
0.0 
0.0 
0.0 
0.0 
0.0 
0.0 
0.0 
0.0 
0.0 
0.0 
0.0 
0.0 
0.0 
0.0 
0.0 
0.0 
0.0 
0.0 
0.0 
0.0 
0.0 
0.0 
0.0 
0.0 
284.62 
203.35 
0.0 
155.81 
0.0 
0.0 
0.0 
284.62 
0.0 
0.0 
155.81 
162.64 
0.0 
284.62 
0.0 
203.35 
0.0 
155.81 
0.0 
0.0 
569.24 
0.0 
3050.2 
6937.0 
10829 
18053 
569.24 
569.24 
1992.3 
2236.8 
6825.2 
10751 
18053 
284.62 
1423.1 
1423.1 
6100.5 
8279.7 
9737.9 
15125 
284.62 
569.24 
0.0 
0.0 
0.0 
77.903 
0.0 
0.0 
0.0 
0.0 
0.0 
0.0 
0.0 
0.0 
0.0 
0.0 
0.0 
0.0 
0.0 
0.0 
0.0 
0.0 
gridConcentrations 103 1 15.000000000000078 a 
0.0 
0.0 
0.0 
0.0 
0.0 
0.0 
0.0 
0.0 
0.0 
0.0 
0.0 
0.0 
0.0 
0.0 
0.0 
0.0 
0.0 
0.0 
0.0 
0.0 
0.0 
20.923 
6.9744 
0.0 
13.949 
0.0 
6.9744 
27.898 
0.0 
0.0 
0.0 
0.0 
48.821 
0.0 
0.0 
0.0 
0.0 
0.0 
0.0 
0.0 
284.62 
0.0 
203.35 
0.0 
0.0 
325.28 
0.0 
0.0 
0.0 
0.0 
0.0 
311.61 
0.0 
0.0 
0.0 
0.0 
0.0 
0.0 
77.903 
162.64 
2277.0 
2846.2 
5123.1 
12404 
14769 
21268 
24884 
1423.1 
1992.3 
5977.0 
11998 
16112 
20099 
27486 
2846.2 
3415.4 
7115.5 
10777 
13874 
20021 
28299 
0.0 
284.62 
0.0 
0.0 
0.0 
155.81 
0.0 
0.0 
0.0 
0.0 
0.0 
0.0 
0.0 
0.0 
0.0 
0.0 
0.0 
0.0 
0.0 
0.0 
0.0 
0.0 
