cctdif2d
volumeGrid 88
 (1.0000 2.0000 0.0000)  (1.6667 2.0000 0.0000)  (1.6667 1.3333 0.0000)  (1.0000 1.3333 0.0000) 
 (1.0000 1.3333 0.0000)  (1.6667 1.3333 0.0000)  (1.6667 0.66667 0.0000)  (1.0000 0.66667 0.0000) 
 (1.0000 0.66667 0.0000)  (1.6667 0.66667 0.0000)  (1.6667 2.2204e-16 0.0000)  (1.0000 2.2204e-16 0.0000) 
 (1.6667 2.0000 0.0000)  (2.3333 2.0000 0.0000)  (2.3333 1.3333 0.0000)  (1.6667 1.3333 0.0000) 
 (1.6667 1.3333 0.0000)  (2.3333 1.3333 0.0000)  (2.3333 0.66667 0.0000)  (1.6667 0.66667 0.0000) 
 (1.6667 0.66667 0.0000)  (2.3333 0.66667 0.0000)  (2.3333 2.2204e-16 0.0000)  (1.6667 2.2204e-16 0.0000) 
 (2.3333 2.0000 0.0000)  (3.0000 2.0000 0.0000)  (3.0000 1.3333 0.0000)  (2.3333 1.3333 0.0000) 
 (2.3333 1.3333 0.0000)  (3.0000 1.3333 0.0000)  (3.0000 0.66667 0.0000)  (2.3333 0.66667 0.0000) 
 (2.3333 0.66667 0.0000)  (3.0000 0.66667 0.0000)  (3.0000 2.2204e-16 0.0000)  (2.3333 2.2204e-16 0.0000) 
 (3.0000 2.0000 0.0000)  (3.6667 2.0000 0.0000)  (3.6667 1.3333 0.0000)  (3.0000 1.3333 0.0000) 
 (3.0000 1.3333 0.0000)  (3.6667 1.3333 0.0000)  (3.6667 0.66667 0.0000)  (3.0000 0.66667 0.0000) 
 (3.0000 0.66667 0.0000)  (3.6667 0.66667 0.0000)  (3.6667 2.2204e-16 0.0000)  (3.0000 2.2204e-16 0.0000) 
 (3.6667 2.0000 0.0000)  (4.3333 2.0000 0.0000)  (4.3333 1.3333 0.0000)  (3.6667 1.3333 0.0000) 
 (3.6667 1.3333 0.0000)  (4.3333 1.3333 0.0000)  (4.3333 0.66667 0.0000)  (3.6667 0.66667 0.0000) 
 (3.6667 0.66667 0.0000)  (4.3333 0.66667 0.0000)  (4.3333 2.2204e-16 0.0000)  (3.6667 2.2204e-16 0.0000) 
 (4.3333 2.0000 0.0000)  (5.0000 2.0000 0.0000)  (5.0000 1.3333 0.0000)  (4.3333 1.3333 0.0000) 
 (4.3333 1.3333 0.0000)  (5.0000 1.3333 0.0000)  (5.0000 0.66667 0.0000)  (4.3333 0.66667 0.0000) 
 (4.3333 0.66667 0.0000)  (5.0000 0.66667 0.0000)  (5.0000 2.2204e-16 0.0000)  (4.3333 2.2204e-16 0.0000) 
 (5.0000 2.0000 0.0000)  (5.7143 2.0000 0.0000)  (5.7143 1.3333 0.0000)  (5.0000 1.3333 0.0000) 
 (5.0000 1.3333 0.0000)  (5.7143 1.3333 0.0000)  (5.7143 0.66667 0.0000)  (5.0000 0.66667 0.0000) 
 (5.0000 0.66667 0.0000)  (5.7143 0.66667 0.0000)  (5.7143 2.2204e-16 0.0000)  (5.0000 2.2204e-16 0.0000) 
 (5.7143 2.0000 0.0000)  (6.4286 2.0000 0.0000)  (6.4286 1.3333 0.0000)  (5.7143 1.3333 0.0000) 
 (5.7143 1.3333 0.0000)  (6.4286 1.3333 0.0000)  (6.4286 0.66667 0.0000)  (5.7143 0.66667 0.0000) 
 (5.7143 0.66667 0.0000)  (6.4286 0.66667 0.0000)  (6.4286 2.2204e-16 0.0000)  (5.7143 2.2204e-16 0.0000) 
 (6.4286 2.0000 0.0000)  (7.1429 2.0000 0.0000)  (7.1429 1.3333 0.0000)  (6.4286 1.3333 0.0000) 
 (6.4286 1.3333 0.0000)  (7.1429 1.3333 0.0000)  (7.1429 0.66667 0.0000)  (6.4286 0.66667 0.0000) 
 (6.4286 0.66667 0.0000)  (7.1429 0.66667 0.0000)  (7.1429 2.2204e-16 0.0000)  (6.4286 2.2204e-16 0.0000) 
 (7.1429 2.0000 0.0000)  (7.8571 2.0000 0.0000)  (7.8571 1.3333 0.0000)  (7.1429 1.3333 0.0000) 
 (7.1429 1.3333 0.0000)  (7.8571 1.3333 0.0000)  (7.8571 0.66667 0.0000)  (7.1429 0.66667 0.0000) 
 (7.1429 0.66667 0.0000)  (7.8571 0.66667 0.0000)  (7.8571 2.2204e-16 0.0000)  (7.1429 2.2204e-16 0.0000) 
 (7.8571 2.0000 0.0000)  (8.5714 2.0000 0.0000)  (8.5714 1.3333 0.0000)  (7.8571 1.3333 0.0000) 
 (7.8571 1.3333 0.0000)  (8.5714 1.3333 0.0000)  (8.5714 0.66667 0.0000)  (7.8571 0.66667 0.0000) 
 (7.8571 0.66667 0.0000)  (8.5714 0.66667 0.0000)  (8.5714 2.2204e-16 0.0000)  (7.8571 2.2204e-16 0.0000) 
 (8.5714 2.0000 0.0000)  (9.2857 2.0000 0.0000)  (9.2857 1.3333 0.0000)  (8.5714 1.3333 0.0000) 
 (8.5714 1.3333 0.0000)  (9.2857 1.3333 0.0000)  (9.2857 0.66667 0.0000)  (8.5714 0.66667 0.0000) 
 (8.5714 0.66667 0.0000)  (9.2857 0.66667 0.0000)  (9.2857 2.2204e-16 0.0000)  (8.5714 2.2204e-16 0.0000) 
 (9.2857 2.0000 0.0000)  (10.000 2.0000 0.0000)  (10.000 1.3333 0.0000)  (9.2857 1.3333 0.0000) 
 (9.2857 1.3333 0.0000)  (10.000 1.3333 0.0000)  (10.000 0.66667 0.0000)  (9.2857 0.66667 0.0000) 
 (9.2857 0.66667 0.0000)  (10.000 0.66667 0.0000)  (10.000 2.2204e-16 0.0000)  (9.2857 2.2204e-16 0.0000) 
 (8.1143 2.1857 0.0000)  (8.1143 2.0000 0.0000)  (8.3143 2.0000 0.0000)  (8.3143 2.1857 0.0000) 
 (8.1143 2.3714 0.0000)  (8.1143 2.1857 0.0000)  (8.3143 2.1857 0.0000)  (8.3143 2.3714 0.0000) 
 (8.1143 2.5571 0.0000)  (8.1143 2.3714 0.0000)  (8.3143 2.3714 0.0000)  (8.3143 2.5571 0.0000) 
 (8.0786 2.7429 0.0000)  (8.1143 2.5571 0.0000)  (8.3143 2.5571 0.0000)  (8.3500 2.7429 0.0000) 
 (8.0321 2.9286 0.0000)  (8.0786 2.7429 0.0000)  (8.3500 2.7429 0.0000)  (8.3964 2.9286 0.0000) 
 (8.0143 3.1143 0.0000)  (8.0321 2.9286 0.0000)  (8.3964 2.9286 0.0000)  (8.4143 3.1143 0.0000) 
 (8.1643 3.3000 0.0000)  (8.0143 3.1143 0.0000)  (8.4143 3.1143 0.0000)  (8.2643 3.3000 0.0000) 
 (6.1714 -0.18571 0.0000)  (6.1714 2.2817e-16 0.0000)  (5.9714 2.1592e-16 0.0000)  (5.9714 -0.18571 0.0000) 
 (6.1714 -0.37143 0.0000)  (6.1714 -0.18571 0.0000)  (5.9714 -0.18571 0.0000)  (5.9714 -0.37143 0.0000) 
 (6.1714 -0.55714 0.0000)  (6.1714 -0.37143 0.0000)  (5.9714 -0.37143 0.0000)  (5.9714 -0.55714 0.0000) 
 (6.2071 -0.74286 0.0000)  (6.1714 -0.55714 0.0000)  (5.9714 -0.55714 0.0000)  (5.9357 -0.74286 0.0000) 
 (6.2536 -0.92857 0.0000)  (6.2071 -0.74286 0.0000)  (5.9357 -0.74286 0.0000)  (5.8893 -0.92857 0.0000) 
 (6.2714 -1.1143 0.0000)  (6.2536 -0.92857 0.0000)  (5.8893 -0.92857 0.0000)  (5.8714 -1.1143 0.0000) 
 (6.1214 -1.3000 0.0000)  (6.2714 -1.1143 0.0000)  (5.8714 -1.1143 0.0000)  (6.0214 -1.3000 0.0000) 
 (6.6857 2.1857 0.0000)  (6.6857 2.0000 0.0000)  (6.8857 2.0000 0.0000)  (6.8857 2.1857 0.0000) 
 (6.6857 2.3714 0.0000)  (6.6857 2.1857 0.0000)  (6.8857 2.1857 0.0000)  (6.8857 2.3714 0.0000) 
 (6.6857 2.5571 0.0000)  (6.6857 2.3714 0.0000)  (6.8857 2.3714 0.0000)  (6.8857 2.5571 0.0000) 
 (6.6500 2.7429 0.0000)  (6.6857 2.5571 0.0000)  (6.8857 2.5571 0.0000)  (6.9214 2.7429 0.0000) 
 (6.6036 2.9286 0.0000)  (6.6500 2.7429 0.0000)  (6.9214 2.7429 0.0000)  (6.9679 2.9286 0.0000) 
 (6.5857 3.1143 0.0000)  (6.6036 2.9286 0.0000)  (6.9679 2.9286 0.0000)  (6.9857 3.1143 0.0000) 
 (6.7357 3.3000 0.0000)  (6.5857 3.1143 0.0000)  (6.9857 3.1143 0.0000)  (6.8357 3.3000 0.0000) 
 (5.9714 2.1857 0.0000)  (5.9714 2.0000 0.0000)  (6.1714 2.0000 0.0000)  (6.1714 2.1857 0.0000) 
 (5.9714 2.3714 0.0000)  (5.9714 2.1857 0.0000)  (6.1714 2.1857 0.0000)  (6.1714 2.3714 0.0000) 
 (5.9714 2.5571 0.0000)  (5.9714 2.3714 0.0000)  (6.1714 2.3714 0.0000)  (6.1714 2.5571 0.0000) 
 (5.9357 2.7429 0.0000)  (5.9714 2.5571 0.0000)  (6.1714 2.5571 0.0000)  (6.2071 2.7429 0.0000) 
 (5.8893 2.9286 0.0000)  (5.9357 2.7429 0.0000)  (6.2071 2.7429 0.0000)  (6.2536 2.9286 0.0000) 
 (5.8714 3.1143 0.0000)  (5.8893 2.9286 0.0000)  (6.2536 2.9286 0.0000)  (6.2714 3.1143 0.0000) 
 (6.0214 3.3000 0.0000)  (5.8714 3.1143 0.0000)  (6.2714 3.1143 0.0000)  (6.1214 3.3000 0.0000) 
 (7.4000 2.1857 0.0000)  (7.4000 2.0000 0.0000)  (7.6000 2.0000 0.0000)  (7.6000 2.1857 0.0000) 
 (7.4000 2.3714 0.0000)  (7.4000 2.1857 0.0000)  (7.6000 2.1857 0.0000)  (7.6000 2.3714 0.0000) 
 (7.4000 2.5571 0.0000)  (7.4000 2.3714 0.0000)  (7.6000 2.3714 0.0000)  (7.6000 2.5571 0.0000) 
 (7.3643 2.7429 0.0000)  (7.4000 2.5571 0.0000)  (7.6000 2.5571 0.0000)  (7.6357 2.7429 0.0000) 
 (7.3179 2.9286 0.0000)  (7.3643 2.7429 0.0000)  (7.6357 2.7429 0.0000)  (7.6821 2.9286 0.0000) 
 (7.3000 3.1143 0.0000)  (7.3179 2.9286 0.0000)  (7.6821 2.9286 0.0000)  (7.7000 3.1143 0.0000) 
 (7.4500 3.3000 0.0000)  (7.3000 3.1143 0.0000)  (7.7000 3.1143 0.0000)  (7.5500 3.3000 0.0000) 
 (8.3143 -0.18571 0.0000)  (8.3143 2.2817e-16 0.0000)  (8.1143 2.1592e-16 0.0000)  (8.1143 -0.18571 0.0000) 
 (8.3143 -0.37143 0.0000)  (8.3143 -0.18571 0.0000)  (8.1143 -0.18571 0.0000)  (8.1143 -0.37143 0.0000) 
 (8.3143 -0.55714 0.0000)  (8.3143 -0.37143 0.0000)  (8.1143 -0.37143 0.0000)  (8.1143 -0.55714 0.0000) 
 (8.3500 -0.74286 0.0000)  (8.3143 -0.55714 0.0000)  (8.1143 -0.55714 0.0000)  (8.0786 -0.74286 0.0000) 
 (8.3964 -0.92857 0.0000)  (8.3500 -0.74286 0.0000)  (8.0786 -0.74286 0.0000)  (8.0321 -0.92857 0.0000) 
 (8.4143 -1.1143 0.0000)  (8.3964 -0.92857 0.0000)  (8.0321 -0.92857 0.0000)  (8.0143 -1.1143 0.0000) 
 (8.2643 -1.3000 0.0000)  (8.4143 -1.1143 0.0000)  (8.0143 -1.1143 0.0000)  (8.1643 -1.3000 0.0000) 
 (6.8857 -0.18571 0.0000)  (6.8857 2.2817e-16 0.0000)  (6.6857 2.1592e-16 0.0000)  (6.6857 -0.18571 0.0000) 
 (6.8857 -0.37143 0.0000)  (6.8857 -0.18571 0.0000)  (6.6857 -0.18571 0.0000)  (6.6857 -0.37143 0.0000) 
 (6.8857 -0.55714 0.0000)  (6.8857 -0.37143 0.0000)  (6.6857 -0.37143 0.0000)  (6.6857 -0.55714 0.0000) 
 (6.9214 -0.74286 0.0000)  (6.8857 -0.55714 0.0000)  (6.6857 -0.55714 0.0000)  (6.6500 -0.74286 0.0000) 
 (6.9679 -0.92857 0.0000)  (6.9214 -0.74286 0.0000)  (6.6500 -0.74286 0.0000)  (6.6036 -0.92857 0.0000) 
 (6.9857 -1.1143 0.0000)  (6.9679 -0.92857 0.0000)  (6.6036 -0.92857 0.0000)  (6.5857 -1.1143 0.0000) 
 (6.8357 -1.3000 0.0000)  (6.9857 -1.1143 0.0000)  (6.5857 -1.1143 0.0000)  (6.7357 -1.3000 0.0000) 
gridConcentrations 88 1 0.0 a 
0.0 
0.0 
0.0 
0.0 
0.0 
0.0 
0.0 
0.0 
0.0 
0.0 
0.0 
0.0 
0.0 
0.0 
0.0 
0.0 
0.0 
0.0 
0.0 
0.0 
0.0 
0.0 
0.0 
0.0 
0.0 
0.0 
0.0 
0.0 
0.0 
0.0 
0.0 
0.0 
0.0 
0.0 
0.0 
0.0 
0.0 
0.0 
0.0 
0.0 
0.0 
0.0 
0.0 
0.0 
779.03 
0.0 
0.0 
0.0 
0.0 
0.0 
0.0 
779.03 
0.0 
0.0 
0.0 
0.0 
0.0 
0.0 
856.94 
0.0 
0.0 
0.0 
0.0 
0.0 
0.0 
779.03 
0.0 
0.0 
0.0 
0.0 
0.0 
0.0 
779.03 
0.0 
0.0 
0.0 
0.0 
0.0 
0.0 
779.03 
0.0 
0.0 
0.0 
0.0 
0.0 
0.0 
856.94 
0.0 
gridConcentrations 88 1 4.99999999999999 a 
0.0 
0.0 
0.0 
0.0 
0.0 
0.0 
0.0 
0.0 
0.0 
0.0 
0.0 
0.0 
0.0 
0.0 
0.0 
0.0 
0.0 
0.0 
0.0 
0.0 
0.0 
0.0 
0.0 
0.0 
0.0 
0.0 
0.0 
0.0 
0.0 
0.0 
0.0 
0.0 
0.0 
0.0 
0.0 
0.0 
0.0 
0.0 
0.0 
0.0 
0.0 
0.0 
0.0 
335.66 
311.61 
487.92 
284.62 
0.0 
284.62 
610.05 
223.78 
77.903 
325.28 
0.0 
0.0 
0.0 
203.35 
111.89 
545.32 
325.28 
0.0 
0.0 
284.62 
0.0 
447.55 
155.81 
487.92 
0.0 
284.62 
0.0 
406.70 
111.89 
311.61 
325.28 
0.0 
0.0 
569.24 
406.70 
447.55 
0.0 
325.28 
0.0 
0.0 
0.0 
813.40 
223.78 
311.61 
162.64 
gridConcentrations 88 1 10.000000000000007 a 
0.0 
0.0 
0.0 
0.0 
0.0 
0.0 
0.0 
0.0 
0.0 
0.0 
0.0 
0.0 
0.0 
0.0 
0.0 
0.0 
0.0 
0.0 
0.0 
0.0 
0.0 
0.0 
0.0 
6.9744 
0.0 
0.0 
0.0 
6.9744 
0.0 
0.0 
6.9744 
0.0 
0.0 
0.0 
0.0 
6.9744 
0.0 
0.0 
0.0 
0.0 
284.62 
284.62 
203.35 
335.66 
155.81 
162.64 
284.62 
0.0 
0.0 
406.70 
335.66 
155.81 
162.64 
569.24 
0.0 
0.0 
0.0 
223.78 
233.71 
650.56 
0.0 
569.24 
3130.8 
3660.3 
7496.5 
10829 
17565 
284.62 
1423.1 
1707.7 
4270.3 
6825.2 
11374 
17240 
569.24 
1423.1 
1992.3 
3660.3 
6489.5 
11530 
16915 
284.62 
0.0 
0.0 
203.35 
335.66 
233.71 
487.92 
gridConcentrations 88 1 15.000000000000078 a 
0.0 
0.0 
0.0 
0.0 
0.0 
0.0 
0.0 
0.0 
0.0 
0.0 
0.0 
0.0 
0.0 
0.0 
0.0 
0.0 
0.0 
0.0 
0.0 
0.0 
0.0 
27.898 
6.9744 
13.949 
13.949 
6.9744 
0.0 
41.847 
0.0 
0.0 
13.949 
0.0 
55.795 
0.0 
0.0 
13.949 
0.0 
0.0 
0.0 
284.62 
0.0 
0.0 
406.70 
223.78 
155.81 
162.64 
0.0 
0.0 
284.62 
0.0 
223.78 
233.71 
325.28 
284.62 
284.62 
284.62 
0.0 
223.78 
311.61 
162.64 
1992.3 
2846.2 
6830.9 
9150.7 
15664 
21891 
27323 
2846.2 
3130.8 
5123.1 
10574 
13315 
22358 
28625 
1423.1 
3700.0 
6261.6 
11591 
14769 
21735 
26673 
0.0 
284.62 
0.0 
203.35 
223.78 
467.42 
162.64 
