cctdif2d
volumeGrid 88
 (1.0000 2.0000 0.0000)  (1.6667 2.0000 0.0000)  (1.6667 1.3333 0.0000)  (1.0000 1.3333 0.0000) 
 (1.0000 1.3333 0.0000)  (1.6667 1.3333 0.0000)  (1.6667 0.66667 0.0000)  (1.0000 0.66667 0.0000) 
 (1.0000 0.66667 0.0000)  (1.6667 0.66667 0.0000)  (1.6667 2.2204e-16 0.0000)  (1.0000 2.2204e-16 0.0000) 
 (1.6667 2.0000 0.0000)  (2.3333 2.0000 0.0000)  (2.3333 1.3333 0.0000)  (1.6667 1.3333 0.0000) 
 (1.6667 1.3333 0.0000)  (2.3333 1.3333 0.0000)  (2.3333 0.66667 0.0000)  (1.6667 0.66667 0.0000) 
 (1.6667 0.66667 0.0000)  (2.3333 0.66667 0.0000)  (2.3333 2.2204e-16 0.0000)  (1.6667 2.2204e-16 0.0000) 
 (2.3333 2.0000 0.0000)  (3.0000 2.0000 0.0000)  (3.0000 1.3333 0.0000)  (2.3333 1.3333 0.0000) 
 (2.3333 1.3333 0.0000)  (3.0000 1.3333 0.0000)  (3.0000 0.66667 0.0000)  (2.3333 0.66667 0.0000) 
 (2.3333 0.66667 0.0000)  (3.0000 0.66667 0.0000)  (3.0000 2.2204e-16 0.0000)  (2.3333 2.2204e-16 0.0000) 
 (3.0000 2.0000 0.0000)  (3.6667 2.0000 0.0000)  (3.6667 1.3333 0.0000)  (3.0000 1.3333 0.0000) 
 (3.0000 1.3333 0.0000)  (3.6667 1.3333 0.0000)  (3.6667 0.66667 0.0000)  (3.0000 0.66667 0.0000) 
 (3.0000 0.66667 0.0000)  (3.6667 0.66667 0.0000)  (3.6667 2.2204e-16 0.0000)  (3.0000 2.2204e-16 0.0000) 
 (3.6667 2.0000 0.0000)  (4.3333 2.0000 0.0000)  (4.3333 1.3333 0.0000)  (3.6667 1.3333 0.0000) 
 (3.6667 1.3333 0.0000)  (4.3333 1.3333 0.0000)  (4.3333 0.66667 0.0000)  (3.6667 0.66667 0.0000) 
 (3.6667 0.66667 0.0000)  (4.3333 0.66667 0.0000)  (4.3333 2.2204e-16 0.0000)  (3.6667 2.2204e-16 0.0000) 
 (4.3333 2.0000 0.0000)  (5.0000 2.0000 0.0000)  (5.0000 1.3333 0.0000)  (4.3333 1.3333 0.0000) 
 (4.3333 1.3333 0.0000)  (5.0000 1.3333 0.0000)  (5.0000 0.66667 0.0000)  (4.3333 0.66667 0.0000) 
 (4.3333 0.66667 0.0000)  (5.0000 0.66667 0.0000)  (5.0000 2.2204e-16 0.0000)  (4.3333 2.2204e-16 0.0000) 
 (5.0000 2.0000 0.0000)  (5.7143 2.0000 0.0000)  (5.7143 1.3333 0.0000)  (5.0000 1.3333 0.0000) 
 (5.0000 1.3333 0.0000)  (5.7143 1.3333 0.0000)  (5.7143 0.66667 0.0000)  (5.0000 0.66667 0.0000) 
 (5.0000 0.66667 0.0000)  (5.7143 0.66667 0.0000)  (5.7143 2.2204e-16 0.0000)  (5.0000 2.2204e-16 0.0000) 
 (5.7143 2.0000 0.0000)  (6.4286 2.0000 0.0000)  (6.4286 1.3333 0.0000)  (5.7143 1.3333 0.0000) 
 (5.7143 1.3333 0.0000)  (6.4286 1.3333 0.0000)  (6.4286 0.66667 0.0000)  (5.7143 0.66667 0.0000) 
 (5.7143 0.66667 0.0000)  (6.4286 0.66667 0.0000)  (6.4286 2.2204e-16 0.0000)  (5.7143 2.2204e-16 0.0000) 
 (6.4286 2.0000 0.0000)  (7.1429 2.0000 0.0000)  (7.1429 1.3333 0.0000)  (6.4286 1.3333 0.0000) 
 (6.4286 1.3333 0.0000)  (7.1429 1.3333 0.0000)  (7.1429 0.66667 0.0000)  (6.4286 0.66667 0.0000) 
 (6.4286 0.66667 0.0000)  (7.1429 0.66667 0.0000)  (7.1429 2.2204e-16 0.0000)  (6.4286 2.2204e-16 0.0000) 
 (7.1429 2.0000 0.0000)  (7.8571 2.0000 0.0000)  (7.8571 1.3333 0.0000)  (7.1429 1.3333 0.0000) 
 (7.1429 1.3333 0.0000)  (7.8571 1.3333 0.0000)  (7.8571 0.66667 0.0000)  (7.1429 0.66667 0.0000) 
 (7.1429 0.66667 0.0000)  (7.8571 0.66667 0.0000)  (7.8571 2.2204e-16 0.0000)  (7.1429 2.2204e-16 0.0000) 
 (7.8571 2.0000 0.0000)  (8.5714 2.0000 0.0000)  (8.5714 1.3333 0.0000)  (7.8571 1.3333 0.0000) 
 (7.8571 1.3333 0.0000)  (8.5714 1.3333 0.0000)  (8.5714 0.66667 0.0000)  (7.8571 0.66667 0.0000) 
 (7.8571 0.66667 0.0000)  (8.5714 0.66667 0.0000)  (8.5714 2.2204e-16 0.0000)  (7.8571 2.2204e-16 0.0000) 
 (8.5714 2.0000 0.0000)  (9.2857 2.0000 0.0000)  (9.2857 1.3333 0.0000)  (8.5714 1.3333 0.0000) 
 (8.5714 1.3333 0.0000)  (9.2857 1.3333 0.0000)  (9.2857 0.66667 0.0000)  (8.5714 0.66667 0.0000) 
 (8.5714 0.66667 0.0000)  (9.2857 0.66667 0.0000)  (9.2857 2.2204e-16 0.0000)  (8.5714 2.2204e-16 0.0000) 
 (9.2857 2.0000 0.0000)  (10.000 2.0000 0.0000)  (10.000 1.3333 0.0000)  (9.2857 1.3333 0.0000) 
 (9.2857 1.3333 0.0000)  (10.000 1.3333 0.0000)  (10.000 0.66667 0.0000)  (9.2857 0.66667 0.0000) 
 (9.2857 0.66667 0.0000)  (10.000 0.66667 0.0000)  (10.000 2.2204e-16 0.0000)  (9.2857 2.2204e-16 0.0000) 
 (8.1143 2.1857 0.0000)  (8.1143 2.0000 0.0000)  (8.3143 2.0000 0.0000)  (8.3143 2.1857 0.0000) 
 (8.1143 2.3714 0.0000)  (8.1143 2.1857 0.0000)  (8.3143 2.1857 0.0000)  (8.3143 2.3714 0.0000) 
 (8.1143 2.5571 0.0000)  (8.1143 2.3714 0.0000)  (8.3143 2.3714 0.0000)  (8.3143 2.5571 0.0000) 
 (8.0786 2.7429 0.0000)  (8.1143 2.5571 0.0000)  (8.3143 2.5571 0.0000)  (8.3500 2.7429 0.0000) 
 (8.0321 2.9286 0.0000)  (8.0786 2.7429 0.0000)  (8.3500 2.7429 0.0000)  (8.3964 2.9286 0.0000) 
 (8.0143 3.1143 0.0000)  (8.0321 2.9286 0.0000)  (8.3964 2.9286 0.0000)  (8.4143 3.1143 0.0000) 
 (8.1643 3.3000 0.0000)  (8.0143 3.1143 0.0000)  (8.4143 3.1143 0.0000)  (8.2643 3.3000 0.0000) 
 (6.1714 -0.18571 0.0000)  (6.1714 2.2817e-16 0.0000)  (5.9714 2.1592e-16 0.0000)  (5.9714 -0.18571 0.0000) 
 (6.1714 -0.37143 0.0000)  (6.1714 -0.18571 0.0000)  (5.9714 -0.18571 0.0000)  (5.9714 -0.37143 0.0000) 
 (6.1714 -0.55714 0.0000)  (6.1714 -0.37143 0.0000)  (5.9714 -0.37143 0.0000)  (5.9714 -0.55714 0.0000) 
 (6.2071 -0.74286 0.0000)  (6.1714 -0.55714 0.0000)  (5.9714 -0.55714 0.0000)  (5.9357 -0.74286 0.0000) 
 (6.2536 -0.92857 0.0000)  (6.2071 -0.74286 0.0000)  (5.9357 -0.74286 0.0000)  (5.8893 -0.92857 0.0000) 
 (6.2714 -1.1143 0.0000)  (6.2536 -0.92857 0.0000)  (5.8893 -0.92857 0.0000)  (5.8714 -1.1143 0.0000) 
 (6.1214 -1.3000 0.0000)  (6.2714 -1.1143 0.0000)  (5.8714 -1.1143 0.0000)  (6.0214 -1.3000 0.0000) 
 (6.6857 2.1857 0.0000)  (6.6857 2.0000 0.0000)  (6.8857 2.0000 0.0000)  (6.8857 2.1857 0.0000) 
 (6.6857 2.3714 0.0000)  (6.6857 2.1857 0.0000)  (6.8857 2.1857 0.0000)  (6.8857 2.3714 0.0000) 
 (6.6857 2.5571 0.0000)  (6.6857 2.3714 0.0000)  (6.8857 2.3714 0.0000)  (6.8857 2.5571 0.0000) 
 (6.6500 2.7429 0.0000)  (6.6857 2.5571 0.0000)  (6.8857 2.5571 0.0000)  (6.9214 2.7429 0.0000) 
 (6.6036 2.9286 0.0000)  (6.6500 2.7429 0.0000)  (6.9214 2.7429 0.0000)  (6.9679 2.9286 0.0000) 
 (6.5857 3.1143 0.0000)  (6.6036 2.9286 0.0000)  (6.9679 2.9286 0.0000)  (6.9857 3.1143 0.0000) 
 (6.7357 3.3000 0.0000)  (6.5857 3.1143 0.0000)  (6.9857 3.1143 0.0000)  (6.8357 3.3000 0.0000) 
 (5.9714 2.1857 0.0000)  (5.9714 2.0000 0.0000)  (6.1714 2.0000 0.0000)  (6.1714 2.1857 0.0000) 
 (5.9714 2.3714 0.0000)  (5.9714 2.1857 0.0000)  (6.1714 2.1857 0.0000)  (6.1714 2.3714 0.0000) 
 (5.9714 2.5571 0.0000)  (5.9714 2.3714 0.0000)  (6.1714 2.3714 0.0000)  (6.1714 2.5571 0.0000) 
 (5.9357 2.7429 0.0000)  (5.9714 2.5571 0.0000)  (6.1714 2.5571 0.0000)  (6.2071 2.7429 0.0000) 
 (5.8893 2.9286 0.0000)  (5.9357 2.7429 0.0000)  (6.2071 2.7429 0.0000)  (6.2536 2.9286 0.0000) 
 (5.8714 3.1143 0.0000)  (5.8893 2.9286 0.0000)  (6.2536 2.9286 0.0000)  (6.2714 3.1143 0.0000) 
 (6.0214 3.3000 0.0000)  (5.8714 3.1143 0.0000)  (6.2714 3.1143 0.0000)  (6.1214 3.3000 0.0000) 
 (7.4000 2.1857 0.0000)  (7.4000 2.0000 0.0000)  (7.6000 2.0000 0.0000)  (7.6000 2.1857 0.0000) 
 (7.4000 2.3714 0.0000)  (7.4000 2.1857 0.0000)  (7.6000 2.1857 0.0000)  (7.6000 2.3714 0.0000) 
 (7.4000 2.5571 0.0000)  (7.4000 2.3714 0.0000)  (7.6000 2.3714 0.0000)  (7.6000 2.5571 0.0000) 
 (7.3643 2.7429 0.0000)  (7.4000 2.5571 0.0000)  (7.6000 2.5571 0.0000)  (7.6357 2.7429 0.0000) 
 (7.3179 2.9286 0.0000)  (7.3643 2.7429 0.0000)  (7.6357 2.7429 0.0000)  (7.6821 2.9286 0.0000) 
 (7.3000 3.1143 0.0000)  (7.3179 2.9286 0.0000)  (7.6821 2.9286 0.0000)  (7.7000 3.1143 0.0000) 
 (7.4500 3.3000 0.0000)  (7.3000 3.1143 0.0000)  (7.7000 3.1143 0.0000)  (7.5500 3.3000 0.0000) 
 (8.3143 -0.18571 0.0000)  (8.3143 2.2817e-16 0.0000)  (8.1143 2.1592e-16 0.0000)  (8.1143 -0.18571 0.0000) 
 (8.3143 -0.37143 0.0000)  (8.3143 -0.18571 0.0000)  (8.1143 -0.18571 0.0000)  (8.1143 -0.37143 0.0000) 
 (8.3143 -0.55714 0.0000)  (8.3143 -0.37143 0.0000)  (8.1143 -0.37143 0.0000)  (8.1143 -0.55714 0.0000) 
 (8.3500 -0.74286 0.0000)  (8.3143 -0.55714 0.0000)  (8.1143 -0.55714 0.0000)  (8.0786 -0.74286 0.0000) 
 (8.3964 -0.92857 0.0000)  (8.3500 -0.74286 0.0000)  (8.0786 -0.74286 0.0000)  (8.0321 -0.92857 0.0000) 
 (8.4143 -1.1143 0.0000)  (8.3964 -0.92857 0.0000)  (8.0321 -0.92857 0.0000)  (8.0143 -1.1143 0.0000) 
 (8.2643 -1.3000 0.0000)  (8.4143 -1.1143 0.0000)  (8.0143 -1.1143 0.0000)  (8.1643 -1.3000 0.0000) 
 (6.8857 -0.18571 0.0000)  (6.8857 2.2817e-16 0.0000)  (6.6857 2.1592e-16 0.0000)  (6.6857 -0.18571 0.0000) 
 (6.8857 -0.37143 0.0000)  (6.8857 -0.18571 0.0000)  (6.6857 -0.18571 0.0000)  (6.6857 -0.37143 0.0000) 
 (6.8857 -0.55714 0.0000)  (6.8857 -0.37143 0.0000)  (6.6857 -0.37143 0.0000)  (6.6857 -0.55714 0.0000) 
 (6.9214 -0.74286 0.0000)  (6.8857 -0.55714 0.0000)  (6.6857 -0.55714 0.0000)  (6.6500 -0.74286 0.0000) 
 (6.9679 -0.92857 0.0000)  (6.9214 -0.74286 0.0000)  (6.6500 -0.74286 0.0000)  (6.6036 -0.92857 0.0000) 
 (6.9857 -1.1143 0.0000)  (6.9679 -0.92857 0.0000)  (6.6036 -0.92857 0.0000)  (6.5857 -1.1143 0.0000) 
 (6.8357 -1.3000 0.0000)  (6.9857 -1.1143 0.0000)  (6.5857 -1.1143 0.0000)  (6.7357 -1.3000 0.0000) 
gridConcentrations 88 3 0.0 a b c 
3 3 10 
00 00 13 
3 2 10 
7 4 6 
2 00 12 
2 5 11 
1 00 13 
2 4 12 
4 4 9 
3 2 10 
1 4 12 
1 1 12 
1 1 13 
2 00 11 
1 2 12 
2 12 11 
00 00 13 
1 4 13 
2 12 13 
2 14 12 
00 11 14 
1 13 13 
00 11 15 
00 16 15 
3 18 11 
1 17 13 
1 18 13 
2 18 13 
2 14 12 
2 23 12 
2 8 12 
4 21 10 
4 18 11 
2 17 13 
1 10 14 
5 21 9 
2 20 12 
2 16 12 
00 6 14 
00 00 00 
00 00 00 
00 00 2 
1 00 00 
1 00 1 
00 00 1 
00 00 00 
00 00 1 
00 00 00 
00 1 1 
1 00 1 
3 00 00 
00 00 1 
1 1 00 
00 00 00 
00 00 1 
1 00 1 
1 00 00 
1 00 2 
00 00 1 
00 00 1 
00 00 00 
00 00 00 
1 00 00 
2 00 00 
2 00 1 
00 00 2 
5325 00 2 
1 00 00 
00 00 00 
00 00 1 
2 00 00 
2 00 1 
00 00 2 
5325 00 1 
00 1 00 
00 00 00 
1 1 00 
2 00 00 
2 00 1 
00 00 1 
5304 00 1 
00 00 00 
00 1 00 
1 00 00 
00 1 1 
3 00 00 
00 00 1 
1 00 00 
gridConcentrations 88 3 1.0000000000000002 a b c 
00 00 13 
1 1 12 
2 1 11 
3 00 10 
3 1 11 
3 6 10 
3 2 11 
2 4 12 
1 1 12 
2 1 11 
3 6 10 
1 1 12 
1 1 13 
5 3 8 
00 1 13 
2 12 11 
3 3 10 
2 5 12 
3 13 12 
1 13 13 
1 12 13 
1 13 13 
00 11 15 
1 17 14 
00 15 14 
2 19 12 
1 17 13 
00 16 15 
00 12 14 
2 23 12 
2 8 12 
1 18 13 
3 17 12 
3 18 12 
1 10 14 
00 16 14 
2 20 12 
4 18 10 
2 8 12 
00 00 00 
00 00 00 
00 00 2 
1 00 00 
1 00 1 
1 1 00 
00 00 00 
00 00 1 
00 00 00 
00 1 1 
1 00 1 
3 00 00 
00 00 1 
00 00 1 
00 00 00 
00 00 1 
1 00 1 
1 00 00 
2 1 1 
00 00 1 
1 1 00 
00 00 00 
00 00 00 
1 00 00 
2 00 00 
2 00 1 
00 00 2 
5326 1 1 
1 00 00 
00 00 00 
00 00 1 
2 00 00 
2 00 1 
00 00 2 
5325 00 1 
00 1 00 
00 00 00 
1 1 00 
2 00 00 
3 1 00 
00 00 1 
5304 00 1 
00 00 00 
00 1 00 
1 00 00 
00 1 1 
3 00 00 
00 00 1 
1 00 00 
gridConcentrations 88 3 2.000000000000001 a b c 
00 00 13 
1 1 12 
2 1 11 
4 1 9 
4 2 10 
00 3 13 
2 1 12 
4 6 10 
3 3 10 
6 5 7 
1 4 12 
5 5 8 
3 3 11 
6 4 7 
2 3 11 
2 12 11 
00 1 13 
1 4 13 
1 11 14 
3 14 11 
5 16 9 
2 14 12 
2 13 13 
2 17 13 
2 17 12 
2 18 12 
00 18 14 
2 18 13 
1 13 13 
4 25 10 
1 7 13 
2 19 12 
2 15 13 
00 15 15 
2 11 13 
00 16 14 
3 22 11 
3 16 11 
2 8 12 
00 00 00 
00 00 00 
1 1 1 
1 00 00 
1 00 1 
00 00 1 
00 00 00 
00 00 1 
00 1 00 
00 00 1 
1 00 1 
3 00 00 
00 00 1 
00 00 1 
00 00 00 
00 00 1 
1 00 1 
1 00 00 
2 1 1 
00 00 1 
1 1 00 
00 00 00 
00 00 00 
1 00 00 
2 00 00 
2 00 1 
00 00 2 
5325 00 2 
1 00 00 
00 00 00 
00 00 1 
2 00 00 
2 00 1 
1 1 1 
5325 00 1 
00 2 00 
00 00 00 
00 00 1 
2 00 00 
2 00 1 
00 00 1 
5305 1 00 
00 00 00 
00 1 00 
1 00 00 
00 1 1 
3 00 00 
00 00 1 
1 00 00 
gridConcentrations 88 3 2.9999999999999973 a b c 
00 00 13 
3 3 10 
4 3 9 
3 00 10 
3 1 11 
2 5 11 
3 2 11 
1 3 13 
00 1 13 
3 2 10 
3 6 10 
4 3 9 
1 1 13 
3 1 10 
1 2 12 
3 13 10 
1 2 12 
00 3 14 
1 11 14 
2 13 12 
2 13 12 
3 15 11 
1 12 14 
1 16 14 
3 18 11 
1 17 13 
1 19 13 
3 19 12 
2 14 12 
2 24 12 
1 7 13 
3 20 11 
2 14 13 
1 16 14 
3 12 12 
00 16 14 
2 22 12 
2 14 12 
1 7 13 
00 00 00 
00 00 00 
00 00 2 
1 00 00 
2 1 00 
1 1 00 
00 00 00 
00 00 1 
00 1 00 
00 00 1 
2 1 00 
3 00 00 
00 1 1 
1 00 00 
00 00 00 
00 00 1 
1 00 1 
1 00 00 
1 00 2 
00 00 1 
00 00 1 
00 00 00 
00 00 00 
1 00 00 
2 00 00 
2 00 1 
00 00 2 
5325 00 2 
1 00 00 
00 00 00 
00 00 1 
2 00 00 
2 00 1 
00 00 2 
5325 00 1 
00 2 00 
00 00 00 
00 00 1 
2 00 00 
2 00 1 
00 00 1 
5304 00 1 
00 00 00 
00 1 00 
1 00 00 
00 1 1 
3 00 00 
00 00 1 
1 00 00 
gridConcentrations 88 3 3.999999999999994 a b c 
2 2 11 
1 1 12 
4 3 9 
3 00 10 
5 3 9 
1 4 12 
4 3 10 
1 3 13 
4 5 9 
2 1 11 
2 5 11 
1 00 12 
1 1 13 
2 00 11 
00 1 13 
3 13 10 
2 3 11 
1 4 13 
4 15 11 
00 10 14 
3 14 11 
1 13 13 
1 12 14 
1 16 14 
2 17 12 
00 16 14 
2 20 12 
1 17 14 
3 15 11 
1 23 13 
2 8 12 
3 20 11 
1 13 14 
3 18 12 
2 11 13 
00 16 14 
2 22 12 
1 13 13 
1 7 13 
00 00 00 
00 00 00 
00 00 2 
1 00 00 
1 00 1 
00 00 1 
00 00 00 
00 00 1 
00 1 00 
00 00 1 
2 1 00 
3 00 00 
00 1 1 
1 00 00 
00 00 00 
00 00 1 
1 00 1 
1 00 00 
3 2 00 
00 00 1 
00 00 1 
00 00 00 
00 00 00 
1 00 00 
2 00 00 
2 00 1 
1 1 1 
5325 00 2 
1 00 00 
00 00 00 
00 00 1 
2 00 00 
2 00 1 
00 00 2 
5325 00 1 
00 2 00 
00 00 00 
00 00 1 
2 00 00 
2 00 1 
00 00 1 
5304 00 1 
00 00 00 
00 1 00 
1 00 00 
00 1 1 
3 00 00 
00 00 1 
1 00 00 
gridConcentrations 88 3 4.99999999999999 a b c 
4 4 9 
1 1 12 
3 2 10 
4 1 9 
3 1 11 
3 6 10 
1 00 13 
2 4 12 
1 2 12 
2 1 11 
00 3 13 
2 1 11 
1 1 13 
2 00 11 
2 3 11 
1 11 12 
1 2 12 
1 4 13 
2 13 13 
2 11 12 
2 15 12 
3 15 11 
1 12 14 
2 16 13 
2 16 12 
4 20 10 
4 22 10 
1 17 14 
1 14 13 
00 22 14 
4 10 10 
3 20 11 
1 13 14 
00 15 15 
00 9 15 
2 18 12 
1 21 13 
1 13 13 
2 8 12 
00 00 00 
00 00 00 
00 00 2 
1 00 00 
1 00 1 
00 00 1 
00 00 00 
00 00 1 
00 1 00 
00 00 1 
1 00 1 
3 00 00 
00 1 1 
1 00 00 
00 00 00 
00 00 1 
1 00 1 
1 00 00 
1 00 2 
00 00 1 
00 00 1 
00 00 00 
00 00 00 
1 00 00 
2 00 00 
3 1 00 
00 00 2 
5326 1 1 
1 00 00 
00 00 00 
00 00 1 
2 00 00 
2 00 1 
00 00 2 
5326 1 00 
00 2 00 
00 00 00 
00 00 1 
2 00 00 
3 1 00 
00 00 1 
5304 00 1 
00 00 00 
00 1 00 
1 00 00 
00 1 1 
3 00 00 
00 00 1 
1 00 00 
gridConcentrations 88 3 5.999999999999987 a b c 
00 00 13 
2 2 11 
4 3 9 
4 1 9 
2 00 12 
1 4 12 
4 3 10 
3 5 11 
4 5 9 
2 1 11 
2 5 11 
2 1 11 
5 5 9 
6 4 7 
4 5 9 
2 12 11 
1 2 12 
1 4 13 
2 13 13 
3 12 11 
1 14 13 
00 11 14 
3 14 12 
1 15 14 
3 17 11 
1 17 13 
00 18 14 
1 17 14 
1 14 13 
3 25 11 
00 6 14 
3 20 11 
3 15 12 
1 16 14 
00 9 15 
1 17 13 
2 22 12 
3 15 11 
3 9 11 
00 00 00 
00 00 00 
1 1 1 
1 00 00 
1 00 1 
00 00 1 
00 00 00 
00 00 1 
00 1 00 
00 00 1 
1 00 1 
3 00 00 
00 1 1 
1 00 00 
00 00 00 
00 00 1 
2 1 00 
1 00 00 
1 00 2 
1 1 00 
1 1 00 
00 1 00 
00 00 00 
1 00 00 
2 00 00 
2 00 1 
00 00 2 
5389 00 2 
1 00 00 
00 00 00 
00 00 1 
2 00 00 
2 00 1 
00 00 2 
5393 1 00 
00 2 00 
00 00 00 
00 00 1 
2 00 00 
2 00 1 
00 00 1 
5372 00 1 
00 00 00 
00 1 00 
1 00 00 
00 1 1 
3 00 00 
00 00 1 
1 00 00 
gridConcentrations 88 3 6.999999999999983 a b c 
1 1 12 
00 00 13 
2 1 11 
6 3 7 
3 1 11 
2 5 11 
3 2 11 
2 4 12 
1 2 12 
1 00 12 
1 5 12 
3 2 10 
2 2 12 
4 1 9 
1 2 12 
1 11 12 
2 3 11 
2 5 12 
1 12 14 
00 9 14 
2 15 12 
3 14 11 
4 15 11 
3 17 12 
00 14 14 
3 19 11 
1 19 13 
3 19 12 
1 14 13 
3 25 11 
00 6 14 
3 20 11 
2 14 13 
1 16 14 
3 12 12 
1 17 13 
00 20 14 
2 14 12 
00 6 14 
00 00 00 
00 00 00 
00 00 2 
1 00 00 
1 00 1 
00 00 1 
00 00 00 
1 1 00 
00 1 00 
00 00 1 
1 00 1 
3 00 00 
00 1 1 
1 00 00 
00 00 00 
00 00 1 
2 00 00 
00 00 1 
1 00 2 
00 00 1 
1 1 00 
00 1 00 
00 00 00 
1 00 00 
2 00 00 
2 00 1 
00 00 2 
5457 00 2 
1 00 00 
00 00 00 
1 1 00 
2 00 00 
2 00 1 
00 00 2 
5460 00 1 
00 2 00 
00 00 00 
00 00 1 
2 00 00 
2 00 1 
00 00 1 
5439 00 1 
00 00 00 
00 1 00 
1 00 00 
00 1 1 
3 00 00 
00 00 1 
1 00 00 
gridConcentrations 88 3 7.99999999999998 a b c 
3 3 10 
00 00 13 
1 00 12 
5 2 8 
3 1 11 
2 5 11 
3 2 11 
00 2 14 
2 3 11 
3 2 10 
1 5 12 
1 00 12 
2 2 12 
3 00 10 
1 2 12 
1 11 12 
00 1 13 
3 6 11 
1 12 14 
00 9 14 
00 14 14 
1 13 13 
4 14 11 
1 14 14 
3 17 11 
1 17 13 
3 21 11 
2 18 13 
2 15 12 
2 24 12 
1 7 13 
2 19 12 
1 13 14 
1 16 14 
1 10 14 
1 17 13 
3 23 11 
1 13 13 
2 8 12 
00 00 00 
00 00 00 
1 1 1 
1 00 00 
1 00 1 
1 1 00 
00 00 00 
00 00 1 
00 1 00 
00 00 1 
2 1 00 
3 00 00 
00 1 1 
1 00 00 
00 00 00 
00 00 1 
2 00 00 
1 1 00 
1 00 2 
00 00 1 
00 00 1 
00 1 00 
00 00 00 
1 00 00 
2 00 00 
2 00 1 
1 1 1 
5526 00 2 
1 00 00 
00 00 00 
00 00 1 
2 00 00 
2 00 1 
00 00 2 
5527 00 1 
00 1 00 
00 1 00 
00 00 1 
2 00 00 
2 00 1 
00 00 1 
5510 00 1 
00 00 00 
00 1 00 
1 00 00 
00 1 1 
3 00 00 
00 00 1 
1 00 00 
gridConcentrations 88 3 8.999999999999993 a b c 
1 1 12 
2 2 11 
2 1 11 
6 3 7 
2 00 12 
1 4 12 
4 3 10 
1 3 13 
00 1 13 
3 2 10 
1 5 12 
3 2 10 
00 00 14 
4 1 9 
3 4 10 
3 13 10 
00 1 13 
2 5 12 
1 12 14 
4 13 10 
1 15 13 
2 14 12 
2 12 13 
1 14 14 
1 15 13 
1 17 13 
1 19 13 
3 19 12 
2 15 12 
2 24 12 
2 8 12 
00 17 14 
2 14 13 
00 15 15 
1 10 14 
4 20 10 
1 21 13 
00 12 14 
1 7 13 
00 00 00 
00 00 00 
00 00 2 
1 00 00 
1 00 1 
00 00 1 
00 00 00 
00 00 1 
00 1 00 
00 00 1 
1 00 1 
3 00 00 
00 1 1 
1 00 00 
00 00 00 
00 00 1 
2 00 00 
1 1 00 
1 00 2 
00 00 1 
00 00 1 
00 1 00 
00 00 00 
1 00 00 
2 00 00 
2 00 1 
00 00 2 
5591 00 2 
1 00 00 
00 00 00 
00 00 1 
2 00 00 
2 00 1 
00 00 2 
5595 00 1 
00 1 00 
00 1 00 
00 00 1 
2 00 00 
2 00 1 
00 00 1 
5573 00 1 
00 00 00 
00 1 00 
1 00 00 
00 1 1 
3 00 00 
00 00 1 
1 00 00 
gridConcentrations 88 3 10.000000000000007 a b c 
00 00 13 
3 3 10 
1 00 12 
4 1 9 
2 00 12 
2 5 11 
1 00 13 
1 3 13 
1 2 12 
4 3 9 
3 7 10 
3 2 10 
00 00 14 
3 00 10 
2 3 11 
1 11 12 
5 6 8 
1 4 13 
3 14 12 
2 11 12 
1 15 13 
1 13 13 
00 10 15 
2 15 13 
00 14 14 
2 18 12 
2 20 12 
2 18 13 
2 15 12 
2 24 12 
00 6 14 
2 18 12 
1 13 14 
2 17 13 
3 13 12 
2 18 12 
2 22 12 
2 14 12 
1 7 13 
00 00 00 
00 00 00 
00 00 2 
1 00 00 
1 00 1 
00 00 1 
00 00 00 
00 00 1 
00 1 00 
00 00 1 
1 00 1 
3 00 00 
00 1 1 
1 00 00 
00 00 00 
00 00 1 
2 00 00 
00 00 1 
2 1 1 
00 00 1 
1 1 00 
00 1 00 
00 00 00 
1 00 00 
2 00 00 
2 00 1 
00 00 2 
5655 00 2 
1 00 00 
00 00 00 
1 1 00 
2 00 00 
2 00 1 
00 00 2 
5663 00 1 
00 1 00 
00 1 00 
00 00 1 
2 00 00 
2 00 1 
00 00 1 
5641 00 1 
00 00 00 
00 1 00 
1 00 00 
00 1 1 
3 00 00 
00 00 1 
1 00 00 
gridConcentrations 88 3 11.000000000000021 a b c 
1 1 12 
2 2 11 
1 00 12 
7 4 6 
2 00 12 
3 6 10 
3 2 11 
00 2 14 
00 1 13 
2 1 11 
00 4 13 
3 2 10 
2 2 12 
5 2 8 
1 2 12 
1 11 12 
00 1 13 
2 5 12 
5 16 10 
1 11 13 
00 13 14 
4 16 10 
00 11 15 
2 15 13 
00 14 14 
2 17 12 
2 20 12 
1 17 14 
00 13 14 
1 23 13 
3 9 11 
2 18 12 
00 12 15 
00 15 15 
1 11 14 
1 17 13 
1 21 13 
00 12 14 
2 8 12 
00 00 00 
00 00 00 
1 1 1 
1 00 00 
1 00 1 
00 00 1 
00 00 00 
00 00 1 
00 1 00 
00 00 1 
1 00 1 
3 00 00 
00 1 1 
1 00 00 
00 00 00 
00 00 1 
2 00 00 
00 00 1 
1 00 2 
1 1 00 
1 1 00 
00 1 00 
00 00 00 
1 00 00 
2 00 00 
2 00 1 
00 00 2 
5720 00 2 
1 00 00 
00 00 00 
00 00 1 
2 00 00 
2 00 1 
00 00 2 
5729 00 1 
00 1 00 
00 1 00 
00 00 1 
2 00 00 
2 00 1 
00 00 1 
5706 00 1 
00 00 00 
00 1 00 
1 00 00 
00 1 1 
3 00 00 
00 00 1 
1 00 00 
gridConcentrations 88 3 12.000000000000036 a b c 
3 3 10 
00 00 13 
1 00 12 
6 3 7 
2 00 12 
00 3 13 
3 2 11 
1 3 13 
3 4 10 
3 2 10 
00 4 13 
2 1 11 
3 3 11 
3 00 10 
3 4 10 
1 11 12 
1 2 12 
1 4 13 
1 12 14 
2 12 12 
2 15 12 
00 12 14 
1 12 14 
2 15 13 
2 15 12 
00 16 14 
00 18 14 
2 18 13 
1 14 13 
1 23 13 
2 8 12 
1 17 13 
1 13 14 
00 15 15 
2 12 13 
1 16 13 
4 24 10 
4 16 10 
4 11 10 
00 00 00 
00 00 00 
00 00 2 
1 00 00 
1 00 1 
00 00 1 
00 00 00 
1 2 00 
00 00 00 
00 00 1 
2 1 00 
3 00 00 
1 2 00 
1 00 00 
00 00 00 
00 00 1 
2 00 00 
00 00 1 
1 00 2 
00 00 1 
00 00 1 
00 1 00 
00 00 00 
1 00 00 
2 00 00 
3 1 00 
00 00 2 
5788 1 1 
1 00 00 
00 00 00 
1 1 00 
2 00 00 
2 00 1 
1 1 1 
5794 00 1 
00 1 00 
00 1 00 
00 00 1 
2 00 00 
3 1 00 
1 1 00 
5773 00 1 
00 00 00 
00 1 00 
1 00 00 
00 1 1 
3 1 00 
1 00 00 
1 00 00 
gridConcentrations 88 3 13.00000000000005 a b c 
2 2 11 
00 00 13 
5 4 8 
4 1 9 
3 1 11 
00 3 13 
3 2 11 
00 2 14 
1 2 12 
2 1 11 
2 6 11 
3 2 10 
1 1 13 
4 1 9 
2 3 11 
3 13 10 
3 4 10 
2 5 12 
3 14 12 
00 10 14 
2 15 12 
2 14 12 
00 11 15 
7 20 8 
1 14 13 
1 17 13 
3 21 11 
00 15 15 
1 15 13 
1 23 13 
1 8 13 
2 17 12 
3 15 12 
2 17 13 
2 12 13 
00 15 14 
00 20 14 
3 15 11 
1 8 13 
00 00 00 
00 00 00 
00 00 2 
1 00 00 
1 00 1 
00 00 1 
00 00 00 
00 1 1 
00 00 00 
00 00 1 
1 00 1 
3 00 00 
00 1 1 
1 00 00 
00 00 00 
00 00 1 
2 00 00 
00 00 1 
1 00 2 
00 00 1 
00 00 1 
00 1 00 
00 00 00 
1 00 00 
2 00 00 
2 00 1 
1 1 1 
5856 1 1 
1 00 00 
00 00 00 
00 00 1 
2 00 00 
2 00 1 
00 00 2 
5864 1 00 
00 1 00 
00 1 00 
00 00 1 
2 00 00 
2 00 1 
00 00 1 
5839 1 00 
00 00 00 
00 1 00 
1 00 00 
1 2 00 
2 00 1 
1 00 00 
1 00 00 
gridConcentrations 88 3 14.000000000000064 a b c 
1 1 12 
00 00 13 
5 4 8 
4 1 9 
3 1 11 
1 4 12 
2 1 12 
00 2 14 
2 3 11 
2 1 11 
00 4 13 
2 2 11 
2 2 12 
4 1 9 
1 1 12 
1 11 12 
1 2 12 
2 5 12 
3 14 12 
1 11 13 
3 16 11 
2 14 12 
3 15 12 
2 15 13 
2 15 12 
00 15 14 
2 20 12 
00 15 15 
00 13 14 
2 24 12 
3 10 11 
2 17 12 
2 15 13 
1 16 14 
3 15 12 
1 15 13 
1 22 13 
2 12 12 
5 12 9 
00 00 00 
00 00 00 
00 00 2 
1 00 00 
1 00 1 
00 00 1 
00 00 00 
00 1 1 
00 00 00 
00 00 1 
1 00 1 
3 00 00 
1 2 00 
1 00 00 
00 00 00 
00 00 1 
2 00 00 
00 00 1 
2 1 1 
00 00 1 
00 00 1 
00 1 00 
00 00 00 
1 00 00 
2 00 00 
2 00 1 
1 1 1 
5920 1 1 
1 00 00 
00 00 00 
00 00 1 
2 00 00 
2 00 1 
00 00 2 
5928 00 1 
00 1 00 
00 1 00 
00 00 1 
2 00 00 
2 00 1 
00 00 1 
5905 00 1 
00 00 00 
00 1 00 
1 00 00 
00 00 1 
1 00 2 
1 00 00 
1 00 00 
gridConcentrations 88 3 15.000000000000078 a b c 
00 00 13 
1 1 12 
3 2 10 
3 00 10 
4 2 10 
00 3 13 
3 2 11 
1 3 13 
1 2 12 
1 00 12 
1 5 12 
00 00 13 
3 3 11 
4 1 9 
2 2 11 
4 14 9 
1 2 12 
2 5 12 
2 13 13 
2 12 12 
2 15 12 
00 12 14 
00 12 15 
3 16 12 
2 15 12 
3 18 11 
00 18 14 
1 16 14 
2 15 12 
3 25 11 
2 9 12 
2 17 12 
2 15 13 
3 18 12 
00 12 15 
3 17 11 
2 23 12 
2 12 12 
3 10 11 
00 00 00 
00 00 00 
00 00 2 
1 00 00 
1 00 1 
00 00 1 
00 00 00 
00 1 1 
00 00 00 
00 00 1 
1 00 1 
3 00 00 
00 1 1 
1 00 00 
00 00 00 
00 00 1 
2 00 00 
00 00 1 
1 00 2 
00 00 1 
00 00 1 
00 1 00 
00 00 00 
1 00 00 
2 00 00 
2 00 1 
00 00 2 
5988 00 2 
1 00 00 
00 00 00 
00 00 1 
2 00 00 
2 00 1 
00 00 2 
5996 00 1 
00 1 00 
00 1 00 
00 00 1 
2 00 00 
2 00 1 
00 00 1 
5973 00 1 
00 00 00 
00 1 00 
1 00 00 
00 00 1 
1 00 2 
1 00 00 
1 00 00 
gridConcentrations 88 3 16.000000000000092 a b c 
2 2 11 
2 2 11 
1 00 12 
4 1 9 
2 00 12 
00 3 13 
3 2 11 
2 4 12 
1 2 12 
2 1 11 
1 5 12 
4 4 9 
2 2 12 
4 1 9 
2 2 11 
2 12 11 
1 2 12 
1 4 13 
2 13 13 
3 13 11 
3 16 11 
1 13 13 
2 13 13 
2 16 13 
00 12 14 
00 15 14 
2 20 12 
1 16 14 
1 14 13 
1 23 13 
3 10 11 
2 18 12 
1 13 14 
00 15 15 
2 14 13 
2 16 12 
1 22 13 
3 13 11 
4 11 10 
00 00 00 
00 00 00 
00 00 2 
1 00 00 
2 1 00 
00 00 1 
00 00 00 
00 1 1 
00 00 00 
00 00 1 
2 1 00 
3 00 00 
00 1 1 
1 00 00 
00 1 00 
00 00 1 
2 00 00 
00 00 1 
1 00 2 
00 00 1 
00 00 1 
00 1 00 
00 00 00 
1 00 00 
2 00 00 
2 00 1 
00 00 2 
5988 00 2 
1 00 00 
00 00 00 
00 00 1 
2 00 00 
3 1 00 
00 00 2 
5996 00 1 
00 1 00 
00 1 00 
00 00 1 
2 00 00 
2 00 1 
00 00 1 
5974 1 00 
00 00 00 
00 1 00 
1 00 00 
00 00 1 
2 1 1 
1 00 00 
1 00 00 
gridConcentrations 88 3 17.000000000000107 a b c 
00 00 13 
1 00 12 
00 00 13 
3 00 10 
5 3 9 
3 6 10 
3 2 11 
3 5 11 
2 3 11 
2 1 11 
2 6 11 
1 1 12 
2 2 12 
5 2 8 
2 2 11 
1 11 12 
1 2 12 
4 7 10 
1 12 14 
3 13 11 
4 17 10 
2 14 12 
3 14 12 
00 14 15 
00 12 14 
3 18 11 
00 18 14 
2 17 13 
00 13 14 
1 23 13 
00 7 14 
2 18 12 
1 13 14 
00 15 15 
3 15 12 
3 17 11 
1 22 13 
00 10 14 
4 11 10 
00 00 00 
00 00 00 
00 00 2 
1 00 00 
1 00 1 
00 00 1 
00 00 00 
00 1 1 
00 00 00 
00 00 1 
1 00 1 
3 1 00 
00 00 1 
1 00 00 
00 1 00 
00 00 1 
2 00 00 
00 00 1 
1 00 2 
00 00 1 
00 00 1 
00 1 00 
00 00 00 
1 00 00 
2 00 00 
2 00 1 
00 00 2 
5988 00 2 
1 00 00 
00 00 00 
00 00 1 
2 00 00 
2 00 1 
1 1 1 
5996 00 1 
00 1 00 
00 1 00 
00 00 1 
2 00 00 
2 00 1 
00 00 1 
5973 00 1 
00 00 00 
00 1 00 
1 00 00 
00 00 1 
2 1 1 
1 00 00 
1 00 00 
gridConcentrations 88 3 18.00000000000012 a b c 
1 1 12 
3 2 10 
1 1 12 
5 2 8 
2 00 12 
2 5 11 
1 00 13 
2 4 12 
00 1 13 
3 2 10 
00 4 13 
1 1 12 
00 00 14 
4 1 9 
1 1 12 
2 11 11 
2 4 11 
3 6 11 
00 11 15 
2 13 12 
1 14 13 
1 13 13 
2 12 13 
00 14 15 
1 13 13 
1 16 13 
2 20 12 
2 17 13 
00 13 14 
2 24 12 
2 9 12 
3 18 11 
4 16 11 
1 16 14 
2 15 13 
2 16 12 
2 23 12 
2 12 12 
1 8 13 
00 00 00 
00 00 00 
00 00 2 
1 00 00 
1 00 1 
00 00 1 
00 00 00 
00 1 1 
00 00 00 
00 00 1 
2 1 00 
2 00 1 
00 00 1 
1 00 00 
00 1 00 
00 00 1 
2 00 00 
00 00 1 
2 00 1 
00 1 1 
1 1 00 
00 1 00 
00 00 00 
1 00 00 
2 00 00 
2 00 1 
00 00 2 
5988 00 2 
1 00 00 
00 00 00 
00 00 1 
2 00 00 
3 1 00 
00 00 2 
5996 00 1 
00 1 00 
00 1 00 
1 1 00 
2 00 00 
2 00 1 
00 00 1 
5973 00 1 
00 00 00 
00 1 00 
1 00 00 
00 00 1 
2 1 1 
1 00 00 
1 00 00 
gridConcentrations 88 3 19.000000000000135 a b c 
4 4 9 
3 2 10 
00 00 13 
4 1 9 
3 1 11 
1 4 12 
2 1 12 
1 3 13 
1 2 12 
3 2 10 
1 5 12 
2 2 11 
3 3 11 
5 2 8 
3 3 10 
2 11 11 
1 3 12 
2 5 12 
1 12 14 
00 11 14 
1 14 13 
3 15 11 
1 11 14 
00 14 15 
2 14 12 
3 18 11 
00 17 14 
00 15 15 
4 17 10 
2 25 12 
3 10 11 
00 15 14 
00 13 15 
00 15 15 
3 16 12 
2 16 12 
4 25 10 
3 13 11 
3 10 11 
00 00 00 
00 00 00 
00 00 2 
1 00 00 
1 00 1 
00 00 1 
00 00 00 
00 1 1 
00 00 00 
00 00 1 
1 00 1 
2 00 1 
1 1 00 
1 00 00 
00 1 00 
00 00 1 
2 00 00 
00 00 1 
3 1 00 
00 1 1 
00 00 1 
00 1 00 
00 00 00 
1 00 00 
2 00 00 
2 00 1 
00 00 2 
5988 00 2 
1 00 00 
00 00 00 
00 00 1 
2 00 00 
2 00 1 
00 00 2 
5996 00 1 
00 00 00 
00 1 00 
00 00 1 
2 00 00 
2 00 1 
1 1 00 
5973 00 1 
00 00 00 
00 1 00 
1 00 00 
00 00 1 
1 00 2 
1 00 00 
1 00 00 
gridConcentrations 88 3 20.0 a b c 
00 1 13 
3 00 10 
4 5 9 
4 1 9 
4 2 10 
1 3 12 
4 4 10 
3 7 11 
4 3 9 
2 3 11 
2 4 11 
1 1 12 
3 6 11 
4 7 9 
1 3 12 
3 11 10 
2 8 11 
1 9 13 
1 10 14 
00 1 14 
2 16 12 
00 10 14 
3 12 12 
1 12 14 
3 11 11 
2 15 12 
2 22 12 
3 13 12 
3 16 11 
2 19 12 
2 17 12 
00 12 14 
1 11 14 
1 17 14 
1 8 14 
1 21 13 
00 17 14 
1 11 13 
1 13 13 
00 00 00 
00 00 00 
2 00 00 
00 00 1 
1 1 1 
00 00 1 
00 00 00 
00 00 1 
00 00 00 
00 00 1 
2 00 00 
1 00 2 
00 00 1 
1 00 00 
00 1 00 
00 00 1 
00 00 2 
00 00 1 
1 2 2 
00 00 1 
00 00 1 
00 1 00 
00 00 00 
00 00 1 
2 00 00 
1 00 2 
00 1 2 
5989 00 1 
00 00 1 
00 00 00 
00 00 1 
1 00 1 
2 00 1 
00 00 2 
5997 00 00 
00 2 00 
00 1 00 
00 00 1 
1 00 1 
2 00 1 
1 1 00 
5974 00 00 
00 1 00 
00 00 00 
00 00 1 
1 00 00 
3 00 00 
00 00 1 
00 00 1 
gridConcentrations 88 3 21.000000000000014 a b c 
1 2 12 
4 1 9 
5 6 8 
4 1 9 
6 4 8 
1 3 12 
2 2 12 
00 4 14 
1 00 12 
1 2 12 
00 2 13 
00 00 13 
2 5 12 
3 6 10 
3 5 10 
1 9 12 
4 10 9 
1 9 13 
4 13 11 
00 1 14 
3 17 11 
2 12 12 
1 10 14 
00 11 15 
1 9 13 
1 14 13 
2 22 12 
3 13 12 
2 15 12 
1 18 13 
2 17 12 
1 13 13 
2 12 13 
2 18 13 
2 9 13 
00 20 14 
2 19 12 
3 13 11 
5 17 9 
00 00 00 
00 00 00 
2 00 00 
1 1 00 
00 00 2 
00 00 1 
00 00 00 
00 00 1 
00 00 00 
00 00 1 
2 00 00 
2 1 1 
1 1 00 
1 00 00 
00 1 00 
00 00 1 
00 00 2 
00 00 1 
1 2 2 
1 1 00 
00 00 1 
00 1 00 
00 00 00 
00 00 1 
2 00 00 
1 00 2 
1 2 1 
5989 00 1 
1 1 00 
00 00 00 
00 00 1 
1 00 1 
2 00 1 
00 00 2 
5997 00 00 
00 2 00 
00 1 00 
00 00 1 
1 00 1 
2 00 1 
00 00 1 
5974 00 00 
00 1 00 
00 00 00 
00 00 1 
1 00 00 
3 00 00 
00 00 1 
00 00 1 
gridConcentrations 88 3 22.00000000000003 a b c 
00 1 13 
3 00 10 
00 1 13 
4 1 9 
4 2 10 
1 3 12 
2 2 12 
2 6 12 
3 2 10 
3 4 10 
00 2 13 
5 5 8 
3 6 11 
00 3 13 
1 3 12 
1 9 12 
1 7 12 
1 10 13 
2 11 13 
2 3 12 
2 15 12 
3 13 11 
1 10 14 
3 14 12 
3 11 11 
1 14 13 
00 20 14 
2 12 13 
1 14 13 
5 22 9 
1 16 13 
3 16 11 
00 9 15 
2 18 13 
2 9 13 
00 20 14 
00 17 14 
1 11 13 
3 15 11 
00 00 00 
00 00 00 
2 00 00 
00 00 1 
00 00 2 
00 00 1 
00 00 00 
00 00 1 
00 00 00 
00 00 1 
2 00 00 
1 00 2 
00 00 1 
1 00 00 
00 1 00 
00 00 1 
00 00 2 
00 00 1 
00 1 3 
1 1 00 
1 1 00 
00 1 00 
00 00 00 
1 1 00 
2 00 00 
1 00 2 
1 2 1 
5989 00 1 
00 00 1 
00 00 00 
00 00 1 
1 00 1 
2 00 1 
00 00 2 
5997 00 00 
00 2 00 
00 1 00 
00 00 1 
1 00 1 
2 00 1 
00 00 1 
5974 00 00 
00 1 00 
00 00 00 
1 1 00 
1 00 00 
3 00 00 
00 00 1 
00 00 1 
gridConcentrations 88 3 23.000000000000043 a b c 
00 1 13 
4 1 9 
1 2 12 
5 2 8 
2 00 12 
2 4 11 
1 1 13 
2 6 12 
3 2 10 
1 2 12 
3 5 10 
2 2 11 
2 5 12 
2 5 11 
00 3 13 
00 8 13 
2 8 11 
2 10 12 
00 8 15 
4 6 10 
00 13 14 
1 11 13 
2 11 13 
4 15 11 
2 10 12 
2 15 12 
2 22 12 
2 12 13 
1 14 13 
5 22 9 
1 16 13 
1 14 13 
2 11 13 
2 18 13 
1 8 14 
2 22 12 
2 19 12 
3 13 11 
3 15 11 
00 00 00 
00 00 00 
2 00 00 
00 00 1 
00 00 2 
00 00 1 
00 00 00 
00 00 1 
00 00 00 
00 00 1 
2 00 00 
1 00 2 
00 00 1 
1 00 00 
00 1 00 
00 00 1 
00 00 2 
00 00 1 
00 1 3 
00 00 1 
00 00 1 
00 1 00 
00 00 00 
00 00 1 
2 00 00 
1 00 2 
00 1 2 
5990 1 00 
00 00 1 
00 00 00 
00 00 1 
1 00 1 
2 00 1 
00 00 2 
5997 00 00 
00 2 00 
00 1 00 
1 1 00 
1 00 1 
1 00 2 
1 00 00 
5974 00 00 
00 1 00 
00 00 00 
00 00 1 
1 00 00 
3 00 00 
00 00 1 
00 00 1 
gridConcentrations 88 3 24.000000000000057 a b c 
2 3 11 
4 1 9 
1 2 12 
4 1 9 
5 3 9 
00 2 13 
2 2 12 
1 5 13 
3 2 10 
1 2 12 
1 3 12 
2 2 11 
1 4 13 
2 5 11 
1 4 12 
2 10 11 
00 6 13 
00 8 14 
1 9 14 
00 2 14 
4 17 10 
1 11 13 
1 10 14 
1 12 14 
1 9 13 
1 14 13 
2 22 12 
2 12 13 
00 13 14 
2 19 12 
6 21 8 
2 15 12 
1 10 14 
3 18 12 
00 8 15 
2 22 12 
00 17 14 
2 12 12 
00 12 14 
00 00 00 
00 00 00 
2 00 00 
00 00 1 
00 00 2 
00 00 1 
00 00 00 
00 00 1 
00 00 00 
00 00 1 
2 00 00 
1 00 2 
00 00 1 
1 00 00 
00 1 00 
00 00 1 
00 00 2 
1 1 00 
1 2 2 
00 00 1 
00 00 1 
00 1 00 
00 00 00 
00 00 1 
2 00 00 
2 1 1 
00 1 2 
5989 00 1 
00 00 1 
00 00 00 
00 00 1 
1 00 1 
2 00 1 
00 00 2 
5997 00 00 
00 2 00 
00 1 00 
00 00 1 
1 00 1 
1 00 2 
1 00 00 
5974 00 00 
00 1 00 
00 00 00 
1 1 00 
1 00 00 
3 00 00 
1 1 00 
00 00 1 
gridConcentrations 88 3 25.00000000000007 a b c 
3 4 10 
6 3 7 
1 2 12 
6 3 7 
4 2 10 
2 4 11 
2 2 12 
2 6 12 
4 3 9 
1 2 12 
2 4 11 
1 1 12 
3 6 11 
1 4 12 
2 5 11 
3 11 10 
2 8 11 
7 15 7 
3 11 12 
3 5 11 
4 17 10 
1 11 13 
3 12 12 
1 12 14 
00 8 14 
3 16 11 
3 23 11 
1 11 14 
3 16 11 
1 18 13 
1 16 13 
1 14 13 
3 12 12 
2 17 13 
7 15 8 
2 22 12 
3 20 11 
1 11 13 
1 13 13 
00 00 00 
00 00 00 
2 00 00 
00 00 1 
00 00 2 
00 00 1 
00 00 00 
00 00 1 
00 00 00 
1 1 00 
2 00 00 
2 00 1 
00 1 1 
1 00 00 
00 1 00 
00 00 1 
00 00 2 
00 00 1 
00 1 3 
00 00 1 
00 00 1 
00 1 00 
00 00 00 
00 00 1 
2 00 00 
1 00 2 
1 2 1 
5989 00 1 
00 00 1 
00 00 00 
00 00 1 
1 00 1 
2 00 1 
00 00 2 
5997 00 00 
00 2 00 
00 1 00 
00 00 1 
1 00 1 
1 00 2 
1 00 00 
5974 00 00 
00 1 00 
00 00 00 
00 00 1 
1 00 00 
3 00 00 
1 1 00 
1 1 00 
gridConcentrations 88 3 26.000000000000085 a b c 
1 2 12 
3 00 10 
4 5 9 
5 2 8 
5 3 9 
2 4 11 
4 4 10 
3 7 11 
2 1 11 
1 2 12 
3 5 10 
3 3 10 
00 3 14 
2 5 11 
1 4 12 
00 8 13 
1 7 12 
3 11 11 
2 10 13 
1 3 13 
1 14 13 
1 11 13 
1 10 14 
2 13 13 
3 11 11 
3 16 11 
1 21 13 
3 14 12 
2 14 12 
2 20 12 
2 16 12 
3 16 11 
1 10 14 
2 17 13 
1 9 14 
1 21 13 
2 19 12 
2 12 12 
1 13 13 
00 00 00 
00 00 00 
2 00 00 
00 00 1 
00 00 2 
00 00 1 
00 00 00 
00 00 1 
00 00 00 
00 00 1 
2 00 00 
2 00 1 
1 2 00 
1 00 00 
00 1 00 
1 1 00 
1 1 1 
00 00 1 
00 1 3 
00 00 1 
00 00 1 
00 1 00 
00 00 00 
00 00 1 
2 00 00 
1 00 2 
1 2 1 
5989 00 1 
00 00 1 
00 00 00 
00 00 1 
1 00 1 
2 00 1 
00 00 2 
5997 00 00 
00 2 00 
00 1 00 
00 00 1 
1 00 1 
1 00 2 
1 00 00 
5974 00 00 
00 1 00 
00 00 00 
00 00 1 
1 00 00 
3 00 00 
00 00 1 
00 00 1 
gridConcentrations 88 3 27.0000000000001 a b c 
1 2 12 
3 00 10 
2 3 11 
3 00 10 
5 3 9 
1 3 12 
3 3 11 
1 5 13 
2 1 11 
5 6 8 
00 2 13 
00 00 13 
1 4 13 
1 4 12 
00 3 13 
1 10 12 
1 6 12 
2 10 12 
3 11 12 
00 2 14 
1 14 13 
5 15 9 
2 11 13 
3 14 12 
00 8 14 
1 14 13 
3 23 11 
1 12 14 
1 13 13 
1 19 13 
4 18 10 
00 13 14 
1 10 14 
3 18 12 
00 8 15 
2 21 12 
00 16 14 
3 14 11 
1 14 13 
00 00 00 
00 00 00 
2 00 00 
00 00 1 
00 00 2 
00 00 1 
00 00 00 
00 00 1 
00 00 00 
00 00 1 
2 00 00 
2 00 1 
00 1 1 
1 00 00 
00 1 00 
1 1 00 
00 00 2 
1 1 00 
00 1 3 
00 00 1 
00 00 1 
00 1 00 
00 00 00 
00 00 1 
2 00 00 
1 00 2 
00 1 2 
5989 00 1 
1 1 00 
00 00 00 
00 00 1 
2 1 00 
2 00 1 
00 00 2 
5997 00 00 
00 2 00 
00 00 00 
00 1 1 
1 00 1 
1 00 2 
1 00 00 
5974 00 00 
00 1 00 
00 00 00 
1 1 00 
1 00 00 
3 00 00 
1 1 00 
1 1 00 
gridConcentrations 88 3 28.000000000000114 a b c 
2 3 11 
3 00 10 
3 4 10 
4 1 9 
6 4 8 
1 3 12 
3 3 11 
2 6 12 
1 00 12 
2 3 11 
1 3 12 
1 1 12 
2 5 12 
1 4 12 
1 4 12 
2 11 11 
2 7 11 
1 9 13 
1 9 14 
2 4 12 
2 15 12 
3 13 11 
2 11 13 
1 12 14 
4 12 10 
2 15 12 
3 23 11 
1 12 14 
4 16 10 
00 18 14 
00 14 14 
1 14 13 
2 11 13 
3 18 12 
1 8 14 
4 24 10 
1 17 13 
2 13 12 
00 13 14 
00 00 00 
00 00 00 
2 00 00 
00 00 1 
00 00 2 
00 00 1 
00 00 00 
00 00 1 
00 00 00 
00 00 1 
2 00 00 
2 00 1 
00 1 1 
1 00 00 
00 1 00 
00 00 1 
00 00 2 
00 1 1 
1 1 2 
00 00 1 
00 00 1 
00 1 00 
00 00 00 
1 1 00 
2 00 00 
2 2 1 
00 00 2 
5989 00 1 
1 1 00 
00 00 00 
00 00 1 
1 00 1 
2 00 1 
00 00 2 
5997 00 00 
00 1 00 
00 1 00 
00 1 1 
1 00 1 
1 00 2 
1 00 00 
5974 00 00 
00 1 00 
00 00 00 
00 00 1 
1 00 00 
3 00 00 
00 00 1 
00 00 1 
gridConcentrations 88 3 29.000000000000128 a b c 
2 3 11 
4 1 9 
4 5 9 
5 2 8 
3 1 11 
1 3 12 
1 1 13 
1 5 13 
2 1 11 
2 3 11 
00 2 13 
4 4 9 
1 4 13 
1 4 12 
2 5 11 
00 9 13 
2 7 11 
2 10 12 
3 11 12 
1 3 13 
00 13 14 
1 10 13 
4 13 11 
1 12 14 
1 9 13 
2 15 12 
2 22 12 
3 15 12 
1 13 13 
5 23 9 
2 15 12 
2 15 12 
1 10 14 
2 17 13 
4 11 11 
1 21 13 
00 16 14 
1 12 13 
2 15 12 
00 00 00 
00 00 00 
2 00 00 
00 00 1 
00 00 2 
00 00 1 
00 00 00 
00 00 1 
00 00 00 
1 1 00 
2 00 00 
3 1 00 
00 1 1 
1 00 00 
00 1 00 
00 00 1 
1 1 1 
00 1 1 
00 00 3 
00 00 1 
1 1 00 
00 2 00 
00 00 00 
00 00 1 
1 00 1 
1 00 2 
00 00 2 
5989 00 1 
00 00 1 
00 00 00 
1 1 00 
1 00 1 
2 00 1 
1 1 1 
5997 00 00 
00 1 00 
00 1 00 
00 1 1 
1 00 1 
1 00 2 
1 00 00 
5974 00 00 
00 1 00 
00 00 00 
00 00 1 
1 00 00 
3 00 00 
00 00 1 
00 00 1 
gridConcentrations 88 3 30.0 a b c 
1 2 12 
3 00 10 
00 00 13 
3 00 10 
2 1 12 
2 5 11 
3 3 11 
1 4 13 
1 00 12 
3 4 10 
1 3 12 
2 2 11 
4 8 10 
5 7 8 
1 5 12 
00 7 13 
1 8 12 
1 7 13 
3 12 12 
00 2 14 
4 18 10 
2 10 12 
00 11 15 
2 12 13 
5 12 9 
3 16 11 
2 21 12 
2 15 13 
1 12 13 
2 20 12 
3 17 11 
1 13 13 
1 10 14 
1 14 14 
00 8 15 
3 23 11 
1 19 13 
2 13 12 
1 14 13 
00 00 00 
00 00 00 
1 00 1 
1 00 00 
00 00 2 
00 00 1 
00 00 00 
00 1 1 
00 00 00 
00 00 1 
1 00 1 
3 00 00 
00 00 1 
00 00 1 
00 00 00 
00 00 1 
00 00 2 
00 1 1 
1 1 2 
00 00 1 
00 00 1 
00 2 00 
00 00 00 
1 1 00 
1 00 1 
2 1 1 
2 2 00 
5989 00 1 
00 00 1 
00 00 00 
00 00 1 
1 00 1 
2 00 1 
00 00 2 
5997 00 00 
00 1 00 
00 1 00 
1 2 00 
1 00 1 
2 1 1 
1 00 00 
5974 00 00 
00 1 00 
00 00 00 
00 00 1 
1 00 00 
3 00 00 
00 00 1 
00 00 1 
gridConcentrations 88 3 31.000000000000014 a b c 
2 3 11 
5 2 8 
3 3 10 
3 00 10 
4 3 10 
1 4 12 
00 00 14 
00 3 14 
2 1 11 
1 2 12 
1 3 12 
5 5 8 
3 7 11 
4 6 9 
4 8 9 
1 8 12 
1 8 12 
1 7 13 
2 11 13 
1 3 13 
1 15 13 
1 9 13 
2 13 13 
3 13 12 
2 9 12 
1 15 13 
00 17 14 
1 15 14 
3 13 11 
00 18 14 
1 15 13 
00 13 14 
2 11 13 
2 13 13 
4 13 11 
3 23 11 
00 18 14 
00 11 14 
1 14 13 
00 00 00 
00 00 00 
1 00 1 
1 00 00 
00 00 2 
00 00 1 
00 00 00 
00 1 1 
00 00 00 
00 00 1 
1 00 1 
3 00 00 
00 00 1 
00 00 1 
00 00 00 
00 00 1 
00 00 2 
00 1 1 
00 00 3 
00 00 1 
00 00 1 
00 2 00 
00 00 00 
1 00 00 
00 00 2 
1 00 2 
00 00 2 
5989 00 1 
1 1 00 
00 00 00 
00 00 1 
1 00 1 
2 00 1 
1 1 1 
5997 00 00 
00 1 00 
00 2 00 
00 00 1 
1 00 1 
1 00 2 
1 00 00 
5974 00 00 
00 1 00 
00 1 00 
00 00 1 
1 00 00 
3 00 00 
00 00 1 
00 00 1 
gridConcentrations 88 3 32.00000000000003 a b c 
2 3 11 
5 2 8 
2 2 11 
4 1 9 
2 1 12 
3 6 10 
2 2 12 
4 7 10 
2 1 11 
1 2 12 
1 3 12 
2 2 11 
00 4 14 
3 5 10 
5 9 8 
2 9 11 
3 10 10 
2 8 12 
2 11 13 
3 5 11 
3 17 11 
00 8 14 
2 13 13 
1 11 14 
1 8 13 
3 17 11 
1 18 13 
1 15 14 
00 10 14 
1 19 13 
1 15 13 
1 14 13 
4 13 11 
2 12 13 
4 13 11 
00 20 14 
3 22 11 
4 15 10 
1 14 13 
00 00 00 
00 00 00 
1 00 1 
1 00 00 
00 00 2 
00 00 1 
00 00 00 
1 2 00 
00 00 00 
00 00 1 
1 00 1 
3 00 00 
00 00 1 
00 00 1 
00 00 00 
00 00 1 
00 00 2 
00 1 1 
00 00 3 
00 00 1 
00 00 1 
00 2 00 
00 00 00 
1 00 00 
00 00 2 
1 00 2 
00 00 2 
5990 1 00 
1 1 00 
00 00 00 
00 00 1 
1 00 1 
2 1 1 
1 00 1 
5997 00 00 
00 1 00 
00 2 00 
00 00 1 
1 00 1 
1 00 2 
1 00 00 
5974 00 00 
00 1 00 
00 1 00 
1 1 00 
1 00 00 
3 00 00 
1 1 00 
00 00 1 
gridConcentrations 88 3 32.99999999999997 a b c 
3 4 10 
7 4 6 
2 3 11 
7 4 6 
2 1 12 
1 3 12 
5 5 9 
1 4 13 
2 1 11 
00 1 13 
1 3 12 
00 00 13 
00 4 14 
6 8 7 
1 5 12 
1 8 12 
00 7 13 
00 6 14 
2 11 13 
2 4 12 
2 16 12 
1 9 13 
1 12 14 
4 14 11 
3 10 11 
3 17 11 
3 20 11 
00 14 15 
1 11 13 
00 18 14 
2 16 12 
2 15 12 
1 10 14 
1 11 14 
2 11 13 
2 22 12 
1 20 13 
2 13 12 
3 16 11 
00 00 00 
00 00 00 
1 00 1 
1 00 00 
00 00 2 
00 00 1 
00 00 00 
00 1 1 
00 00 00 
00 00 1 
1 00 1 
3 00 00 
00 00 1 
00 00 1 
00 00 00 
00 00 1 
00 00 2 
1 2 00 
1 1 2 
00 00 1 
00 00 1 
00 2 00 
00 00 00 
1 00 00 
1 1 1 
1 00 2 
2 2 00 
5989 00 1 
00 00 1 
00 00 00 
00 00 1 
2 1 00 
2 1 1 
1 00 1 
5997 00 00 
00 1 00 
00 2 00 
00 00 1 
1 00 1 
1 00 2 
1 00 00 
5974 00 00 
00 1 00 
00 1 00 
00 00 1 
1 00 00 
3 00 00 
00 00 1 
00 00 1 
gridConcentrations 88 3 33.999999999999915 a b c 
00 1 13 
5 2 8 
1 1 12 
3 00 10 
2 1 12 
1 4 12 
00 00 14 
2 5 12 
1 00 12 
2 3 11 
3 5 10 
00 00 13 
1 5 13 
2 5 11 
1 4 12 
1 8 12 
1 8 12 
3 9 11 
00 9 15 
2 4 12 
1 14 13 
00 8 14 
2 13 13 
3 14 12 
2 8 12 
00 15 14 
3 20 11 
2 16 13 
1 11 13 
3 21 11 
1 14 13 
1 16 13 
1 9 14 
4 14 11 
1 10 14 
1 21 13 
2 21 12 
3 14 11 
3 16 11 
00 00 00 
00 00 00 
1 00 1 
1 00 00 
00 00 2 
1 1 00 
00 00 00 
00 1 1 
00 00 00 
00 00 1 
1 00 1 
3 00 00 
00 00 1 
00 00 1 
00 00 00 
00 00 1 
00 00 2 
00 1 1 
2 1 1 
00 1 1 
00 00 1 
00 2 00 
00 00 00 
1 00 00 
1 1 1 
1 00 2 
00 00 2 
5990 1 00 
1 1 00 
00 00 00 
00 00 1 
1 00 1 
2 1 1 
1 00 1 
5997 00 00 
00 1 00 
00 2 00 
1 1 00 
2 1 00 
1 00 2 
1 00 00 
5974 00 00 
00 1 00 
00 1 00 
00 00 1 
1 00 00 
3 00 00 
00 00 1 
00 00 1 
gridConcentrations 88 3 34.99999999999986 a b c 
2 3 11 
3 00 10 
3 3 10 
3 00 10 
4 3 10 
3 6 10 
3 3 11 
1 4 13 
3 2 10 
2 3 11 
1 3 12 
00 00 13 
2 6 12 
2 5 11 
2 5 11 
00 7 13 
2 9 11 
1 7 13 
1 10 14 
2 4 12 
3 16 11 
00 8 14 
2 13 13 
1 12 14 
00 6 14 
1 16 13 
3 20 11 
2 16 13 
2 12 12 
00 18 14 
1 14 13 
1 16 13 
4 12 11 
1 11 14 
1 10 14 
2 22 12 
00 19 14 
1 12 13 
1 14 13 
00 00 00 
00 00 00 
1 00 1 
1 00 00 
00 00 2 
1 1 00 
00 00 00 
00 1 1 
00 00 00 
00 00 1 
1 00 1 
3 00 00 
00 00 1 
00 00 1 
00 00 00 
00 00 1 
00 00 2 
00 1 1 
1 00 2 
00 1 1 
00 00 1 
00 2 00 
00 00 00 
1 00 00 
1 1 1 
1 00 2 
00 00 2 
5989 00 1 
00 00 1 
00 00 00 
00 00 1 
1 00 1 
1 00 2 
1 00 1 
5997 00 00 
00 1 00 
00 2 00 
00 00 1 
1 00 1 
2 1 1 
1 00 00 
5974 00 00 
00 1 00 
00 1 00 
00 00 1 
1 00 00 
3 00 00 
00 00 1 
00 00 1 
gridConcentrations 88 3 35.9999999999998 a b c 
1 2 12 
5 2 8 
3 3 10 
3 00 10 
1 00 13 
1 4 12 
3 3 11 
5 8 9 
2 1 11 
3 4 10 
2 4 11 
1 1 12 
3 7 11 
00 3 13 
00 2 13 
2 9 11 
4 11 9 
1 8 13 
3 12 12 
1 3 13 
2 14 12 
2 11 12 
5 15 10 
2 16 13 
1 7 13 
00 15 14 
1 16 13 
1 15 14 
2 13 12 
4 21 10 
2 15 12 
1 15 13 
1 10 14 
00 10 15 
4 13 11 
1 21 13 
3 22 11 
1 12 13 
00 13 14 
00 00 00 
00 00 00 
1 00 1 
1 00 00 
1 1 1 
00 00 1 
00 00 00 
00 1 1 
00 00 00 
00 00 1 
1 00 1 
3 00 00 
00 00 1 
00 00 1 
00 00 00 
00 00 1 
00 00 2 
00 1 1 
2 1 1 
00 1 1 
00 00 1 
00 2 00 
00 00 00 
1 00 00 
00 00 2 
1 00 2 
00 00 2 
5989 00 1 
1 1 00 
00 00 00 
00 00 1 
1 00 1 
2 1 1 
1 00 1 
5997 00 00 
00 1 00 
00 2 00 
00 00 1 
1 00 1 
1 00 2 
1 00 00 
5974 00 00 
00 1 00 
00 1 00 
00 00 1 
1 00 00 
3 00 00 
00 00 1 
00 00 1 
gridConcentrations 88 3 36.999999999999744 a b c 
1 2 12 
4 1 9 
1 1 12 
4 1 9 
1 00 13 
2 5 11 
00 00 14 
2 5 12 
3 2 10 
3 4 10 
2 4 11 
00 00 13 
3 7 11 
5 8 8 
2 4 11 
00 7 13 
1 8 12 
4 11 10 
1 10 14 
1 3 13 
1 13 13 
2 11 12 
2 11 13 
1 15 14 
00 6 14 
00 16 14 
1 16 13 
1 15 14 
2 14 12 
1 18 13 
2 16 12 
2 14 12 
1 10 14 
00 10 15 
00 9 15 
00 20 14 
00 19 14 
2 13 12 
4 17 10 
00 00 00 
00 00 00 
1 00 1 
1 00 00 
00 00 2 
00 00 1 
00 00 00 
1 2 00 
00 00 00 
00 00 1 
1 00 1 
3 00 00 
00 00 1 
00 00 1 
00 00 00 
00 00 1 
00 00 2 
00 1 1 
1 00 2 
1 2 00 
00 00 1 
00 2 00 
00 00 00 
1 00 00 
00 00 2 
1 00 2 
1 1 1 
5989 00 1 
1 1 00 
00 00 00 
00 00 1 
1 00 1 
1 00 2 
1 00 1 
5997 00 00 
00 2 00 
00 1 00 
00 00 1 
1 00 1 
1 00 2 
1 00 00 
5974 00 00 
00 1 00 
00 1 00 
00 00 1 
1 00 00 
3 00 00 
00 00 1 
00 00 1 
gridConcentrations 88 3 37.99999999999969 a b c 
3 4 10 
4 1 9 
1 1 12 
6 3 7 
3 2 11 
1 4 12 
2 2 12 
2 5 12 
2 1 11 
1 2 12 
00 2 13 
2 2 11 
3 7 11 
3 6 10 
1 3 12 
3 10 10 
1 8 12 
3 10 11 
1 10 14 
1 3 13 
1 13 13 
1 10 13 
1 10 14 
00 14 15 
2 9 12 
1 17 13 
1 16 13 
2 15 13 
4 16 10 
00 17 14 
00 14 14 
2 14 12 
1 10 14 
2 12 13 
2 12 13 
00 19 14 
1 20 13 
1 12 13 
1 14 13 
00 00 00 
00 00 00 
2 1 00 
1 00 00 
00 00 2 
00 00 1 
00 00 00 
00 1 1 
00 00 00 
00 00 1 
1 00 1 
3 00 00 
00 00 1 
00 00 1 
00 00 00 
00 00 1 
1 1 1 
00 1 1 
1 00 2 
00 1 1 
00 00 1 
00 2 00 
00 00 00 
1 00 00 
00 00 2 
1 00 2 
1 1 1 
5989 00 1 
1 1 00 
00 00 00 
00 00 1 
1 00 1 
2 1 1 
1 00 1 
5997 00 00 
00 2 00 
00 1 00 
00 00 1 
2 1 00 
1 00 2 
1 00 00 
5974 00 00 
00 1 00 
00 1 00 
00 00 1 
1 00 00 
3 00 00 
00 00 1 
00 00 1 
gridConcentrations 88 3 38.99999999999963 a b c 
1 2 12 
4 1 9 
1 1 12 
4 1 9 
3 2 11 
1 4 12 
3 3 11 
2 5 12 
3 2 10 
3 4 10 
1 3 12 
00 00 13 
3 7 11 
2 5 11 
2 4 11 
1 9 12 
6 13 7 
2 9 12 
2 10 13 
4 6 10 
1 13 13 
2 11 12 
1 10 14 
2 16 13 
2 9 12 
00 16 14 
1 16 13 
1 13 14 
1 14 13 
1 18 13 
00 14 14 
00 12 14 
1 10 14 
1 11 14 
3 13 12 
2 21 12 
2 21 12 
2 13 12 
1 14 13 
00 00 00 
00 00 00 
1 00 1 
1 00 00 
00 00 2 
1 1 00 
00 00 00 
00 1 1 
00 00 00 
00 00 1 
2 1 00 
3 00 00 
00 1 1 
1 00 00 
00 00 00 
00 00 1 
00 00 2 
00 1 1 
2 1 1 
00 1 1 
00 00 1 
00 2 00 
00 00 00 
1 1 00 
00 00 2 
2 00 1 
1 1 1 
5989 00 1 
00 00 1 
00 00 00 
00 00 1 
1 00 1 
1 00 2 
1 00 1 
5997 00 00 
00 2 00 
00 1 00 
00 00 1 
1 00 1 
1 00 2 
1 00 00 
5974 00 00 
00 1 00 
00 1 00 
00 00 1 
1 00 00 
3 00 00 
1 1 00 
00 00 1 
gridConcentrations 88 3 39.999999999999574 a b c 
2 3 11 
3 00 10 
00 00 13 
5 2 8 
4 3 10 
00 3 13 
2 2 12 
1 4 13 
2 1 11 
1 2 12 
2 4 11 
00 00 13 
3 7 11 
00 3 13 
00 2 13 
2 10 11 
2 8 11 
3 11 11 
2 10 13 
3 5 11 
1 13 13 
1 11 13 
3 11 12 
2 16 13 
3 10 11 
2 19 12 
2 17 12 
1 13 14 
4 17 10 
4 21 10 
6 20 8 
2 14 12 
4 13 11 
4 14 11 
2 13 13 
00 18 14 
2 21 12 
1 12 13 
00 13 14 
00 00 00 
00 00 00 
1 00 1 
1 00 00 
00 00 2 
00 00 1 
00 00 00 
00 1 1 
00 00 00 
1 1 00 
2 1 00 
3 00 00 
00 1 1 
1 00 00 
00 00 00 
00 00 1 
00 00 2 
00 1 1 
1 00 2 
00 1 1 
00 00 1 
00 1 00 
00 00 00 
00 00 1 
1 1 1 
2 00 1 
1 1 1 
5989 00 1 
00 00 1 
00 00 00 
00 00 1 
1 00 1 
1 00 2 
1 00 1 
5997 00 00 
00 2 00 
00 1 00 
1 1 00 
1 00 1 
1 00 2 
1 00 00 
5974 00 00 
00 1 00 
00 1 00 
00 00 1 
1 00 00 
3 00 00 
00 00 1 
00 00 1 
gridConcentrations 88 3 40.99999999999952 a b c 
1 2 12 
5 2 8 
2 2 11 
5 2 8 
2 1 12 
3 6 10 
1 1 13 
1 4 13 
3 2 10 
3 4 10 
1 3 12 
2 2 11 
4 9 10 
1 3 12 
00 2 13 
00 8 13 
4 10 9 
2 10 12 
1 9 14 
3 5 11 
00 12 14 
3 13 11 
1 9 14 
2 16 13 
2 9 12 
1 17 13 
1 17 13 
5 17 10 
3 16 11 
2 19 12 
4 18 10 
00 12 14 
2 10 13 
3 13 12 
2 13 13 
2 21 12 
1 20 13 
1 12 13 
1 14 13 
00 00 00 
00 00 00 
1 00 1 
1 00 00 
00 00 2 
00 00 1 
00 00 00 
00 1 1 
00 00 00 
1 1 00 
1 00 1 
3 00 00 
00 1 1 
1 00 00 
00 00 00 
00 00 1 
00 00 2 
00 1 1 
2 1 1 
00 1 1 
00 00 1 
00 1 00 
00 00 00 
00 00 1 
00 00 2 
2 00 1 
00 00 2 
5990 1 00 
00 00 1 
00 00 00 
00 00 1 
1 00 1 
1 00 2 
1 00 1 
5997 00 00 
00 2 00 
00 1 00 
00 00 1 
1 00 1 
2 1 1 
1 00 00 
5974 00 00 
00 00 00 
00 2 00 
00 00 1 
1 00 00 
3 00 00 
1 1 00 
00 00 1 
gridConcentrations 88 3 41.99999999999946 a b c 
1 2 12 
5 2 8 
1 1 12 
4 1 9 
4 3 10 
1 4 12 
2 2 12 
4 7 10 
1 00 12 
1 2 12 
3 5 10 
2 2 11 
00 5 14 
00 2 13 
1 3 12 
00 7 13 
2 8 11 
3 11 11 
3 12 12 
1 3 13 
2 14 12 
1 11 13 
1 9 14 
2 16 13 
1 8 13 
2 18 12 
3 19 11 
00 12 15 
00 13 14 
2 19 12 
1 15 13 
1 13 13 
1 9 14 
00 10 15 
3 14 12 
2 21 12 
1 20 13 
3 14 11 
1 14 13 
00 00 00 
00 00 00 
2 1 00 
1 00 00 
00 00 2 
00 00 1 
00 00 00 
00 1 1 
00 00 00 
00 00 1 
1 00 1 
3 00 00 
00 1 1 
1 00 00 
00 00 00 
00 00 1 
00 00 2 
00 1 1 
1 00 2 
00 1 1 
00 00 1 
00 1 00 
00 00 00 
00 00 1 
00 00 2 
2 00 1 
00 00 2 
5989 00 1 
00 00 1 
00 00 00 
00 00 1 
1 00 1 
1 00 2 
1 00 1 
5997 00 00 
00 1 00 
00 2 00 
00 00 1 
1 00 1 
1 00 2 
1 00 00 
5974 00 00 
00 00 00 
00 1 00 
00 1 1 
1 00 00 
3 00 00 
00 00 1 
00 00 1 
gridConcentrations 88 3 42.9999999999994 a b c 
2 3 11 
5 2 8 
2 2 11 
4 1 9 
4 3 10 
1 4 12 
2 2 12 
2 5 12 
3 2 10 
2 4 11 
2 4 11 
2 2 11 
00 4 14 
2 4 11 
00 2 13 
2 9 11 
2 8 11 
4 12 10 
1 10 14 
2 4 12 
3 15 11 
2 12 12 
1 9 14 
1 15 14 
4 11 10 
3 19 11 
2 20 12 
1 13 14 
00 13 14 
1 16 13 
00 14 14 
1 13 13 
1 9 14 
00 10 15 
00 11 15 
00 20 14 
00 19 14 
1 13 13 
1 12 13 
00 00 00 
00 00 00 
1 00 1 
1 00 00 
1 1 1 
00 00 1 
00 00 00 
00 1 1 
00 00 00 
00 00 1 
2 1 00 
3 00 00 
00 1 1 
1 00 00 
00 00 00 
00 00 1 
00 00 2 
00 1 1 
1 00 2 
00 1 1 
00 00 1 
00 1 00 
00 00 00 
00 00 1 
00 00 2 
2 00 1 
00 00 2 
5989 00 1 
00 00 1 
00 00 00 
00 00 1 
1 00 1 
1 00 2 
1 00 1 
5997 00 00 
00 1 00 
00 2 00 
00 00 1 
1 00 1 
2 1 1 
1 00 00 
5974 00 00 
00 00 00 
00 1 00 
00 1 1 
1 00 00 
3 00 00 
00 00 1 
00 00 1 
gridConcentrations 88 3 43.999999999999346 a b c 
00 1 13 
4 1 9 
2 2 11 
5 2 8 
2 1 12 
2 5 11 
2 2 12 
00 3 14 
1 00 12 
2 4 11 
00 2 13 
2 2 11 
00 4 14 
00 2 13 
2 4 11 
00 7 13 
1 8 12 
4 11 10 
1 10 14 
00 2 14 
3 15 11 
3 13 11 
3 11 12 
00 14 15 
3 10 11 
1 17 13 
2 20 12 
1 13 14 
1 14 13 
1 16 13 
00 14 14 
1 13 13 
2 10 13 
2 12 13 
2 13 13 
4 24 10 
1 20 13 
3 15 11 
2 13 12 
00 00 00 
00 00 00 
1 00 1 
1 00 00 
00 00 2 
00 00 1 
00 00 00 
00 1 1 
00 00 00 
00 00 1 
1 00 1 
3 00 00 
00 1 1 
1 00 00 
00 00 00 
1 1 00 
00 00 2 
00 1 1 
1 00 2 
00 1 1 
00 00 1 
00 1 00 
00 00 00 
00 00 1 
00 00 2 
2 00 1 
00 00 2 
5990 1 00 
00 00 1 
00 00 00 
1 1 00 
1 00 1 
1 00 2 
1 00 1 
5997 00 00 
00 1 00 
00 2 00 
00 00 1 
1 00 1 
1 00 2 
1 00 00 
5974 00 00 
00 00 00 
00 1 00 
00 1 1 
1 00 00 
3 00 00 
00 00 1 
00 00 1 
gridConcentrations 88 3 44.99999999999929 a b c 
2 3 11 
4 1 9 
4 4 9 
3 00 10 
1 00 13 
2 5 11 
00 00 14 
2 5 12 
3 2 10 
00 2 13 
2 3 11 
3 3 10 
3 7 11 
1 4 12 
1 3 12 
2 9 11 
2 9 11 
2 9 12 
2 11 13 
5 7 9 
00 12 14 
00 9 14 
1 10 14 
2 16 13 
1 8 13 
1 17 13 
1 19 13 
3 15 12 
00 13 14 
1 16 13 
4 18 10 
00 12 14 
3 11 12 
1 11 14 
2 13 13 
00 20 14 
2 21 12 
1 13 13 
00 11 14 
00 00 00 
00 00 00 
1 00 1 
1 00 00 
00 00 2 
1 1 00 
00 00 00 
00 1 1 
00 00 00 
00 00 1 
1 00 1 
3 00 00 
1 2 00 
1 00 00 
00 00 00 
00 00 1 
00 00 2 
00 1 1 
1 00 2 
00 1 1 
00 00 1 
00 00 00 
00 1 00 
00 00 1 
1 1 1 
2 00 1 
00 00 2 
5989 00 1 
00 00 1 
00 00 00 
00 00 1 
1 00 1 
2 1 1 
1 00 1 
5997 00 00 
00 1 00 
00 2 00 
00 00 1 
1 00 1 
1 00 2 
1 00 00 
5974 00 00 
00 00 00 
00 1 00 
00 1 1 
1 00 00 
3 00 00 
00 00 1 
00 00 1 
gridConcentrations 88 3 45.99999999999923 a b c 
2 3 11 
4 1 9 
2 2 11 
4 1 9 
2 1 12 
4 7 9 
2 2 12 
00 3 14 
4 2 9 
1 3 12 
1 2 12 
2 3 11 
3 7 11 
00 3 13 
3 5 10 
4 11 9 
1 8 12 
2 9 12 
00 9 15 
00 2 14 
1 13 13 
4 13 10 
3 12 12 
1 15 14 
4 11 10 
1 17 13 
2 20 12 
1 13 14 
3 16 11 
2 17 12 
00 14 14 
00 11 14 
1 10 14 
2 12 13 
00 11 15 
1 21 13 
2 21 12 
2 14 12 
3 14 11 
00 00 00 
00 00 00 
1 00 1 
1 00 00 
00 00 2 
00 00 1 
00 00 00 
1 2 00 
00 00 00 
00 00 1 
1 00 1 
3 00 00 
00 1 1 
1 00 00 
00 00 00 
1 1 00 
00 00 2 
00 1 1 
1 00 2 
1 2 00 
00 00 1 
00 00 00 
00 1 00 
00 00 1 
00 00 2 
2 00 1 
00 00 2 
5989 00 1 
00 00 1 
00 00 00 
00 00 1 
1 00 1 
1 00 2 
1 00 1 
5997 00 00 
00 1 00 
00 2 00 
00 00 1 
2 1 00 
1 00 2 
1 00 00 
5974 00 00 
00 00 00 
00 1 00 
1 2 00 
1 00 00 
3 00 00 
00 00 1 
00 00 1 
gridConcentrations 88 3 46.999999999999176 a b c 
2 3 11 
4 1 9 
00 00 13 
3 00 10 
2 1 12 
1 4 12 
1 1 13 
2 5 12 
3 1 10 
1 3 12 
4 5 9 
00 1 13 
1 5 13 
1 4 12 
1 3 12 
1 8 12 
00 7 13 
4 11 10 
2 11 13 
3 5 11 
3 15 11 
1 10 13 
1 10 14 
2 16 13 
1 9 13 
2 17 12 
4 22 10 
2 14 13 
3 16 11 
1 16 13 
2 17 12 
1 12 13 
1 10 14 
00 9 15 
5 16 10 
4 24 10 
00 19 14 
1 13 13 
3 14 11 
00 00 00 
00 00 00 
2 1 00 
1 00 00 
00 00 2 
00 00 1 
00 00 00 
00 1 1 
00 00 00 
1 1 00 
2 1 00 
3 00 00 
00 1 1 
1 00 00 
00 00 00 
00 00 1 
00 00 2 
00 1 1 
2 1 1 
1 2 00 
00 00 1 
00 00 00 
00 1 00 
00 00 1 
1 1 1 
2 00 1 
00 00 2 
5989 00 1 
00 00 1 
00 00 00 
00 1 1 
2 00 00 
2 1 1 
1 00 1 
5997 00 00 
00 1 00 
00 2 00 
00 00 1 
1 00 1 
1 00 2 
1 00 00 
5974 00 00 
00 00 00 
00 1 00 
00 1 1 
1 00 00 
3 00 00 
00 00 1 
00 00 1 
gridConcentrations 88 3 47.99999999999912 a b c 
2 3 11 
5 2 8 
2 2 11 
3 00 10 
1 00 13 
1 4 12 
2 2 12 
00 3 14 
2 00 11 
3 5 10 
1 2 12 
1 2 12 
1 5 13 
2 5 11 
00 2 13 
3 10 10 
00 7 13 
2 9 12 
1 10 14 
00 2 14 
1 13 13 
1 10 13 
4 13 11 
4 18 11 
3 11 11 
00 15 14 
00 18 14 
1 13 14 
1 14 13 
2 17 12 
00 15 14 
4 15 10 
1 10 14 
1 11 14 
00 10 15 
00 20 14 
1 20 13 
1 13 13 
3 14 11 
00 00 00 
00 00 00 
1 00 1 
1 00 00 
00 00 2 
00 00 1 
00 00 00 
00 1 1 
00 00 00 
1 1 00 
1 00 1 
3 00 00 
00 1 1 
1 00 00 
00 00 00 
00 00 1 
00 00 2 
00 1 1 
1 00 2 
00 1 1 
00 00 1 
00 00 00 
00 1 00 
1 1 00 
00 00 2 
2 00 1 
00 00 2 
5989 00 1 
1 1 00 
00 00 00 
1 2 00 
2 00 00 
1 00 2 
1 00 1 
5997 00 00 
00 1 00 
00 2 00 
00 00 1 
1 00 1 
2 00 1 
00 00 1 
5974 00 00 
00 1 00 
00 00 00 
00 1 1 
1 00 00 
3 00 00 
00 00 1 
00 00 1 
gridConcentrations 88 3 48.99999999999906 a b c 
3 4 10 
3 00 10 
1 1 12 
6 3 7 
2 1 12 
1 4 12 
2 2 12 
1 4 13 
5 3 8 
3 5 10 
3 4 10 
00 1 13 
1 5 13 
1 4 12 
1 3 12 
2 9 11 
2 9 11 
00 7 14 
4 13 11 
00 2 14 
3 15 11 
1 10 13 
2 11 13 
00 14 15 
2 10 12 
3 18 11 
2 20 12 
1 13 14 
3 16 11 
00 15 14 
2 17 12 
2 14 12 
00 8 15 
2 13 13 
3 13 12 
2 22 12 
00 18 14 
4 16 10 
2 13 12 
00 00 00 
00 00 00 
1 00 1 
1 00 00 
1 1 1 
00 00 1 
00 00 00 
00 1 1 
00 00 00 
00 00 1 
2 00 00 
2 00 1 
00 00 1 
00 00 1 
00 00 00 
00 00 1 
00 00 2 
00 1 1 
2 1 1 
00 1 1 
00 00 1 
00 00 00 
00 00 00 
00 1 1 
00 00 2 
2 00 1 
1 1 1 
5989 00 1 
00 00 1 
00 00 00 
00 1 1 
2 00 00 
1 00 2 
1 00 1 
5997 00 00 
00 1 00 
00 2 00 
00 00 1 
2 1 00 
3 1 00 
00 00 1 
5974 00 00 
00 1 00 
00 00 00 
00 1 1 
1 00 00 
3 00 00 
00 00 1 
00 00 1 
gridConcentrations 88 3 49.999999999999005 a b c 
1 2 12 
4 1 9 
2 2 11 
5 2 8 
2 1 12 
2 5 11 
2 2 12 
00 3 14 
2 00 11 
1 3 12 
2 3 11 
1 2 12 
2 6 12 
2 5 11 
2 4 11 
2 9 11 
2 9 11 
1 8 13 
1 10 14 
2 4 12 
2 14 12 
1 10 13 
3 12 12 
1 15 14 
1 9 13 
2 17 12 
00 19 14 
00 12 15 
2 15 12 
4 19 10 
2 15 12 
2 15 12 
1 9 14 
2 13 13 
00 11 15 
1 21 13 
00 18 14 
00 12 14 
2 13 12 
00 00 00 
00 00 00 
1 00 1 
1 00 00 
00 00 2 
00 00 1 
00 00 00 
00 1 1 
00 00 00 
00 00 1 
2 00 00 
2 00 1 
00 00 1 
00 00 1 
00 00 00 
00 00 1 
00 00 2 
00 1 1 
00 00 3 
00 00 1 
00 00 1 
00 00 00 
00 00 00 
1 2 00 
00 00 2 
2 00 1 
00 00 2 
5989 00 1 
00 00 1 
00 00 00 
1 2 00 
2 00 00 
1 00 2 
1 00 1 
5997 00 00 
00 1 00 
00 2 00 
00 00 1 
1 00 1 
2 00 1 
00 00 1 
5974 00 00 
00 00 00 
00 00 00 
1 2 00 
1 00 00 
3 00 00 
00 00 1 
00 00 1 
