cctdif2d
volumeGrid 6
 (1.0000 1.5000 0.0000)  (2.0000 1.5000 0.0000)  (2.0000 0.50000 0.0000)  (1.0000 0.50000 0.0000) 
 (2.0000 1.5000 0.0000)  (3.0000 1.5000 0.0000)  (3.0000 0.50000 0.0000)  (2.0000 0.50000 0.0000) 
 (3.0728 1.2910 0.0000)  (3.6548 1.1455 0.0000)  (3.5093 0.56344 0.0000)  (2.9272 0.70896 0.0000) 
 (3.6548 1.1455 0.0000)  (4.2369 1.0000 0.0000)  (4.0914 0.41791 0.0000)  (3.5093 0.56344 0.0000) 
 (4.2369 1.0000 0.0000)  (4.8190 0.85448 0.0000)  (4.6735 0.27239 0.0000)  (4.0914 0.41791 0.0000) 
 (2.8658 1.2683 0.0000)  (3.4025 1.5367 0.0000)  (3.6708 1.0000 0.0000)  (3.1342 0.73167 0.0000) 
gridConcentrations 6 1 0.0 cAMP 
0.0 
0.0 
0.0 
0.0 
0.0 
0.0 
gridConcentrations 6 1 1.0000000000000007 cAMP 
0.0 
0.0 
0.0 
0.0 
0.0 
0.0 
gridConcentrations 6 1 1.9999999999999793 cAMP 
0.0 
0.0 
0.0 
0.0 
0.0 
0.0 
gridConcentrations 6 1 2.9999999999999583 cAMP 
0.0 
0.0 
0.0 
0.0 
0.0 
0.0 
gridConcentrations 6 1 3.999999999999937 cAMP 
0.0 
0.0 
0.0 
0.0 
0.0 
0.0 
gridConcentrations 6 1 4.999999999999916 cAMP 
0.0 
0.0 
0.0 
0.0 
0.0 
0.0 
gridConcentrations 6 1 5.999999999999894 cAMP 
0.0 
0.0 
0.0 
0.0 
0.0 
0.0 
gridConcentrations 6 1 6.999999999999873 cAMP 
0.0 
0.0 
0.0 
0.0 
0.0 
0.0 
gridConcentrations 6 1 7.999999999999852 cAMP 
0.0 
0.0 
0.0 
0.0 
0.0 
0.0 
gridConcentrations 6 1 9.000000000000007 cAMP 
0.0 
0.0 
0.0 
0.0 
0.0 
0.0 
gridConcentrations 6 1 10.000000000000163 cAMP 
0.0 
0.0 
0.0 
0.0 
0.0 
0.0 
gridConcentrations 6 1 11.00000000000032 cAMP 
0.0 
0.0 
0.0 
0.0 
0.0 
0.0 
gridConcentrations 6 1 12.000000000000476 cAMP 
0.0 
0.0 
0.0 
0.0 
0.0 
0.0 
gridConcentrations 6 1 13.000000000000632 cAMP 
0.0 
0.0 
0.0 
0.0 
0.0 
0.0 
gridConcentrations 6 1 14.000000000000789 cAMP 
0.0 
0.0 
0.0 
0.0 
0.0 
0.0 
gridConcentrations 6 1 15.000000000000945 cAMP 
0.0 
0.0 
0.0 
0.0 
0.0 
0.0 
gridConcentrations 6 1 16.0000000000011 cAMP 
0.0 
0.0 
0.0 
0.0 
0.0 
0.0 
gridConcentrations 6 1 17.000000000000902 cAMP 
0.0 
0.0 
0.0 
0.0 
0.0 
0.0 
gridConcentrations 6 1 18.000000000000703 cAMP 
0.0 
0.0 
0.0 
0.0 
0.0 
0.0 
gridConcentrations 6 1 19.000000000000504 cAMP 
0.0 
0.0 
0.0 
0.0 
0.0 
0.0 
