cctdif2d
volumeGrid 139
 (1.0000 1.6250 0.0000)  (1.2500 1.6250 0.0000)  (1.2500 1.3750 0.0000)  (1.0000 1.3750 0.0000) 
 (1.0000 1.3750 0.0000)  (1.2500 1.3750 0.0000)  (1.2500 1.1250 0.0000)  (1.0000 1.1250 0.0000) 
 (1.0000 1.1250 0.0000)  (1.2500 1.1250 0.0000)  (1.2500 0.87500 0.0000)  (1.0000 0.87500 0.0000) 
 (1.0000 0.87500 0.0000)  (1.2500 0.87500 0.0000)  (1.2500 0.62500 0.0000)  (1.0000 0.62500 0.0000) 
 (1.0000 0.62500 0.0000)  (1.2500 0.62500 0.0000)  (1.2500 0.37500 0.0000)  (1.0000 0.37500 0.0000) 
 (1.2500 1.6250 0.0000)  (1.5000 1.6250 0.0000)  (1.5000 1.3750 0.0000)  (1.2500 1.3750 0.0000) 
 (1.2500 1.3750 0.0000)  (1.5000 1.3750 0.0000)  (1.5000 1.1250 0.0000)  (1.2500 1.1250 0.0000) 
 (1.2500 1.1250 0.0000)  (1.5000 1.1250 0.0000)  (1.5000 0.87500 0.0000)  (1.2500 0.87500 0.0000) 
 (1.2500 0.87500 0.0000)  (1.5000 0.87500 0.0000)  (1.5000 0.62500 0.0000)  (1.2500 0.62500 0.0000) 
 (1.2500 0.62500 0.0000)  (1.5000 0.62500 0.0000)  (1.5000 0.37500 0.0000)  (1.2500 0.37500 0.0000) 
 (1.5000 1.6250 0.0000)  (1.7500 1.6250 0.0000)  (1.7500 1.3750 0.0000)  (1.5000 1.3750 0.0000) 
 (1.5000 1.3750 0.0000)  (1.7500 1.3750 0.0000)  (1.7500 1.1250 0.0000)  (1.5000 1.1250 0.0000) 
 (1.5000 1.1250 0.0000)  (1.7500 1.1250 0.0000)  (1.7500 0.87500 0.0000)  (1.5000 0.87500 0.0000) 
 (1.5000 0.87500 0.0000)  (1.7500 0.87500 0.0000)  (1.7500 0.62500 0.0000)  (1.5000 0.62500 0.0000) 
 (1.5000 0.62500 0.0000)  (1.7500 0.62500 0.0000)  (1.7500 0.37500 0.0000)  (1.5000 0.37500 0.0000) 
 (1.7500 1.6250 0.0000)  (2.0000 1.6250 0.0000)  (2.0000 1.3750 0.0000)  (1.7500 1.3750 0.0000) 
 (1.7500 1.3750 0.0000)  (2.0000 1.3750 0.0000)  (2.0000 1.1250 0.0000)  (1.7500 1.1250 0.0000) 
 (1.7500 1.1250 0.0000)  (2.0000 1.1250 0.0000)  (2.0000 0.87500 0.0000)  (1.7500 0.87500 0.0000) 
 (1.7500 0.87500 0.0000)  (2.0000 0.87500 0.0000)  (2.0000 0.62500 0.0000)  (1.7500 0.62500 0.0000) 
 (1.7500 0.62500 0.0000)  (2.0000 0.62500 0.0000)  (2.0000 0.37500 0.0000)  (1.7500 0.37500 0.0000) 
 (2.0000 1.6250 0.0000)  (2.2500 1.6250 0.0000)  (2.2500 1.3750 0.0000)  (2.0000 1.3750 0.0000) 
 (2.0000 1.3750 0.0000)  (2.2500 1.3750 0.0000)  (2.2500 1.1250 0.0000)  (2.0000 1.1250 0.0000) 
 (2.0000 1.1250 0.0000)  (2.2500 1.1250 0.0000)  (2.2500 0.87500 0.0000)  (2.0000 0.87500 0.0000) 
 (2.0000 0.87500 0.0000)  (2.2500 0.87500 0.0000)  (2.2500 0.62500 0.0000)  (2.0000 0.62500 0.0000) 
 (2.0000 0.62500 0.0000)  (2.2500 0.62500 0.0000)  (2.2500 0.37500 0.0000)  (2.0000 0.37500 0.0000) 
 (2.2500 1.6250 0.0000)  (2.5000 1.6250 0.0000)  (2.5000 1.3750 0.0000)  (2.2500 1.3750 0.0000) 
 (2.2500 1.3750 0.0000)  (2.5000 1.3750 0.0000)  (2.5000 1.1250 0.0000)  (2.2500 1.1250 0.0000) 
 (2.2500 1.1250 0.0000)  (2.5000 1.1250 0.0000)  (2.5000 0.87500 0.0000)  (2.2500 0.87500 0.0000) 
 (2.2500 0.87500 0.0000)  (2.5000 0.87500 0.0000)  (2.5000 0.62500 0.0000)  (2.2500 0.62500 0.0000) 
 (2.2500 0.62500 0.0000)  (2.5000 0.62500 0.0000)  (2.5000 0.37500 0.0000)  (2.2500 0.37500 0.0000) 
 (2.5000 1.6250 0.0000)  (2.7500 1.6250 0.0000)  (2.7500 1.3750 0.0000)  (2.5000 1.3750 0.0000) 
 (2.5000 1.3750 0.0000)  (2.7500 1.3750 0.0000)  (2.7500 1.1250 0.0000)  (2.5000 1.1250 0.0000) 
 (2.5000 1.1250 0.0000)  (2.7500 1.1250 0.0000)  (2.7500 0.87500 0.0000)  (2.5000 0.87500 0.0000) 
 (2.5000 0.87500 0.0000)  (2.7500 0.87500 0.0000)  (2.7500 0.62500 0.0000)  (2.5000 0.62500 0.0000) 
 (2.5000 0.62500 0.0000)  (2.7500 0.62500 0.0000)  (2.7500 0.37500 0.0000)  (2.5000 0.37500 0.0000) 
 (2.7500 1.6250 0.0000)  (3.0000 1.6250 0.0000)  (3.0000 1.3750 0.0000)  (2.7500 1.3750 0.0000) 
 (2.7500 1.3750 0.0000)  (3.0000 1.3750 0.0000)  (3.0000 1.1250 0.0000)  (2.7500 1.1250 0.0000) 
 (2.7500 1.1250 0.0000)  (3.0000 1.1250 0.0000)  (3.0000 0.87500 0.0000)  (2.7500 0.87500 0.0000) 
 (2.7500 0.87500 0.0000)  (3.0000 0.87500 0.0000)  (3.0000 0.62500 0.0000)  (2.7500 0.62500 0.0000) 
 (2.7500 0.62500 0.0000)  (3.0000 0.62500 0.0000)  (3.0000 0.37500 0.0000)  (2.7500 0.37500 0.0000) 
 (3.0133 0.89956 0.0000)  (3.1497 0.89047 0.0000)  (3.1408 0.75743 0.0000)  (3.0044 0.76652 0.0000) 
 (3.0044 0.76652 0.0000)  (3.1408 0.75743 0.0000)  (3.1319 0.62439 0.0000)  (2.9956 0.63348 0.0000) 
 (2.9956 0.63348 0.0000)  (3.1319 0.62439 0.0000)  (3.1231 0.49135 0.0000)  (2.9867 0.50044 0.0000) 
 (3.1497 0.89047 0.0000)  (3.2860 0.88138 0.0000)  (3.2772 0.74834 0.0000)  (3.1408 0.75743 0.0000) 
 (3.1408 0.75743 0.0000)  (3.2772 0.74834 0.0000)  (3.2683 0.61530 0.0000)  (3.1319 0.62439 0.0000) 
 (3.1319 0.62439 0.0000)  (3.2683 0.61530 0.0000)  (3.2594 0.48226 0.0000)  (3.1231 0.49135 0.0000) 
 (3.2860 0.88138 0.0000)  (3.4224 0.87228 0.0000)  (3.4135 0.73925 0.0000)  (3.2772 0.74834 0.0000) 
 (3.2772 0.74834 0.0000)  (3.4135 0.73925 0.0000)  (3.4047 0.60621 0.0000)  (3.2683 0.61530 0.0000) 
 (3.2683 0.61530 0.0000)  (3.4047 0.60621 0.0000)  (3.3958 0.47317 0.0000)  (3.2594 0.48226 0.0000) 
 (3.4224 0.87228 0.0000)  (3.5588 0.86319 0.0000)  (3.5499 0.73016 0.0000)  (3.4135 0.73925 0.0000) 
 (3.4135 0.73925 0.0000)  (3.5499 0.73016 0.0000)  (3.5410 0.59712 0.0000)  (3.4047 0.60621 0.0000) 
 (3.4047 0.60621 0.0000)  (3.5410 0.59712 0.0000)  (3.5322 0.46408 0.0000)  (3.3958 0.47317 0.0000) 
 (3.5588 0.86319 0.0000)  (3.6951 0.85410 0.0000)  (3.6863 0.72106 0.0000)  (3.5499 0.73016 0.0000) 
 (3.5499 0.73016 0.0000)  (3.6863 0.72106 0.0000)  (3.6774 0.58803 0.0000)  (3.5410 0.59712 0.0000) 
 (3.5410 0.59712 0.0000)  (3.6774 0.58803 0.0000)  (3.6685 0.45499 0.0000)  (3.5322 0.46408 0.0000) 
 (3.6951 0.85410 0.0000)  (3.8315 0.84501 0.0000)  (3.8226 0.71197 0.0000)  (3.6863 0.72106 0.0000) 
 (3.6863 0.72106 0.0000)  (3.8226 0.71197 0.0000)  (3.8137 0.57894 0.0000)  (3.6774 0.58803 0.0000) 
 (3.6774 0.58803 0.0000)  (3.8137 0.57894 0.0000)  (3.8049 0.44590 0.0000)  (3.6685 0.45499 0.0000) 
 (3.8315 0.84501 0.0000)  (3.9678 0.83592 0.0000)  (3.9590 0.70288 0.0000)  (3.8226 0.71197 0.0000) 
 (3.8226 0.71197 0.0000)  (3.9590 0.70288 0.0000)  (3.9501 0.56984 0.0000)  (3.8137 0.57894 0.0000) 
 (3.8137 0.57894 0.0000)  (3.9501 0.56984 0.0000)  (3.9412 0.43681 0.0000)  (3.8049 0.44590 0.0000) 
 (3.9678 0.83592 0.0000)  (4.1042 0.82683 0.0000)  (4.0953 0.69379 0.0000)  (3.9590 0.70288 0.0000) 
 (3.9590 0.70288 0.0000)  (4.0953 0.69379 0.0000)  (4.0865 0.56075 0.0000)  (3.9501 0.56984 0.0000) 
 (3.9501 0.56984 0.0000)  (4.0865 0.56075 0.0000)  (4.0776 0.42772 0.0000)  (3.9412 0.43681 0.0000) 
 (4.1042 0.82683 0.0000)  (4.2406 0.81774 0.0000)  (4.2317 0.68470 0.0000)  (4.0953 0.69379 0.0000) 
 (4.0953 0.69379 0.0000)  (4.2317 0.68470 0.0000)  (4.2228 0.55166 0.0000)  (4.0865 0.56075 0.0000) 
 (4.0865 0.56075 0.0000)  (4.2228 0.55166 0.0000)  (4.2140 0.41862 0.0000)  (4.0776 0.42772 0.0000) 
 (4.2406 0.81774 0.0000)  (4.3769 0.80865 0.0000)  (4.3681 0.67561 0.0000)  (4.2317 0.68470 0.0000) 
 (4.2317 0.68470 0.0000)  (4.3681 0.67561 0.0000)  (4.3592 0.54257 0.0000)  (4.2228 0.55166 0.0000) 
 (4.2228 0.55166 0.0000)  (4.3592 0.54257 0.0000)  (4.3503 0.40953 0.0000)  (4.2140 0.41862 0.0000) 
 (4.3769 0.80865 0.0000)  (4.5133 0.79956 0.0000)  (4.5044 0.66652 0.0000)  (4.3681 0.67561 0.0000) 
 (4.3681 0.67561 0.0000)  (4.5044 0.66652 0.0000)  (4.4956 0.53348 0.0000)  (4.3592 0.54257 0.0000) 
 (4.3592 0.54257 0.0000)  (4.4956 0.53348 0.0000)  (4.4867 0.40044 0.0000)  (4.3503 0.40953 0.0000) 
 (4.5133 0.79956 0.0000)  (4.6497 0.79047 0.0000)  (4.6408 0.65743 0.0000)  (4.5044 0.66652 0.0000) 
 (4.5044 0.66652 0.0000)  (4.6408 0.65743 0.0000)  (4.6319 0.52439 0.0000)  (4.4956 0.53348 0.0000) 
 (4.4956 0.53348 0.0000)  (4.6319 0.52439 0.0000)  (4.6231 0.39135 0.0000)  (4.4867 0.40044 0.0000) 
 (4.6497 0.79047 0.0000)  (4.7860 0.78138 0.0000)  (4.7772 0.64834 0.0000)  (4.6408 0.65743 0.0000) 
 (4.6408 0.65743 0.0000)  (4.7772 0.64834 0.0000)  (4.7683 0.51530 0.0000)  (4.6319 0.52439 0.0000) 
 (4.6319 0.52439 0.0000)  (4.7683 0.51530 0.0000)  (4.7594 0.38226 0.0000)  (4.6231 0.39135 0.0000) 
 (4.7860 0.78138 0.0000)  (4.9224 0.77228 0.0000)  (4.9135 0.63925 0.0000)  (4.7772 0.64834 0.0000) 
 (4.7772 0.64834 0.0000)  (4.9135 0.63925 0.0000)  (4.9047 0.50621 0.0000)  (4.7683 0.51530 0.0000) 
 (4.7683 0.51530 0.0000)  (4.9047 0.50621 0.0000)  (4.8958 0.37317 0.0000)  (4.7594 0.38226 0.0000) 
 (4.9224 0.77228 0.0000)  (5.0588 0.76319 0.0000)  (5.0499 0.63016 0.0000)  (4.9135 0.63925 0.0000) 
 (4.9135 0.63925 0.0000)  (5.0499 0.63016 0.0000)  (5.0410 0.49712 0.0000)  (4.9047 0.50621 0.0000) 
 (4.9047 0.50621 0.0000)  (5.0410 0.49712 0.0000)  (5.0322 0.36408 0.0000)  (4.8958 0.37317 0.0000) 
 (5.0499 0.63016 0.0000)  (5.1863 0.62106 0.0000)  (5.1774 0.48803 0.0000)  (5.0410 0.49712 0.0000) 
 (5.1863 0.62106 0.0000)  (5.3226 0.61197 0.0000)  (5.3137 0.47894 0.0000)  (5.1774 0.48803 0.0000) 
 (5.3226 0.61197 0.0000)  (5.4590 0.60288 0.0000)  (5.4501 0.46984 0.0000)  (5.3137 0.47894 0.0000) 
 (5.4590 0.60288 0.0000)  (5.5953 0.59379 0.0000)  (5.5865 0.46075 0.0000)  (5.4501 0.46984 0.0000) 
 (5.5953 0.59379 0.0000)  (5.7317 0.58470 0.0000)  (5.7228 0.45166 0.0000)  (5.5865 0.46075 0.0000) 
 (5.7317 0.58470 0.0000)  (5.8681 0.57561 0.0000)  (5.8592 0.44257 0.0000)  (5.7228 0.45166 0.0000) 
 (5.8681 0.57561 0.0000)  (6.0044 0.56652 0.0000)  (5.9956 0.43348 0.0000)  (5.8592 0.44257 0.0000) 
 (2.9506 1.5296 0.0000)  (3.0839 1.5496 0.0000)  (3.1037 1.4178 0.0000)  (2.9703 1.3978 0.0000) 
 (2.9703 1.3978 0.0000)  (3.1037 1.4178 0.0000)  (3.1234 1.2859 0.0000)  (2.9901 1.2659 0.0000) 
 (2.9901 1.2659 0.0000)  (3.1234 1.2859 0.0000)  (3.1432 1.1541 0.0000)  (3.0099 1.1341 0.0000) 
 (3.0099 1.1341 0.0000)  (3.1432 1.1541 0.0000)  (3.1630 1.0222 0.0000)  (3.0297 1.0022 0.0000) 
 (3.0297 1.0022 0.0000)  (3.1630 1.0222 0.0000)  (3.1828 0.89035 0.0000)  (3.0494 0.87035 0.0000) 
 (3.0839 1.5496 0.0000)  (3.2172 1.5696 0.0000)  (3.2370 1.4378 0.0000)  (3.1037 1.4178 0.0000) 
 (3.1037 1.4178 0.0000)  (3.2370 1.4378 0.0000)  (3.2568 1.3059 0.0000)  (3.1234 1.2859 0.0000) 
 (3.1234 1.2859 0.0000)  (3.2568 1.3059 0.0000)  (3.2766 1.1741 0.0000)  (3.1432 1.1541 0.0000) 
 (3.1432 1.1541 0.0000)  (3.2766 1.1741 0.0000)  (3.2963 1.0422 0.0000)  (3.1630 1.0222 0.0000) 
 (3.1630 1.0222 0.0000)  (3.2963 1.0422 0.0000)  (3.3161 0.91035 0.0000)  (3.1828 0.89035 0.0000) 
 (3.2172 1.5696 0.0000)  (3.3506 1.5896 0.0000)  (3.3703 1.4578 0.0000)  (3.2370 1.4378 0.0000) 
 (3.2370 1.4378 0.0000)  (3.3703 1.4578 0.0000)  (3.3901 1.3259 0.0000)  (3.2568 1.3059 0.0000) 
 (3.2568 1.3059 0.0000)  (3.3901 1.3259 0.0000)  (3.4099 1.1941 0.0000)  (3.2766 1.1741 0.0000) 
 (3.2766 1.1741 0.0000)  (3.4099 1.1941 0.0000)  (3.4297 1.0622 0.0000)  (3.2963 1.0422 0.0000) 
 (3.2963 1.0422 0.0000)  (3.4297 1.0622 0.0000)  (3.4494 0.93035 0.0000)  (3.3161 0.91035 0.0000) 
 (3.3703 1.4578 0.0000)  (3.5037 1.4778 0.0000)  (3.5234 1.3459 0.0000)  (3.3901 1.3259 0.0000) 
 (3.3901 1.3259 0.0000)  (3.5234 1.3459 0.0000)  (3.5432 1.2141 0.0000)  (3.4099 1.1941 0.0000) 
 (3.4099 1.1941 0.0000)  (3.5432 1.2141 0.0000)  (3.5630 1.0822 0.0000)  (3.4297 1.0622 0.0000) 
 (3.5037 1.4778 0.0000)  (3.6370 1.4978 0.0000)  (3.6568 1.3659 0.0000)  (3.5234 1.3459 0.0000) 
 (3.5234 1.3459 0.0000)  (3.6568 1.3659 0.0000)  (3.6766 1.2341 0.0000)  (3.5432 1.2141 0.0000) 
 (3.5432 1.2141 0.0000)  (3.6766 1.2341 0.0000)  (3.6963 1.1022 0.0000)  (3.5630 1.0822 0.0000) 
 (3.6370 1.4978 0.0000)  (3.7703 1.5178 0.0000)  (3.7901 1.3859 0.0000)  (3.6568 1.3659 0.0000) 
 (3.6568 1.3659 0.0000)  (3.7901 1.3859 0.0000)  (3.8099 1.2541 0.0000)  (3.6766 1.2341 0.0000) 
 (3.6766 1.2341 0.0000)  (3.8099 1.2541 0.0000)  (3.8297 1.1222 0.0000)  (3.6963 1.1022 0.0000) 
 (3.7703 1.5178 0.0000)  (3.9037 1.5378 0.0000)  (3.9234 1.4059 0.0000)  (3.7901 1.3859 0.0000) 
 (3.7901 1.3859 0.0000)  (3.9234 1.4059 0.0000)  (3.9432 1.2741 0.0000)  (3.8099 1.2541 0.0000) 
 (3.8099 1.2541 0.0000)  (3.9432 1.2741 0.0000)  (3.9630 1.1422 0.0000)  (3.8297 1.1222 0.0000) 
 (3.9037 1.5378 0.0000)  (4.0370 1.5578 0.0000)  (4.0568 1.4259 0.0000)  (3.9234 1.4059 0.0000) 
 (3.9234 1.4059 0.0000)  (4.0568 1.4259 0.0000)  (4.0766 1.2941 0.0000)  (3.9432 1.2741 0.0000) 
 (3.9432 1.2741 0.0000)  (4.0766 1.2941 0.0000)  (4.0963 1.1622 0.0000)  (3.9630 1.1422 0.0000) 
 (4.0370 1.5578 0.0000)  (4.1703 1.5778 0.0000)  (4.1901 1.4459 0.0000)  (4.0568 1.4259 0.0000) 
 (4.0568 1.4259 0.0000)  (4.1901 1.4459 0.0000)  (4.2099 1.3141 0.0000)  (4.0766 1.2941 0.0000) 
 (4.0766 1.2941 0.0000)  (4.2099 1.3141 0.0000)  (4.2297 1.1822 0.0000)  (4.0963 1.1622 0.0000) 
 (4.1703 1.5778 0.0000)  (4.3037 1.5978 0.0000)  (4.3234 1.4659 0.0000)  (4.1901 1.4459 0.0000) 
 (4.1901 1.4459 0.0000)  (4.3234 1.4659 0.0000)  (4.3432 1.3341 0.0000)  (4.2099 1.3141 0.0000) 
 (4.2099 1.3141 0.0000)  (4.3432 1.3341 0.0000)  (4.3630 1.2022 0.0000)  (4.2297 1.1822 0.0000) 
 (4.3037 1.5978 0.0000)  (4.4370 1.6178 0.0000)  (4.4568 1.4859 0.0000)  (4.3234 1.4659 0.0000) 
 (4.3234 1.4659 0.0000)  (4.4568 1.4859 0.0000)  (4.4766 1.3541 0.0000)  (4.3432 1.3341 0.0000) 
 (4.3432 1.3341 0.0000)  (4.4766 1.3541 0.0000)  (4.4963 1.2222 0.0000)  (4.3630 1.2022 0.0000) 
 (4.4370 1.6178 0.0000)  (4.5703 1.6378 0.0000)  (4.5901 1.5059 0.0000)  (4.4568 1.4859 0.0000) 
 (4.4568 1.4859 0.0000)  (4.5901 1.5059 0.0000)  (4.6099 1.3741 0.0000)  (4.4766 1.3541 0.0000) 
 (4.4766 1.3541 0.0000)  (4.6099 1.3741 0.0000)  (4.6297 1.2422 0.0000)  (4.4963 1.2222 0.0000) 
 (4.5703 1.6378 0.0000)  (4.7037 1.6578 0.0000)  (4.7234 1.5259 0.0000)  (4.5901 1.5059 0.0000) 
 (4.5901 1.5059 0.0000)  (4.7234 1.5259 0.0000)  (4.7432 1.3941 0.0000)  (4.6099 1.3741 0.0000) 
 (4.6099 1.3741 0.0000)  (4.7432 1.3941 0.0000)  (4.7630 1.2622 0.0000)  (4.6297 1.2422 0.0000) 
 (4.7234 1.5259 0.0000)  (4.8568 1.5459 0.0000)  (4.8766 1.4141 0.0000)  (4.7432 1.3941 0.0000) 
 (4.8568 1.5459 0.0000)  (4.9901 1.5659 0.0000)  (5.0099 1.4341 0.0000)  (4.8766 1.4141 0.0000) 
gridConcentrations 139 1 0.0 cAMP 
0.0 
0.0 
0.0 
0.0 
0.0 
0.0 
0.0 
0.0 
0.0 
0.0 
0.0 
0.0 
0.0 
0.0 
0.0 
0.0 
0.0 
0.0 
0.0 
0.0 
0.0 
0.0 
0.0 
0.0 
0.0 
0.0 
0.0 
0.0 
0.0 
0.0 
0.0 
0.0 
0.0 
0.0 
0.0 
0.0 
0.0 
0.0 
0.0 
0.0 
0.0 
0.0 
0.0 
0.0 
0.0 
0.0 
0.0 
0.0 
0.0 
0.0 
0.0 
0.0 
0.0 
0.0 
0.0 
0.0 
0.0 
0.0 
0.0 
0.0 
0.0 
0.0 
0.0 
0.0 
0.0 
0.0 
0.0 
0.0 
0.0 
0.0 
0.0 
0.0 
0.0 
0.0 
0.0 
0.0 
0.0 
0.0 
0.0 
0.0 
0.0 
0.0 
0.0 
0.0 
0.0 
0.0 
0.0 
0.0 
0.0 
0.0 
0.0 
0.0 
0.0 
0.0 
0.0 
0.0 
0.0 
0.0 
0.0 
0.0 
0.0 
0.0 
0.0 
0.0 
0.0 
0.0 
0.0 
0.0 
0.0 
0.0 
0.0 
0.0 
0.0 
0.0 
0.0 
0.0 
0.0 
0.0 
0.0 
0.0 
0.0 
0.0 
0.0 
0.0 
0.0 
0.0 
0.0 
0.0 
0.0 
0.0 
0.0 
0.0 
0.0 
0.0 
0.0 
0.0 
0.0 
0.0 
0.0 
gridConcentrations 139 1 0.9999999999999062 cAMP 
0.0 
0.0 
0.0 
0.0 
0.0 
0.0 
0.0 
0.0 
0.0 
0.0 
0.0 
0.0 
0.0 
0.0 
0.0 
0.0 
0.0 
0.0 
0.0 
0.0 
0.0 
0.0 
0.0 
0.0 
0.0 
0.0 
0.0 
0.0 
0.0 
0.0 
0.0 
0.0 
0.0 
0.0 
0.0 
0.0 
0.0 
0.0 
0.0 
0.0 
0.0 
0.0 
0.0 
0.0 
0.0 
0.0 
0.0 
0.0 
0.0 
0.0 
0.0 
0.0 
0.0 
0.0 
0.0 
0.0 
0.0 
0.0 
0.0 
0.0 
0.0 
0.0 
0.0 
0.0 
0.0 
0.0 
0.0 
0.0 
0.0 
0.0 
0.0 
0.0 
0.0 
0.0 
0.0 
0.0 
0.0 
0.0 
0.0 
0.0 
0.0 
0.0 
0.0 
0.0 
0.0 
0.0 
0.0 
0.0 
0.0 
0.0 
0.0 
0.0 
0.0 
0.0 
0.0 
0.0 
0.0 
0.0 
0.0 
0.0 
0.0 
0.0 
0.0 
0.0 
0.0 
0.0 
0.0 
0.0 
0.0 
0.0 
0.0 
0.0 
0.0 
0.0 
0.0 
0.0 
0.0 
0.0 
0.0 
0.0 
0.0 
0.0 
0.0 
0.0 
0.0 
0.0 
0.0 
0.0 
0.0 
0.0 
0.0 
0.0 
0.0 
0.0 
0.0 
0.0 
0.0 
0.0 
0.0 
gridConcentrations 139 1 1.9999999999997962 cAMP 
0.0 
0.0 
0.0 
0.0 
0.0 
0.0 
0.0 
0.0 
0.0 
0.0 
0.0 
0.0 
0.0 
0.0 
0.0 
0.0 
0.0 
0.0 
0.0 
0.0 
0.0 
0.0 
0.0 
0.0 
0.0 
0.0 
0.0 
0.0 
0.0 
0.0 
0.0 
0.0 
0.0 
0.0 
0.0 
0.0 
0.0 
0.0 
0.0 
0.0 
0.0 
0.0 
0.0 
0.0 
0.0 
0.0 
0.0 
0.0 
0.0 
0.0 
0.0 
0.0 
0.0 
0.0 
0.0 
0.0 
0.0 
0.0 
0.0 
0.0 
0.0 
0.0 
0.0 
0.0 
0.0 
0.0 
0.0 
0.0 
0.0 
0.0 
0.0 
0.0 
0.0 
0.0 
0.0 
0.0 
0.0 
0.0 
0.0 
0.0 
0.0 
0.0 
0.0 
0.0 
0.0 
0.0 
0.0 
0.0 
0.0 
0.0 
0.0 
0.0 
0.0 
0.0 
0.0 
0.0 
0.0 
0.0 
0.0 
0.0 
0.0 
0.0 
0.0 
0.0 
0.0 
0.0 
0.0 
0.0 
0.0 
0.0 
0.0 
0.0 
0.0 
0.0 
0.0 
0.0 
0.0 
0.0 
0.0 
0.0 
0.0 
0.0 
0.0 
0.0 
0.0 
0.0 
0.0 
0.0 
0.0 
0.0 
0.0 
0.0 
0.0 
0.0 
0.0 
0.0 
0.0 
0.0 
0.0 
